<?xml version="1.0" encoding="UTF-8"?>
<testsuite name="org.springframework.jdbc.support.DefaultLobHandlerTests" tests="13" skipped="0" failures="0" errors="0" timestamp="2021-03-04T16:33:42" hostname="WIN-LQAMLJ4MN5U" time="0.012">
  <properties/>
  <testcase name="testGetClobAsString()" classname="org.springframework.jdbc.support.DefaultLobHandlerTests" time="0.0"/>
  <testcase name="testGetClobAsAsciiStream()" classname="org.springframework.jdbc.support.DefaultLobHandlerTests" time="0.0"/>
  <testcase name="testSetBlobAsBinaryStream()" classname="org.springframework.jdbc.support.DefaultLobHandlerTests" time="0.0"/>
  <testcase name="testSetClobAsString()" classname="org.springframework.jdbc.support.DefaultLobHandlerTests" time="0.0"/>
  <testcase name="testGetBlobAsBytes()" classname="org.springframework.jdbc.support.DefaultLobHandlerTests" time="0.0"/>
  <testcase name="testSetClobAsCharacterStream()" classname="org.springframework.jdbc.support.DefaultLobHandlerTests" time="0.001"/>
  <testcase name="testSetClobAsAsciiStreamWithoutLength()" classname="org.springframework.jdbc.support.DefaultLobHandlerTests" time="0.001"/>
  <testcase name="testGetClobAsCharacterStream()" classname="org.springframework.jdbc.support.DefaultLobHandlerTests" time="0.001"/>
  <testcase name="testGetBlobAsBinaryStream()" classname="org.springframework.jdbc.support.DefaultLobHandlerTests" time="0.001"/>
  <testcase name="testSetClobAsAsciiStream()" classname="org.springframework.jdbc.support.DefaultLobHandlerTests" time="0.0"/>
  <testcase name="testSetClobAsCharacterStreamWithoutLength()" classname="org.springframework.jdbc.support.DefaultLobHandlerTests" time="0.0"/>
  <testcase name="testSetBlobAsBinaryStreamWithoutLength()" classname="org.springframework.jdbc.support.DefaultLobHandlerTests" time="0.0"/>
  <testcase name="testSetBlobAsBytes()" classname="org.springframework.jdbc.support.DefaultLobHandlerTests" time="0.001"/>
  <system-out><![CDATA[]]></system-out>
  <system-err><![CDATA[]]></system-err>
</testsuite>
