<?xml version="1.0" encoding="UTF-8"?>
<testsuite name="org.springframework.jdbc.core.support.JdbcBeanDefinitionReaderTests" tests="1" skipped="0" failures="0" errors="0" timestamp="2021-03-04T16:33:15" hostname="WIN-LQAMLJ4MN5U" time="0.015">
  <properties/>
  <testcase name="testValid()" classname="org.springframework.jdbc.core.support.JdbcBeanDefinitionReaderTests" time="0.015"/>
  <system-out><![CDATA[]]></system-out>
  <system-err><![CDATA[]]></system-err>
</testsuite>
