<?xml version="1.0" encoding="UTF-8"?>
<testsuite name="org.springframework.jdbc.datasource.DataSourceJtaTransactionTests" tests="28" skipped="0" failures="0" errors="0" timestamp="2021-03-04T16:33:16" hostname="WIN-LQAMLJ4MN5U" time="1.098">
  <properties/>
  <testcase name="testJtaTransactionCommitWithPropagationRequiresNewWithTransactionAwareDataSource()" classname="org.springframework.jdbc.datasource.DataSourceJtaTransactionTests" time="0.21"/>
  <testcase name="testJtaTransactionCommit()" classname="org.springframework.jdbc.datasource.DataSourceJtaTransactionTests" time="0.005"/>
  <testcase name="testJtaTransactionWithIsolationLevelDataSourceRouter()" classname="org.springframework.jdbc.datasource.DataSourceJtaTransactionTests" time="0.01"/>
  <testcase name="testJtaTransactionCommitWithPropagationRequiresNewWithOpenOuterConnectionAndTransactionAwareDataSourceAndBeginException()" classname="org.springframework.jdbc.datasource.DataSourceJtaTransactionTests" time="0.004"/>
  <testcase name="testJtaTransactionWithConnectionHolderStillBound()" classname="org.springframework.jdbc.datasource.DataSourceJtaTransactionTests" time="0.302"/>
  <testcase name="testJtaTransactionCommitWithPropagationRequiredWithinNotSupported()" classname="org.springframework.jdbc.datasource.DataSourceJtaTransactionTests" time="0.007"/>
  <testcase name="testJtaTransactionCommitWithPropagationRequiresNewWithTransactionAwareDataSourceAndSuspendException()" classname="org.springframework.jdbc.datasource.DataSourceJtaTransactionTests" time="0.005"/>
  <testcase name="testJtaTransactionRollbackWithPropagationRequiresNewWithTransactionAwareDataSource()" classname="org.springframework.jdbc.datasource.DataSourceJtaTransactionTests" time="0.012"/>
  <testcase name="testJtaTransactionCommitWithPropagationRequiresNewWithOpenOuterConnectionAccessed()" classname="org.springframework.jdbc.datasource.DataSourceJtaTransactionTests" time="0.072"/>
  <testcase name="testJtaTransactionRollbackWithPropagationRequiresNew()" classname="org.springframework.jdbc.datasource.DataSourceJtaTransactionTests" time="0.01"/>
  <testcase name="testJtaTransactionCommitWithPropagationRequiresNewAndBeginException()" classname="org.springframework.jdbc.datasource.DataSourceJtaTransactionTests" time="0.006"/>
  <testcase name="testJtaTransactionCommitWithPropagationRequiresNewWithOpenOuterConnectionAndTransactionAwareDataSourceAndSuspendException()" classname="org.springframework.jdbc.datasource.DataSourceJtaTransactionTests" time="0.006"/>
  <testcase name="testJtaTransactionRollback()" classname="org.springframework.jdbc.datasource.DataSourceJtaTransactionTests" time="0.002"/>
  <testcase name="testJtaTransactionCommitWithPropagationRequiresNew()" classname="org.springframework.jdbc.datasource.DataSourceJtaTransactionTests" time="0.105"/>
  <testcase name="testJtaTransactionCommitWithPropagationRequiresNewWithinSupports()" classname="org.springframework.jdbc.datasource.DataSourceJtaTransactionTests" time="0.008"/>
  <testcase name="testJtaTransactionCommitWithPropagationRequiresNewWithOpenOuterConnectionAndSuspendException()" classname="org.springframework.jdbc.datasource.DataSourceJtaTransactionTests" time="0.004"/>
  <testcase name="testJtaTransactionCommitWithPropagationRequiresNewWithAccessAfterResume()" classname="org.springframework.jdbc.datasource.DataSourceJtaTransactionTests" time="0.01"/>
  <testcase name="testJtaTransactionRollbackWithPropagationRequiresNewWithOpenOuterConnection()" classname="org.springframework.jdbc.datasource.DataSourceJtaTransactionTests" time="0.011"/>
  <testcase name="testJtaTransactionCommitWithPropagationRequiresNewWithTransactionAwareDataSourceAndBeginException()" classname="org.springframework.jdbc.datasource.DataSourceJtaTransactionTests" time="0.029"/>
  <testcase name="testJtaTransactionWithIsolationLevelDataSourceRouterWithDataSourceLookup()" classname="org.springframework.jdbc.datasource.DataSourceJtaTransactionTests" time="0.06"/>
  <testcase name="testJtaTransactionWithIsolationLevelDataSourceAdapter()" classname="org.springframework.jdbc.datasource.DataSourceJtaTransactionTests" time="0.008"/>
  <testcase name="testJtaTransactionCommitWithPropagationRequiresNewWithOpenOuterConnectionAndBeginException()" classname="org.springframework.jdbc.datasource.DataSourceJtaTransactionTests" time="0.003"/>
  <testcase name="testJtaTransactionCommitWithPropagationRequiredWithinSupports()" classname="org.springframework.jdbc.datasource.DataSourceJtaTransactionTests" time="0.004"/>
  <testcase name="testJtaTransactionRollbackWithPropagationRequiresNewWithOpenOuterConnectionAccessed()" classname="org.springframework.jdbc.datasource.DataSourceJtaTransactionTests" time="0.078"/>
  <testcase name="testJtaTransactionCommitWithPropagationRequiresNewWithinNotSupported()" classname="org.springframework.jdbc.datasource.DataSourceJtaTransactionTests" time="0.035"/>
  <testcase name="testJtaTransactionCommitWithPropagationRequiresNewAndSuspendException()" classname="org.springframework.jdbc.datasource.DataSourceJtaTransactionTests" time="0.017"/>
  <testcase name="testJtaTransactionRollbackWithPropagationRequiresNewWithAccessAfterResume()" classname="org.springframework.jdbc.datasource.DataSourceJtaTransactionTests" time="0.009"/>
  <testcase name="testJtaTransactionCommitWithPropagationRequiresNewWithOpenOuterConnection()" classname="org.springframework.jdbc.datasource.DataSourceJtaTransactionTests" time="0.009"/>
  <system-out><![CDATA[]]></system-out>
  <system-err><![CDATA[]]></system-err>
</testsuite>
