<?xml version="1.0" encoding="UTF-8"?>
<testsuite name="org.springframework.jdbc.core.namedparam.NamedParameterQueryTests" tests="13" skipped="0" failures="0" errors="0" timestamp="2021-03-04T16:33:14" hostname="WIN-LQAMLJ4MN5U" time="0.326">
  <properties/>
  <testcase name="testQueryForObjectWithMapAndInteger()" classname="org.springframework.jdbc.core.namedparam.NamedParameterQueryTests" time="0.006"/>
  <testcase name="testQueryForLongWithParamBeanWithCollection()" classname="org.springframework.jdbc.core.namedparam.NamedParameterQueryTests" time="0.008"/>
  <testcase name="testQueryForLongWithParamBean()" classname="org.springframework.jdbc.core.namedparam.NamedParameterQueryTests" time="0.008"/>
  <testcase name="testQueryForObjectWithParamMapAndListOfExpressionLists()" classname="org.springframework.jdbc.core.namedparam.NamedParameterQueryTests" time="0.006"/>
  <testcase name="testQueryForObjectWithParamMapAndRowMapper()" classname="org.springframework.jdbc.core.namedparam.NamedParameterQueryTests" time="0.088"/>
  <testcase name="testQueryForListWithParamMapAndIntegerElementAndSingleRowAndColumn()" classname="org.springframework.jdbc.core.namedparam.NamedParameterQueryTests" time="0.006"/>
  <testcase name="testQueryForListWithParamMapAndEmptyResult()" classname="org.springframework.jdbc.core.namedparam.NamedParameterQueryTests" time="0.006"/>
  <testcase name="testQueryForMapWithParamMapAndSingleRowAndColumn()" classname="org.springframework.jdbc.core.namedparam.NamedParameterQueryTests" time="0.01"/>
  <testcase name="testQueryForListWithParamMap()" classname="org.springframework.jdbc.core.namedparam.NamedParameterQueryTests" time="0.006"/>
  <testcase name="testQueryForObjectWithParamMapAndInteger()" classname="org.springframework.jdbc.core.namedparam.NamedParameterQueryTests" time="0.005"/>
  <testcase name="testQueryForIntWithParamMap()" classname="org.springframework.jdbc.core.namedparam.NamedParameterQueryTests" time="0.046"/>
  <testcase name="testQueryForObjectWithParamMapAndList()" classname="org.springframework.jdbc.core.namedparam.NamedParameterQueryTests" time="0.01"/>
  <testcase name="testQueryForListWithParamMapAndSingleRowAndColumn()" classname="org.springframework.jdbc.core.namedparam.NamedParameterQueryTests" time="0.008"/>
  <system-out><![CDATA[]]></system-out>
  <system-err><![CDATA[]]></system-err>
</testsuite>
