<?xml version="1.0" encoding="UTF-8"?>
<testsuite name="org.springframework.jdbc.core.namedparam.MapSqlParameterSourceTests" tests="6" skipped="0" failures="0" errors="0" timestamp="2021-03-04T16:33:14" hostname="WIN-LQAMLJ4MN5U" time="0.012">
  <properties/>
  <testcase name="getValueChokesIfParameterIsNotPresent()" classname="org.springframework.jdbc.core.namedparam.MapSqlParameterSourceTests" time="0.002"/>
  <testcase name="nullParameterValuesPassedToCtorIsOk()" classname="org.springframework.jdbc.core.namedparam.MapSqlParameterSourceTests" time="0.001"/>
  <testcase name="toStringDoesNotShowTypeUnknown()" classname="org.springframework.jdbc.core.namedparam.MapSqlParameterSourceTests" time="0.0"/>
  <testcase name="toStringShowsCustomSqlType()" classname="org.springframework.jdbc.core.namedparam.MapSqlParameterSourceTests" time="0.001"/>
  <testcase name="sqlParameterValueRegistersSqlType()" classname="org.springframework.jdbc.core.namedparam.MapSqlParameterSourceTests" time="0.002"/>
  <testcase name="toStringShowsParameterDetails()" classname="org.springframework.jdbc.core.namedparam.MapSqlParameterSourceTests" time="0.001"/>
  <system-out><![CDATA[]]></system-out>
  <system-err><![CDATA[]]></system-err>
</testsuite>
