<?xml version="1.0" encoding="UTF-8"?>
<testsuite name="org.springframework.jdbc.support.SQLStateSQLExceptionTranslatorTests" tests="7" skipped="0" failures="0" errors="0" timestamp="2021-03-04T16:33:43" hostname="WIN-LQAMLJ4MN5U" time="0.006">
  <properties/>
  <testcase name="testTranslateConcurrencyFailure()" classname="org.springframework.jdbc.support.SQLStateSQLExceptionTranslatorTests" time="0.001"/>
  <testcase name="testTranslateBadSqlGrammar()" classname="org.springframework.jdbc.support.SQLStateSQLExceptionTranslatorTests" time="0.001"/>
  <testcase name="testTranslateTransientDataAccessResourceFailure()" classname="org.springframework.jdbc.support.SQLStateSQLExceptionTranslatorTests" time="0.001"/>
  <testcase name="testTranslateUncategorized()" classname="org.springframework.jdbc.support.SQLStateSQLExceptionTranslatorTests" time="0.0"/>
  <testcase name="testTranslateNullException()" classname="org.springframework.jdbc.support.SQLStateSQLExceptionTranslatorTests" time="0.001"/>
  <testcase name="testTranslateDataAccessResourceFailure()" classname="org.springframework.jdbc.support.SQLStateSQLExceptionTranslatorTests" time="0.001"/>
  <testcase name="testTranslateDataIntegrityViolation()" classname="org.springframework.jdbc.support.SQLStateSQLExceptionTranslatorTests" time="0.001"/>
  <system-out><![CDATA[]]></system-out>
  <system-err><![CDATA[]]></system-err>
</testsuite>
