<?xml version="1.0" encoding="UTF-8"?>
<testsuite name="org.springframework.jdbc.core.support.LobSupportTests" tests="5" skipped="0" failures="0" errors="0" timestamp="2021-03-04T16:33:16" hostname="WIN-LQAMLJ4MN5U" time="0.156">
  <properties/>
  <testcase name="testAbstractLobStreamingResultSetExtractorCorrectException()" classname="org.springframework.jdbc.core.support.LobSupportTests" time="0.002"/>
  <testcase name="testAbstractLobStreamingResultSetExtractorNoRows()" classname="org.springframework.jdbc.core.support.LobSupportTests" time="0.001"/>
  <testcase name="testAbstractLobStreamingResultSetExtractorOneRow()" classname="org.springframework.jdbc.core.support.LobSupportTests" time="0.001"/>
  <testcase name="testCreatingPreparedStatementCallback()" classname="org.springframework.jdbc.core.support.LobSupportTests" time="0.147"/>
  <testcase name="testAbstractLobStreamingResultSetExtractorMultipleRows()" classname="org.springframework.jdbc.core.support.LobSupportTests" time="0.002"/>
  <system-out><![CDATA[]]></system-out>
  <system-err><![CDATA[]]></system-err>
</testsuite>
