<?xml version="1.0" encoding="UTF-8"?>
<testsuite name="org.springframework.jdbc.config.JdbcNamespaceIntegrationTests" tests="15" skipped="2" failures="0" errors="0" timestamp="2021-03-04T16:32:59" hostname="WIN-LQAMLJ4MN5U" time="8.237">
  <properties/>
  <testcase name="createAndDestroyNestedWithH2()" classname="org.springframework.jdbc.config.JdbcNamespaceIntegrationTests" time="5.16"/>
  <testcase name="createEmbeddedDatabaseAgain()" classname="org.springframework.jdbc.config.JdbcNamespaceIntegrationTests" time="0.053">
    <skipped/>
  </testcase>
  <testcase name="createWithAnonymousDataSourceAndDefaultDatabaseName()" classname="org.springframework.jdbc.config.JdbcNamespaceIntegrationTests" time="0.185"/>
  <testcase name="initializeWithCustomSeparator()" classname="org.springframework.jdbc.config.JdbcNamespaceIntegrationTests" time="0.101"/>
  <testcase name="multipleDataSourcesHaveDifferentDatabaseNames()" classname="org.springframework.jdbc.config.JdbcNamespaceIntegrationTests" time="0.046"/>
  <testcase name="embeddedWithCustomSeparator()" classname="org.springframework.jdbc.config.JdbcNamespaceIntegrationTests" time="0.1"/>
  <testcase name="createWithEndings()" classname="org.springframework.jdbc.config.JdbcNamespaceIntegrationTests" time="0.492"/>
  <testcase name="createAndDestroy()" classname="org.springframework.jdbc.config.JdbcNamespaceIntegrationTests" time="0.296"/>
  <testcase name="createWithImplicitDatabaseName()" classname="org.springframework.jdbc.config.JdbcNamespaceIntegrationTests" time="0.376"/>
  <testcase name="createAndDestroyNestedWithHsql()" classname="org.springframework.jdbc.config.JdbcNamespaceIntegrationTests" time="0.468"/>
  <testcase name="createWithResourcePattern()" classname="org.springframework.jdbc.config.JdbcNamespaceIntegrationTests" time="0.389"/>
  <testcase name="createWithEndingsNested()" classname="org.springframework.jdbc.config.JdbcNamespaceIntegrationTests" time="0.14"/>
  <testcase name="createWithExplicitDatabaseName()" classname="org.springframework.jdbc.config.JdbcNamespaceIntegrationTests" time="0.248"/>
  <testcase name="createWithGeneratedDatabaseName()" classname="org.springframework.jdbc.config.JdbcNamespaceIntegrationTests" time="0.151"/>
  <testcase name="createEmbeddedDatabase()" classname="org.springframework.jdbc.config.JdbcNamespaceIntegrationTests" time="0.0">
    <skipped/>
  </testcase>
  <system-out><![CDATA[]]></system-out>
  <system-err><![CDATA[]]></system-err>
</testsuite>
