<?xml version="1.0" encoding="UTF-8"?>
<testsuite name="org.springframework.jdbc.support.rowset.ResultSetWrappingRowSetTests" tests="22" skipped="0" failures="0" errors="0" timestamp="2021-03-04T16:33:42" hostname="WIN-LQAMLJ4MN5U" time="0.06">
  <properties/>
  <testcase name="testGetTimeString()" classname="org.springframework.jdbc.support.rowset.ResultSetWrappingRowSetTests" time="0.005"/>
  <testcase name="testGetDoubleString()" classname="org.springframework.jdbc.support.rowset.ResultSetWrappingRowSetTests" time="0.003"/>
  <testcase name="testGetTimestampInt()" classname="org.springframework.jdbc.support.rowset.ResultSetWrappingRowSetTests" time="0.001"/>
  <testcase name="testGetTimeInt()" classname="org.springframework.jdbc.support.rowset.ResultSetWrappingRowSetTests" time="0.001"/>
  <testcase name="testGetFloatInt()" classname="org.springframework.jdbc.support.rowset.ResultSetWrappingRowSetTests" time="0.001"/>
  <testcase name="testGetBigDecimalInt()" classname="org.springframework.jdbc.support.rowset.ResultSetWrappingRowSetTests" time="0.002"/>
  <testcase name="testGetObjectInt()" classname="org.springframework.jdbc.support.rowset.ResultSetWrappingRowSetTests" time="0.001"/>
  <testcase name="testGetBigDecimalString()" classname="org.springframework.jdbc.support.rowset.ResultSetWrappingRowSetTests" time="0.002"/>
  <testcase name="testGetBooleanString()" classname="org.springframework.jdbc.support.rowset.ResultSetWrappingRowSetTests" time="0.002"/>
  <testcase name="testGetObjectString()" classname="org.springframework.jdbc.support.rowset.ResultSetWrappingRowSetTests" time="0.002"/>
  <testcase name="testGetDoubleInt()" classname="org.springframework.jdbc.support.rowset.ResultSetWrappingRowSetTests" time="0.001"/>
  <testcase name="testGetFloatString()" classname="org.springframework.jdbc.support.rowset.ResultSetWrappingRowSetTests" time="0.004"/>
  <testcase name="testGetTimestampString()" classname="org.springframework.jdbc.support.rowset.ResultSetWrappingRowSetTests" time="0.01"/>
  <testcase name="testGetLongInt()" classname="org.springframework.jdbc.support.rowset.ResultSetWrappingRowSetTests" time="0.002"/>
  <testcase name="testGetStringInt()" classname="org.springframework.jdbc.support.rowset.ResultSetWrappingRowSetTests" time="0.001"/>
  <testcase name="testGetLongString()" classname="org.springframework.jdbc.support.rowset.ResultSetWrappingRowSetTests" time="0.003"/>
  <testcase name="testGetBooleanInt()" classname="org.springframework.jdbc.support.rowset.ResultSetWrappingRowSetTests" time="0.001"/>
  <testcase name="testGetIntString()" classname="org.springframework.jdbc.support.rowset.ResultSetWrappingRowSetTests" time="0.002"/>
  <testcase name="testGetIntInt()" classname="org.springframework.jdbc.support.rowset.ResultSetWrappingRowSetTests" time="0.001"/>
  <testcase name="testGetStringString()" classname="org.springframework.jdbc.support.rowset.ResultSetWrappingRowSetTests" time="0.001"/>
  <testcase name="testGetDateInt()" classname="org.springframework.jdbc.support.rowset.ResultSetWrappingRowSetTests" time="0.001"/>
  <testcase name="testGetDateString()" classname="org.springframework.jdbc.support.rowset.ResultSetWrappingRowSetTests" time="0.002"/>
  <system-out><![CDATA[]]></system-out>
  <system-err><![CDATA[]]></system-err>
</testsuite>
