<?xml version="1.0" encoding="UTF-8"?>
<testsuite name="org.springframework.jdbc.object.SqlQueryTests" tests="19" skipped="0" failures="0" errors="0" timestamp="2021-03-04T16:33:42" hostname="WIN-LQAMLJ4MN5U" time="0.138">
  <properties/>
  <testcase name="testNamedParameterUsingInvalidQuestionMarkPlaceHolders()" classname="org.springframework.jdbc.object.SqlQueryTests" time="0.018"/>
  <testcase name="testNamedParameterCustomerQueryWithNamedDeclarations()" classname="org.springframework.jdbc.object.SqlQueryTests" time="0.007"/>
  <testcase name="testFancyCustomerQuery()" classname="org.springframework.jdbc.object.SqlQueryTests" time="0.005"/>
  <testcase name="testUpdateCustomers()" classname="org.springframework.jdbc.object.SqlQueryTests" time="0.007"/>
  <testcase name="testFindCustomerMixed()" classname="org.springframework.jdbc.object.SqlQueryTests" time="0.008"/>
  <testcase name="testQueryWithMissingMapParams()" classname="org.springframework.jdbc.object.SqlQueryTests" time="0.002"/>
  <testcase name="testStringQueryWithResults()" classname="org.springframework.jdbc.object.SqlQueryTests" time="0.015"/>
  <testcase name="testNamedParameterCustomerQueryWithUnnamedDeclarations()" classname="org.springframework.jdbc.object.SqlQueryTests" time="0.007"/>
  <testcase name="testStringQueryWithoutResults()" classname="org.springframework.jdbc.object.SqlQueryTests" time="0.008"/>
  <testcase name="testQueryWithoutEnoughParams()" classname="org.springframework.jdbc.object.SqlQueryTests" time="0.002"/>
  <testcase name="testNamedParameterInListQuery()" classname="org.springframework.jdbc.object.SqlQueryTests" time="0.006"/>
  <testcase name="testFindTooManyCustomers()" classname="org.springframework.jdbc.object.SqlQueryTests" time="0.005"/>
  <testcase name="testNamedParameterQueryReusingParameter()" classname="org.springframework.jdbc.object.SqlQueryTests" time="0.006"/>
  <testcase name="testFindCustomerIntInt()" classname="org.springframework.jdbc.object.SqlQueryTests" time="0.005"/>
  <testcase name="testQueryWithoutParams()" classname="org.springframework.jdbc.object.SqlQueryTests" time="0.006"/>
  <testcase name="testFindCustomerString()" classname="org.springframework.jdbc.object.SqlQueryTests" time="0.006"/>
  <testcase name="testUnnamedParameterDeclarationWithNamedParameterQuery()" classname="org.springframework.jdbc.object.SqlQueryTests" time="0.002"/>
  <testcase name="testListCustomersIntInt()" classname="org.springframework.jdbc.object.SqlQueryTests" time="0.007"/>
  <testcase name="testListCustomersString()" classname="org.springframework.jdbc.object.SqlQueryTests" time="0.006"/>
  <system-out><![CDATA[]]></system-out>
  <system-err><![CDATA[]]></system-err>
</testsuite>
