<?xml version="1.0" encoding="UTF-8"?>
<testsuite name="org.springframework.jdbc.support.SQLExceptionSubclassTranslatorTests" tests="1" skipped="0" failures="0" errors="0" timestamp="2021-03-04T16:33:43" hostname="WIN-LQAMLJ4MN5U" time="0.01">
  <properties/>
  <testcase name="errorCodeTranslation()" classname="org.springframework.jdbc.support.SQLExceptionSubclassTranslatorTests" time="0.01"/>
  <system-out><![CDATA[]]></system-out>
  <system-err><![CDATA[]]></system-err>
</testsuite>
