<?xml version="1.0" encoding="UTF-8"?>
<testsuite name="org.springframework.jdbc.datasource.init.CompositeDatabasePopulatorTests" tests="5" skipped="0" failures="0" errors="0" timestamp="2021-03-04T16:33:30" hostname="WIN-LQAMLJ4MN5U" time="0.006">
  <properties/>
  <testcase name="addPopulators()" classname="org.springframework.jdbc.datasource.init.CompositeDatabasePopulatorTests" time="0.001"/>
  <testcase name="constructWithCollection()" classname="org.springframework.jdbc.datasource.init.CompositeDatabasePopulatorTests" time="0.001"/>
  <testcase name="setPopulatorsForOverride()" classname="org.springframework.jdbc.datasource.init.CompositeDatabasePopulatorTests" time="0.001"/>
  <testcase name="constructWithVarargs()" classname="org.springframework.jdbc.datasource.init.CompositeDatabasePopulatorTests" time="0.001"/>
  <testcase name="setPopulatorsWithMultiple()" classname="org.springframework.jdbc.datasource.init.CompositeDatabasePopulatorTests" time="0.001"/>
  <system-out><![CDATA[]]></system-out>
  <system-err><![CDATA[]]></system-err>
</testsuite>
