<?xml version="1.0" encoding="UTF-8"?>
<testsuite name="org.springframework.jdbc.datasource.init.ScriptUtilsIntegrationTests" tests="2" skipped="0" failures="0" errors="0" timestamp="2021-03-04T16:33:41" hostname="WIN-LQAMLJ4MN5U" time="0.113">
  <properties/>
  <testcase name="executeSqlScriptContainingSingleQuotesNestedInsideDoubleQuotes()" classname="org.springframework.jdbc.datasource.init.ScriptUtilsIntegrationTests" time="0.093"/>
  <testcase name="executeSqlScriptContainingMultiLineComments()" classname="org.springframework.jdbc.datasource.init.ScriptUtilsIntegrationTests" time="0.02"/>
  <system-out><![CDATA[]]></system-out>
  <system-err><![CDATA[]]></system-err>
</testsuite>
