<?xml version="1.0" encoding="UTF-8"?>
<testsuite name="org.springframework.jdbc.object.GenericSqlQueryTests" tests="3" skipped="0" failures="0" errors="0" timestamp="2021-03-04T16:33:42" hostname="WIN-LQAMLJ4MN5U" time="0.199">
  <properties/>
  <testcase name="testCustomerQueryWithNamedParameters()" classname="org.springframework.jdbc.object.GenericSqlQueryTests" time="0.094"/>
  <testcase name="testCustomerQueryWithRowMapperInstance()" classname="org.springframework.jdbc.object.GenericSqlQueryTests" time="0.057"/>
  <testcase name="testCustomerQueryWithPlaceholders()" classname="org.springframework.jdbc.object.GenericSqlQueryTests" time="0.047"/>
  <system-out><![CDATA[]]></system-out>
  <system-err><![CDATA[]]></system-err>
</testsuite>
