<?xml version="1.0" encoding="UTF-8"?>
<testsuite name="org.springframework.ejb.config.JeeNamespaceHandlerTests" tests="9" skipped="0" failures="0" errors="0" timestamp="2021-03-04T16:39:54" hostname="WIN-LQAMLJ4MN5U" time="0.277">
  <properties/>
  <testcase name="testSimpleDefinition()" classname="org.springframework.ejb.config.JeeNamespaceHandlerTests" time="0.08"/>
  <testcase name="testComplexRemoteSlsb()" classname="org.springframework.ejb.config.JeeNamespaceHandlerTests" time="0.026"/>
  <testcase name="testLazyInitJndiLookup()" classname="org.springframework.ejb.config.JeeNamespaceHandlerTests" time="0.024"/>
  <testcase name="testWithEnvironment()" classname="org.springframework.ejb.config.JeeNamespaceHandlerTests" time="0.03"/>
  <testcase name="testWithReferencedEnvironment()" classname="org.springframework.ejb.config.JeeNamespaceHandlerTests" time="0.026"/>
  <testcase name="testComplexLocalSlsb()" classname="org.springframework.ejb.config.JeeNamespaceHandlerTests" time="0.023"/>
  <testcase name="testSimpleRemoteSlsb()" classname="org.springframework.ejb.config.JeeNamespaceHandlerTests" time="0.021"/>
  <testcase name="testComplexDefinition()" classname="org.springframework.ejb.config.JeeNamespaceHandlerTests" time="0.022"/>
  <testcase name="testSimpleLocalSlsb()" classname="org.springframework.ejb.config.JeeNamespaceHandlerTests" time="0.021"/>
  <system-out><![CDATA[]]></system-out>
  <system-err><![CDATA[]]></system-err>
</testsuite>
