<?xml version="1.0" encoding="UTF-8"?>
<testsuite name="org.springframework.scheduling.config.ScheduledTaskRegistrarTests" tests="7" skipped="0" failures="0" errors="0" timestamp="2021-03-04T16:40:33" hostname="WIN-LQAMLJ4MN5U" time="0.043">
  <properties/>
  <testcase name="addCronTaskWithDisabledExpression()" classname="org.springframework.scheduling.config.ScheduledTaskRegistrarTests" time="0.001"/>
  <testcase name="getFixedRateTasks()" classname="org.springframework.scheduling.config.ScheduledTaskRegistrarTests" time="0.012"/>
  <testcase name="addCronTaskWithValidExpression()" classname="org.springframework.scheduling.config.ScheduledTaskRegistrarTests" time="0.001"/>
  <testcase name="getCronTasks()" classname="org.springframework.scheduling.config.ScheduledTaskRegistrarTests" time="0.017"/>
  <testcase name="addCronTaskWithInvalidExpression()" classname="org.springframework.scheduling.config.ScheduledTaskRegistrarTests" time="0.001"/>
  <testcase name="getFixedDelayTasks()" classname="org.springframework.scheduling.config.ScheduledTaskRegistrarTests" time="0.0"/>
  <testcase name="getTriggerTasks()" classname="org.springframework.scheduling.config.ScheduledTaskRegistrarTests" time="0.01"/>
  <system-out><![CDATA[]]></system-out>
  <system-err><![CDATA[]]></system-err>
</testsuite>
