<?xml version="1.0" encoding="UTF-8"?>
<testsuite name="org.springframework.context.event.LifecycleEventTests" tests="2" skipped="0" failures="0" errors="0" timestamp="2021-03-04T16:39:37" hostname="WIN-LQAMLJ4MN5U" time="0.009">
  <properties/>
  <testcase name="contextStoppedEvent()" classname="org.springframework.context.event.LifecycleEventTests" time="0.001"/>
  <testcase name="contextStartedEvent()" classname="org.springframework.context.event.LifecycleEventTests" time="0.007"/>
  <system-out><![CDATA[]]></system-out>
  <system-err><![CDATA[]]></system-err>
</testsuite>
