<?xml version="1.0" encoding="UTF-8"?>
<testsuite name="org.springframework.context.annotation.configuration.ImportResourceTests" tests="8" skipped="0" failures="0" errors="0" timestamp="2021-03-04T16:39:17" hostname="WIN-LQAMLJ4MN5U" time="0.2">
  <properties/>
  <testcase name="importNonXmlResource()" classname="org.springframework.context.annotation.configuration.ImportResourceTests" time="0.009"/>
  <testcase name="importXml()" classname="org.springframework.context.annotation.configuration.ImportResourceTests" time="0.024"/>
  <testcase name="importWithPlaceholder()" classname="org.springframework.context.annotation.configuration.ImportResourceTests" time="0.032"/>
  <testcase name="importXmlWithNamespaceConfig()" classname="org.springframework.context.annotation.configuration.ImportResourceTests" time="0.032"/>
  <testcase name="importXmlWithAutowiredConfig()" classname="org.springframework.context.annotation.configuration.ImportResourceTests" time="0.025"/>
  <testcase name="importXmlIsInheritedFromSuperclassDeclarations()" classname="org.springframework.context.annotation.configuration.ImportResourceTests" time="0.016"/>
  <testcase name="importXmlIsMergedFromSuperclassDeclarations()" classname="org.springframework.context.annotation.configuration.ImportResourceTests" time="0.024"/>
  <testcase name="importXmlWithOtherConfigurationClass()" classname="org.springframework.context.annotation.configuration.ImportResourceTests" time="0.033"/>
  <system-out><![CDATA[]]></system-out>
  <system-err><![CDATA[]]></system-err>
</testsuite>
