<?xml version="1.0" encoding="UTF-8"?>
<testsuite name="org.springframework.context.annotation.PropertySourceAnnotationTests" tests="21" skipped="0" failures="0" errors="0" timestamp="2021-03-04T16:39:31" hostname="WIN-LQAMLJ4MN5U" time="0.375">
  <properties/>
  <testcase name="withPropertySources()" classname="org.springframework.context.annotation.PropertySourceAnnotationTests" time="0.008"/>
  <testcase name="withCustomFactory()" classname="org.springframework.context.annotation.PropertySourceAnnotationTests" time="0.012"/>
  <testcase name="orderingWithAndWithoutNameAndMultipleResourceLocations()" classname="org.springframework.context.annotation.PropertySourceAnnotationTests" time="0.049"/>
  <testcase name="withResolvablePlaceholderAndFactoryBean()" classname="org.springframework.context.annotation.PropertySourceAnnotationTests" time="0.015"/>
  <testcase name="withImplicitName()" classname="org.springframework.context.annotation.PropertySourceAnnotationTests" time="0.007"/>
  <testcase name="withIgnoredPropertySource()" classname="org.springframework.context.annotation.PropertySourceAnnotationTests" time="0.007"/>
  <testcase name="withResolvablePlaceholder()" classname="org.springframework.context.annotation.PropertySourceAnnotationTests" time="0.013"/>
  <testcase name="orderingIsLifo()" classname="org.springframework.context.annotation.PropertySourceAnnotationTests" time="0.014"/>
  <testcase name="withUnresolvablePlaceholderAndDefault()" classname="org.springframework.context.annotation.PropertySourceAnnotationTests" time="0.009"/>
  <testcase name="withNamedPropertySources()" classname="org.springframework.context.annotation.PropertySourceAnnotationTests" time="0.005"/>
  <testcase name="orderingDoesntReplaceExisting()" classname="org.springframework.context.annotation.PropertySourceAnnotationTests" time="0.046"/>
  <testcase name="withExplicitName()" classname="org.springframework.context.annotation.PropertySourceAnnotationTests" time="0.043"/>
  <testcase name="withMissingPropertySource()" classname="org.springframework.context.annotation.PropertySourceAnnotationTests" time="0.005"/>
  <testcase name="withCustomFactoryAsMeta()" classname="org.springframework.context.annotation.PropertySourceAnnotationTests" time="0.012"/>
  <testcase name="withEmptyResourceLocations()" classname="org.springframework.context.annotation.PropertySourceAnnotationTests" time="0.002"/>
  <testcase name="withTestProfileBeans()" classname="org.springframework.context.annotation.PropertySourceAnnotationTests" time="0.058"/>
  <testcase name="withNameAndMultipleResourceLocations()" classname="org.springframework.context.annotation.PropertySourceAnnotationTests" time="0.004"/>
  <testcase name="withSameSourceImportedInDifferentOrder()" classname="org.springframework.context.annotation.PropertySourceAnnotationTests" time="0.014"/>
  <testcase name="withMultipleResourceLocations()" classname="org.springframework.context.annotation.PropertySourceAnnotationTests" time="0.006"/>
  <testcase name="orderingWithAndWithoutNameAndFourResourceLocations()" classname="org.springframework.context.annotation.PropertySourceAnnotationTests" time="0.035"/>
  <testcase name="withUnresolvablePlaceholder()" classname="org.springframework.context.annotation.PropertySourceAnnotationTests" time="0.004"/>
  <system-out><![CDATA[00:39:31.748 [Test worker] WARN  o.s.c.a.AnnotationConfigApplicationContext - Exception encountered during context initialization - cancelling refresh attempt: org.springframework.beans.factory.BeanDefinitionStoreException: Failed to parse configuration class [org.springframework.context.annotation.PropertySourceAnnotationTests$ConfigWithMissingPropertySource]; nested exception is java.io.FileNotFoundException: class path resource [org/springframework/context/annotation/missing.properties] cannot be opened because it does not exist
00:39:31.763 [Test worker] WARN  o.s.c.a.AnnotationConfigApplicationContext - Exception encountered during context initialization - cancelling refresh attempt: org.springframework.beans.factory.BeanDefinitionStoreException: Failed to parse configuration class [org.springframework.context.annotation.PropertySourceAnnotationTests$ConfigWithEmptyResourceLocations]; nested exception is java.lang.IllegalArgumentException: At least one @PropertySource(value) location is required
00:39:31.884 [Test worker] WARN  o.s.c.a.AnnotationConfigApplicationContext - Exception encountered during context initialization - cancelling refresh attempt: org.springframework.beans.factory.BeanDefinitionStoreException: Failed to parse configuration class [org.springframework.context.annotation.PropertySourceAnnotationTests$ConfigWithUnresolvablePlaceholder]; nested exception is java.lang.IllegalArgumentException: Could not resolve placeholder 'unresolvable' in value "classpath:${unresolvable}/p1.properties"
]]></system-out>
  <system-err><![CDATA[]]></system-err>
</testsuite>
