<?xml version="1.0" encoding="UTF-8"?>
<testsuite name="org.springframework.cache.interceptor.SimpleKeyGeneratorTests" tests="8" skipped="0" failures="0" errors="0" timestamp="2021-03-04T16:39:00" hostname="WIN-LQAMLJ4MN5U" time="0.004">
  <properties/>
  <testcase name="singleValue()" classname="org.springframework.cache.interceptor.SimpleKeyGeneratorTests" time="0.0"/>
  <testcase name="serializedKeys()" classname="org.springframework.cache.interceptor.SimpleKeyGeneratorTests" time="0.002"/>
  <testcase name="arrayWithExtraParameter()" classname="org.springframework.cache.interceptor.SimpleKeyGeneratorTests" time="0.0"/>
  <testcase name="noValues()" classname="org.springframework.cache.interceptor.SimpleKeyGeneratorTests" time="0.0"/>
  <testcase name="plainArray()" classname="org.springframework.cache.interceptor.SimpleKeyGeneratorTests" time="0.0"/>
  <testcase name="multipleValues()" classname="org.springframework.cache.interceptor.SimpleKeyGeneratorTests" time="0.0"/>
  <testcase name="multipleNullValues()" classname="org.springframework.cache.interceptor.SimpleKeyGeneratorTests" time="0.0"/>
  <testcase name="singleNullValue()" classname="org.springframework.cache.interceptor.SimpleKeyGeneratorTests" time="0.001"/>
  <system-out><![CDATA[]]></system-out>
  <system-err><![CDATA[]]></system-err>
</testsuite>
