<?xml version="1.0" encoding="UTF-8"?>
<testsuite name="org.springframework.aop.aspectj.BeanNamePointcutAtAspectTests" tests="3" skipped="0" failures="0" errors="0" timestamp="2021-03-04T16:38:38" hostname="WIN-LQAMLJ4MN5U" time="0.121">
  <properties/>
  <testcase name="testMatchingBeanName()" classname="org.springframework.aop.aspectj.BeanNamePointcutAtAspectTests" time="0.032"/>
  <testcase name="testProgrammaticProxyCreation()" classname="org.springframework.aop.aspectj.BeanNamePointcutAtAspectTests" time="0.066"/>
  <testcase name="testNonMatchingBeanName()" classname="org.springframework.aop.aspectj.BeanNamePointcutAtAspectTests" time="0.022"/>
  <system-out><![CDATA[]]></system-out>
  <system-err><![CDATA[]]></system-err>
</testsuite>
