<?xml version="1.0" encoding="UTF-8"?>
<testsuite name="org.springframework.context.annotation.configuration.BeanMethodQualificationTests" tests="8" skipped="0" failures="0" errors="0" timestamp="2021-03-04T16:39:15" hostname="WIN-LQAMLJ4MN5U" time="0.151">
  <properties/>
  <testcase name="testCustomWithLazyResolution()" classname="org.springframework.context.annotation.configuration.BeanMethodQualificationTests" time="0.042"/>
  <testcase name="testCustomWithAttributeOverride()" classname="org.springframework.context.annotation.configuration.BeanMethodQualificationTests" time="0.012"/>
  <testcase name="testCustomWithEarlyResolution()" classname="org.springframework.context.annotation.configuration.BeanMethodQualificationTests" time="0.016"/>
  <testcase name="testBeanNamesForAnnotation()" classname="org.springframework.context.annotation.configuration.BeanMethodQualificationTests" time="0.01"/>
  <testcase name="testCustomWithAsm()" classname="org.springframework.context.annotation.configuration.BeanMethodQualificationTests" time="0.007"/>
  <testcase name="testScoped()" classname="org.springframework.context.annotation.configuration.BeanMethodQualificationTests" time="0.011"/>
  <testcase name="testStandard()" classname="org.springframework.context.annotation.configuration.BeanMethodQualificationTests" time="0.012"/>
  <testcase name="testScopedProxy()" classname="org.springframework.context.annotation.configuration.BeanMethodQualificationTests" time="0.037"/>
  <system-out><![CDATA[]]></system-out>
  <system-err><![CDATA[]]></system-err>
</testsuite>
