<?xml version="1.0" encoding="UTF-8"?>
<testsuite name="org.springframework.aop.aspectj.AfterReturningAdviceBindingTests" tests="12" skipped="0" failures="0" errors="0" timestamp="2021-03-04T16:38:34" hostname="WIN-LQAMLJ4MN5U" time="1.366">
  <properties/>
  <testcase name="testNoInvokeWhenReturningParameterTypeDoesNotMatch()" classname="org.springframework.aop.aspectj.AfterReturningAdviceBindingTests" time="0.26"/>
  <testcase name="testReturningBeanArray()" classname="org.springframework.aop.aspectj.AfterReturningAdviceBindingTests" time="0.095"/>
  <testcase name="testReturningPrimitive()" classname="org.springframework.aop.aspectj.AfterReturningAdviceBindingTests" time="0.103"/>
  <testcase name="testReturningBean()" classname="org.springframework.aop.aspectj.AfterReturningAdviceBindingTests" time="0.109"/>
  <testcase name="testOneObjectArg()" classname="org.springframework.aop.aspectj.AfterReturningAdviceBindingTests" time="0.084"/>
  <testcase name="testNeedsJoinPoint()" classname="org.springframework.aop.aspectj.AfterReturningAdviceBindingTests" time="0.113"/>
  <testcase name="testReturningByType()" classname="org.springframework.aop.aspectj.AfterReturningAdviceBindingTests" time="0.113"/>
  <testcase name="testReturningObject()" classname="org.springframework.aop.aspectj.AfterReturningAdviceBindingTests" time="0.162"/>
  <testcase name="testReturningString()" classname="org.springframework.aop.aspectj.AfterReturningAdviceBindingTests" time="0.079"/>
  <testcase name="testOneIntAndOneObjectArgs()" classname="org.springframework.aop.aspectj.AfterReturningAdviceBindingTests" time="0.087"/>
  <testcase name="testNeedsJoinPointStaticPart()" classname="org.springframework.aop.aspectj.AfterReturningAdviceBindingTests" time="0.075"/>
  <testcase name="testOneIntArg()" classname="org.springframework.aop.aspectj.AfterReturningAdviceBindingTests" time="0.082"/>
  <system-out><![CDATA[]]></system-out>
  <system-err><![CDATA[]]></system-err>
</testsuite>
