<?xml version="1.0" encoding="UTF-8"?>
<testsuite name="org.springframework.context.annotation.Spr6602Tests" tests="2" skipped="0" failures="0" errors="0" timestamp="2021-03-04T16:39:33" hostname="WIN-LQAMLJ4MN5U" time="0.023">
  <properties/>
  <testcase name="testXmlBehavior()" classname="org.springframework.context.annotation.Spr6602Tests" time="0.01"/>
  <testcase name="testConfigurationClassBehavior()" classname="org.springframework.context.annotation.Spr6602Tests" time="0.013"/>
  <system-out><![CDATA[]]></system-out>
  <system-err><![CDATA[]]></system-err>
</testsuite>
