<?xml version="1.0" encoding="UTF-8"?>
<testsuite name="org.springframework.scripting.groovy.GroovyScriptEvaluatorTests" tests="8" skipped="0" failures="0" errors="0" timestamp="2021-03-04T16:40:40" hostname="WIN-LQAMLJ4MN5U" time="0.264">
  <properties/>
  <testcase name="testGroovyScriptWithArguments()" classname="org.springframework.scripting.groovy.GroovyScriptEvaluatorTests" time="0.064"/>
  <testcase name="testGroovyScriptWithImportCustomizer()" classname="org.springframework.scripting.groovy.GroovyScriptEvaluatorTests" time="0.036"/>
  <testcase name="testGroovyScriptFromFileUsingJsr223()" classname="org.springframework.scripting.groovy.GroovyScriptEvaluatorTests" time="0.097"/>
  <testcase name="testGroovyScriptWithArgumentsUsingJsr223()" classname="org.springframework.scripting.groovy.GroovyScriptEvaluatorTests" time="0.017"/>
  <testcase name="testGroovyScriptFromFile()" classname="org.springframework.scripting.groovy.GroovyScriptEvaluatorTests" time="0.013"/>
  <testcase name="testGroovyScriptFromStringUsingJsr223()" classname="org.springframework.scripting.groovy.GroovyScriptEvaluatorTests" time="0.011"/>
  <testcase name="testGroovyScriptWithCompilerConfiguration()" classname="org.springframework.scripting.groovy.GroovyScriptEvaluatorTests" time="0.013"/>
  <testcase name="testGroovyScriptFromString()" classname="org.springframework.scripting.groovy.GroovyScriptEvaluatorTests" time="0.012"/>
  <system-out><![CDATA[]]></system-out>
  <system-err><![CDATA[]]></system-err>
</testsuite>
