<?xml version="1.0" encoding="UTF-8"?>
<testsuite name="org.springframework.scheduling.annotation.AsyncExecutionTests" tests="18" skipped="0" failures="0" errors="0" timestamp="2021-03-04T16:40:07" hostname="WIN-LQAMLJ4MN5U" time="8.482">
  <properties/>
  <testcase name="asyncClass()" classname="org.springframework.scheduling.annotation.AsyncExecutionTests" time="2.929"/>
  <testcase name="asyncMethods()" classname="org.springframework.scheduling.annotation.AsyncExecutionTests" time="1.668"/>
  <testcase name="asyncMethodsInInterface()" classname="org.springframework.scheduling.annotation.AsyncExecutionTests" time="0.339"/>
  <testcase name="asyncClassWithInterface()" classname="org.springframework.scheduling.annotation.AsyncExecutionTests" time="1.0"/>
  <testcase name="asyncPrototypeClassListener()" classname="org.springframework.scheduling.annotation.AsyncExecutionTests" time="0.359"/>
  <testcase name="dynamicAsyncMethodsInInterfaceWithPostProcessor()" classname="org.springframework.scheduling.annotation.AsyncExecutionTests" time="0.101"/>
  <testcase name="asyncMethodsInInterfaceWithPostProcessor()" classname="org.springframework.scheduling.annotation.AsyncExecutionTests" time="0.079"/>
  <testcase name="asyncClassWithInterfaceAndPostProcessor()" classname="org.springframework.scheduling.annotation.AsyncExecutionTests" time="0.003"/>
  <testcase name="dynamicAsyncInterfaceWithPostProcessor()" classname="org.springframework.scheduling.annotation.AsyncExecutionTests" time="0.551"/>
  <testcase name="asyncInterfaceWithPostProcessor()" classname="org.springframework.scheduling.annotation.AsyncExecutionTests" time="0.182"/>
  <testcase name="dynamicAsyncInterface()" classname="org.springframework.scheduling.annotation.AsyncExecutionTests" time="0.399"/>
  <testcase name="asyncClassListener()" classname="org.springframework.scheduling.annotation.AsyncExecutionTests" time="0.41"/>
  <testcase name="asyncClassWithPostProcessor()" classname="org.springframework.scheduling.annotation.AsyncExecutionTests" time="0.259"/>
  <testcase name="asyncMethodsWithQualifier()" classname="org.springframework.scheduling.annotation.AsyncExecutionTests" time="0.12"/>
  <testcase name="asyncMethodsWithQualifierThroughInterface()" classname="org.springframework.scheduling.annotation.AsyncExecutionTests" time="0.026"/>
  <testcase name="asyncMethodListener()" classname="org.springframework.scheduling.annotation.AsyncExecutionTests" time="0.029"/>
  <testcase name="asyncMethodsThroughInterface()" classname="org.springframework.scheduling.annotation.AsyncExecutionTests" time="0.024"/>
  <testcase name="asyncInterface()" classname="org.springframework.scheduling.annotation.AsyncExecutionTests" time="0.002"/>
  <system-out><![CDATA[00:40:16.330 [e0-1] ERROR o.s.a.i.SimpleAsyncUncaughtExceptionHandler - Unexpected exception occurred invoking async method: public void org.springframework.scheduling.annotation.AsyncExecutionTests$AsyncMethodWithQualifierBean.doNothing(int)
org.opentest4j.AssertionFailedError: 
Expecting value to be true but was false
	at jdk.internal.reflect.NativeConstructorAccessorImpl.newInstance0(Native Method) ~[?:?]
	at jdk.internal.reflect.NativeConstructorAccessorImpl.newInstance(NativeConstructorAccessorImpl.java:62) ~[?:?]
	at jdk.internal.reflect.DelegatingConstructorAccessorImpl.newInstance(DelegatingConstructorAccessorImpl.java:45) ~[?:?]
	at org.springframework.scheduling.annotation.AsyncExecutionTests$AsyncMethodWithQualifierBean.doNothing(AsyncExecutionTests.java:478) ~[test/:?]
	at org.springframework.scheduling.annotation.AsyncExecutionTests$AsyncMethodWithQualifierBean$$FastClassBySpringCGLIB$$85bd9822.invoke(<generated>) ~[test/:?]
	at org.springframework.cglib.proxy.MethodProxy.invoke(MethodProxy.java:218) ~[spring-core-5.2.14.BUILD-SNAPSHOT.jar:5.2.14.BUILD-SNAPSHOT]
	at org.springframework.aop.framework.CglibAopProxy$CglibMethodInvocation.invokeJoinpoint(CglibAopProxy.java:771) ~[spring-aop-5.2.14.BUILD-SNAPSHOT.jar:?]
	at org.springframework.aop.framework.ReflectiveMethodInvocation.proceed(ReflectiveMethodInvocation.java:163) ~[spring-aop-5.2.14.BUILD-SNAPSHOT.jar:?]
	at org.springframework.aop.framework.CglibAopProxy$CglibMethodInvocation.proceed(CglibAopProxy.java:749) ~[spring-aop-5.2.14.BUILD-SNAPSHOT.jar:?]
	at org.springframework.aop.interceptor.AsyncExecutionInterceptor.lambda$invoke$0(AsyncExecutionInterceptor.java:115) ~[spring-aop-5.2.14.BUILD-SNAPSHOT.jar:5.2.14.BUILD-SNAPSHOT]
	at java.util.concurrent.FutureTask.run(FutureTask.java:264) [?:?]
	at java.util.concurrent.ThreadPoolExecutor.runWorker(ThreadPoolExecutor.java:1128) [?:?]
	at java.util.concurrent.ThreadPoolExecutor$Worker.run(ThreadPoolExecutor.java:628) [?:?]
	at java.lang.Thread.run(Thread.java:834) [?:?]
00:40:16.355 [e0-1] ERROR o.s.a.i.SimpleAsyncUncaughtExceptionHandler - Unexpected exception occurred invoking async method: public void org.springframework.scheduling.annotation.AsyncExecutionTests$AsyncMethodWithQualifierBean.doNothing(int)
org.opentest4j.AssertionFailedError: 
Expecting value to be true but was false
	at jdk.internal.reflect.NativeConstructorAccessorImpl.newInstance0(Native Method) ~[?:?]
	at jdk.internal.reflect.NativeConstructorAccessorImpl.newInstance(NativeConstructorAccessorImpl.java:62) ~[?:?]
	at jdk.internal.reflect.DelegatingConstructorAccessorImpl.newInstance(DelegatingConstructorAccessorImpl.java:45) ~[?:?]
	at org.springframework.scheduling.annotation.AsyncExecutionTests$AsyncMethodWithQualifierBean.doNothing(AsyncExecutionTests.java:478) ~[test/:?]
	at jdk.internal.reflect.NativeMethodAccessorImpl.invoke0(Native Method) ~[?:?]
	at jdk.internal.reflect.NativeMethodAccessorImpl.invoke(NativeMethodAccessorImpl.java:62) ~[?:?]
	at jdk.internal.reflect.DelegatingMethodAccessorImpl.invoke(DelegatingMethodAccessorImpl.java:43) ~[?:?]
	at java.lang.reflect.Method.invoke(Method.java:566) ~[?:?]
	at org.springframework.aop.support.AopUtils.invokeJoinpointUsingReflection(AopUtils.java:344) ~[spring-aop-5.2.14.BUILD-SNAPSHOT.jar:5.2.14.BUILD-SNAPSHOT]
	at org.springframework.aop.framework.ReflectiveMethodInvocation.invokeJoinpoint(ReflectiveMethodInvocation.java:198) ~[spring-aop-5.2.14.BUILD-SNAPSHOT.jar:?]
	at org.springframework.aop.framework.ReflectiveMethodInvocation.proceed(ReflectiveMethodInvocation.java:163) ~[spring-aop-5.2.14.BUILD-SNAPSHOT.jar:?]
	at org.springframework.aop.interceptor.AsyncExecutionInterceptor.lambda$invoke$0(AsyncExecutionInterceptor.java:115) ~[spring-aop-5.2.14.BUILD-SNAPSHOT.jar:5.2.14.BUILD-SNAPSHOT]
	at java.util.concurrent.FutureTask.run(FutureTask.java:264) [?:?]
	at java.util.concurrent.ThreadPoolExecutor.runWorker(ThreadPoolExecutor.java:1128) [?:?]
	at java.util.concurrent.ThreadPoolExecutor$Worker.run(ThreadPoolExecutor.java:628) [?:?]
	at java.lang.Thread.run(Thread.java:834) [?:?]
]]></system-out>
  <system-err><![CDATA[]]></system-err>
</testsuite>
