<?xml version="1.0" encoding="UTF-8"?>
<testsuite name="org.springframework.jndi.JndiTemplateTests" tests="7" skipped="0" failures="0" errors="0" timestamp="2021-03-04T16:40:07" hostname="WIN-LQAMLJ4MN5U" time="0.129">
  <properties/>
  <testcase name="testBind()" classname="org.springframework.jndi.JndiTemplateTests" time="0.002"/>
  <testcase name="testLookupSucceeds()" classname="org.springframework.jndi.JndiTemplateTests" time="0.002"/>
  <testcase name="testLookupReturnsNull()" classname="org.springframework.jndi.JndiTemplateTests" time="0.003"/>
  <testcase name="testLookupFailsWithTypeMismatch()" classname="org.springframework.jndi.JndiTemplateTests" time="0.002"/>
  <testcase name="testLookupFails()" classname="org.springframework.jndi.JndiTemplateTests" time="0.002"/>
  <testcase name="testRebind()" classname="org.springframework.jndi.JndiTemplateTests" time="0.003"/>
  <testcase name="testUnbind()" classname="org.springframework.jndi.JndiTemplateTests" time="0.115"/>
  <system-out><![CDATA[]]></system-out>
  <system-err><![CDATA[]]></system-err>
</testsuite>
