<?xml version="1.0" encoding="UTF-8"?>
<testsuite name="org.springframework.context.annotation.configuration.spr9031.Spr9031Tests" tests="2" skipped="0" failures="0" errors="0" timestamp="2021-03-04T16:39:18" hostname="WIN-LQAMLJ4MN5U" time="0.018">
  <properties/>
  <testcase name="withoutAsmAnnotationProcessing()" classname="org.springframework.context.annotation.configuration.spr9031.Spr9031Tests" time="0.01"/>
  <testcase name="withAsmAnnotationProcessing()" classname="org.springframework.context.annotation.configuration.spr9031.Spr9031Tests" time="0.008"/>
  <system-out><![CDATA[]]></system-out>
  <system-err><![CDATA[]]></system-err>
</testsuite>
