<?xml version="1.0" encoding="UTF-8"?>
<testsuite name="org.springframework.context.annotation.Spr16179Tests" tests="1" skipped="0" failures="0" errors="0" timestamp="2021-03-04T16:39:33" hostname="WIN-LQAMLJ4MN5U" time="0.018">
  <properties/>
  <testcase name="repro()" classname="org.springframework.context.annotation.Spr16179Tests" time="0.018"/>
  <system-out><![CDATA[]]></system-out>
  <system-err><![CDATA[]]></system-err>
</testsuite>
