<?xml version="1.0" encoding="UTF-8"?>
<testsuite name="org.springframework.context.annotation.DoubleScanTests" tests="1" skipped="0" failures="0" errors="0" timestamp="2021-03-04T16:39:19" hostname="WIN-LQAMLJ4MN5U" time="0.128">
  <properties/>
  <testcase name="testFooService()" classname="org.springframework.context.annotation.DoubleScanTests" time="0.128"/>
  <system-out><![CDATA[]]></system-out>
  <system-err><![CDATA[]]></system-err>
</testsuite>
