<?xml version="1.0" encoding="UTF-8"?>
<testsuite name="org.springframework.scripting.config.ScriptingDefaultsTests" tests="6" skipped="0" failures="0" errors="0" timestamp="2021-03-04T16:40:39" hostname="WIN-LQAMLJ4MN5U" time="0.672">
  <properties/>
  <testcase name="defaultAutowire()" classname="org.springframework.scripting.config.ScriptingDefaultsTests" time="0.209"/>
  <testcase name="nameAsAlias()" classname="org.springframework.scripting.config.ScriptingDefaultsTests" time="0.114"/>
  <testcase name="defaultInitMethod()" classname="org.springframework.scripting.config.ScriptingDefaultsTests" time="0.122"/>
  <testcase name="defaultProxyTargetClass()" classname="org.springframework.scripting.config.ScriptingDefaultsTests" time="0.097"/>
  <testcase name="defaultRefreshCheckDelay()" classname="org.springframework.scripting.config.ScriptingDefaultsTests" time="0.067"/>
  <testcase name="defaultDestroyMethod()" classname="org.springframework.scripting.config.ScriptingDefaultsTests" time="0.061"/>
  <system-out><![CDATA[]]></system-out>
  <system-err><![CDATA[]]></system-err>
</testsuite>
