<?xml version="1.0" encoding="UTF-8"?>
<testsuite name="org.springframework.scripting.groovy.GroovyClassLoadingTests" tests="1" skipped="0" failures="0" errors="0" timestamp="2021-03-04T16:40:40" hostname="WIN-LQAMLJ4MN5U" time="0.019">
  <properties/>
  <testcase name="classLoading()" classname="org.springframework.scripting.groovy.GroovyClassLoadingTests" time="0.019"/>
  <system-out><![CDATA[]]></system-out>
  <system-err><![CDATA[]]></system-err>
</testsuite>
