<?xml version="1.0" encoding="UTF-8"?>
<testsuite name="org.springframework.aop.scope.ScopedProxyTests" tests="5" skipped="0" failures="0" errors="0" timestamp="2021-03-04T16:38:44" hostname="WIN-LQAMLJ4MN5U" time="0.206">
  <properties/>
  <testcase name="testSimpleProxy()" classname="org.springframework.aop.scope.ScopedProxyTests" time="0.069"/>
  <testcase name="testJdkScopedProxy()" classname="org.springframework.aop.scope.ScopedProxyTests" time="0.028"/>
  <testcase name="testProxyAssignable()" classname="org.springframework.aop.scope.ScopedProxyTests" time="0.023"/>
  <testcase name="testCglibScopedProxy()" classname="org.springframework.aop.scope.ScopedProxyTests" time="0.049"/>
  <testcase name="testScopedOverride()" classname="org.springframework.aop.scope.ScopedProxyTests" time="0.035"/>
  <system-out><![CDATA[]]></system-out>
  <system-err><![CDATA[]]></system-err>
</testsuite>
