<?xml version="1.0" encoding="UTF-8"?>
<testsuite name="org.springframework.jmx.support.JmxUtilsTests" tests="12" skipped="0" failures="0" errors="0" timestamp="2021-03-04T16:40:04" hostname="WIN-LQAMLJ4MN5U" time="0.012">
  <properties/>
  <testcase name="notAnMBean()" classname="org.springframework.jmx.support.JmxUtilsTests" time="0.0"/>
  <testcase name="isMBeanWithDynamicMBean()" classname="org.springframework.jmx.support.JmxUtilsTests" time="0.0"/>
  <testcase name="getAttributeNameWithoutStrictCasing()" classname="org.springframework.jmx.support.JmxUtilsTests" time="0.003"/>
  <testcase name="simpleMXBean()" classname="org.springframework.jmx.support.JmxUtilsTests" time="0.001"/>
  <testcase name="isMBeanWithStandardMBeanWrapper()" classname="org.springframework.jmx.support.JmxUtilsTests" time="0.0"/>
  <testcase name="simpleMBean()" classname="org.springframework.jmx.support.JmxUtilsTests" time="0.0"/>
  <testcase name="simpleMBeanThroughInheritance()" classname="org.springframework.jmx.support.JmxUtilsTests" time="0.0"/>
  <testcase name="locatePlatformMBeanServer()" classname="org.springframework.jmx.support.JmxUtilsTests" time="0.006"/>
  <testcase name="isMBeanWithStandardMBeanInherited()" classname="org.springframework.jmx.support.JmxUtilsTests" time="0.0"/>
  <testcase name="getAttributeNameWithStrictCasing()" classname="org.springframework.jmx.support.JmxUtilsTests" time="0.0"/>
  <testcase name="appendIdentityToObjectName()" classname="org.springframework.jmx.support.JmxUtilsTests" time="0.001"/>
  <testcase name="isMBean()" classname="org.springframework.jmx.support.JmxUtilsTests" time="0.0"/>
  <system-out><![CDATA[]]></system-out>
  <system-err><![CDATA[]]></system-err>
</testsuite>
