<?xml version="1.0" encoding="UTF-8"?>
<testsuite name="org.springframework.jmx.export.PropertyPlaceholderConfigurerTests" tests="2" skipped="0" failures="0" errors="0" timestamp="2021-03-04T16:40:03" hostname="WIN-LQAMLJ4MN5U" time="0.015">
  <properties/>
  <testcase name="propertiesReplacedInApplicationContext()" classname="org.springframework.jmx.export.PropertyPlaceholderConfigurerTests" time="0.007"/>
  <testcase name="propertiesCorrectInJmx()" classname="org.springframework.jmx.export.PropertyPlaceholderConfigurerTests" time="0.008"/>
  <system-out><![CDATA[]]></system-out>
  <system-err><![CDATA[]]></system-err>
</testsuite>
