<?xml version="1.0" encoding="UTF-8"?>
<testsuite name="org.springframework.format.datetime.standard.DateTimeFormatterFactoryTests" tests="6" skipped="0" failures="0" errors="0" timestamp="2021-03-04T16:39:54" hostname="WIN-LQAMLJ4MN5U" time="0.016">
  <properties/>
  <testcase name="createDateTimeFormatterInOrderOfPropertyPriority()" classname="org.springframework.format.datetime.standard.DateTimeFormatterFactoryTests" time="0.007"/>
  <testcase name="createDateTimeFormatterWithPattern()" classname="org.springframework.format.datetime.standard.DateTimeFormatterFactoryTests" time="0.0"/>
  <testcase name="createDateTimeFormatter()" classname="org.springframework.format.datetime.standard.DateTimeFormatterFactoryTests" time="0.0"/>
  <testcase name="createDateTimeFormatterWithNullFallback()" classname="org.springframework.format.datetime.standard.DateTimeFormatterFactoryTests" time="0.0"/>
  <testcase name="createDateTimeFormatterWithFallback()" classname="org.springframework.format.datetime.standard.DateTimeFormatterFactoryTests" time="0.0"/>
  <testcase name="createDateTimeFormatterWithTimeZone()" classname="org.springframework.format.datetime.standard.DateTimeFormatterFactoryTests" time="0.007"/>
  <system-out><![CDATA[]]></system-out>
  <system-err><![CDATA[]]></system-err>
</testsuite>
