<?xml version="1.0" encoding="UTF-8"?>
<testsuite name="org.springframework.context.annotation.Spr3775InitDestroyLifecycleTests" tests="6" skipped="0" failures="0" errors="0" timestamp="2021-03-04T16:39:33" hostname="WIN-LQAMLJ4MN5U" time="0.006">
  <properties/>
  <testcase name="testAllLifecycleMechanismsAtOnce()" classname="org.springframework.context.annotation.Spr3775InitDestroyLifecycleTests" time="0.001"/>
  <testcase name="testInitializingDisposableInterfacesWithShadowedMethods()" classname="org.springframework.context.annotation.Spr3775InitDestroyLifecycleTests" time="0.0"/>
  <testcase name="testInitDestroyMethods()" classname="org.springframework.context.annotation.Spr3775InitDestroyLifecycleTests" time="0.0"/>
  <testcase name="testInitializingDisposableInterfaces()" classname="org.springframework.context.annotation.Spr3775InitDestroyLifecycleTests" time="0.001"/>
  <testcase name="testJsr250Annotations()" classname="org.springframework.context.annotation.Spr3775InitDestroyLifecycleTests" time="0.001"/>
  <testcase name="testJsr250AnnotationsWithShadowedMethods()" classname="org.springframework.context.annotation.Spr3775InitDestroyLifecycleTests" time="0.002"/>
  <system-out><![CDATA[]]></system-out>
  <system-err><![CDATA[]]></system-err>
</testsuite>
