<?xml version="1.0" encoding="UTF-8"?>
<testsuite name="org.springframework.jmx.support.ConnectorServerFactoryBeanTests" tests="4" skipped="0" failures="0" errors="0" timestamp="2021-03-04T16:40:03" hostname="WIN-LQAMLJ4MN5U" time="1.222">
  <properties/>
  <testcase name="startupWithSuppliedServer()" classname="org.springframework.jmx.support.ConnectorServerFactoryBeanTests" time="1.179"/>
  <testcase name="noRegisterWithMBeanServer()" classname="org.springframework.jmx.support.ConnectorServerFactoryBeanTests" time="0.003"/>
  <testcase name="registerWithMBeanServer()" classname="org.springframework.jmx.support.ConnectorServerFactoryBeanTests" time="0.003"/>
  <testcase name="startupWithLocatedServer()" classname="org.springframework.jmx.support.ConnectorServerFactoryBeanTests" time="0.035"/>
  <system-out><![CDATA[]]></system-out>
  <system-err><![CDATA[]]></system-err>
</testsuite>
