<?xml version="1.0" encoding="UTF-8"?>
<testsuite name="org.springframework.aop.aspectj.autoproxy.spr3064.SPR3064Tests" tests="1" skipped="0" failures="0" errors="0" timestamp="2021-03-04T16:38:38" hostname="WIN-LQAMLJ4MN5U" time="0.043">
  <properties/>
  <testcase name="testServiceIsAdvised()" classname="org.springframework.aop.aspectj.autoproxy.spr3064.SPR3064Tests" time="0.043"/>
  <system-out><![CDATA[]]></system-out>
  <system-err><![CDATA[]]></system-err>
</testsuite>
