<?xml version="1.0" encoding="UTF-8"?>
<testsuite name="org.springframework.jmx.export.notification.ModelMBeanNotificationPublisherTests" tests="4" skipped="0" failures="0" errors="0" timestamp="2021-03-04T16:40:03" hostname="WIN-LQAMLJ4MN5U" time="0.005">
  <properties/>
  <testcase name="testSendNullNotification()" classname="org.springframework.jmx.export.notification.ModelMBeanNotificationPublisherTests" time="0.003"/>
  <testcase name="testCtorWithNullManagedResource()" classname="org.springframework.jmx.export.notification.ModelMBeanNotificationPublisherTests" time="0.0"/>
  <testcase name="testCtorWithNullObjectName()" classname="org.springframework.jmx.export.notification.ModelMBeanNotificationPublisherTests" time="0.0"/>
  <testcase name="testCtorWithNullMBean()" classname="org.springframework.jmx.export.notification.ModelMBeanNotificationPublisherTests" time="0.0"/>
  <system-out><![CDATA[]]></system-out>
  <system-err><![CDATA[]]></system-err>
</testsuite>
