<?xml version="1.0" encoding="UTF-8"?>
<testsuite name="org.springframework.context.annotation.configuration.ConfigurationClassAspectIntegrationTests" tests="3" skipped="0" failures="0" errors="0" timestamp="2021-03-04T16:39:15" hostname="WIN-LQAMLJ4MN5U" time="0.463">
  <properties/>
  <testcase name="configurationIncludesAspect()" classname="org.springframework.context.annotation.configuration.ConfigurationClassAspectIntegrationTests" time="0.363"/>
  <testcase name="withInnerClassAndLambdaExpression()" classname="org.springframework.context.annotation.configuration.ConfigurationClassAspectIntegrationTests" time="0.022"/>
  <testcase name="aspectAnnotatedConfiguration()" classname="org.springframework.context.annotation.configuration.ConfigurationClassAspectIntegrationTests" time="0.077"/>
  <system-out><![CDATA[]]></system-out>
  <system-err><![CDATA[]]></system-err>
</testsuite>
