<?xml version="1.0" encoding="UTF-8"?>
<testsuite name="org.springframework.scripting.support.StaticScriptSourceTests" tests="8" skipped="0" failures="0" errors="0" timestamp="2021-03-04T16:40:49" hostname="WIN-LQAMLJ4MN5U" time="0.004">
  <properties/>
  <testcase name="isModifiedNotToggledWhenSameScriptIsSet()" classname="org.springframework.scripting.support.StaticScriptSourceTests" time="0.0"/>
  <testcase name="createWithWhitespaceOnlyScript()" classname="org.springframework.scripting.support.StaticScriptSourceTests" time="0.001"/>
  <testcase name="isModifiedIsTrueByDefault()" classname="org.springframework.scripting.support.StaticScriptSourceTests" time="0.001"/>
  <testcase name="gettingScriptViaToStringDoesNotToggleIsModified()" classname="org.springframework.scripting.support.StaticScriptSourceTests" time="0.0"/>
  <testcase name="isModifiedToggledWhenDifferentScriptIsSet()" classname="org.springframework.scripting.support.StaticScriptSourceTests" time="0.0"/>
  <testcase name="createWithEmptyScript()" classname="org.springframework.scripting.support.StaticScriptSourceTests" time="0.001"/>
  <testcase name="gettingScriptTogglesIsModified()" classname="org.springframework.scripting.support.StaticScriptSourceTests" time="0.0"/>
  <testcase name="createWithNullScript()" classname="org.springframework.scripting.support.StaticScriptSourceTests" time="0.001"/>
  <system-out><![CDATA[]]></system-out>
  <system-err><![CDATA[]]></system-err>
</testsuite>
