<?xml version="1.0" encoding="UTF-8"?>
<testsuite name="org.springframework.format.datetime.DateFormatterTests" tests="12" skipped="0" failures="0" errors="0" timestamp="2021-03-04T16:39:54" hostname="WIN-LQAMLJ4MN5U" time="0.135">
  <properties/>
  <testcase name="shouldPrintAndParseShort()" classname="org.springframework.format.datetime.DateFormatterTests" time="0.015"/>
  <testcase name="shouldPrintAndParseISODate()" classname="org.springframework.format.datetime.DateFormatterTests" time="0.001"/>
  <testcase name="shouldPrintAndParseISOTime()" classname="org.springframework.format.datetime.DateFormatterTests" time="0.001"/>
  <testcase name="shouldPrintAndParseMedium()" classname="org.springframework.format.datetime.DateFormatterTests" time="0.003"/>
  <testcase name="shouldPrintAndParseISODateTime()" classname="org.springframework.format.datetime.DateFormatterTests" time="0.001"/>
  <testcase name="shouldPrintAndParseDefault()" classname="org.springframework.format.datetime.DateFormatterTests" time="0.001"/>
  <testcase name="shouldPrintAndParseFull()" classname="org.springframework.format.datetime.DateFormatterTests" time="0.001"/>
  <testcase name="shouldPrintAndParseLong()" classname="org.springframework.format.datetime.DateFormatterTests" time="0.001"/>
  <testcase name="shouldUseCorrectOrder()" classname="org.springframework.format.datetime.DateFormatterTests" time="0.001"/>
  <testcase name="shouldSupportJodaStylePatterns()" classname="org.springframework.format.datetime.DateFormatterTests" time="0.106"/>
  <testcase name="shouldPrintAndParseFromPattern()" classname="org.springframework.format.datetime.DateFormatterTests" time="0.001"/>
  <testcase name="shouldThrowOnUnsupportedStylePattern()" classname="org.springframework.format.datetime.DateFormatterTests" time="0.001"/>
  <system-out><![CDATA[]]></system-out>
  <system-err><![CDATA[]]></system-err>
</testsuite>
