<?xml version="1.0" encoding="UTF-8"?>
<testsuite name="org.springframework.cache.interceptor.CacheProxyFactoryBeanTests" tests="1" skipped="0" failures="0" errors="0" timestamp="2021-03-04T16:38:59" hostname="WIN-LQAMLJ4MN5U" time="0.034">
  <properties/>
  <testcase name="configurationClassWithCacheProxyFactoryBean()" classname="org.springframework.cache.interceptor.CacheProxyFactoryBeanTests" time="0.034"/>
  <system-out><![CDATA[]]></system-out>
  <system-err><![CDATA[]]></system-err>
</testsuite>
