<?xml version="1.0" encoding="UTF-8"?>
<testsuite name="org.springframework.context.annotation.configuration.ConfigurationClassProcessingTests" tests="20" skipped="0" failures="0" errors="0" timestamp="2021-03-04T16:39:16" hostname="WIN-LQAMLJ4MN5U" time="1.103">
  <properties/>
  <testcase name="autowiringWithDynamicPrototypeBeanClass()" classname="org.springframework.context.annotation.configuration.ConfigurationClassProcessingTests" time="0.12"/>
  <testcase name="configWithSetWithProviderImplementation()" classname="org.springframework.context.annotation.configuration.ConfigurationClassProcessingTests" time="0.009"/>
  <testcase name="aliasesAreRespectedWhenConfiguredViaNameAttribute()" classname="org.springframework.context.annotation.configuration.ConfigurationClassProcessingTests" time="0.009"/>
  <testcase name="configWithFactoryBeanReturnType()" classname="org.springframework.context.annotation.configuration.ConfigurationClassProcessingTests" time="0.051"/>
  <testcase name="customBeanNameIsRespectedWhenConfiguredViaNameAttribute()" classname="org.springframework.context.annotation.configuration.ConfigurationClassProcessingTests" time="0.007"/>
  <testcase name="configurationWithNullReference()" classname="org.springframework.context.annotation.configuration.ConfigurationClassProcessingTests" time="0.011"/>
  <testcase name="configurationWithAdaptivePrototypes()" classname="org.springframework.context.annotation.configuration.ConfigurationClassProcessingTests" time="0.631"/>
  <testcase name="configurationWithAdaptiveResourcePrototypes()" classname="org.springframework.context.annotation.configuration.ConfigurationClassProcessingTests" time="0.01"/>
  <testcase name="testFinalBeanMethod()" classname="org.springframework.context.annotation.configuration.ConfigurationClassProcessingTests" time="0.004"/>
  <testcase name="aliasesAreRespectedWhenConfiguredViaValueAttribute()" classname="org.springframework.context.annotation.configuration.ConfigurationClassProcessingTests" time="0.006"/>
  <testcase name="configurationWithOverloadedBeanMismatch()" classname="org.springframework.context.annotation.configuration.ConfigurationClassProcessingTests" time="0.009"/>
  <testcase name="configWithBeanWithProviderImplementation()" classname="org.springframework.context.annotation.configuration.ConfigurationClassProcessingTests" time="0.055"/>
  <testcase name="configWithObjectReturnType()" classname="org.springframework.context.annotation.configuration.ConfigurationClassProcessingTests" time="0.001"/>
  <testcase name="configurationWithPostProcessor()" classname="org.springframework.context.annotation.configuration.ConfigurationClassProcessingTests" time="0.008"/>
  <testcase name="configurationWithFunctionalRegistration()" classname="org.springframework.context.annotation.configuration.ConfigurationClassProcessingTests" time="0.016"/>
  <testcase name="configurationWithPrototypeScopedBeans()" classname="org.springframework.context.annotation.configuration.ConfigurationClassProcessingTests" time="0.003"/>
  <testcase name="configurationWithOverloadedBeanMismatchWithAsm()" classname="org.springframework.context.annotation.configuration.ConfigurationClassProcessingTests" time="0.127"/>
  <testcase name="customBeanNameIsRespectedWhenConfiguredViaValueAttribute()" classname="org.springframework.context.annotation.configuration.ConfigurationClassProcessingTests" time="0.006"/>
  <testcase name="simplestPossibleConfig()" classname="org.springframework.context.annotation.configuration.ConfigurationClassProcessingTests" time="0.005"/>
  <testcase name="configurationWithApplicationListener()" classname="org.springframework.context.annotation.configuration.ConfigurationClassProcessingTests" time="0.008"/>
  <system-out><![CDATA[]]></system-out>
  <system-err><![CDATA[]]></system-err>
</testsuite>
