<?xml version="1.0" encoding="UTF-8"?>
<testsuite name="org.springframework.aop.aspectj.SubtypeSensitiveMatchingTests" tests="3" skipped="0" failures="0" errors="0" timestamp="2021-03-04T16:38:40" hostname="WIN-LQAMLJ4MN5U" time="0.126">
  <properties/>
  <testcase name="testBeansAreProxiedOnStaticMatch()" classname="org.springframework.aop.aspectj.SubtypeSensitiveMatchingTests" time="0.059"/>
  <testcase name="testBeansThatDoNotMatchBasedSolelyOnRuntimeTypeAreNotProxied()" classname="org.springframework.aop.aspectj.SubtypeSensitiveMatchingTests" time="0.038"/>
  <testcase name="testBeansThatDoNotMatchBasedOnOtherTestAreProxied()" classname="org.springframework.aop.aspectj.SubtypeSensitiveMatchingTests" time="0.027"/>
  <system-out><![CDATA[]]></system-out>
  <system-err><![CDATA[]]></system-err>
</testsuite>
