<?xml version="1.0" encoding="UTF-8"?>
<testsuite name="org.springframework.cache.NoOpCacheManagerTests" tests="5" skipped="0" failures="0" errors="0" timestamp="2021-03-04T16:39:00" hostname="WIN-LQAMLJ4MN5U" time="0.004">
  <properties/>
  <testcase name="testGetCache()" classname="org.springframework.cache.NoOpCacheManagerTests" time="0.002"/>
  <testcase name="testCacheCallable()" classname="org.springframework.cache.NoOpCacheManagerTests" time="0.0"/>
  <testcase name="testNoOpCache()" classname="org.springframework.cache.NoOpCacheManagerTests" time="0.0"/>
  <testcase name="testCacheName()" classname="org.springframework.cache.NoOpCacheManagerTests" time="0.0"/>
  <testcase name="testCacheGetCallableFail()" classname="org.springframework.cache.NoOpCacheManagerTests" time="0.001"/>
  <system-out><![CDATA[]]></system-out>
  <system-err><![CDATA[]]></system-err>
</testsuite>
