<?xml version="1.0" encoding="UTF-8"?>
<testsuite name="org.springframework.aop.aspectj.DeclareParentsTests" tests="2" skipped="0" failures="0" errors="0" timestamp="2021-03-04T16:38:39" hostname="WIN-LQAMLJ4MN5U" time="0.073">
  <properties/>
  <testcase name="testLockingWorks()" classname="org.springframework.aop.aspectj.DeclareParentsTests" time="0.041"/>
  <testcase name="testIntroductionWasMade()" classname="org.springframework.aop.aspectj.DeclareParentsTests" time="0.031"/>
  <system-out><![CDATA[]]></system-out>
  <system-err><![CDATA[]]></system-err>
</testsuite>
