<?xml version="1.0" encoding="UTF-8"?>
<testsuite name="org.springframework.context.support.GenericApplicationContextTests" tests="11" skipped="0" failures="0" errors="0" timestamp="2021-03-04T16:39:50" hostname="WIN-LQAMLJ4MN5U" time="0.039">
  <properties/>
  <testcase name="individualBeanWithSupplier()" classname="org.springframework.context.support.GenericApplicationContextTests" time="0.006"/>
  <testcase name="individualNamedBeanWithSupplier()" classname="org.springframework.context.support.GenericApplicationContextTests" time="0.002"/>
  <testcase name="withScopedSupplier()" classname="org.springframework.context.support.GenericApplicationContextTests" time="0.018"/>
  <testcase name="individualBeanWithSupplierAndCustomizer()" classname="org.springframework.context.support.GenericApplicationContextTests" time="0.002"/>
  <testcase name="individualNamedBeanWithSupplierAndCustomizer()" classname="org.springframework.context.support.GenericApplicationContextTests" time="0.002"/>
  <testcase name="individualBeans()" classname="org.springframework.context.support.GenericApplicationContextTests" time="0.001"/>
  <testcase name="accessAfterClosing()" classname="org.springframework.context.support.GenericApplicationContextTests" time="0.002"/>
  <testcase name="individualNamedBeans()" classname="org.springframework.context.support.GenericApplicationContextTests" time="0.001"/>
  <testcase name="individualBeanWithNullReturningSupplier()" classname="org.springframework.context.support.GenericApplicationContextTests" time="0.001"/>
  <testcase name="withSingletonSupplier()" classname="org.springframework.context.support.GenericApplicationContextTests" time="0.001"/>
  <testcase name="getBeanForClass()" classname="org.springframework.context.support.GenericApplicationContextTests" time="0.001"/>
  <system-out><![CDATA[]]></system-out>
  <system-err><![CDATA[]]></system-err>
</testsuite>
