<?xml version="1.0" encoding="UTF-8"?>
<testsuite name="org.springframework.context.annotation.ConfigurationWithFactoryBeanAndAutowiringTests" tests="7" skipped="0" failures="0" errors="0" timestamp="2021-03-04T16:39:18" hostname="WIN-LQAMLJ4MN5U" time="0.132">
  <properties/>
  <testcase name="withConcreteFactoryBeanImplementationAsReturnType()" classname="org.springframework.context.annotation.ConfigurationWithFactoryBeanAndAutowiringTests" time="0.013"/>
  <testcase name="withParameterizedFactoryBeanInterfaceAsReturnType()" classname="org.springframework.context.annotation.ConfigurationWithFactoryBeanAndAutowiringTests" time="0.013"/>
  <testcase name="withFactoryBeanCallingBean()" classname="org.springframework.context.annotation.ConfigurationWithFactoryBeanAndAutowiringTests" time="0.07"/>
  <testcase name="withParameterizedFactoryBeanImplementationAsReturnType()" classname="org.springframework.context.annotation.ConfigurationWithFactoryBeanAndAutowiringTests" time="0.011"/>
  <testcase name="withWildcardParameterizedFactoryBeanInterfaceAsReturnType()" classname="org.springframework.context.annotation.ConfigurationWithFactoryBeanAndAutowiringTests" time="0.008"/>
  <testcase name="withRawFactoryBeanInterfaceAsReturnType()" classname="org.springframework.context.annotation.ConfigurationWithFactoryBeanAndAutowiringTests" time="0.009"/>
  <testcase name="withNonPublicParameterizedFactoryBeanInterfaceAsReturnType()" classname="org.springframework.context.annotation.ConfigurationWithFactoryBeanAndAutowiringTests" time="0.008"/>
  <system-out><![CDATA[]]></system-out>
  <system-err><![CDATA[]]></system-err>
</testsuite>
