<?xml version="1.0" encoding="UTF-8"?>
<testsuite name="org.springframework.context.annotation.InvalidConfigurationClassDefinitionTests" tests="1" skipped="0" failures="0" errors="0" timestamp="2021-03-04T16:39:30" hostname="WIN-LQAMLJ4MN5U" time="0.002">
  <properties/>
  <testcase name="configurationClassesMayNotBeFinal()" classname="org.springframework.context.annotation.InvalidConfigurationClassDefinitionTests" time="0.002"/>
  <system-out><![CDATA[]]></system-out>
  <system-err><![CDATA[]]></system-err>
</testsuite>
