<?xml version="1.0" encoding="UTF-8"?>
<testsuite name="org.springframework.instrument.classloading.ReflectiveLoadTimeWeaverTests" tests="6" skipped="0" failures="0" errors="0" timestamp="2021-03-04T16:39:55" hostname="WIN-LQAMLJ4MN5U" time="0.005">
  <properties/>
  <testcase name="testCtorWithNullClassLoader()" classname="org.springframework.instrument.classloading.ReflectiveLoadTimeWeaverTests" time="0.001"/>
  <testcase name="testCtorWithClassLoaderThatDoesNotExposeAnAddTransformerMethod()" classname="org.springframework.instrument.classloading.ReflectiveLoadTimeWeaverTests" time="0.001"/>
  <testcase name="testCtorWithClassLoaderThatDoesNotExposeAGetThrowawayClassLoaderMethodIsOkay()" classname="org.springframework.instrument.classloading.ReflectiveLoadTimeWeaverTests" time="0.001"/>
  <testcase name="testAddTransformerWithNullTransformer()" classname="org.springframework.instrument.classloading.ReflectiveLoadTimeWeaverTests" time="0.001"/>
  <testcase name="testGetThrowawayClassLoaderWithClassLoaderThatDoesNotExposeAGetThrowawayClassLoaderMethodYieldsFallbackClassLoader()" classname="org.springframework.instrument.classloading.ReflectiveLoadTimeWeaverTests" time="0.001"/>
  <testcase name="testGetThrowawayClassLoaderWithTotallyCompliantClassLoader()" classname="org.springframework.instrument.classloading.ReflectiveLoadTimeWeaverTests" time="0.0"/>
  <system-out><![CDATA[]]></system-out>
  <system-err><![CDATA[]]></system-err>
</testsuite>
