<?xml version="1.0" encoding="UTF-8"?>
<testsuite name="org.springframework.cache.interceptor.ExpressionEvaluatorTests" tests="7" skipped="0" failures="0" errors="0" timestamp="2021-03-04T16:39:00" hostname="WIN-LQAMLJ4MN5U" time="0.007">
  <properties/>
  <testcase name="withoutReturnValue()" classname="org.springframework.cache.interceptor.ExpressionEvaluatorTests" time="0.001"/>
  <testcase name="withReturnValue()" classname="org.springframework.cache.interceptor.ExpressionEvaluatorTests" time="0.0"/>
  <testcase name="withNullReturn()" classname="org.springframework.cache.interceptor.ExpressionEvaluatorTests" time="0.0"/>
  <testcase name="testMultipleCachingEval()" classname="org.springframework.cache.interceptor.ExpressionEvaluatorTests" time="0.0"/>
  <testcase name="testMultipleCachingSource()" classname="org.springframework.cache.interceptor.ExpressionEvaluatorTests" time="0.001"/>
  <testcase name="unavailableReturnValue()" classname="org.springframework.cache.interceptor.ExpressionEvaluatorTests" time="0.001"/>
  <testcase name="resolveBeanReference()" classname="org.springframework.cache.interceptor.ExpressionEvaluatorTests" time="0.003"/>
  <system-out><![CDATA[]]></system-out>
  <system-err><![CDATA[]]></system-err>
</testsuite>
