<?xml version="1.0" encoding="UTF-8"?>
<testsuite name="org.springframework.aop.aspectj.TargetPointcutSelectionTests" tests="2" skipped="0" failures="0" errors="0" timestamp="2021-03-04T16:38:40" hostname="WIN-LQAMLJ4MN5U" time="0.048">
  <properties/>
  <testcase name="targetSelectionForMatchedType()" classname="org.springframework.aop.aspectj.TargetPointcutSelectionTests" time="0.027"/>
  <testcase name="targetNonSelectionForMismatchedType()" classname="org.springframework.aop.aspectj.TargetPointcutSelectionTests" time="0.021"/>
  <system-out><![CDATA[]]></system-out>
  <system-err><![CDATA[]]></system-err>
</testsuite>
