<?xml version="1.0" encoding="UTF-8"?>
<testsuite name="org.springframework.beans.factory.support.InjectAnnotationAutowireContextTests" tests="22" skipped="0" failures="0" errors="0" timestamp="2021-03-04T16:38:45" hostname="WIN-LQAMLJ4MN5U" time="0.107">
  <properties/>
  <testcase name="testAutowiredFieldWithSingleQualifiedCandidate()" classname="org.springframework.beans.factory.support.InjectAnnotationAutowireContextTests" time="0.004"/>
  <testcase name="testAutowiredFieldWithMultipleNonQualifiedCandidates()" classname="org.springframework.beans.factory.support.InjectAnnotationAutowireContextTests" time="0.006"/>
  <testcase name="testAutowiredFieldResolvesWithMultipleQualifierValuesAndExplicitDefaultValue()" classname="org.springframework.beans.factory.support.InjectAnnotationAutowireContextTests" time="0.005"/>
  <testcase name="testAutowiredFieldDoesNotResolveWithMultipleQualifierValuesAndConflictingDefaultValue()" classname="org.springframework.beans.factory.support.InjectAnnotationAutowireContextTests" time="0.004"/>
  <testcase name="testAutowiredMethodParameterWithSingleQualifiedCandidate()" classname="org.springframework.beans.factory.support.InjectAnnotationAutowireContextTests" time="0.006"/>
  <testcase name="testAutowiredConstructorArgumentWithSingleQualifiedCandidate()" classname="org.springframework.beans.factory.support.InjectAnnotationAutowireContextTests" time="0.003"/>
  <testcase name="testAutowiredMethodParameterWithStaticallyQualifiedCandidateAmongOthers()" classname="org.springframework.beans.factory.support.InjectAnnotationAutowireContextTests" time="0.004"/>
  <testcase name="testAutowiredFieldResolvesWithMultipleQualifierValues()" classname="org.springframework.beans.factory.support.InjectAnnotationAutowireContextTests" time="0.003"/>
  <testcase name="testAutowiredConstructorArgumentWithSingleNonQualifiedCandidate()" classname="org.springframework.beans.factory.support.InjectAnnotationAutowireContextTests" time="0.004"/>
  <testcase name="testAutowiredMethodParameterResolvesQualifiedCandidate()" classname="org.springframework.beans.factory.support.InjectAnnotationAutowireContextTests" time="0.003"/>
  <testcase name="testAutowiredFieldDoesNotResolveWithBaseQualifierAndNonDefaultValueAndMultipleMatchingCandidates()" classname="org.springframework.beans.factory.support.InjectAnnotationAutowireContextTests" time="0.005"/>
  <testcase name="testAutowiredConstructorArgumentWithMultipleNonQualifiedCandidates()" classname="org.springframework.beans.factory.support.InjectAnnotationAutowireContextTests" time="0.005"/>
  <testcase name="testAutowiredMethodParameterWithSingleNonQualifiedCandidate()" classname="org.springframework.beans.factory.support.InjectAnnotationAutowireContextTests" time="0.005"/>
  <testcase name="testAutowiredFieldDoesNotResolveWithMultipleQualifierValuesAndMultipleMatchingCandidates()" classname="org.springframework.beans.factory.support.InjectAnnotationAutowireContextTests" time="0.004"/>
  <testcase name="testAutowiredMethodParameterWithMultipleNonQualifiedCandidates()" classname="org.springframework.beans.factory.support.InjectAnnotationAutowireContextTests" time="0.004"/>
  <testcase name="testAutowiredFieldResolvesQualifiedCandidateWithDefaultValueAndNoValueOnBeanDefinition()" classname="org.springframework.beans.factory.support.InjectAnnotationAutowireContextTests" time="0.004"/>
  <testcase name="testAutowiredMethodParameterWithStaticallyQualifiedCandidate()" classname="org.springframework.beans.factory.support.InjectAnnotationAutowireContextTests" time="0.013"/>
  <testcase name="testAutowiredConstructorArgumentResolvesQualifiedCandidate()" classname="org.springframework.beans.factory.support.InjectAnnotationAutowireContextTests" time="0.003"/>
  <testcase name="testAutowiredFieldWithSingleNonQualifiedCandidate()" classname="org.springframework.beans.factory.support.InjectAnnotationAutowireContextTests" time="0.004"/>
  <testcase name="testAutowiredFieldResolvesWithDefaultValueAndExplicitDefaultValueOnBeanDefinition()" classname="org.springframework.beans.factory.support.InjectAnnotationAutowireContextTests" time="0.002"/>
  <testcase name="testAutowiredFieldResolvesQualifiedCandidate()" classname="org.springframework.beans.factory.support.InjectAnnotationAutowireContextTests" time="0.003"/>
  <testcase name="testAutowiredFieldDoesNotResolveCandidateWithDefaultValueAndConflictingValueOnBeanDefinition()" classname="org.springframework.beans.factory.support.InjectAnnotationAutowireContextTests" time="0.006"/>
  <system-out><![CDATA[00:38:45.156 [Test worker] WARN  o.s.c.s.GenericApplicationContext - Exception encountered during context initialization - cancelling refresh attempt: org.springframework.beans.factory.UnsatisfiedDependencyException: Error creating bean with name 'autowired': Unsatisfied dependency expressed through field 'person'; nested exception is org.springframework.beans.factory.NoSuchBeanDefinitionException: No qualifying bean of type 'org.springframework.beans.factory.support.InjectAnnotationAutowireContextTests$Person' available: expected at least 1 bean which qualifies as autowire candidate. Dependency annotations: {@javax.inject.Inject(), @org.springframework.beans.factory.support.InjectAnnotationAutowireContextTests$TestQualifier()}
00:38:45.167 [Test worker] WARN  o.s.c.s.GenericApplicationContext - Exception encountered during context initialization - cancelling refresh attempt: org.springframework.beans.factory.UnsatisfiedDependencyException: Error creating bean with name 'autowired': Unsatisfied dependency expressed through field 'person'; nested exception is org.springframework.beans.factory.NoSuchBeanDefinitionException: No qualifying bean of type 'org.springframework.beans.factory.support.InjectAnnotationAutowireContextTests$Person' available: expected at least 1 bean which qualifies as autowire candidate. Dependency annotations: {@javax.inject.Inject(), @org.springframework.beans.factory.support.InjectAnnotationAutowireContextTests$TestQualifierWithMultipleAttributes(value="default", number=123)}
00:38:45.187 [Test worker] WARN  o.s.c.s.GenericApplicationContext - Exception encountered during context initialization - cancelling refresh attempt: org.springframework.beans.factory.UnsatisfiedDependencyException: Error creating bean with name 'autowired': Unsatisfied dependency expressed through constructor parameter 0; nested exception is org.springframework.beans.factory.NoSuchBeanDefinitionException: No qualifying bean of type 'org.springframework.beans.factory.support.InjectAnnotationAutowireContextTests$Person' available: expected at least 1 bean which qualifies as autowire candidate. Dependency annotations: {@org.springframework.beans.factory.support.InjectAnnotationAutowireContextTests$TestQualifier()}
00:38:45.196 [Test worker] WARN  o.s.c.s.GenericApplicationContext - Exception encountered during context initialization - cancelling refresh attempt: org.springframework.beans.factory.UnsatisfiedDependencyException: Error creating bean with name 'autowired': Unsatisfied dependency expressed through constructor parameter 0; nested exception is org.springframework.beans.factory.NoSuchBeanDefinitionException: No qualifying bean of type 'org.springframework.beans.factory.support.InjectAnnotationAutowireContextTests$Person' available: expected at least 1 bean which qualifies as autowire candidate. Dependency annotations: {@javax.inject.Named(value="juergen")}
00:38:45.201 [Test worker] WARN  o.s.c.s.GenericApplicationContext - Exception encountered during context initialization - cancelling refresh attempt: org.springframework.beans.factory.UnsatisfiedDependencyException: Error creating bean with name 'autowired': Unsatisfied dependency expressed through constructor parameter 0; nested exception is org.springframework.beans.factory.NoSuchBeanDefinitionException: No qualifying bean of type 'org.springframework.beans.factory.support.InjectAnnotationAutowireContextTests$Person' available: expected at least 1 bean which qualifies as autowire candidate. Dependency annotations: {@org.springframework.beans.factory.support.InjectAnnotationAutowireContextTests$TestQualifier()}
00:38:45.207 [Test worker] WARN  o.s.c.s.GenericApplicationContext - Exception encountered during context initialization - cancelling refresh attempt: org.springframework.beans.factory.UnsatisfiedDependencyException: Error creating bean with name 'autowired': Unsatisfied dependency expressed through method 'setPerson' parameter 0; nested exception is org.springframework.beans.factory.NoSuchBeanDefinitionException: No qualifying bean of type 'org.springframework.beans.factory.support.InjectAnnotationAutowireContextTests$Person' available: expected at least 1 bean which qualifies as autowire candidate. Dependency annotations: {@org.springframework.beans.factory.support.InjectAnnotationAutowireContextTests$TestQualifier()}
00:38:45.211 [Test worker] WARN  o.s.c.s.GenericApplicationContext - Exception encountered during context initialization - cancelling refresh attempt: org.springframework.beans.factory.UnsatisfiedDependencyException: Error creating bean with name 'autowired': Unsatisfied dependency expressed through field 'person'; nested exception is org.springframework.beans.factory.NoUniqueBeanDefinitionException: No qualifying bean of type 'org.springframework.beans.factory.support.InjectAnnotationAutowireContextTests$Person' available: expected single matching bean but found 2: juergen,mark
00:38:45.215 [Test worker] WARN  o.s.c.s.GenericApplicationContext - Exception encountered during context initialization - cancelling refresh attempt: org.springframework.beans.factory.UnsatisfiedDependencyException: Error creating bean with name 'autowired': Unsatisfied dependency expressed through method 'setPerson' parameter 0; nested exception is org.springframework.beans.factory.NoSuchBeanDefinitionException: No qualifying bean of type 'org.springframework.beans.factory.support.InjectAnnotationAutowireContextTests$Person' available: expected at least 1 bean which qualifies as autowire candidate. Dependency annotations: {@org.springframework.beans.factory.support.InjectAnnotationAutowireContextTests$TestQualifier()}
00:38:45.241 [Test worker] WARN  o.s.c.s.GenericApplicationContext - Exception encountered during context initialization - cancelling refresh attempt: org.springframework.beans.factory.UnsatisfiedDependencyException: Error creating bean with name 'autowired': Unsatisfied dependency expressed through field 'person'; nested exception is org.springframework.beans.factory.NoSuchBeanDefinitionException: No qualifying bean of type 'org.springframework.beans.factory.support.InjectAnnotationAutowireContextTests$Person' available: expected at least 1 bean which qualifies as autowire candidate. Dependency annotations: {@javax.inject.Inject(), @org.springframework.beans.factory.support.InjectAnnotationAutowireContextTests$TestQualifier()}
00:38:45.253 [Test worker] WARN  o.s.c.s.GenericApplicationContext - Exception encountered during context initialization - cancelling refresh attempt: org.springframework.beans.factory.UnsatisfiedDependencyException: Error creating bean with name 'autowired': Unsatisfied dependency expressed through field 'person'; nested exception is org.springframework.beans.factory.NoSuchBeanDefinitionException: No qualifying bean of type 'org.springframework.beans.factory.support.InjectAnnotationAutowireContextTests$Person' available: expected at least 1 bean which qualifies as autowire candidate. Dependency annotations: {@javax.inject.Inject(), @org.springframework.beans.factory.support.InjectAnnotationAutowireContextTests$TestQualifierWithDefaultValue(value="default")}
]]></system-out>
  <system-err><![CDATA[]]></system-err>
</testsuite>
