<?xml version="1.0" encoding="UTF-8"?>
<testsuite name="org.springframework.aop.aspectj.autoproxy.AspectJAutoProxyCreatorTests" tests="19" skipped="3" failures="0" errors="0" timestamp="2021-03-04T16:38:37" hostname="WIN-LQAMLJ4MN5U" time="0.876">
  <properties/>
  <testcase name="testTwoAdviceAspectPrototype()" classname="org.springframework.aop.aspectj.autoproxy.AspectJAutoProxyCreatorTests" time="0.04"/>
  <testcase name="testAspectsAndAdvisorNotAppliedToPrototypeIsFastEnough()" classname="org.springframework.aop.aspectj.autoproxy.AspectJAutoProxyCreatorTests" time="0.001">
    <skipped/>
  </testcase>
  <testcase name="testAspectsAreApplied()" classname="org.springframework.aop.aspectj.autoproxy.AspectJAutoProxyCreatorTests" time="0.053"/>
  <testcase name="testIncludeMechanism()" classname="org.springframework.aop.aspectj.autoproxy.AspectJAutoProxyCreatorTests" time="0.04"/>
  <testcase name="testForceProxyTargetClass()" classname="org.springframework.aop.aspectj.autoproxy.AspectJAutoProxyCreatorTests" time="0.02"/>
  <testcase name="testAspectsAndAdvisorNotAppliedToManySingletonsIsFastEnough()" classname="org.springframework.aop.aspectj.autoproxy.AspectJAutoProxyCreatorTests" time="0.0">
    <skipped/>
  </testcase>
  <testcase name="testAspectsAreAppliedInDefinedOrder()" classname="org.springframework.aop.aspectj.autoproxy.AspectJAutoProxyCreatorTests" time="0.029"/>
  <testcase name="testAspectsAndAdvisorAppliedToPrototypeIsFastEnough()" classname="org.springframework.aop.aspectj.autoproxy.AspectJAutoProxyCreatorTests" time="0.0">
    <skipped/>
  </testcase>
  <testcase name="testMultipleAspectsWithParameterApplied()" classname="org.springframework.aop.aspectj.autoproxy.AspectJAutoProxyCreatorTests" time="0.033"/>
  <testcase name="testAspectsAndAdvisorAreApplied()" classname="org.springframework.aop.aspectj.autoproxy.AspectJAutoProxyCreatorTests" time="0.023"/>
  <testcase name="testAdviceUsingJoinPoint()" classname="org.springframework.aop.aspectj.autoproxy.AspectJAutoProxyCreatorTests" time="0.042"/>
  <testcase name="testTwoAdviceAspect()" classname="org.springframework.aop.aspectj.autoproxy.AspectJAutoProxyCreatorTests" time="0.049"/>
  <testcase name="testTwoAdviceAspectSingleton()" classname="org.springframework.aop.aspectj.autoproxy.AspectJAutoProxyCreatorTests" time="0.02"/>
  <testcase name="testPerThisAspect()" classname="org.springframework.aop.aspectj.autoproxy.AspectJAutoProxyCreatorTests" time="0.03"/>
  <testcase name="testAspectsAndAdvisorAreAppliedEvenIfComingFromParentFactory()" classname="org.springframework.aop.aspectj.autoproxy.AspectJAutoProxyCreatorTests" time="0.019"/>
  <testcase name="testPerTargetAspect()" classname="org.springframework.aop.aspectj.autoproxy.AspectJAutoProxyCreatorTests" time="0.04"/>
  <testcase name="testRetryAspect()" classname="org.springframework.aop.aspectj.autoproxy.AspectJAutoProxyCreatorTests" time="0.23"/>
  <testcase name="testWithAbstractFactoryBeanAreApplied()" classname="org.springframework.aop.aspectj.autoproxy.AspectJAutoProxyCreatorTests" time="0.024"/>
  <testcase name="testWithBeanNameAutoProxyCreator()" classname="org.springframework.aop.aspectj.autoproxy.AspectJAutoProxyCreatorTests" time="0.134"/>
  <system-out><![CDATA[]]></system-out>
  <system-err><![CDATA[]]></system-err>
</testsuite>
