<?xml version="1.0" encoding="UTF-8"?>
<testsuite name="org.springframework.context.support.DefaultLifecycleProcessorTests" tests="20" skipped="5" failures="0" errors="0" timestamp="2021-03-04T16:39:48" hostname="WIN-LQAMLJ4MN5U" time="1.743">
  <properties/>
  <testcase name="dependencyStartedFirstAndIsSmartLifecycle()" classname="org.springframework.context.support.DefaultLifecycleProcessorTests" time="0.715"/>
  <testcase name="dependentShutdownFirstButNotSmartLifecycle()" classname="org.springframework.context.support.DefaultLifecycleProcessorTests" time="0.0">
    <skipped/>
  </testcase>
  <testcase name="singleSmartLifecycleAutoStartup()" classname="org.springframework.context.support.DefaultLifecycleProcessorTests" time="0.001"/>
  <testcase name="defaultLifecycleProcessorInstance()" classname="org.springframework.context.support.DefaultLifecycleProcessorTests" time="0.007"/>
  <testcase name="mixedShutdown()" classname="org.springframework.context.support.DefaultLifecycleProcessorTests" time="0.952"/>
  <testcase name="singleLifecycleShutdown()" classname="org.springframework.context.support.DefaultLifecycleProcessorTests" time="0.0"/>
  <testcase name="dependencyStartedFirstButNotSmartLifecycle()" classname="org.springframework.context.support.DefaultLifecycleProcessorTests" time="0.02"/>
  <testcase name="customLifecycleProcessorInstance()" classname="org.springframework.context.support.DefaultLifecycleProcessorTests" time="0.012"/>
  <testcase name="singleSmartLifecycleAutoStartupWithNonAutoStartupDependency()" classname="org.springframework.context.support.DefaultLifecycleProcessorTests" time="0.001"/>
  <testcase name="singleSmartLifecycleWithoutAutoStartup()" classname="org.springframework.context.support.DefaultLifecycleProcessorTests" time="0.001"/>
  <testcase name="dependencyStartedFirstEvenIfItsPhaseIsHigher()" classname="org.springframework.context.support.DefaultLifecycleProcessorTests" time="0.011"/>
  <testcase name="smartLifecycleGroupShutdown()" classname="org.springframework.context.support.DefaultLifecycleProcessorTests" time="0.0">
    <skipped/>
  </testcase>
  <testcase name="singleSmartLifecycleShutdown()" classname="org.springframework.context.support.DefaultLifecycleProcessorTests" time="0.0">
    <skipped/>
  </testcase>
  <testcase name="singleSmartLifecycleAutoStartupWithLazyInitFactoryBean()" classname="org.springframework.context.support.DefaultLifecycleProcessorTests" time="0.001"/>
  <testcase name="contextRefreshThenStopAndRestartWithMixedBeans()" classname="org.springframework.context.support.DefaultLifecycleProcessorTests" time="0.003"/>
  <testcase name="smartLifecycleGroupStartup()" classname="org.springframework.context.support.DefaultLifecycleProcessorTests" time="0.009"/>
  <testcase name="singleSmartLifecycleAutoStartupWithLazyInit()" classname="org.springframework.context.support.DefaultLifecycleProcessorTests" time="0.001"/>
  <testcase name="dependentShutdownFirstEvenIfItsPhaseIsLower()" classname="org.springframework.context.support.DefaultLifecycleProcessorTests" time="0.0">
    <skipped/>
  </testcase>
  <testcase name="contextRefreshThenStartWithMixedBeans()" classname="org.springframework.context.support.DefaultLifecycleProcessorTests" time="0.001"/>
  <testcase name="dependentShutdownFirstAndIsSmartLifecycle()" classname="org.springframework.context.support.DefaultLifecycleProcessorTests" time="0.0">
    <skipped/>
  </testcase>
  <system-out><![CDATA[]]></system-out>
  <system-err><![CDATA[]]></system-err>
</testsuite>
