<?xml version="1.0" encoding="UTF-8"?>
<testsuite name="org.springframework.context.annotation.configuration.Spr10744Tests" tests="1" skipped="0" failures="0" errors="0" timestamp="2021-03-04T16:39:18" hostname="WIN-LQAMLJ4MN5U" time="0.015">
  <properties/>
  <testcase name="testSpr10744()" classname="org.springframework.context.annotation.configuration.Spr10744Tests" time="0.015"/>
  <system-out><![CDATA[]]></system-out>
  <system-err><![CDATA[]]></system-err>
</testsuite>
