<?xml version="1.0" encoding="UTF-8"?>
<testsuite name="org.springframework.context.support.ApplicationContextLifecycleTests" tests="4" skipped="0" failures="0" errors="0" timestamp="2021-03-04T16:39:38" hostname="WIN-LQAMLJ4MN5U" time="0.07">
  <properties/>
  <testcase name="testStopOrder()" classname="org.springframework.context.support.ApplicationContextLifecycleTests" time="0.016"/>
  <testcase name="testBeansStop()" classname="org.springframework.context.support.ApplicationContextLifecycleTests" time="0.021"/>
  <testcase name="testBeansStart()" classname="org.springframework.context.support.ApplicationContextLifecycleTests" time="0.018"/>
  <testcase name="testStartOrder()" classname="org.springframework.context.support.ApplicationContextLifecycleTests" time="0.015"/>
  <system-out><![CDATA[]]></system-out>
  <system-err><![CDATA[]]></system-err>
</testsuite>
