<?xml version="1.0" encoding="UTF-8"?>
<testsuite name="org.springframework.context.support.GenericApplicationContextExtensionsTests" tests="6" skipped="0" failures="0" errors="0" timestamp="2021-03-04T16:40:54" hostname="WIN-LQAMLJ4MN5U" time="0.01">
  <properties/>
  <testcase name="registerBeanWithNameAndFunction()" classname="org.springframework.context.support.GenericApplicationContextExtensionsTests" time="0.004"/>
  <testcase name="registerBeanWithNameAndSupplier()" classname="org.springframework.context.support.GenericApplicationContextExtensionsTests" time="0.001"/>
  <testcase name="registerBeanWithFunction()" classname="org.springframework.context.support.GenericApplicationContextExtensionsTests" time="0.001"/>
  <testcase name="registerBeanWithNameAndClass()" classname="org.springframework.context.support.GenericApplicationContextExtensionsTests" time="0.001"/>
  <testcase name="registerBeanWithSupplier()" classname="org.springframework.context.support.GenericApplicationContextExtensionsTests" time="0.001"/>
  <testcase name="registerBeanWithClass()" classname="org.springframework.context.support.GenericApplicationContextExtensionsTests" time="0.0"/>
  <system-out><![CDATA[]]></system-out>
  <system-err><![CDATA[]]></system-err>
</testsuite>
