<?xml version="1.0" encoding="UTF-8"?>
<testsuite name="org.springframework.context.support.BeanDefinitionDslTests" tests="8" skipped="0" failures="0" errors="0" timestamp="2021-03-04T16:40:54" hostname="WIN-LQAMLJ4MN5U" time="0.13">
  <properties/>
  <testcase name="Declare beans leveraging constructor injection()" classname="org.springframework.context.support.BeanDefinitionDslTests" time="0.014"/>
  <testcase name="Declare beans with the functional Kotlin DSL()" classname="org.springframework.context.support.BeanDefinitionDslTests" time="0.011"/>
  <testcase name="Declare beans using profile condition with the functional Kotlin DSL()" classname="org.springframework.context.support.BeanDefinitionDslTests" time="0.008"/>
  <testcase name="Retrieve multiple beans via a bean provider()" classname="org.springframework.context.support.BeanDefinitionDslTests" time="0.01"/>
  <testcase name="Declare beans leveraging callable reference()" classname="org.springframework.context.support.BeanDefinitionDslTests" time="0.016"/>
  <testcase name="Declare beans with accepted profiles()" classname="org.springframework.context.support.BeanDefinitionDslTests" time="0.04"/>
  <testcase name="Declare beans using environment condition with the functional Kotlin DSL()" classname="org.springframework.context.support.BeanDefinitionDslTests" time="0.025"/>
  <testcase name="Declare beans depending on environment properties()" classname="org.springframework.context.support.BeanDefinitionDslTests" time="0.004"/>
  <system-out><![CDATA[]]></system-out>
  <system-err><![CDATA[]]></system-err>
</testsuite>
