<?xml version="1.0" encoding="UTF-8"?>
<testsuite name="org.springframework.aop.aspectj.autoproxy.AspectImplementingInterfaceTests" tests="1" skipped="0" failures="0" errors="0" timestamp="2021-03-04T16:38:37" hostname="WIN-LQAMLJ4MN5U" time="0.032">
  <properties/>
  <testcase name="testProxyCreation()" classname="org.springframework.aop.aspectj.autoproxy.AspectImplementingInterfaceTests" time="0.032"/>
  <system-out><![CDATA[]]></system-out>
  <system-err><![CDATA[]]></system-err>
</testsuite>
