<?xml version="1.0" encoding="UTF-8"?>
<testsuite name="org.springframework.context.annotation.ComponentScanParserWithUserDefinedStrategiesTests" tests="4" skipped="0" failures="0" errors="0" timestamp="2021-03-04T16:39:14" hostname="WIN-LQAMLJ4MN5U" time="0.14">
  <properties/>
  <testcase name="testInvalidConstructorBeanNameGenerator()" classname="org.springframework.context.annotation.ComponentScanParserWithUserDefinedStrategiesTests" time="0.016"/>
  <testcase name="testCustomScopeMetadataResolver()" classname="org.springframework.context.annotation.ComponentScanParserWithUserDefinedStrategiesTests" time="0.024"/>
  <testcase name="testCustomBeanNameGenerator()" classname="org.springframework.context.annotation.ComponentScanParserWithUserDefinedStrategiesTests" time="0.045"/>
  <testcase name="testInvalidClassNameScopeMetadataResolver()" classname="org.springframework.context.annotation.ComponentScanParserWithUserDefinedStrategiesTests" time="0.055"/>
  <system-out><![CDATA[]]></system-out>
  <system-err><![CDATA[]]></system-err>
</testsuite>
