<?xml version="1.0" encoding="UTF-8"?>
<testsuite name="org.springframework.scheduling.config.LazyScheduledTasksBeanDefinitionParserTests" tests="1" skipped="0" failures="0" errors="0" timestamp="2021-03-04T16:40:33" hostname="WIN-LQAMLJ4MN5U" time="0.168">
  <properties/>
  <testcase name="checkTarget()" classname="org.springframework.scheduling.config.LazyScheduledTasksBeanDefinitionParserTests" time="0.168"/>
  <system-out><![CDATA[]]></system-out>
  <system-err><![CDATA[]]></system-err>
</testsuite>
