<?xml version="1.0" encoding="UTF-8"?>
<testsuite name="org.springframework.aop.aspectj.SharedPointcutWithArgsMismatchTests" tests="1" skipped="0" failures="0" errors="0" timestamp="2021-03-04T16:38:40" hostname="WIN-LQAMLJ4MN5U" time="0.104">
  <properties/>
  <testcase name="testMismatchedArgBinding()" classname="org.springframework.aop.aspectj.SharedPointcutWithArgsMismatchTests" time="0.104"/>
  <system-out><![CDATA[Hello
Hello
]]></system-out>
  <system-err><![CDATA[]]></system-err>
</testsuite>
