<?xml version="1.0" encoding="UTF-8"?>
<testsuite name="org.springframework.context.annotation.ImportVersusDirectRegistrationTests" tests="3" skipped="0" failures="0" errors="0" timestamp="2021-03-04T16:39:30" hostname="WIN-LQAMLJ4MN5U" time="0.048">
  <properties/>
  <testcase name="thingIsNotAvailableWhenOuterConfigurationIsRegisteredDirectly()" classname="org.springframework.context.annotation.ImportVersusDirectRegistrationTests" time="0.004"/>
  <testcase name="thingIsNotAvailableWhenOuterConfigurationIsImported()" classname="org.springframework.context.annotation.ImportVersusDirectRegistrationTests" time="0.039"/>
  <testcase name="thingIsNotAvailableWhenOuterConfigurationIsRegisteredWithClassName()" classname="org.springframework.context.annotation.ImportVersusDirectRegistrationTests" time="0.004"/>
  <system-out><![CDATA[]]></system-out>
  <system-err><![CDATA[]]></system-err>
</testsuite>
