<?xml version="1.0" encoding="UTF-8"?>
<testsuite name="org.springframework.context.annotation.configuration.ConfigurationBeanNameTests" tests="3" skipped="0" failures="0" errors="0" timestamp="2021-03-04T16:39:15" hostname="WIN-LQAMLJ4MN5U" time="0.039">
  <properties/>
  <testcase name="registerNestedConfig()" classname="org.springframework.context.annotation.configuration.ConfigurationBeanNameTests" time="0.007"/>
  <testcase name="registerOuterConfig()" classname="org.springframework.context.annotation.configuration.ConfigurationBeanNameTests" time="0.026"/>
  <testcase name="registerOuterConfig_withBeanNameGenerator()" classname="org.springframework.context.annotation.configuration.ConfigurationBeanNameTests" time="0.006"/>
  <system-out><![CDATA[]]></system-out>
  <system-err><![CDATA[]]></system-err>
</testsuite>
