<?xml version="1.0" encoding="UTF-8"?>
<testsuite name="org.springframework.context.annotation.ComponentScanParserScopedProxyTests" tests="5" skipped="0" failures="0" errors="0" timestamp="2021-03-04T16:39:12" hostname="WIN-LQAMLJ4MN5U" time="0.197">
  <properties/>
  <testcase name="testDefaultScopedProxy()" classname="org.springframework.context.annotation.ComponentScanParserScopedProxyTests" time="0.037"/>
  <testcase name="testTargetClassScopedProxy()" classname="org.springframework.context.annotation.ComponentScanParserScopedProxyTests" time="0.063"/>
  <testcase name="testInterfacesScopedProxy()" classname="org.springframework.context.annotation.ComponentScanParserScopedProxyTests" time="0.03"/>
  <testcase name="testNoScopedProxy()" classname="org.springframework.context.annotation.ComponentScanParserScopedProxyTests" time="0.024"/>
  <testcase name="testInvalidConfigScopedProxy()" classname="org.springframework.context.annotation.ComponentScanParserScopedProxyTests" time="0.043"/>
  <system-out><![CDATA[]]></system-out>
  <system-err><![CDATA[]]></system-err>
</testsuite>
