<?xml version="1.0" encoding="UTF-8"?>
<testsuite name="org.springframework.aop.aspectj.OverloadedAdviceTests" tests="2" skipped="0" failures="0" errors="0" timestamp="2021-03-04T16:38:39" hostname="WIN-LQAMLJ4MN5U" time="0.075">
  <properties/>
  <testcase name="testExceptionOnConfigParsingWithMismatchedAdviceMethod()" classname="org.springframework.aop.aspectj.OverloadedAdviceTests" time="0.054"/>
  <testcase name="testExceptionOnConfigParsingWithAmbiguousAdviceMethod()" classname="org.springframework.aop.aspectj.OverloadedAdviceTests" time="0.02"/>
  <system-out><![CDATA[00:38:39.921 [Test worker] WARN  o.s.c.s.ClassPathXmlApplicationContext - Exception encountered during context initialization - cancelling refresh attempt: org.springframework.beans.factory.BeanCreationException: Error creating bean with name 'org.springframework.aop.aspectj.AspectJPointcutAdvisor#1': Bean instantiation via constructor failed; nested exception is org.springframework.beans.BeanInstantiationException: Failed to instantiate [org.springframework.aop.aspectj.AspectJPointcutAdvisor]: Constructor threw exception; nested exception is java.lang.IllegalArgumentException: warning no match for this type name: name [Xlint:invalidAbsoluteTypeName]
00:38:39.949 [Test worker] WARN  o.s.c.s.ClassPathXmlApplicationContext - Exception encountered during context initialization - cancelling refresh attempt: org.springframework.beans.factory.BeanCreationException: Error creating bean with name 'org.springframework.aop.aspectj.AspectJPointcutAdvisor#0': Cannot create inner bean '(inner bean)#4e5f81ea' of type [org.springframework.aop.aspectj.AspectJMethodBeforeAdvice] while setting constructor argument; nested exception is org.springframework.beans.factory.BeanCreationException: Error creating bean with name '(inner bean)#4e5f81ea': Cannot create inner bean '(inner bean)#17cd0a80' of type [org.springframework.aop.config.MethodLocatingFactoryBean] while setting constructor argument; nested exception is org.springframework.beans.factory.BeanCreationException: Error creating bean with name '(inner bean)#17cd0a80': Initialization of bean failed; nested exception is java.lang.IllegalArgumentException: Cannot resolve method 'myBeforeAdvice' to a unique method. Attempted to resolve to overloaded method with the least number of parameters but there were 2 candidates.
]]></system-out>
  <system-err><![CDATA[]]></system-err>
</testsuite>
