<?xml version="1.0" encoding="UTF-8"?>
<testsuite name="org.springframework.aop.aspectj.PropertyDependentAspectTests" tests="4" skipped="0" failures="0" errors="0" timestamp="2021-03-04T16:38:40" hostname="WIN-LQAMLJ4MN5U" time="0.105">
  <properties/>
  <testcase name="propertyDependentAtAspectJAspectWithPropertyDeclaredAfterAdvice()" classname="org.springframework.aop.aspectj.PropertyDependentAspectTests" time="0.031"/>
  <testcase name="propertyDependentAtAspectJAspectWithPropertyDeclaredBeforeAdvice()" classname="org.springframework.aop.aspectj.PropertyDependentAspectTests" time="0.02"/>
  <testcase name="propertyDependentAspectWithPropertyDeclaredAfterAdvice()" classname="org.springframework.aop.aspectj.PropertyDependentAspectTests" time="0.03"/>
  <testcase name="propertyDependentAspectWithPropertyDeclaredBeforeAdvice()" classname="org.springframework.aop.aspectj.PropertyDependentAspectTests" time="0.023"/>
  <system-out><![CDATA[]]></system-out>
  <system-err><![CDATA[]]></system-err>
</testsuite>
