<?xml version="1.0" encoding="UTF-8"?>
<testsuite name="org.springframework.format.number.CurrencyStyleFormatterTests" tests="6" skipped="0" failures="0" errors="0" timestamp="2021-03-04T16:39:54" hostname="WIN-LQAMLJ4MN5U" time="0.014">
  <properties/>
  <testcase name="parseWholeValue()" classname="org.springframework.format.number.CurrencyStyleFormatterTests" time="0.01"/>
  <testcase name="parseValue()" classname="org.springframework.format.number.CurrencyStyleFormatterTests" time="0.0"/>
  <testcase name="parseValueDefaultRoundDown()" classname="org.springframework.format.number.CurrencyStyleFormatterTests" time="0.0"/>
  <testcase name="parseValueNotLenientFailure()" classname="org.springframework.format.number.CurrencyStyleFormatterTests" time="0.001"/>
  <testcase name="parseBogusValue()" classname="org.springframework.format.number.CurrencyStyleFormatterTests" time="0.001"/>
  <testcase name="formatValue()" classname="org.springframework.format.number.CurrencyStyleFormatterTests" time="0.001"/>
  <system-out><![CDATA[]]></system-out>
  <system-err><![CDATA[]]></system-err>
</testsuite>
