<?xml version="1.0" encoding="UTF-8"?>
<testsuite name="org.springframework.context.annotation.DeferredImportSelectorTests" tests="4" skipped="0" failures="0" errors="0" timestamp="2021-03-04T16:39:19" hostname="WIN-LQAMLJ4MN5U" time="0.095">
  <properties/>
  <testcase name="entryEqualSameMetadataAnDifferentClassName()" classname="org.springframework.context.annotation.DeferredImportSelectorTests" time="0.094"/>
  <testcase name="entryEqualsSameInstance()" classname="org.springframework.context.annotation.DeferredImportSelectorTests" time="0.0"/>
  <testcase name="entryEqualsSameMetadataAndClassName()" classname="org.springframework.context.annotation.DeferredImportSelectorTests" time="0.0"/>
  <testcase name="entryEqualDifferentMetadataAndSameClassName()" classname="org.springframework.context.annotation.DeferredImportSelectorTests" time="0.001"/>
  <system-out><![CDATA[]]></system-out>
  <system-err><![CDATA[]]></system-err>
</testsuite>
