<?xml version="1.0" encoding="UTF-8"?>
<testsuite name="org.springframework.context.event.EventPublicationInterceptorTests" tests="5" skipped="0" failures="0" errors="0" timestamp="2021-03-04T16:39:36" hostname="WIN-LQAMLJ4MN5U" time="0.017">
  <properties/>
  <testcase name="testWithAbstractStraightApplicationEventClassSupplied()" classname="org.springframework.context.event.EventPublicationInterceptorTests" time="0.002"/>
  <testcase name="testWithNoApplicationEventClassSupplied()" classname="org.springframework.context.event.EventPublicationInterceptorTests" time="0.001"/>
  <testcase name="testExpectedBehavior()" classname="org.springframework.context.event.EventPublicationInterceptorTests" time="0.009"/>
  <testcase name="testWithApplicationEventClassThatDoesntExposeAValidCtor()" classname="org.springframework.context.event.EventPublicationInterceptorTests" time="0.002"/>
  <testcase name="testWithNonApplicationEventClassSupplied()" classname="org.springframework.context.event.EventPublicationInterceptorTests" time="0.001"/>
  <system-out><![CDATA[]]></system-out>
  <system-err><![CDATA[]]></system-err>
</testsuite>
