<?xml version="1.0" encoding="UTF-8"?>
<testsuite name="org.springframework.context.expression.AnnotatedElementKeyTests" tests="4" skipped="0" failures="0" errors="0" timestamp="2021-03-04T16:39:37" hostname="WIN-LQAMLJ4MN5U" time="0.059">
  <properties/>
  <testcase name="equals()" classname="org.springframework.context.expression.AnnotatedElementKeyTests" time="0.009"/>
  <testcase name="noTargetClassNotEquals()" classname="org.springframework.context.expression.AnnotatedElementKeyTests" time="0.003"/>
  <testcase name="sameInstanceEquals()" classname="org.springframework.context.expression.AnnotatedElementKeyTests" time="0.001"/>
  <testcase name="equalsNoTarget()" classname="org.springframework.context.expression.AnnotatedElementKeyTests" time="0.044"/>
  <system-out><![CDATA[]]></system-out>
  <system-err><![CDATA[]]></system-err>
</testsuite>
