<?xml version="1.0" encoding="UTF-8"?>
<testsuite name="org.springframework.context.config.ContextNamespaceHandlerTests" tests="9" skipped="0" failures="0" errors="0" timestamp="2021-03-04T16:39:33" hostname="WIN-LQAMLJ4MN5U" time="0.394">
  <properties/>
  <testcase name="propertyPlaceholderLocationWithSystemPropertyForMultipleLocations()" classname="org.springframework.context.config.ContextNamespaceHandlerTests" time="0.057"/>
  <testcase name="propertyPlaceholderLocationWithSystemPropertyMissing()" classname="org.springframework.context.config.ContextNamespaceHandlerTests" time="0.037"/>
  <testcase name="propertyPlaceholderLocation()" classname="org.springframework.context.config.ContextNamespaceHandlerTests" time="0.046"/>
  <testcase name="propertyPlaceholderLocationWithSystemPropertyForOneLocation()" classname="org.springframework.context.config.ContextNamespaceHandlerTests" time="0.06"/>
  <testcase name="propertyPlaceholderIgnored()" classname="org.springframework.context.config.ContextNamespaceHandlerTests" time="0.024"/>
  <testcase name="propertyOverride()" classname="org.springframework.context.config.ContextNamespaceHandlerTests" time="0.047"/>
  <testcase name="propertyPlaceholderEnvironmentProperties()" classname="org.springframework.context.config.ContextNamespaceHandlerTests" time="0.018"/>
  <testcase name="propertyPlaceholderSystemProperties()" classname="org.springframework.context.config.ContextNamespaceHandlerTests" time="0.032"/>
  <testcase name="propertyPlaceholder()" classname="org.springframework.context.config.ContextNamespaceHandlerTests" time="0.07"/>
  <system-out><![CDATA[00:39:33.811 [Test worker] WARN  o.s.c.s.ClassPathXmlApplicationContext - Exception encountered during context initialization - cancelling refresh attempt: org.springframework.beans.factory.BeanDefinitionStoreException: Invalid bean definition with name 'foo' defined in class path resource [org/springframework/context/config/contextNamespaceHandlerTests-location-placeholder.xml]: Could not resolve placeholder 'foo' in value "${foo}"; nested exception is java.lang.IllegalArgumentException: Could not resolve placeholder 'foo' in value "${foo}"
]]></system-out>
  <system-err><![CDATA[]]></system-err>
</testsuite>
