<?xml version="1.0" encoding="UTF-8"?>
<testsuite name="org.springframework.jms.listener.endpoint.JmsMessageEndpointManagerTests" tests="9" skipped="0" failures="0" errors="0" timestamp="2021-03-04T16:32:23" hostname="WIN-LQAMLJ4MN5U" time="0.005">
  <properties/>
  <testcase name="getReplyQosSettingsWithNoConfig()" classname="org.springframework.jms.listener.endpoint.JmsMessageEndpointManagerTests" time="0.001"/>
  <testcase name="getMessageConverterNoConfig()" classname="org.springframework.jms.listener.endpoint.JmsMessageEndpointManagerTests" time="0.0"/>
  <testcase name="isPubSubDomainWithNoConfig()" classname="org.springframework.jms.listener.endpoint.JmsMessageEndpointManagerTests" time="0.001"/>
  <testcase name="isPubSubDomainWithQueue()" classname="org.springframework.jms.listener.endpoint.JmsMessageEndpointManagerTests" time="0.001"/>
  <testcase name="isPubSubDomainWithTopic()" classname="org.springframework.jms.listener.endpoint.JmsMessageEndpointManagerTests" time="0.0"/>
  <testcase name="getDestinationResolverNoConfig()" classname="org.springframework.jms.listener.endpoint.JmsMessageEndpointManagerTests" time="0.0"/>
  <testcase name="pubSubDomainCustomForReply()" classname="org.springframework.jms.listener.endpoint.JmsMessageEndpointManagerTests" time="0.001"/>
  <testcase name="customReplyQosSettings()" classname="org.springframework.jms.listener.endpoint.JmsMessageEndpointManagerTests" time="0.001"/>
  <testcase name="isReplyPubSubDomainWithNoConfig()" classname="org.springframework.jms.listener.endpoint.JmsMessageEndpointManagerTests" time="0.0"/>
  <system-out><![CDATA[]]></system-out>
  <system-err><![CDATA[]]></system-err>
</testsuite>
