<?xml version="1.0" encoding="UTF-8"?>
<testsuite name="org.springframework.jms.listener.adapter.MessageListenerAdapterTests" tests="19" skipped="0" failures="0" errors="0" timestamp="2021-03-04T16:32:20" hostname="WIN-LQAMLJ4MN5U" time="0.873">
  <properties/>
  <testcase name="testWithResponsiveMessageDelegateWhenReturnTypeIsAJMSMessageAndNoMessageConverterIsSupplied()" classname="org.springframework.jms.listener.adapter.MessageListenerAdapterTests" time="0.011"/>
  <testcase name="testWhenTheAdapterItselfIsTheDelegate()" classname="org.springframework.jms.listener.adapter.MessageListenerAdapterTests" time="0.001"/>
  <testcase name="testWithResponsiveMessageDelegateWhenReturnTypeIsNotAJMSMessageAndNoMessageConverterIsSupplied()" classname="org.springframework.jms.listener.adapter.MessageListenerAdapterTests" time="0.011"/>
  <testcase name="testWithMessageContentsDelegateForObjectMessage()" classname="org.springframework.jms.listener.adapter.MessageListenerAdapterTests" time="0.01"/>
  <testcase name="testWithMessageContentsDelegateForBytesMessage()" classname="org.springframework.jms.listener.adapter.MessageListenerAdapterTests" time="0.276"/>
  <testcase name="testWithResponsiveMessageDelegate_DoesNotSendReturnTextMessageIfNoSessionSupplied()" classname="org.springframework.jms.listener.adapter.MessageListenerAdapterTests" time="0.18"/>
  <testcase name="testWithResponsiveMessageDelegateNoDefaultDestinationAndNoReplyToDestination_SendsReturnTextMessageWhenSessionSupplied()" classname="org.springframework.jms.listener.adapter.MessageListenerAdapterTests" time="0.007"/>
  <testcase name="testWithResponsiveMessageDelegateNoDefaultDestination_SendsReturnTextMessageWhenSessionSupplied()" classname="org.springframework.jms.listener.adapter.MessageListenerAdapterTests" time="0.003"/>
  <testcase name="testWithMessageContentsDelegateForTextMessage()" classname="org.springframework.jms.listener.adapter.MessageListenerAdapterTests" time="0.001"/>
  <testcase name="testWithResponsiveMessageDelegateWithDefaultDestination_SendsReturnTextMessageWhenSessionSupplied()" classname="org.springframework.jms.listener.adapter.MessageListenerAdapterTests" time="0.003"/>
  <testcase name="testWithResponsiveMessageDelegateNoDefaultDestination_SendsReturnTextMessageWhenSessionSupplied_AndSendingThrowsJMSException()" classname="org.springframework.jms.listener.adapter.MessageListenerAdapterTests" time="0.005"/>
  <testcase name="testWithResponsiveMessageDelegateDoesNotSendReturnTextMessageWhenSessionSupplied_AndListenerMethodThrowsException()" classname="org.springframework.jms.listener.adapter.MessageListenerAdapterTests" time="0.245"/>
  <testcase name="testThatAnExceptionThrownFromTheHandlingMethodIsSimplySwallowedByDefault()" classname="org.springframework.jms.listener.adapter.MessageListenerAdapterTests" time="0.093"/>
  <testcase name="testWithMessageDelegate()" classname="org.springframework.jms.listener.adapter.MessageListenerAdapterTests" time="0.001"/>
  <testcase name="testThatTheDefaultMessageConverterisIndeedTheSimpleMessageConverter()" classname="org.springframework.jms.listener.adapter.MessageListenerAdapterTests" time="0.0"/>
  <testcase name="testRainyDayWithNoApplicableHandlingMethods()" classname="org.springframework.jms.listener.adapter.MessageListenerAdapterTests" time="0.01"/>
  <testcase name="testThatWhenNoDelegateIsSuppliedTheDelegateIsAssumedToBeTheMessageListenerAdapterItself()" classname="org.springframework.jms.listener.adapter.MessageListenerAdapterTests" time="0.001"/>
  <testcase name="testThatTheDefaultMessageHandlingMethodNameIsTheConstantDefault()" classname="org.springframework.jms.listener.adapter.MessageListenerAdapterTests" time="0.0"/>
  <testcase name="testWithMessageContentsDelegateForObjectMessageWithPlainObject()" classname="org.springframework.jms.listener.adapter.MessageListenerAdapterTests" time="0.002"/>
  <system-out><![CDATA[00:32:20.795 [Test worker] WARN  o.s.j.l.a.MessageListenerAdapter - Listener method returned result [I fancy a good cuppa right now]: not generating response message for it because of no JMS Session given
org.springframework.jms.listener.adapter.ListenerExecutionFailedException: Failed to invoke target method 'walnutsRock' with arguments {I fancy a good cuppa right now}; nested exception is java.lang.NoSuchMethodException: org.springframework.jms.listener.adapter.StubMessageListenerAdapter.walnutsRock(java.lang.String)
]]></system-out>
  <system-err><![CDATA[]]></system-err>
</testsuite>
