<?xml version="1.0" encoding="UTF-8"?>
<testsuite name="org.springframework.jms.config.JmsListenerEndpointRegistrarTests" tests="6" skipped="0" failures="0" errors="0" timestamp="2021-03-04T16:32:15" hostname="WIN-LQAMLJ4MN5U" time="0.009">
  <properties/>
  <testcase name="registerEmptyEndpointId()" classname="org.springframework.jms.config.JmsListenerEndpointRegistrarTests" time="0.002"/>
  <testcase name="registerContainerWithoutFactory()" classname="org.springframework.jms.config.JmsListenerEndpointRegistrarTests" time="0.001"/>
  <testcase name="registerNullContainerFactoryWithNoDefault()" classname="org.springframework.jms.config.JmsListenerEndpointRegistrarTests" time="0.002"/>
  <testcase name="registerNullContainerFactoryIsAllowed()" classname="org.springframework.jms.config.JmsListenerEndpointRegistrarTests" time="0.001"/>
  <testcase name="registerNullEndpointId()" classname="org.springframework.jms.config.JmsListenerEndpointRegistrarTests" time="0.001"/>
  <testcase name="registerNullEndpoint()" classname="org.springframework.jms.config.JmsListenerEndpointRegistrarTests" time="0.001"/>
  <system-out><![CDATA[]]></system-out>
  <system-err><![CDATA[]]></system-err>
</testsuite>
