<?xml version="1.0" encoding="UTF-8"?>
<testsuite name="org.springframework.jms.support.converter.MappingJackson2MessageConverterTests" tests="14" skipped="0" failures="0" errors="0" timestamp="2021-03-04T16:32:23" hostname="WIN-LQAMLJ4MN5U" time="0.194">
  <properties/>
  <testcase name="toTextMessageWithAnotherJsonViewClass()" classname="org.springframework.jms.support.converter.MappingJackson2MessageConverterTests" time="0.005"/>
  <testcase name="toBytesMessage()" classname="org.springframework.jms.support.converter.MappingJackson2MessageConverterTests" time="0.007"/>
  <testcase name="fromTextMessageWithUnknownProperty()" classname="org.springframework.jms.support.converter.MappingJackson2MessageConverterTests" time="0.09"/>
  <testcase name="fromTextMessageAsMap()" classname="org.springframework.jms.support.converter.MappingJackson2MessageConverterTests" time="0.042"/>
  <testcase name="toTextMessageWithReturnTypeAndNoJsonView()" classname="org.springframework.jms.support.converter.MappingJackson2MessageConverterTests" time="0.003"/>
  <testcase name="toTextMessageWithObject()" classname="org.springframework.jms.support.converter.MappingJackson2MessageConverterTests" time="0.007"/>
  <testcase name="toTextMessageWithMap()" classname="org.springframework.jms.support.converter.MappingJackson2MessageConverterTests" time="0.009"/>
  <testcase name="fromBytesMessage()" classname="org.springframework.jms.support.converter.MappingJackson2MessageConverterTests" time="0.01"/>
  <testcase name="fromTextMessageAsObject()" classname="org.springframework.jms.support.converter.MappingJackson2MessageConverterTests" time="0.003"/>
  <testcase name="toTextMessageWithJsonViewClass()" classname="org.springframework.jms.support.converter.MappingJackson2MessageConverterTests" time="0.003"/>
  <testcase name="toTextMessageWithReturnType()" classname="org.springframework.jms.support.converter.MappingJackson2MessageConverterTests" time="0.002"/>
  <testcase name="toTextMessageWithNullReturnType()" classname="org.springframework.jms.support.converter.MappingJackson2MessageConverterTests" time="0.002"/>
  <testcase name="toTextMessageWithReturnTypeAndMultipleJsonViews()" classname="org.springframework.jms.support.converter.MappingJackson2MessageConverterTests" time="0.001"/>
  <testcase name="fromTextMessage()" classname="org.springframework.jms.support.converter.MappingJackson2MessageConverterTests" time="0.002"/>
  <system-out><![CDATA[]]></system-out>
  <system-err><![CDATA[]]></system-err>
</testsuite>
