<?xml version="1.0" encoding="UTF-8"?>
<testsuite name="org.springframework.jms.support.destination.JmsDestinationAccessorTests" tests="2" skipped="0" failures="0" errors="0" timestamp="2021-03-04T16:32:24" hostname="WIN-LQAMLJ4MN5U" time="0.001">
  <properties/>
  <testcase name="testSessionTransactedModeReallyDoesDefaultToFalse()" classname="org.springframework.jms.support.destination.JmsDestinationAccessorTests" time="0.0"/>
  <testcase name="testChokesIfDestinationResolverIsetToNullExplicitly()" classname="org.springframework.jms.support.destination.JmsDestinationAccessorTests" time="0.001"/>
  <system-out><![CDATA[]]></system-out>
  <system-err><![CDATA[]]></system-err>
</testsuite>
