<?xml version="1.0" encoding="UTF-8"?>
<testsuite name="org.springframework.jms.remoting.JmsInvokerTests" tests="3" skipped="0" failures="0" errors="0" timestamp="2021-03-04T16:32:23" hostname="WIN-LQAMLJ4MN5U" time="0.121">
  <properties/>
  <testcase name="testJmsInvokerProxyFactoryBeanAndServiceExporterWithDynamicQueue()" classname="org.springframework.jms.remoting.JmsInvokerTests" time="0.093"/>
  <testcase name="testJmsInvokerProxyFactoryBeanAndServiceExporter()" classname="org.springframework.jms.remoting.JmsInvokerTests" time="0.023"/>
  <testcase name="receiveTimeoutExpired()" classname="org.springframework.jms.remoting.JmsInvokerTests" time="0.003"/>
  <system-out><![CDATA[]]></system-out>
  <system-err><![CDATA[]]></system-err>
</testsuite>
