<?xml version="1.0" encoding="UTF-8"?>
<testsuite name="org.springframework.core.env.KotlinPropertyResolverExtensionsTests" tests="3" skipped="0" failures="0" errors="0" timestamp="2021-03-04T16:41:03" hostname="WIN-LQAMLJ4MN5U" time="5.644">
  <properties/>
  <testcase name="getProperty extension()" classname="org.springframework.core.env.KotlinPropertyResolverExtensionsTests" time="5.516"/>
  <testcase name="get operator()" classname="org.springframework.core.env.KotlinPropertyResolverExtensionsTests" time="0.106"/>
  <testcase name="getRequiredProperty extension()" classname="org.springframework.core.env.KotlinPropertyResolverExtensionsTests" time="0.013"/>
  <system-out><![CDATA[]]></system-out>
  <system-err><![CDATA[]]></system-err>
</testsuite>
