<?xml version="1.0" encoding="UTF-8"?>
<testsuite name="org.springframework.core.io.ResourceTests" tests="23" skipped="0" failures="0" errors="0" timestamp="2021-03-04T16:39:44" hostname="WIN-LQAMLJ4MN5U" time="20.578">
  <properties/>
  <testcase name="readableChannel()" classname="org.springframework.core.io.ResourceTests" time="0.002"/>
  <testcase name="fileSystemResourceWithRelativePath()" classname="org.springframework.core.io.ResourceTests" time="0.0"/>
  <testcase name="classPathResourceWithClassLoader()" classname="org.springframework.core.io.ResourceTests" time="0.302"/>
  <testcase name="classPathResourceWithClass()" classname="org.springframework.core.io.ResourceTests" time="0.012"/>
  <testcase name="fileSystemResourceWithPlainPath()" classname="org.springframework.core.io.ResourceTests" time="0.0"/>
  <testcase name="classPathResource()" classname="org.springframework.core.io.ResourceTests" time="0.011"/>
  <testcase name="urlResourceWithRelativePath()" classname="org.springframework.core.io.ResourceTests" time="0.006"/>
  <testcase name="inputStreamResourceWithDescription()" classname="org.springframework.core.io.ResourceTests" time="0.001"/>
  <testcase name="contentLength()" classname="org.springframework.core.io.ResourceTests" time="0.001"/>
  <testcase name="inputStreamNotFoundOnFileSystemResource()" classname="org.springframework.core.io.ResourceTests" time="0.027"/>
  <testcase name="abstractResourceExceptions()" classname="org.springframework.core.io.ResourceTests" time="0.046"/>
  <testcase name="inputStreamResource()" classname="org.springframework.core.io.ResourceTests" time="0.0"/>
  <testcase name="byteArrayResource()" classname="org.springframework.core.io.ResourceTests" time="0.0"/>
  <testcase name="readableChannelNotFoundOnFileSystemResource()" classname="org.springframework.core.io.ResourceTests" time="0.004"/>
  <testcase name="urlResource()" classname="org.springframework.core.io.ResourceTests" time="0.011"/>
  <testcase name="byteArrayResourceWithDescription()" classname="org.springframework.core.io.ResourceTests" time="0.0"/>
  <testcase name="nonFileResourceExists()" classname="org.springframework.core.io.ResourceTests" time="19.833"/>
  <testcase name="fileSystemResource()" classname="org.springframework.core.io.ResourceTests" time="0.007"/>
  <testcase name="inputStreamNotFoundOnClassPathResource()" classname="org.springframework.core.io.ResourceTests" time="0.002"/>
  <testcase name="classPathResourceWithRelativePath()" classname="org.springframework.core.io.ResourceTests" time="0.0"/>
  <testcase name="readableChannelNotFoundOnClassPathResource()" classname="org.springframework.core.io.ResourceTests" time="0.002"/>
  <testcase name="fileSystemResourceWithFilePath()" classname="org.springframework.core.io.ResourceTests" time="0.004"/>
  <testcase name="fileSystemResourceWithFile()" classname="org.springframework.core.io.ResourceTests" time="0.003"/>
  <system-out><![CDATA[]]></system-out>
  <system-err><![CDATA[]]></system-err>
</testsuite>
