<?xml version="1.0" encoding="UTF-8"?>
<testsuite name="org.springframework.core.style.ToStringCreatorTests" tests="7" skipped="0" failures="0" errors="0" timestamp="2021-03-04T16:40:33" hostname="WIN-LQAMLJ4MN5U" time="0.232">
  <properties/>
  <testcase name="appendList()" classname="org.springframework.core.style.ToStringCreatorTests" time="0.051"/>
  <testcase name="appendClass()" classname="org.springframework.core.style.ToStringCreatorTests" time="0.001"/>
  <testcase name="primitiveArrays()" classname="org.springframework.core.style.ToStringCreatorTests" time="0.089"/>
  <testcase name="defaultStyleMap()" classname="org.springframework.core.style.ToStringCreatorTests" time="0.06"/>
  <testcase name="defaultStyleArray()" classname="org.springframework.core.style.ToStringCreatorTests" time="0.003"/>
  <testcase name="appendMethod()" classname="org.springframework.core.style.ToStringCreatorTests" time="0.001"/>
  <testcase name="appendSet()" classname="org.springframework.core.style.ToStringCreatorTests" time="0.008"/>
  <system-out><![CDATA[]]></system-out>
  <system-err><![CDATA[]]></system-err>
</testsuite>
