<?xml version="1.0" encoding="UTF-8"?>
<testsuite name="org.springframework.util.CompositeIteratorTests" tests="5" skipped="0" failures="0" errors="0" timestamp="2021-03-04T16:40:43" hostname="WIN-LQAMLJ4MN5U" time="0.024">
  <properties/>
  <testcase name="duplicateIterators()" classname="org.springframework.util.CompositeIteratorTests" time="0.001"/>
  <testcase name="noIterators()" classname="org.springframework.util.CompositeIteratorTests" time="0.002"/>
  <testcase name="inUse()" classname="org.springframework.util.CompositeIteratorTests" time="0.001"/>
  <testcase name="multipleIterators()" classname="org.springframework.util.CompositeIteratorTests" time="0.019"/>
  <testcase name="singleIterator()" classname="org.springframework.util.CompositeIteratorTests" time="0.001"/>
  <system-out><![CDATA[]]></system-out>
  <system-err><![CDATA[]]></system-err>
</testsuite>
