<?xml version="1.0" encoding="UTF-8"?>
<testsuite name="org.springframework.util.MethodInvokerTests" tests="8" skipped="0" failures="0" errors="0" timestamp="2021-03-04T16:40:48" hostname="WIN-LQAMLJ4MN5U" time="0.172">
  <properties/>
  <testcase name="salesmanWithMethodInvoker()" classname="org.springframework.util.MethodInvokerTests" time="0.147"/>
  <testcase name="plainMethodInvoker()" classname="org.springframework.util.MethodInvokerTests" time="0.003"/>
  <testcase name="vipWithMethodInvoker()" classname="org.springframework.util.MethodInvokerTests" time="0.001"/>
  <testcase name="shopperWithMethodInvoker()" classname="org.springframework.util.MethodInvokerTests" time="0.0"/>
  <testcase name="purchaserWithMethodInvoker()" classname="org.springframework.util.MethodInvokerTests" time="0.002"/>
  <testcase name="customerWithMethodInvoker()" classname="org.springframework.util.MethodInvokerTests" time="0.0"/>
  <testcase name="stringWithMethodInvoker()" classname="org.springframework.util.MethodInvokerTests" time="0.015"/>
  <testcase name="regularWithMethodInvoker()" classname="org.springframework.util.MethodInvokerTests" time="0.001"/>
  <system-out><![CDATA[]]></system-out>
  <system-err><![CDATA[]]></system-err>
</testsuite>
