<?xml version="1.0" encoding="UTF-8"?>
<testsuite name="org.springframework.util.DigestUtilsTests" tests="3" skipped="0" failures="0" errors="0" timestamp="2021-03-04T16:40:46" hostname="WIN-LQAMLJ4MN5U" time="0.435">
  <properties/>
  <testcase name="md5Hex()" classname="org.springframework.util.DigestUtilsTests" time="0.434"/>
  <testcase name="md5()" classname="org.springframework.util.DigestUtilsTests" time="0.001"/>
  <testcase name="md5StringBuilder()" classname="org.springframework.util.DigestUtilsTests" time="0.0"/>
  <system-out><![CDATA[]]></system-out>
  <system-err><![CDATA[]]></system-err>
</testsuite>
