<?xml version="1.0" encoding="UTF-8"?>
<testsuite name="org.springframework.core.env.CustomEnvironmentTests" tests="4" skipped="0" failures="0" errors="0" timestamp="2021-03-04T16:39:15" hostname="WIN-LQAMLJ4MN5U" time="0.581">
  <properties/>
  <testcase name="withSingleCustomReservedDefaultProfile()" classname="org.springframework.core.env.CustomEnvironmentTests" time="0.397"/>
  <testcase name="withNoReservedDefaultProfile()" classname="org.springframework.core.env.CustomEnvironmentTests" time="0.029"/>
  <testcase name="control()" classname="org.springframework.core.env.CustomEnvironmentTests" time="0.022"/>
  <testcase name="withMultiCustomReservedDefaultProfile()" classname="org.springframework.core.env.CustomEnvironmentTests" time="0.133"/>
  <system-out><![CDATA[]]></system-out>
  <system-err><![CDATA[]]></system-err>
</testsuite>
