<?xml version="1.0" encoding="UTF-8"?>
<testsuite name="org.springframework.util.concurrent.FutureAdapterTests" tests="5" skipped="0" failures="0" errors="0" timestamp="2021-03-04T16:40:43" hostname="WIN-LQAMLJ4MN5U" time="0.736">
  <properties/>
  <testcase name="cancel()" classname="org.springframework.util.concurrent.FutureAdapterTests" time="0.702"/>
  <testcase name="isDone()" classname="org.springframework.util.concurrent.FutureAdapterTests" time="0.002"/>
  <testcase name="getTimeOut()" classname="org.springframework.util.concurrent.FutureAdapterTests" time="0.02"/>
  <testcase name="get()" classname="org.springframework.util.concurrent.FutureAdapterTests" time="0.002"/>
  <testcase name="isCancelled()" classname="org.springframework.util.concurrent.FutureAdapterTests" time="0.006"/>
  <system-out><![CDATA[]]></system-out>
  <system-err><![CDATA[]]></system-err>
</testsuite>
