<?xml version="1.0" encoding="UTF-8"?>
<testsuite name="org.springframework.core.io.support.ResourceRegionTests" tests="3" skipped="0" failures="0" errors="0" timestamp="2021-03-04T16:40:11" hostname="WIN-LQAMLJ4MN5U" time="0.209">
  <properties/>
  <testcase name="shouldThrowExceptionForNegativePosition()" classname="org.springframework.core.io.support.ResourceRegionTests" time="0.207"/>
  <testcase name="shouldThrowExceptionWithNullResource()" classname="org.springframework.core.io.support.ResourceRegionTests" time="0.001"/>
  <testcase name="shouldThrowExceptionForNegativeCount()" classname="org.springframework.core.io.support.ResourceRegionTests" time="0.001"/>
  <system-out><![CDATA[]]></system-out>
  <system-err><![CDATA[]]></system-err>
</testsuite>
