<?xml version="1.0" encoding="UTF-8"?>
<testsuite name="org.springframework.core.ReactiveAdapterRegistryTests" tests="21" skipped="0" failures="0" errors="0" timestamp="2021-03-04T16:40:13" hostname="WIN-LQAMLJ4MN5U" time="0.825">
  <properties/>
  <testcase name="publisherToRxSingle()" classname="org.springframework.core.ReactiveAdapterRegistryTests" time="0.339"/>
  <testcase name="reactivexFlowableToPublisher()" classname="org.springframework.core.ReactiveAdapterRegistryTests" time="0.014"/>
  <testcase name="publisherToReactivexObservable()" classname="org.springframework.core.ReactiveAdapterRegistryTests" time="0.137"/>
  <testcase name="publisherToReactivexFlowable()" classname="org.springframework.core.ReactiveAdapterRegistryTests" time="0.004"/>
  <testcase name="reactivexObservableToPublisher()" classname="org.springframework.core.ReactiveAdapterRegistryTests" time="0.016"/>
  <testcase name="reactivexSingleToPublisher()" classname="org.springframework.core.ReactiveAdapterRegistryTests" time="0.008"/>
  <testcase name="completableFutureToPublisher()" classname="org.springframework.core.ReactiveAdapterRegistryTests" time="0.005"/>
  <testcase name="publisherToCompletableFuture()" classname="org.springframework.core.ReactiveAdapterRegistryTests" time="0.004"/>
  <testcase name="rxCompletableToPublisher()" classname="org.springframework.core.ReactiveAdapterRegistryTests" time="0.009"/>
  <testcase name="rxSingleToPublisher()" classname="org.springframework.core.ReactiveAdapterRegistryTests" time="0.07"/>
  <testcase name="deferred()" classname="org.springframework.core.ReactiveAdapterRegistryTests" time="0.0"/>
  <testcase name="publisherToRxObservable()" classname="org.springframework.core.ReactiveAdapterRegistryTests" time="0.07"/>
  <testcase name="reactivexCompletableToPublisher()" classname="org.springframework.core.ReactiveAdapterRegistryTests" time="0.003"/>
  <testcase name="rxObservableToPublisher()" classname="org.springframework.core.ReactiveAdapterRegistryTests" time="0.063"/>
  <testcase name="defaultAdapterRegistrations()" classname="org.springframework.core.ReactiveAdapterRegistryTests" time="0.0"/>
  <testcase name="publisherToFlux()" classname="org.springframework.core.ReactiveAdapterRegistryTests" time="0.001"/>
  <testcase name="publisherToMono()" classname="org.springframework.core.ReactiveAdapterRegistryTests" time="0.0"/>
  <testcase name="getAdapterForReactiveSubType()" classname="org.springframework.core.ReactiveAdapterRegistryTests" time="0.022"/>
  <testcase name="publisherToReactivexCompletable()" classname="org.springframework.core.ReactiveAdapterRegistryTests" time="0.004"/>
  <testcase name="publisherToRxCompletable()" classname="org.springframework.core.ReactiveAdapterRegistryTests" time="0.002"/>
  <testcase name="publisherToReactivexSingle()" classname="org.springframework.core.ReactiveAdapterRegistryTests" time="0.005"/>
  <system-out><![CDATA[]]></system-out>
  <system-err><![CDATA[]]></system-err>
</testsuite>
