<?xml version="1.0" encoding="UTF-8"?>
<testsuite name="org.springframework.core.type.classreading.ClassMetadataReadingVisitorMemberClassTests" tests="4" skipped="0" failures="0" errors="0" timestamp="2021-03-04T16:40:37" hostname="WIN-LQAMLJ4MN5U" time="0.139">
  <properties/>
  <testcase name="againstMemberClass()" classname="org.springframework.core.type.classreading.ClassMetadataReadingVisitorMemberClassTests" time="0.122"/>
  <testcase name="withNoMemberClasses()" classname="org.springframework.core.type.classreading.ClassMetadataReadingVisitorMemberClassTests" time="0.001"/>
  <testcase name="withNonPublicMemberClasses()" classname="org.springframework.core.type.classreading.ClassMetadataReadingVisitorMemberClassTests" time="0.01"/>
  <testcase name="withPublicMemberClasses()" classname="org.springframework.core.type.classreading.ClassMetadataReadingVisitorMemberClassTests" time="0.005"/>
  <system-out><![CDATA[]]></system-out>
  <system-err><![CDATA[]]></system-err>
</testsuite>
