<?xml version="1.0" encoding="UTF-8"?>
<testsuite name="org.springframework.core.PrioritizedParameterNameDiscovererTests" tests="3" skipped="0" failures="0" errors="0" timestamp="2021-03-04T16:40:13" hostname="WIN-LQAMLJ4MN5U" time="0.047">
  <properties/>
  <testcase name="noParametersDiscoverers()" classname="org.springframework.core.PrioritizedParameterNameDiscovererTests" time="0.047"/>
  <testcase name="orderedParameterDiscoverers1()" classname="org.springframework.core.PrioritizedParameterNameDiscovererTests" time="0.0"/>
  <testcase name="orderedParameterDiscoverers2()" classname="org.springframework.core.PrioritizedParameterNameDiscovererTests" time="0.0"/>
  <system-out><![CDATA[]]></system-out>
  <system-err><![CDATA[]]></system-err>
</testsuite>
