<?xml version="1.0" encoding="UTF-8"?>
<testsuite name="org.springframework.util.comparator.InstanceComparatorTests" tests="3" skipped="0" failures="0" errors="0" timestamp="2021-03-04T16:40:43" hostname="WIN-LQAMLJ4MN5U" time="0.004">
  <properties/>
  <testcase name="shouldCompareClasses()" classname="org.springframework.util.comparator.InstanceComparatorTests" time="0.004"/>
  <testcase name="shouldCompareMix()" classname="org.springframework.util.comparator.InstanceComparatorTests" time="0.0"/>
  <testcase name="shouldCompareInterfaces()" classname="org.springframework.util.comparator.InstanceComparatorTests" time="0.0"/>
  <system-out><![CDATA[]]></system-out>
  <system-err><![CDATA[]]></system-err>
</testsuite>
