<?xml version="1.0" encoding="UTF-8"?>
<testsuite name="org.springframework.core.annotation.MissingMergedAnnotationTests" tests="45" skipped="0" failures="0" errors="0" timestamp="2021-03-04T16:38:33" hostname="WIN-LQAMLJ4MN5U" time="0.079">
  <properties/>
  <testcase name="synthesizeThrowsNoSuchElementException()" classname="org.springframework.core.annotation.MissingMergedAnnotationTests" time="0.001"/>
  <testcase name="getEnumArrayThrowsNoSuchElementException()" classname="org.springframework.core.annotation.MissingMergedAnnotationTests" time="0.001"/>
  <testcase name="asAnnotationAttributesReturnsNewAnnotationAttributes()" classname="org.springframework.core.annotation.MissingMergedAnnotationTests" time="0.001"/>
  <testcase name="getAnnotationThrowsNoSuchElementException()" classname="org.springframework.core.annotation.MissingMergedAnnotationTests" time="0.0"/>
  <testcase name="getRootReturnsEmptyAnnotation()" classname="org.springframework.core.annotation.MissingMergedAnnotationTests" time="0.0"/>
  <testcase name="getValueReturnsEmpty()" classname="org.springframework.core.annotation.MissingMergedAnnotationTests" time="0.0"/>
  <testcase name="getAnnotationArrayThrowsNoSuchElementException()" classname="org.springframework.core.annotation.MissingMergedAnnotationTests" time="0.001"/>
  <testcase name="isDirectlyPresentReturnsFalse()" classname="org.springframework.core.annotation.MissingMergedAnnotationTests" time="0.001"/>
  <testcase name="getTypeThrowsNoSuchElementException()" classname="org.springframework.core.annotation.MissingMergedAnnotationTests" time="0.001"/>
  <testcase name="getFloatArrayThrowsNoSuchElementException()" classname="org.springframework.core.annotation.MissingMergedAnnotationTests" time="0.0"/>
  <testcase name="getCharArrayThrowsNoSuchElementException()" classname="org.springframework.core.annotation.MissingMergedAnnotationTests" time="0.0"/>
  <testcase name="getBooleanArrayThrowsNoSuchElementException()" classname="org.springframework.core.annotation.MissingMergedAnnotationTests" time="0.0"/>
  <testcase name="synthesizeWithPredicateWhenPredicateDoesNotMatchReturnsEmpty()" classname="org.springframework.core.annotation.MissingMergedAnnotationTests" time="0.0"/>
  <testcase name="getByteArrayThrowsNoSuchElementException()" classname="org.springframework.core.annotation.MissingMergedAnnotationTests" time="0.0"/>
  <testcase name="getBooleanThrowsNoSuchElementException()" classname="org.springframework.core.annotation.MissingMergedAnnotationTests" time="0.0"/>
  <testcase name="metaTypesReturnsEmptyList()" classname="org.springframework.core.annotation.MissingMergedAnnotationTests" time="0.0"/>
  <testcase name="getAggregateIndexReturnsMinusOne()" classname="org.springframework.core.annotation.MissingMergedAnnotationTests" time="0.001"/>
  <testcase name="getIntArrayThrowsNoSuchElementException()" classname="org.springframework.core.annotation.MissingMergedAnnotationTests" time="0.001"/>
  <testcase name="getIntThrowsNoSuchElementException()" classname="org.springframework.core.annotation.MissingMergedAnnotationTests" time="0.001"/>
  <testcase name="getLongThrowsNoSuchElementException()" classname="org.springframework.core.annotation.MissingMergedAnnotationTests" time="0.001"/>
  <testcase name="getFloatThrowsNoSuchElementException()" classname="org.springframework.core.annotation.MissingMergedAnnotationTests" time="0.001"/>
  <testcase name="getDoubleThrowsNoSuchElementException()" classname="org.springframework.core.annotation.MissingMergedAnnotationTests" time="0.021"/>
  <testcase name="asMapWithFactoryReturnsNewMapFromFactory()" classname="org.springframework.core.annotation.MissingMergedAnnotationTests" time="0.001"/>
  <testcase name="asMapReturnsEmptyMap()" classname="org.springframework.core.annotation.MissingMergedAnnotationTests" time="0.001"/>
  <testcase name="synthesizeWithPredicateWhenPredicateMatchesThrowsNoSuchElementException()" classname="org.springframework.core.annotation.MissingMergedAnnotationTests" time="0.001"/>
  <testcase name="isPresentReturnsFalse()" classname="org.springframework.core.annotation.MissingMergedAnnotationTests" time="0.0"/>
  <testcase name="getDefaultValueReturnsEmpty()" classname="org.springframework.core.annotation.MissingMergedAnnotationTests" time="0.0"/>
  <testcase name="getDistanceReturnsMinusOne()" classname="org.springframework.core.annotation.MissingMergedAnnotationTests" time="0.001"/>
  <testcase name="getEnumThrowsNoSuchElementException()" classname="org.springframework.core.annotation.MissingMergedAnnotationTests" time="0.001"/>
  <testcase name="getStringArrayThrowsNoSuchElementException()" classname="org.springframework.core.annotation.MissingMergedAnnotationTests" time="0.0"/>
  <testcase name="getByteThrowsNoSuchElementException()" classname="org.springframework.core.annotation.MissingMergedAnnotationTests" time="0.0"/>
  <testcase name="isMetaPresentReturnsFalse()" classname="org.springframework.core.annotation.MissingMergedAnnotationTests" time="0.0"/>
  <testcase name="getShortArrayThrowsNoSuchElementException()" classname="org.springframework.core.annotation.MissingMergedAnnotationTests" time="0.001"/>
  <testcase name="getLongArrayThrowsNoSuchElementException()" classname="org.springframework.core.annotation.MissingMergedAnnotationTests" time="0.001"/>
  <testcase name="hasNonDefaultValueThrowsNoSuchElementException()" classname="org.springframework.core.annotation.MissingMergedAnnotationTests" time="0.002"/>
  <testcase name="getClassArrayThrowsNoSuchElementException()" classname="org.springframework.core.annotation.MissingMergedAnnotationTests" time="0.001"/>
  <testcase name="getSourceReturnsNull()" classname="org.springframework.core.annotation.MissingMergedAnnotationTests" time="0.0"/>
  <testcase name="getDoubleArrayThrowsNoSuchElementException()" classname="org.springframework.core.annotation.MissingMergedAnnotationTests" time="0.003"/>
  <testcase name="getClassThrowsNoSuchElementException()" classname="org.springframework.core.annotation.MissingMergedAnnotationTests" time="0.001"/>
  <testcase name="toStringReturnsString()" classname="org.springframework.core.annotation.MissingMergedAnnotationTests" time="0.001"/>
  <testcase name="getShortThrowsNoSuchElementException()" classname="org.springframework.core.annotation.MissingMergedAnnotationTests" time="0.001"/>
  <testcase name="getMetaSourceReturnsNull()" classname="org.springframework.core.annotation.MissingMergedAnnotationTests" time="0.001"/>
  <testcase name="hasDefaultValueThrowsNoSuchElementException()" classname="org.springframework.core.annotation.MissingMergedAnnotationTests" time="0.003"/>
  <testcase name="getCharThrowsNoSuchElementException()" classname="org.springframework.core.annotation.MissingMergedAnnotationTests" time="0.002"/>
  <testcase name="getStringThrowsNoSuchElementException()" classname="org.springframework.core.annotation.MissingMergedAnnotationTests" time="0.002"/>
  <system-out><![CDATA[]]></system-out>
  <system-err><![CDATA[]]></system-err>
</testsuite>
