<?xml version="1.0" encoding="UTF-8"?>
<testsuite name="org.springframework.util.concurrent.MonoToListenableFutureAdapterTests" tests="4" skipped="0" failures="0" errors="0" timestamp="2021-03-04T16:40:44" hostname="WIN-LQAMLJ4MN5U" time="0.155">
  <properties/>
  <testcase name="success()" classname="org.springframework.util.concurrent.MonoToListenableFutureAdapterTests" time="0.145"/>
  <testcase name="cancellation()" classname="org.springframework.util.concurrent.MonoToListenableFutureAdapterTests" time="0.005"/>
  <testcase name="failure()" classname="org.springframework.util.concurrent.MonoToListenableFutureAdapterTests" time="0.003"/>
  <testcase name="cancellationAfterTerminated()" classname="org.springframework.util.concurrent.MonoToListenableFutureAdapterTests" time="0.001"/>
  <system-out><![CDATA[]]></system-out>
  <system-err><![CDATA[]]></system-err>
</testsuite>
