<?xml version="1.0" encoding="UTF-8"?>
<testsuite name="org.springframework.core.type.classreading.AnnotationMetadataReadingVisitorTests" tests="35" skipped="0" failures="0" errors="0" timestamp="2021-03-04T16:40:37" hostname="WIN-LQAMLJ4MN5U" time="0.548">
  <properties/>
  <testcase name="isAnnotationWhenAnnotationReturnsTrue()" classname="org.springframework.core.type.classreading.AnnotationMetadataReadingVisitorTests" time="0.119"/>
  <testcase name="getEnclosingClassNameWhenHasNoEnclosingClassReturnsNull()" classname="org.springframework.core.type.classreading.AnnotationMetadataReadingVisitorTests" time="0.027"/>
  <testcase name="hasAnnotatedMethodsWhenMatchesDirectAnnotationReturnsTrue()" classname="org.springframework.core.type.classreading.AnnotationMetadataReadingVisitorTests" time="0.004"/>
  <testcase name="isAnnotatedWhenMatchesDirectAnnotationReturnsTrue()" classname="org.springframework.core.type.classreading.AnnotationMetadataReadingVisitorTests" time="0.05"/>
  <testcase name="getAnnotationTypesReturnsDirectAnnotations()" classname="org.springframework.core.type.classreading.AnnotationMetadataReadingVisitorTests" time="0.001"/>
  <testcase name="isFinalWhenFinalReturnsTrue()" classname="org.springframework.core.type.classreading.AnnotationMetadataReadingVisitorTests" time="0.002"/>
  <testcase name="isAnnotationWhenNotAnnotationReturnsFalse()" classname="org.springframework.core.type.classreading.AnnotationMetadataReadingVisitorTests" time="0.094"/>
  <testcase name="isIndependentWhenIndependentReturnsTrue()" classname="org.springframework.core.type.classreading.AnnotationMetadataReadingVisitorTests" time="0.011"/>
  <testcase name="hasAnnotationWhenDoesNotMatchDirectOrMetaAnnotationReturnsFalse()" classname="org.springframework.core.type.classreading.AnnotationMetadataReadingVisitorTests" time="0.001"/>
  <testcase name="hasAnnotatedMethodsWhenDoesNotMatchAnyAnnotationReturnsFalse()" classname="org.springframework.core.type.classreading.AnnotationMetadataReadingVisitorTests" time="0.003"/>
  <testcase name="getAllAnnotationAttributesReturnsAllAttributes()" classname="org.springframework.core.type.classreading.AnnotationMetadataReadingVisitorTests" time="0.011"/>
  <testcase name="hasAnnotationWhenMatchesMetaAnnotationReturnsFalse()" classname="org.springframework.core.type.classreading.AnnotationMetadataReadingVisitorTests" time="0.006"/>
  <testcase name="hasMetaAnnotationWhenMatchesDirectReturnsFalse()" classname="org.springframework.core.type.classreading.AnnotationMetadataReadingVisitorTests" time="0.001"/>
  <testcase name="getSuperClassNameWhenHasNoSuperClassReturnsNull()" classname="org.springframework.core.type.classreading.AnnotationMetadataReadingVisitorTests" time="0.043"/>
  <testcase name="getEnclosingClassNameWhenHasEnclosingClassReturnsEnclosingClass()" classname="org.springframework.core.type.classreading.AnnotationMetadataReadingVisitorTests" time="0.112"/>
  <testcase name="getMemberClassNamesWhenHasMemberClassesReturnsNames()" classname="org.springframework.core.type.classreading.AnnotationMetadataReadingVisitorTests" time="0.021"/>
  <testcase name="getClassNameReturnsClassName()" classname="org.springframework.core.type.classreading.AnnotationMetadataReadingVisitorTests" time="0.001"/>
  <testcase name="hasAnnotationWhenMatchesDirectAnnotationReturnsTrue()" classname="org.springframework.core.type.classreading.AnnotationMetadataReadingVisitorTests" time="0.001"/>
  <testcase name="getAnnotationAttributesReturnsAttributes()" classname="org.springframework.core.type.classreading.AnnotationMetadataReadingVisitorTests" time="0.002"/>
  <testcase name="getSuperClassNameWhenHasSuperClassReturnsName()" classname="org.springframework.core.type.classreading.AnnotationMetadataReadingVisitorTests" time="0.001"/>
  <testcase name="isAnnotatedWhenDoesNotMatchDirectOrMetaAnnotationReturnsFalse()" classname="org.springframework.core.type.classreading.AnnotationMetadataReadingVisitorTests" time="0.002"/>
  <testcase name="isIndependentWhenNotIndependentReturnsFalse()" classname="org.springframework.core.type.classreading.AnnotationMetadataReadingVisitorTests" time="0.003"/>
  <testcase name="isAnnotatedWhenMatchesMetaAnnotationReturnsTrue()" classname="org.springframework.core.type.classreading.AnnotationMetadataReadingVisitorTests" time="0.001"/>
  <testcase name="hasMetaAnnotationWhenDoesNotMatchDirectOrMetaAnnotationReturnsFalse()" classname="org.springframework.core.type.classreading.AnnotationMetadataReadingVisitorTests" time="0.001"/>
  <testcase name="getAnnotatedMethodsReturnsMatchingAnnotatedAndMetaAnnotatedMethods()" classname="org.springframework.core.type.classreading.AnnotationMetadataReadingVisitorTests" time="0.003"/>
  <testcase name="getMetaAnnotationTypesReturnsMetaAnnotations()" classname="org.springframework.core.type.classreading.AnnotationMetadataReadingVisitorTests" time="0.001"/>
  <testcase name="isFinalWhenNonFinalReturnsFalse()" classname="org.springframework.core.type.classreading.AnnotationMetadataReadingVisitorTests" time="0.001"/>
  <testcase name="hasMetaAnnotationWhenMatchesMetaAnnotationReturnsTrue()" classname="org.springframework.core.type.classreading.AnnotationMetadataReadingVisitorTests" time="0.001"/>
  <testcase name="getInterfaceNamesWhenHasNoInterfacesReturnsEmptyArray()" classname="org.springframework.core.type.classreading.AnnotationMetadataReadingVisitorTests" time="0.001"/>
  <testcase name="isInterfaceWhenNotInterfaceReturnsFalse()" classname="org.springframework.core.type.classreading.AnnotationMetadataReadingVisitorTests" time="0.0"/>
  <testcase name="getMemberClassNamesWhenHasNoMemberClassesReturnsEmptyArray()" classname="org.springframework.core.type.classreading.AnnotationMetadataReadingVisitorTests" time="0.003"/>
  <testcase name="getInterfaceNamesWhenHasInterfacesReturnsNames()" classname="org.springframework.core.type.classreading.AnnotationMetadataReadingVisitorTests" time="0.003"/>
  <testcase name="isInterfaceWhenInterfaceReturnsTrue()" classname="org.springframework.core.type.classreading.AnnotationMetadataReadingVisitorTests" time="0.001"/>
  <testcase name="hasAnnotatedMethodsWhenMatchesMetaAnnotationReturnsTrue()" classname="org.springframework.core.type.classreading.AnnotationMetadataReadingVisitorTests" time="0.001"/>
  <testcase name="getAnnotationsReturnsDirectAnnotations()" classname="org.springframework.core.type.classreading.AnnotationMetadataReadingVisitorTests" time="0.003"/>
  <system-out><![CDATA[]]></system-out>
  <system-err><![CDATA[]]></system-err>
</testsuite>
