<?xml version="1.0" encoding="UTF-8"?>
<testsuite name="org.springframework.core.GenericTypeResolverTests" tests="14" skipped="0" failures="0" errors="0" timestamp="2021-03-04T16:39:17" hostname="WIN-LQAMLJ4MN5U" time="1.567">
  <properties/>
  <testcase name="nullIfNotResolvable()" classname="org.springframework.core.GenericTypeResolverTests" time="0.044"/>
  <testcase name="simpleCollectionSuperclassType()" classname="org.springframework.core.GenericTypeResolverTests" time="0.001"/>
  <testcase name="getGenericsOnArrayFromReturnCannotBeResolved()" classname="org.springframework.core.GenericTypeResolverTests" time="0.003"/>
  <testcase name="simpleCollectionInterfaceType()" classname="org.springframework.core.GenericTypeResolverTests" time="0.0"/>
  <testcase name="getRawMapTypeCannotBeResolved()" classname="org.springframework.core.GenericTypeResolverTests" time="0.0"/>
  <testcase name="simpleSuperclassType()" classname="org.springframework.core.GenericTypeResolverTests" time="0.0"/>
  <testcase name="getGenericsOnArrayFromParamCannotBeResolved()" classname="org.springframework.core.GenericTypeResolverTests" time="0.0"/>
  <testcase name="getGenericsCannotBeResolved()" classname="org.springframework.core.GenericTypeResolverTests" time="0.0"/>
  <testcase name="boundParameterizedType()" classname="org.springframework.core.GenericTypeResolverTests" time="1.314"/>
  <testcase name="methodReturnTypes()" classname="org.springframework.core.GenericTypeResolverTests" time="0.005"/>
  <testcase name="testGetTypeVariableMap()" classname="org.springframework.core.GenericTypeResolverTests" time="0.163"/>
  <testcase name="testResolveType()" classname="org.springframework.core.GenericTypeResolverTests" time="0.021"/>
  <testcase name="resolveIncompleteTypeVariables()" classname="org.springframework.core.GenericTypeResolverTests" time="0.0"/>
  <testcase name="simpleInterfaceType()" classname="org.springframework.core.GenericTypeResolverTests" time="0.001"/>
  <system-out><![CDATA[]]></system-out>
  <system-err><![CDATA[]]></system-err>
</testsuite>
