<?xml version="1.0" encoding="UTF-8"?>
<testsuite name="org.springframework.util.ExceptionTypeFilterTests" tests="1" skipped="0" failures="0" errors="0" timestamp="2021-03-04T16:40:46" hostname="WIN-LQAMLJ4MN5U" time="0.068">
  <properties/>
  <testcase name="subClassMatch()" classname="org.springframework.util.ExceptionTypeFilterTests" time="0.068"/>
  <system-out><![CDATA[]]></system-out>
  <system-err><![CDATA[]]></system-err>
</testsuite>
