<?xml version="1.0" encoding="UTF-8"?>
<testsuite name="org.springframework.util.ResourceUtilsTests" tests="3" skipped="0" failures="0" errors="0" timestamp="2021-03-04T16:40:49" hostname="WIN-LQAMLJ4MN5U" time="0.016">
  <properties/>
  <testcase name="isJarURL()" classname="org.springframework.util.ResourceUtilsTests" time="0.001"/>
  <testcase name="extractJarFileURL()" classname="org.springframework.util.ResourceUtilsTests" time="0.003"/>
  <testcase name="extractArchiveURL()" classname="org.springframework.util.ResourceUtilsTests" time="0.012"/>
  <system-out><![CDATA[]]></system-out>
  <system-err><![CDATA[]]></system-err>
</testsuite>
