<?xml version="1.0" encoding="UTF-8"?>
<testsuite name="org.springframework.core.ConventionsTests" tests="9" skipped="0" failures="0" errors="0" timestamp="2021-03-04T16:38:50" hostname="WIN-LQAMLJ4MN5U" time="12.128">
  <properties/>
  <testcase name="reactiveParameters()" classname="org.springframework.core.ConventionsTests" time="11.457"/>
  <testcase name="simpleObject()" classname="org.springframework.core.ConventionsTests" time="0.001"/>
  <testcase name="emptyList()" classname="org.springframework.core.ConventionsTests" time="0.001"/>
  <testcase name="attributeNameToPropertyName()" classname="org.springframework.core.ConventionsTests" time="0.0"/>
  <testcase name="getQualifiedAttributeName()" classname="org.springframework.core.ConventionsTests" time="0.0"/>
  <testcase name="set()" classname="org.springframework.core.ConventionsTests" time="0.665"/>
  <testcase name="list()" classname="org.springframework.core.ConventionsTests" time="0.001"/>
  <testcase name="array()" classname="org.springframework.core.ConventionsTests" time="0.0"/>
  <testcase name="reactiveReturnTypes()" classname="org.springframework.core.ConventionsTests" time="0.001"/>
  <system-out><![CDATA[]]></system-out>
  <system-err><![CDATA[]]></system-err>
</testsuite>
