<?xml version="1.0" encoding="UTF-8"?>
<testsuite name="org.springframework.core.log.LogSupportTests" tests="6" skipped="0" failures="0" errors="0" timestamp="2021-03-04T16:40:13" hostname="WIN-LQAMLJ4MN5U" time="0.441">
  <properties/>
  <testcase name="logMessageWithSupplier()" classname="org.springframework.core.log.LogSupportTests" time="0.438"/>
  <testcase name="logMessageWithFormat1()" classname="org.springframework.core.log.LogSupportTests" time="0.001"/>
  <testcase name="logMessageWithFormat2()" classname="org.springframework.core.log.LogSupportTests" time="0.0"/>
  <testcase name="logMessageWithFormat3()" classname="org.springframework.core.log.LogSupportTests" time="0.0"/>
  <testcase name="logMessageWithFormat4()" classname="org.springframework.core.log.LogSupportTests" time="0.0"/>
  <testcase name="logMessageWithFormatX()" classname="org.springframework.core.log.LogSupportTests" time="0.001"/>
  <system-out><![CDATA[]]></system-out>
  <system-err><![CDATA[]]></system-err>
</testsuite>
