<?xml version="1.0" encoding="UTF-8"?>
<testsuite name="org.springframework.core.env.PropertySourceTests" tests="2" skipped="0" failures="0" errors="0" timestamp="2021-03-04T16:39:16" hostname="WIN-LQAMLJ4MN5U" time="0.02">
  <properties/>
  <testcase name="equals()" classname="org.springframework.core.env.PropertySourceTests" time="0.013"/>
  <testcase name="collectionsOperations()" classname="org.springframework.core.env.PropertySourceTests" time="0.007"/>
  <system-out><![CDATA[]]></system-out>
  <system-err><![CDATA[]]></system-err>
</testsuite>
