<?xml version="1.0" encoding="UTF-8"?>
<testsuite name="org.springframework.core.StandardReflectionParameterNameDiscoverTests" tests="1" skipped="0" failures="0" errors="0" timestamp="2021-03-04T16:40:32" hostname="WIN-LQAMLJ4MN5U" time="0.256">
  <properties/>
  <testcase name="getParameterNamesOnInterface()" classname="org.springframework.core.StandardReflectionParameterNameDiscoverTests" time="0.256"/>
  <system-out><![CDATA[]]></system-out>
  <system-err><![CDATA[]]></system-err>
</testsuite>
