<?xml version="1.0" encoding="UTF-8"?>
<testsuite name="org.springframework.core.annotation.MergedAnnotationsCollectionTests" tests="21" skipped="0" failures="0" errors="0" timestamp="2021-03-04T16:38:30" hostname="WIN-LQAMLJ4MN5U" time="0.515">
  <properties/>
  <testcase name="getMetaWhenRootHasNoAttributeValuesShouldAliasAttributes()" classname="org.springframework.core.annotation.MergedAnnotationsCollectionTests" time="0.004"/>
  <testcase name="getWithPredicateReturnsOnlyMatching()" classname="org.springframework.core.annotation.MergedAnnotationsCollectionTests" time="0.007"/>
  <testcase name="getMetaWhenRootHasAttributeValuesShouldAliasAttributes()" classname="org.springframework.core.annotation.MergedAnnotationsCollectionTests" time="0.001"/>
  <testcase name="createWhenAnnotationAggregateIndexIsNotZeroThrowsException()" classname="org.springframework.core.annotation.MergedAnnotationsCollectionTests" time="0.45"/>
  <testcase name="isPresentWhenMetaPresentReturnsTrue()" classname="org.springframework.core.annotation.MergedAnnotationsCollectionTests" time="0.034"/>
  <testcase name="getWithSelectorReturnsSelected()" classname="org.springframework.core.annotation.MergedAnnotationsCollectionTests" time="0.001"/>
  <testcase name="getWhenNotPresentReturnsMissing()" classname="org.springframework.core.annotation.MergedAnnotationsCollectionTests" time="0.0"/>
  <testcase name="isDirectlyPresentWhenMetaPresentReturnsFalse()" classname="org.springframework.core.annotation.MergedAnnotationsCollectionTests" time="0.0"/>
  <testcase name="streamStreamsInCorrectOrder()" classname="org.springframework.core.annotation.MergedAnnotationsCollectionTests" time="0.002"/>
  <testcase name="isPresentWhenNotPresentReturnsFalse()" classname="org.springframework.core.annotation.MergedAnnotationsCollectionTests" time="0.0"/>
  <testcase name="createWhenAnnotationIsNotDirectlyPresentThrowsException()" classname="org.springframework.core.annotation.MergedAnnotationsCollectionTests" time="0.002"/>
  <testcase name="iterateIteratesInCorrectOrder()" classname="org.springframework.core.annotation.MergedAnnotationsCollectionTests" time="0.001"/>
  <testcase name="getReturnsAppropriateAnnotation()" classname="org.springframework.core.annotation.MergedAnnotationsCollectionTests" time="0.0"/>
  <testcase name="streamWithTypeStreamsInCorrectOrder()" classname="org.springframework.core.annotation.MergedAnnotationsCollectionTests" time="0.001"/>
  <testcase name="isPresentWhenDirectlyPresentReturnsTrue()" classname="org.springframework.core.annotation.MergedAnnotationsCollectionTests" time="0.0"/>
  <testcase name="spliteratorEstimatesSize()" classname="org.springframework.core.annotation.MergedAnnotationsCollectionTests" time="0.001"/>
  <testcase name="isDirectlyPresentWhenDirectlyPresentReturnsTrue()" classname="org.springframework.core.annotation.MergedAnnotationsCollectionTests" time="0.0"/>
  <testcase name="ofWhenEmptyReturnsSharedNoneInstance()" classname="org.springframework.core.annotation.MergedAnnotationsCollectionTests" time="0.0"/>
  <testcase name="isDirectlyPresentWhenNotPresentReturnsFalse()" classname="org.springframework.core.annotation.MergedAnnotationsCollectionTests" time="0.001"/>
  <testcase name="ofWhenDirectAnnotationsIsNullThrowsException()" classname="org.springframework.core.annotation.MergedAnnotationsCollectionTests" time="0.001"/>
  <testcase name="spliteratorIteratesInCorrectOrder()" classname="org.springframework.core.annotation.MergedAnnotationsCollectionTests" time="0.001"/>
  <system-out><![CDATA[]]></system-out>
  <system-err><![CDATA[]]></system-err>
</testsuite>
