<?xml version="1.0" encoding="UTF-8"?>
<testsuite name="org.springframework.core.codec.ResourceDecoderTests" tests="4" skipped="0" failures="0" errors="0" timestamp="2021-03-04T16:38:42" hostname="WIN-LQAMLJ4MN5U" time="0.028">
  <properties/>
  <testcase name="decodeToMono()" classname="org.springframework.core.codec.ResourceDecoderTests" time="0.009"/>
  <testcase name="decode()" classname="org.springframework.core.codec.ResourceDecoderTests" time="0.007"/>
  <testcase name="decodeInputStreamResource()" classname="org.springframework.core.codec.ResourceDecoderTests" time="0.012"/>
  <testcase name="canDecode()" classname="org.springframework.core.codec.ResourceDecoderTests" time="0.0"/>
  <system-out><![CDATA[]]></system-out>
  <system-err><![CDATA[]]></system-err>
</testsuite>
