<?xml version="1.0" encoding="UTF-8"?>
<testsuite name="org.springframework.core.annotation.AnnotationUtilsTests" tests="71" skipped="0" failures="0" errors="0" timestamp="2021-03-04T16:38:22" hostname="WIN-LQAMLJ4MN5U" time="1.329">
  <properties/>
  <testcase name="getRepeatableAnnotationsDeclaredOnMethod()" classname="org.springframework.core.annotation.AnnotationUtilsTests" time="0.036"/>
  <testcase name="getRepeatableAnnotationsDeclaredOnSuperclass()" classname="org.springframework.core.annotation.AnnotationUtilsTests" time="0.014"/>
  <testcase name="getRepeatableAnnotationsDeclaredOnClass()" classname="org.springframework.core.annotation.AnnotationUtilsTests" time="0.004"/>
  <testcase name="isAnnotationInheritedForAllScenarios()" classname="org.springframework.core.annotation.AnnotationUtilsTests" time="0.004"/>
  <testcase name="findMethodAnnotationOnRootButOverridden()" classname="org.springframework.core.annotation.AnnotationUtilsTests" time="0.018"/>
  <testcase name="findAnnotationFindsRepeatableContainerOnComposedAnnotationMetaAnnotatedWithRepeatableAnnotations()" classname="org.springframework.core.annotation.AnnotationUtilsTests" time="0.127"/>
  <testcase name="synthesizeAnnotationFromMapWithNestedArrayOfMaps()" classname="org.springframework.core.annotation.AnnotationUtilsTests" time="0.011"/>
  <testcase name="getAnnotationAttributesWithAttributeAliasesWithDifferentValues()" classname="org.springframework.core.annotation.AnnotationUtilsTests" time="0.006"/>
  <testcase name="getAnnotationAttributesWithNestedAnnotations()" classname="org.springframework.core.annotation.AnnotationUtilsTests" time="0.001"/>
  <testcase name="synthesizeAnnotationWithImplicitAliasesWithMissingDefaultValues()" classname="org.springframework.core.annotation.AnnotationUtilsTests" time="0.041"/>
  <testcase name="findClassAnnotationOnMetaCycleAnnotatedClassWithMissingTargetMetaAnnotation()" classname="org.springframework.core.annotation.AnnotationUtilsTests" time="0.004"/>
  <testcase name="isAnnotationDeclaredLocallyForAllScenarios()" classname="org.springframework.core.annotation.AnnotationUtilsTests" time="0.0"/>
  <testcase name="synthesizeAnnotationFromDefaultsWithoutAttributeAliases()" classname="org.springframework.core.annotation.AnnotationUtilsTests" time="0.005"/>
  <testcase name="getRepeatableAnnotationsDeclaredOnClassAndSuperclass()" classname="org.springframework.core.annotation.AnnotationUtilsTests" time="0.05"/>
  <testcase name="getAnnotationAttributesWithAttributeAliases()" classname="org.springframework.core.annotation.AnnotationUtilsTests" time="0.016"/>
  <testcase name="getRepeatableAnnotationsDeclaredOnClassWithAttributeAliases()" classname="org.springframework.core.annotation.AnnotationUtilsTests" time="0.007"/>
  <testcase name="findClassAnnotationFavorsMoreLocallyDeclaredComposedAnnotationsOverInheritedAnnotations()" classname="org.springframework.core.annotation.AnnotationUtilsTests" time="0.003"/>
  <testcase name="findMethodAnnotationWithMetaMetaAnnotationOnLeaf()" classname="org.springframework.core.annotation.AnnotationUtilsTests" time="0.003"/>
  <testcase name="findClassAnnotationOnAnnotatedClassWithMissingTargetMetaAnnotation()" classname="org.springframework.core.annotation.AnnotationUtilsTests" time="0.001"/>
  <testcase name="synthesizeAnnotationFromMapWithAttributeOfIncorrectType()" classname="org.springframework.core.annotation.AnnotationUtilsTests" time="0.002"/>
  <testcase name="synthesizeAnnotationFromAnnotationAttributesWithoutAttributeAliases()" classname="org.springframework.core.annotation.AnnotationUtilsTests" time="0.001"/>
  <testcase name="synthesizeAnnotationFromMapWithMissingAttributeValue()" classname="org.springframework.core.annotation.AnnotationUtilsTests" time="0.002"/>
  <testcase name="getDefaultValueFromAnnotationType()" classname="org.springframework.core.annotation.AnnotationUtilsTests" time="0.001"/>
  <testcase name="findClassAnnotationOnSubNonInheritedAnnotationInterface()" classname="org.springframework.core.annotation.AnnotationUtilsTests" time="0.001"/>
  <testcase name="findDeprecatedAnnotation()" classname="org.springframework.core.annotation.AnnotationUtilsTests" time="0.001"/>
  <testcase name="synthesizeAnnotationFromMapWithMinimalAttributesWithAttributeAliases()" classname="org.springframework.core.annotation.AnnotationUtilsTests" time="0.0"/>
  <testcase name="getDeclaredRepeatableAnnotationsDeclaredOnClass()" classname="org.springframework.core.annotation.AnnotationUtilsTests" time="0.003"/>
  <testcase name="synthesizeAnnotationFromMapWithNullAttributeValue()" classname="org.springframework.core.annotation.AnnotationUtilsTests" time="0.001"/>
  <testcase name="findMethodAnnotationNotAnnotated()" classname="org.springframework.core.annotation.AnnotationUtilsTests" time="0.001"/>
  <testcase name="getDefaultValueFromNonPublicAnnotation()" classname="org.springframework.core.annotation.AnnotationUtilsTests" time="0.101"/>
  <testcase name="findRepeatableAnnotation()" classname="org.springframework.core.annotation.AnnotationUtilsTests" time="0.0"/>
  <testcase name="findClassAnnotationOnSubInheritedAnnotationInterface()" classname="org.springframework.core.annotation.AnnotationUtilsTests" time="0.0"/>
  <testcase name="findAnnotationDeclaringClassForAllScenarios()" classname="org.springframework.core.annotation.AnnotationUtilsTests" time="0.001"/>
  <testcase name="synthesizeAnnotationFromMapWithoutAttributeAliases()" classname="org.springframework.core.annotation.AnnotationUtilsTests" time="0.001"/>
  <testcase name="findAnnotationDeclaringClassForTypesWithSingleCandidateType()" classname="org.springframework.core.annotation.AnnotationUtilsTests" time="0.004"/>
  <testcase name="findAnnotationDeclaringClassForTypesWithMultipleCandidateTypes()" classname="org.springframework.core.annotation.AnnotationUtilsTests" time="0.002"/>
  <testcase name="findMethodAnnotationWithAnnotationOnMethodInInterface()" classname="org.springframework.core.annotation.AnnotationUtilsTests" time="0.0"/>
  <testcase name="getValueFromNonPublicAnnotation()" classname="org.springframework.core.annotation.AnnotationUtilsTests" time="0.0"/>
  <testcase name="getDeclaredRepeatableAnnotationsDeclaredOnSuperclass()" classname="org.springframework.core.annotation.AnnotationUtilsTests" time="0.001"/>
  <testcase name="findClassAnnotationFavorsMoreLocallyDeclaredComposedAnnotationsOverInheritedComposedAnnotations()" classname="org.springframework.core.annotation.AnnotationUtilsTests" time="0.001"/>
  <testcase name="findMethodAnnotationFromGenericInterface()" classname="org.springframework.core.annotation.AnnotationUtilsTests" time="0.001"/>
  <testcase name="findMethodAnnotationOnLeaf()" classname="org.springframework.core.annotation.AnnotationUtilsTests" time="0.001"/>
  <testcase name="findMethodAnnotationOnRoot()" classname="org.springframework.core.annotation.AnnotationUtilsTests" time="0.001"/>
  <testcase name="findAnnotationFindsRepeatableContainerOnComposedAnnotationMetaAnnotatedWithRepeatableAnnotationsOnMethod()" classname="org.springframework.core.annotation.AnnotationUtilsTests" time="0.003"/>
  <testcase name="synthesizeAnnotationWithImplicitAliasesWithDuplicateValues()" classname="org.springframework.core.annotation.AnnotationUtilsTests" time="0.022"/>
  <testcase name="getValueFromAnnotation()" classname="org.springframework.core.annotation.AnnotationUtilsTests" time="0.003"/>
  <testcase name="findMethodAnnotationWithMetaAnnotationOnLeaf()" classname="org.springframework.core.annotation.AnnotationUtilsTests" time="0.002"/>
  <testcase name="findMethodAnnotationWithMetaAnnotationOnRoot()" classname="org.springframework.core.annotation.AnnotationUtilsTests" time="0.001"/>
  <testcase name="findAnnotationWithRepeatablesElements()" classname="org.springframework.core.annotation.AnnotationUtilsTests" time="0.002"/>
  <testcase name="synthesizeAnnotationWithImplicitAliasesWithDifferentDefaultValues()" classname="org.springframework.core.annotation.AnnotationUtilsTests" time="0.002"/>
  <testcase name="findClassAnnotationOnMetaMetaAnnotatedClass()" classname="org.springframework.core.annotation.AnnotationUtilsTests" time="0.0"/>
  <testcase name="synthesizeAnnotationFromMapWithImplicitAttributeAliases()" classname="org.springframework.core.annotation.AnnotationUtilsTests" time="0.003"/>
  <testcase name="getRepeatableAnnotationsDeclaredOnMultipleSuperclasses()" classname="org.springframework.core.annotation.AnnotationUtilsTests" time="0.002"/>
  <testcase name="findMethodAnnotationFromInterface()" classname="org.springframework.core.annotation.AnnotationUtilsTests" time="0.001"/>
  <testcase name="synthesizeAnnotationFromMapWithAttributeAliasesThatOverrideArraysWithSingleElements()" classname="org.springframework.core.annotation.AnnotationUtilsTests" time="0.002"/>
  <testcase name="synthesizeAnnotationFromMapWithNestedMap()" classname="org.springframework.core.annotation.AnnotationUtilsTests" time="0.004"/>
  <testcase name="findMethodAnnotationOnBridgedMethod()" classname="org.springframework.core.annotation.AnnotationUtilsTests" time="0.001"/>
  <testcase name="findClassAnnotationOnSubSubInheritedAnnotationInterface()" classname="org.springframework.core.annotation.AnnotationUtilsTests" time="0.0"/>
  <testcase name="findClassAnnotationOnInheritedAnnotationInterface()" classname="org.springframework.core.annotation.AnnotationUtilsTests" time="0.0"/>
  <testcase name="getAnnotationAttributesWithoutAttributeAliases()" classname="org.springframework.core.annotation.AnnotationUtilsTests" time="0.002"/>
  <testcase name="findMethodAnnotationFromGenericSuperclass()" classname="org.springframework.core.annotation.AnnotationUtilsTests" time="0.001"/>
  <testcase name="findMethodAnnotationFromInterfaceOnSuper()" classname="org.springframework.core.annotation.AnnotationUtilsTests" time="0.002"/>
  <testcase name="findMethodAnnotationOnBridgeMethod()" classname="org.springframework.core.annotation.AnnotationUtilsTests" time="0.002"/>
  <testcase name="findClassAnnotationOnMetaMetaMetaAnnotatedClass()" classname="org.springframework.core.annotation.AnnotationUtilsTests" time="0.002"/>
  <testcase name="findMethodAnnotationFromInterfaceWhenSuperDoesNotImplementMethod()" classname="org.springframework.core.annotation.AnnotationUtilsTests" time="0.002"/>
  <testcase name="findClassAnnotationFavorsMoreLocallyDeclaredComposedAnnotationsOverAnnotationsOnInterfaces()" classname="org.springframework.core.annotation.AnnotationUtilsTests" time="0.471"/>
  <testcase name="findClassAnnotationOnNonInheritedAnnotationInterface()" classname="org.springframework.core.annotation.AnnotationUtilsTests" time="0.0"/>
  <testcase name="findClassAnnotationOnSubSubNonInheritedAnnotationInterface()" classname="org.springframework.core.annotation.AnnotationUtilsTests" time="0.001"/>
  <testcase name="synthesizeAnnotationFromDefaultsWithAttributeAliases()" classname="org.springframework.core.annotation.AnnotationUtilsTests" time="0.001"/>
  <testcase name="isAnnotationMetaPresentForPlainType()" classname="org.springframework.core.annotation.AnnotationUtilsTests" time="0.001"/>
  <testcase name="getDefaultValueFromAnnotation()" classname="org.springframework.core.annotation.AnnotationUtilsTests" time="0.001"/>
  <system-out><![CDATA[]]></system-out>
  <system-err><![CDATA[]]></system-err>
</testsuite>
