<?xml version="1.0" encoding="UTF-8"?>
<testsuite name="org.springframework.core.codec.ByteBufferEncoderTests" tests="2" skipped="0" failures="0" errors="0" timestamp="2021-03-04T16:38:42" hostname="WIN-LQAMLJ4MN5U" time="0.162">
  <properties/>
  <testcase name="encode()" classname="org.springframework.core.codec.ByteBufferEncoderTests" time="0.161"/>
  <testcase name="canEncode()" classname="org.springframework.core.codec.ByteBufferEncoderTests" time="0.001"/>
  <system-out><![CDATA[]]></system-out>
  <system-err><![CDATA[]]></system-err>
</testsuite>
