<?xml version="1.0" encoding="UTF-8"?>
<testsuite name="org.springframework.core.env.MutablePropertySourcesTests" tests="6" skipped="0" failures="0" errors="0" timestamp="2021-03-04T16:39:15" hostname="WIN-LQAMLJ4MN5U" time="0.025">
  <properties/>
  <testcase name="streamIsEmptyForEmptySources()" classname="org.springframework.core.env.MutablePropertySourcesTests" time="0.0"/>
  <testcase name="streamContainsPropertySource()" classname="org.springframework.core.env.MutablePropertySourcesTests" time="0.003"/>
  <testcase name="iteratorIsEmptyForEmptySources()" classname="org.springframework.core.env.MutablePropertySourcesTests" time="0.001"/>
  <testcase name="getNonExistentPropertySourceReturnsNull()" classname="org.springframework.core.env.MutablePropertySourcesTests" time="0.001"/>
  <testcase name="test()" classname="org.springframework.core.env.MutablePropertySourcesTests" time="0.004"/>
  <testcase name="iteratorContainsPropertySource()" classname="org.springframework.core.env.MutablePropertySourcesTests" time="0.013"/>
  <system-out><![CDATA[]]></system-out>
  <system-err><![CDATA[]]></system-err>
</testsuite>
