<?xml version="1.0" encoding="UTF-8"?>
<testsuite name="org.springframework.core.annotation.ComposedRepeatableAnnotationsTests" tests="22" skipped="0" failures="0" errors="0" timestamp="2021-03-04T16:38:30" hostname="WIN-LQAMLJ4MN5U" time="0.044">
  <properties/>
  <testcase name="findNonRepeatableAnnotation()" classname="org.springframework.core.annotation.ComposedRepeatableAnnotationsTests" time="0.002"/>
  <testcase name="getNoninheritedComposedRepeatableAnnotationsOnSuperclass()" classname="org.springframework.core.annotation.ComposedRepeatableAnnotationsTests" time="0.004"/>
  <testcase name="getComposedRepeatableAnnotationsOnClass()" classname="org.springframework.core.annotation.ComposedRepeatableAnnotationsTests" time="0.005"/>
  <testcase name="getRepeatableAnnotationsOnSuperclass()" classname="org.springframework.core.annotation.ComposedRepeatableAnnotationsTests" time="0.002"/>
  <testcase name="getNonRepeatableAnnotation()" classname="org.springframework.core.annotation.ComposedRepeatableAnnotationsTests" time="0.001"/>
  <testcase name="getComposedContainerForRepeatableAnnotationsOnClass()" classname="org.springframework.core.annotation.ComposedRepeatableAnnotationsTests" time="0.003"/>
  <testcase name="getNoninheritedComposedRepeatableAnnotationsOnClass()" classname="org.springframework.core.annotation.ComposedRepeatableAnnotationsTests" time="0.004"/>
  <testcase name="findRepeatableAnnotationsOnClass()" classname="org.springframework.core.annotation.ComposedRepeatableAnnotationsTests" time="0.0"/>
  <testcase name="getRepeatableAnnotationsOnClass()" classname="org.springframework.core.annotation.ComposedRepeatableAnnotationsTests" time="0.0"/>
  <testcase name="findInvalidRepeatableAnnotationContainerWithArrayValueAttributeButWrongComponentType()" classname="org.springframework.core.annotation.ComposedRepeatableAnnotationsTests" time="0.001"/>
  <testcase name="getInvalidRepeatableAnnotationContainerMissingValueAttribute()" classname="org.springframework.core.annotation.ComposedRepeatableAnnotationsTests" time="0.001"/>
  <testcase name="findComposedRepeatableAnnotationsMixedWithContainerOnClass()" classname="org.springframework.core.annotation.ComposedRepeatableAnnotationsTests" time="0.002"/>
  <testcase name="findComposedContainerForRepeatableAnnotationsOnClass()" classname="org.springframework.core.annotation.ComposedRepeatableAnnotationsTests" time="0.001"/>
  <testcase name="findNoninheritedComposedRepeatableAnnotationsOnClass()" classname="org.springframework.core.annotation.ComposedRepeatableAnnotationsTests" time="0.001"/>
  <testcase name="findInvalidRepeatableAnnotationContainerMissingValueAttribute()" classname="org.springframework.core.annotation.ComposedRepeatableAnnotationsTests" time="0.001"/>
  <testcase name="findComposedRepeatableAnnotationsOnClass()" classname="org.springframework.core.annotation.ComposedRepeatableAnnotationsTests" time="0.001"/>
  <testcase name="getComposedRepeatableAnnotationsMixedWithContainerOnClass()" classname="org.springframework.core.annotation.ComposedRepeatableAnnotationsTests" time="0.0"/>
  <testcase name="findRepeatableAnnotationsOnSuperclass()" classname="org.springframework.core.annotation.ComposedRepeatableAnnotationsTests" time="0.0"/>
  <testcase name="getInvalidRepeatableAnnotationContainerWithNonArrayValueAttribute()" classname="org.springframework.core.annotation.ComposedRepeatableAnnotationsTests" time="0.001"/>
  <testcase name="findNoninheritedComposedRepeatableAnnotationsOnSuperclass()" classname="org.springframework.core.annotation.ComposedRepeatableAnnotationsTests" time="0.002"/>
  <testcase name="getInvalidRepeatableAnnotationContainerWithArrayValueAttributeButWrongComponentType()" classname="org.springframework.core.annotation.ComposedRepeatableAnnotationsTests" time="0.003"/>
  <testcase name="findInvalidRepeatableAnnotationContainerWithNonArrayValueAttribute()" classname="org.springframework.core.annotation.ComposedRepeatableAnnotationsTests" time="0.001"/>
  <system-out><![CDATA[]]></system-out>
  <system-err><![CDATA[]]></system-err>
</testsuite>
