<?xml version="1.0" encoding="UTF-8"?>
<testsuite name="org.springframework.util.AutoPopulatingListTests" tests="5" skipped="0" failures="0" errors="0" timestamp="2021-03-04T16:40:41" hostname="WIN-LQAMLJ4MN5U" time="0.531">
  <properties/>
  <testcase name="withElementFactoryAndUserSuppliedBackingList()" classname="org.springframework.util.AutoPopulatingListTests" time="0.001"/>
  <testcase name="withClassAndUserSuppliedBackingList()" classname="org.springframework.util.AutoPopulatingListTests" time="0.481"/>
  <testcase name="withClass()" classname="org.springframework.util.AutoPopulatingListTests" time="0.001"/>
  <testcase name="serialization()" classname="org.springframework.util.AutoPopulatingListTests" time="0.042"/>
  <testcase name="withElementFactory()" classname="org.springframework.util.AutoPopulatingListTests" time="0.0"/>
  <system-out><![CDATA[]]></system-out>
  <system-err><![CDATA[]]></system-err>
</testsuite>
