<?xml version="1.0" encoding="UTF-8"?>
<testsuite name="org.springframework.core.testfixture.TestGroupTests" tests="5" skipped="0" failures="0" errors="0" timestamp="2021-03-04T16:40:33" hostname="WIN-LQAMLJ4MN5U" time="0.06">
  <properties/>
  <testcase name="assumeGroupWithBogusActiveTestGroup()" classname="org.springframework.core.testfixture.TestGroupTests" time="0.003"/>
  <testcase name="assumeGroupWithNoMatchingActiveTestGroup()" classname="org.springframework.core.testfixture.TestGroupTests" time="0.047"/>
  <testcase name="assumeGroupWithAllMinusBogusActiveTestGroup()" classname="org.springframework.core.testfixture.TestGroupTests" time="0.002"/>
  <testcase name="assumeGroupWithNoActiveTestGroups()" classname="org.springframework.core.testfixture.TestGroupTests" time="0.001"/>
  <testcase name="assumeGroupWithMatchingActiveTestGroup()" classname="org.springframework.core.testfixture.TestGroupTests" time="0.003"/>
  <system-out><![CDATA[]]></system-out>
  <system-err><![CDATA[]]></system-err>
</testsuite>
