<?xml version="1.0" encoding="UTF-8"?>
<testsuite name="org.springframework.core.type.StandardClassMetadataMemberClassTests" tests="4" skipped="0" failures="0" errors="0" timestamp="2021-03-04T16:40:38" hostname="WIN-LQAMLJ4MN5U" time="0.0">
  <properties/>
  <testcase name="againstMemberClass()" classname="org.springframework.core.type.StandardClassMetadataMemberClassTests" time="0.0"/>
  <testcase name="withNoMemberClasses()" classname="org.springframework.core.type.StandardClassMetadataMemberClassTests" time="0.0"/>
  <testcase name="withNonPublicMemberClasses()" classname="org.springframework.core.type.StandardClassMetadataMemberClassTests" time="0.0"/>
  <testcase name="withPublicMemberClasses()" classname="org.springframework.core.type.StandardClassMetadataMemberClassTests" time="0.0"/>
  <system-out><![CDATA[]]></system-out>
  <system-err><![CDATA[]]></system-err>
</testsuite>
