<?xml version="1.0" encoding="UTF-8"?>
<testsuite name="org.springframework.core.annotation.SynthesizingMethodParameterTests" tests="4" skipped="0" failures="0" errors="0" timestamp="2021-03-04T16:38:33" hostname="WIN-LQAMLJ4MN5U" time="0.003">
  <properties/>
  <testcase name="equals()" classname="org.springframework.core.annotation.SynthesizingMethodParameterTests" time="0.001"/>
  <testcase name="testHashCode()" classname="org.springframework.core.annotation.SynthesizingMethodParameterTests" time="0.0"/>
  <testcase name="indexValidation()" classname="org.springframework.core.annotation.SynthesizingMethodParameterTests" time="0.001"/>
  <testcase name="factoryMethods()" classname="org.springframework.core.annotation.SynthesizingMethodParameterTests" time="0.0"/>
  <system-out><![CDATA[]]></system-out>
  <system-err><![CDATA[]]></system-err>
</testsuite>
