<?xml version="1.0" encoding="UTF-8"?>
<testsuite name="org.springframework.core.annotation.RepeatableContainersTests" tests="16" skipped="0" failures="0" errors="0" timestamp="2021-03-04T16:38:33" hostname="WIN-LQAMLJ4MN5U" time="0.022">
  <properties/>
  <testcase name="ofExplicitWhenAnnotationIsNullThrowsException()" classname="org.springframework.core.annotation.RepeatableContainersTests" time="0.002"/>
  <testcase name="ofExplicitWhenNonRepeatableReturnsNull()" classname="org.springframework.core.annotation.RepeatableContainersTests" time="0.001"/>
  <testcase name="ofExplicitWhenValueIsNotArrayThrowsException()" classname="org.springframework.core.annotation.RepeatableContainersTests" time="0.001"/>
  <testcase name="ofExplicitWhenContainerIsNullAndNotRepeatableThrowsException()" classname="org.springframework.core.annotation.RepeatableContainersTests" time="0.001"/>
  <testcase name="equalsAndHashcode()" classname="org.springframework.core.annotation.RepeatableContainersTests" time="0.0"/>
  <testcase name="standardRepeatablesWhenNonRepeatableReturnsNull()" classname="org.springframework.core.annotation.RepeatableContainersTests" time="0.0"/>
  <testcase name="standardRepeatablesWhenContainerButNotRepeatableReturnsNull()" classname="org.springframework.core.annotation.RepeatableContainersTests" time="0.004"/>
  <testcase name="standardRepeatablesWhenContainerReturnsRepeats()" classname="org.springframework.core.annotation.RepeatableContainersTests" time="0.004"/>
  <testcase name="noneAlwaysReturnsNull()" classname="org.springframework.core.annotation.RepeatableContainersTests" time="0.0"/>
  <testcase name="standardAndExplicitReturnsRepeats()" classname="org.springframework.core.annotation.RepeatableContainersTests" time="0.001"/>
  <testcase name="standardRepeatablesWhenSingleReturnsNull()" classname="org.springframework.core.annotation.RepeatableContainersTests" time="0.001"/>
  <testcase name="ofExplicitWhenStandardRepeatableContainerReturnsNull()" classname="org.springframework.core.annotation.RepeatableContainersTests" time="0.001"/>
  <testcase name="ofExplicitWhenContainerIsNullDeducesContainer()" classname="org.springframework.core.annotation.RepeatableContainersTests" time="0.0"/>
  <testcase name="ofExplicitWhenContainerReturnsRepeats()" classname="org.springframework.core.annotation.RepeatableContainersTests" time="0.001"/>
  <testcase name="ofExplicitWhenValueIsArrayOfWrongTypeThrowsException()" classname="org.springframework.core.annotation.RepeatableContainersTests" time="0.0"/>
  <testcase name="ofExplicitWhenHasNoValueThrowsException()" classname="org.springframework.core.annotation.RepeatableContainersTests" time="0.002"/>
  <system-out><![CDATA[]]></system-out>
  <system-err><![CDATA[]]></system-err>
</testsuite>
