<?xml version="1.0" encoding="UTF-8"?>
<testsuite name="org.springframework.core.annotation.MergedAnnotationsComposedOnSingleAnnotatedElementTests" tests="18" skipped="0" failures="0" errors="0" timestamp="2021-03-04T16:38:31" hostname="WIN-LQAMLJ4MN5U" time="0.061">
  <properties/>
  <testcase name="typeHierarchyStrategyComposedCacheOnInterfaceAndLocalCacheOnClass()" classname="org.springframework.core.annotation.MergedAnnotationsComposedOnSingleAnnotatedElementTests" time="0.005"/>
  <testcase name="typeHierarchyStrategyMultipleInheritedComposedAnnotationsOnSuperclass()" classname="org.springframework.core.annotation.MergedAnnotationsComposedOnSingleAnnotatedElementTests" time="0.002"/>
  <testcase name="inheritedStrategyMultipleInheritedComposedAnnotationsOnSuperclass()" classname="org.springframework.core.annotation.MergedAnnotationsComposedOnSingleAnnotatedElementTests" time="0.001"/>
  <testcase name="typeHierarchyStrategyMultipleComposedAnnotationsOnInterface()" classname="org.springframework.core.annotation.MergedAnnotationsComposedOnSingleAnnotatedElementTests" time="0.009"/>
  <testcase name="typeHierarchyStrategyMultipleNoninheritedComposedAnnotationsOnSuperclass()" classname="org.springframework.core.annotation.MergedAnnotationsComposedOnSingleAnnotatedElementTests" time="0.013"/>
  <testcase name="inheritedStrategyComposedPlusLocalAnnotationsOnMethod()" classname="org.springframework.core.annotation.MergedAnnotationsComposedOnSingleAnnotatedElementTests" time="0.0"/>
  <testcase name="inheritedStrategyMultipleNoninheritedComposedAnnotationsOnClass()" classname="org.springframework.core.annotation.MergedAnnotationsComposedOnSingleAnnotatedElementTests" time="0.0"/>
  <testcase name="typeHierarchyStrategyComposedPlusLocalAnnotationsOnClass()" classname="org.springframework.core.annotation.MergedAnnotationsComposedOnSingleAnnotatedElementTests" time="0.001"/>
  <testcase name="typeHierarchyStrategyMultipleComposedAnnotationsOnMethod()" classname="org.springframework.core.annotation.MergedAnnotationsComposedOnSingleAnnotatedElementTests" time="0.002"/>
  <testcase name="inheritedStrategyMultipleNoninheritedComposedAnnotationsOnSuperclass()" classname="org.springframework.core.annotation.MergedAnnotationsComposedOnSingleAnnotatedElementTests" time="0.001"/>
  <testcase name="inheritedStrategyComposedPlusLocalAnnotationsOnClass()" classname="org.springframework.core.annotation.MergedAnnotationsComposedOnSingleAnnotatedElementTests" time="0.001"/>
  <testcase name="inheritedStrategyMultipleComposedAnnotationsOnMethod()" classname="org.springframework.core.annotation.MergedAnnotationsComposedOnSingleAnnotatedElementTests" time="0.004"/>
  <testcase name="typeHierarchyStrategyMultipleNoninheritedComposedAnnotationsOnClass()" classname="org.springframework.core.annotation.MergedAnnotationsComposedOnSingleAnnotatedElementTests" time="0.001"/>
  <testcase name="typeHierarchyStrategyMultipleComposedAnnotationsOnClass()" classname="org.springframework.core.annotation.MergedAnnotationsComposedOnSingleAnnotatedElementTests" time="0.0"/>
  <testcase name="inheritedStrategyMultipleComposedAnnotationsOnClass()" classname="org.springframework.core.annotation.MergedAnnotationsComposedOnSingleAnnotatedElementTests" time="0.0"/>
  <testcase name="typeHierarchyStrategyComposedPlusLocalAnnotationsOnMethod()" classname="org.springframework.core.annotation.MergedAnnotationsComposedOnSingleAnnotatedElementTests" time="0.002"/>
  <testcase name="typeHierarchyStrategyMultipleComposedAnnotationsOnBridgeMethod()" classname="org.springframework.core.annotation.MergedAnnotationsComposedOnSingleAnnotatedElementTests" time="0.007"/>
  <testcase name="inheritedStrategyMultipleComposedAnnotationsOnInterface()" classname="org.springframework.core.annotation.MergedAnnotationsComposedOnSingleAnnotatedElementTests" time="0.001"/>
  <system-out><![CDATA[]]></system-out>
  <system-err><![CDATA[]]></system-err>
</testsuite>
