<?xml version="1.0" encoding="UTF-8"?>
<testsuite name="org.springframework.core.io.buffer.support.DataBufferTestUtilsTests" tests="12" skipped="0" failures="0" errors="0" timestamp="2021-03-04T16:39:42" hostname="WIN-LQAMLJ4MN5U" time="0.02">
  <properties/>
  <testcase name="dumpBytes(String, DataBufferFactory)[1]" classname="org.springframework.core.io.buffer.support.DataBufferTestUtilsTests" time="0.003"/>
  <testcase name="dumpBytes(String, DataBufferFactory)[2]" classname="org.springframework.core.io.buffer.support.DataBufferTestUtilsTests" time="0.001"/>
  <testcase name="dumpBytes(String, DataBufferFactory)[3]" classname="org.springframework.core.io.buffer.support.DataBufferTestUtilsTests" time="0.001"/>
  <testcase name="dumpBytes(String, DataBufferFactory)[4]" classname="org.springframework.core.io.buffer.support.DataBufferTestUtilsTests" time="0.0"/>
  <testcase name="dumpBytes(String, DataBufferFactory)[5]" classname="org.springframework.core.io.buffer.support.DataBufferTestUtilsTests" time="0.0"/>
  <testcase name="dumpBytes(String, DataBufferFactory)[6]" classname="org.springframework.core.io.buffer.support.DataBufferTestUtilsTests" time="0.0"/>
  <testcase name="dumpString(String, DataBufferFactory)[1]" classname="org.springframework.core.io.buffer.support.DataBufferTestUtilsTests" time="0.0"/>
  <testcase name="dumpString(String, DataBufferFactory)[2]" classname="org.springframework.core.io.buffer.support.DataBufferTestUtilsTests" time="0.001"/>
  <testcase name="dumpString(String, DataBufferFactory)[3]" classname="org.springframework.core.io.buffer.support.DataBufferTestUtilsTests" time="0.001"/>
  <testcase name="dumpString(String, DataBufferFactory)[4]" classname="org.springframework.core.io.buffer.support.DataBufferTestUtilsTests" time="0.001"/>
  <testcase name="dumpString(String, DataBufferFactory)[5]" classname="org.springframework.core.io.buffer.support.DataBufferTestUtilsTests" time="0.0"/>
  <testcase name="dumpString(String, DataBufferFactory)[6]" classname="org.springframework.core.io.buffer.support.DataBufferTestUtilsTests" time="0.0"/>
  <system-out><![CDATA[]]></system-out>
  <system-err><![CDATA[]]></system-err>
</testsuite>
