<?xml version="1.0" encoding="UTF-8"?>
<testsuite name="org.springframework.util.comparator.NullSafeComparatorTests" tests="2" skipped="0" failures="0" errors="0" timestamp="2021-03-04T16:40:43" hostname="WIN-LQAMLJ4MN5U" time="0.008">
  <properties/>
  <testcase name="shouldCompareWithNullsLow()" classname="org.springframework.util.comparator.NullSafeComparatorTests" time="0.007"/>
  <testcase name="shouldCompareWithNullsHigh()" classname="org.springframework.util.comparator.NullSafeComparatorTests" time="0.001"/>
  <system-out><![CDATA[]]></system-out>
  <system-err><![CDATA[]]></system-err>
</testsuite>
