<?xml version="1.0" encoding="UTF-8"?>
<testsuite name="org.springframework.core.convert.support.MapToMapConverterTests" tests="14" skipped="0" failures="0" errors="0" timestamp="2021-03-04T16:39:13" hostname="WIN-LQAMLJ4MN5U" time="0.421">
  <properties/>
  <testcase name="scalarMapNotGenericTarget()" classname="org.springframework.core.convert.support.MapToMapConverterTests" time="0.001"/>
  <testcase name="scalarMap()" classname="org.springframework.core.convert.support.MapToMapConverterTests" time="0.002"/>
  <testcase name="collectionMapNotGenericTargetCollectionToObjectInteraction()" classname="org.springframework.core.convert.support.MapToMapConverterTests" time="0.0"/>
  <testcase name="noDefaultConstructorCopyNotRequired()" classname="org.springframework.core.convert.support.MapToMapConverterTests" time="0.001"/>
  <testcase name="collectionMapNotGenericTarget()" classname="org.springframework.core.convert.support.MapToMapConverterTests" time="0.0"/>
  <testcase name="mapToMultiValueMap()" classname="org.springframework.core.convert.support.MapToMapConverterTests" time="0.001"/>
  <testcase name="collectionMap()" classname="org.springframework.core.convert.support.MapToMapConverterTests" time="0.002"/>
  <testcase name="scalarMapNotGenericSourceField()" classname="org.springframework.core.convert.support.MapToMapConverterTests" time="0.001"/>
  <testcase name="collectionMapSourceTarget()" classname="org.springframework.core.convert.support.MapToMapConverterTests" time="0.004"/>
  <testcase name="emptyMapNoTargetGenericInfo()" classname="org.springframework.core.convert.support.MapToMapConverterTests" time="0.0"/>
  <testcase name="multiValueMapToMultiValueMap()" classname="org.springframework.core.convert.support.MapToMapConverterTests" time="0.002"/>
  <testcase name="stringToEnumMap()" classname="org.springframework.core.convert.support.MapToMapConverterTests" time="0.304"/>
  <testcase name="emptyMap()" classname="org.springframework.core.convert.support.MapToMapConverterTests" time="0.0"/>
  <testcase name="emptyMapDifferentTargetImplType()" classname="org.springframework.core.convert.support.MapToMapConverterTests" time="0.0"/>
  <system-out><![CDATA[]]></system-out>
  <system-err><![CDATA[]]></system-err>
</testsuite>
