<?xml version="1.0" encoding="UTF-8"?>
<testsuite name="org.springframework.core.testfixture.TestGroupParsingTests" tests="9" skipped="0" failures="0" errors="0" timestamp="2021-03-04T16:40:33" hostname="WIN-LQAMLJ4MN5U" time="0.022">
  <properties/>
  <testcase name="parseNull()" classname="org.springframework.core.testfixture.TestGroupParsingTests" time="0.001"/>
  <testcase name="parseInMixedCase()" classname="org.springframework.core.testfixture.TestGroupParsingTests" time="0.002"/>
  <testcase name="parseMissing()" classname="org.springframework.core.testfixture.TestGroupParsingTests" time="0.002"/>
  <testcase name="parseAllExceptMissing()" classname="org.springframework.core.testfixture.TestGroupParsingTests" time="0.001"/>
  <testcase name="parseEmptyString()" classname="org.springframework.core.testfixture.TestGroupParsingTests" time="0.0"/>
  <testcase name="parseAll()" classname="org.springframework.core.testfixture.TestGroupParsingTests" time="0.001"/>
  <testcase name="parseWithSpaces()" classname="org.springframework.core.testfixture.TestGroupParsingTests" time="0.002"/>
  <testcase name="parseBlankString()" classname="org.springframework.core.testfixture.TestGroupParsingTests" time="0.001"/>
  <testcase name="parseAllExceptPerformance()" classname="org.springframework.core.testfixture.TestGroupParsingTests" time="0.001"/>
  <system-out><![CDATA[]]></system-out>
  <system-err><![CDATA[]]></system-err>
</testsuite>
