<?xml version="1.0" encoding="UTF-8"?>
<testsuite name="org.springframework.core.annotation.MergedAnnotationPredicatesTests" tests="11" skipped="0" failures="0" errors="0" timestamp="2021-03-04T16:38:30" hostname="WIN-LQAMLJ4MN5U" time="0.036">
  <properties/>
  <testcase name="typeInStringArrayWhenNameDoesNotMatchRejects()" classname="org.springframework.core.annotation.MergedAnnotationPredicatesTests" time="0.004"/>
  <testcase name="firstRunOfAcceptsOnlyFirstRun()" classname="org.springframework.core.annotation.MergedAnnotationPredicatesTests" time="0.008"/>
  <testcase name="firstRunOfWhenValueExtractorIsNullThrowsException()" classname="org.springframework.core.annotation.MergedAnnotationPredicatesTests" time="0.005"/>
  <testcase name="typeInCollectionWhenDoesNotMatchAnyRejects()" classname="org.springframework.core.annotation.MergedAnnotationPredicatesTests" time="0.001"/>
  <testcase name="uniqueWhenKeyExtractorIsNullThrowsException()" classname="org.springframework.core.annotation.MergedAnnotationPredicatesTests" time="0.006"/>
  <testcase name="typeInCollectionWhenMatchesClassInCollectionAccepts()" classname="org.springframework.core.annotation.MergedAnnotationPredicatesTests" time="0.0"/>
  <testcase name="typeInClassArrayWhenNameMatchesAccepts()" classname="org.springframework.core.annotation.MergedAnnotationPredicatesTests" time="0.001"/>
  <testcase name="uniqueAcceptsUniquely()" classname="org.springframework.core.annotation.MergedAnnotationPredicatesTests" time="0.003"/>
  <testcase name="typeInStringArrayWhenNameMatchesAccepts()" classname="org.springframework.core.annotation.MergedAnnotationPredicatesTests" time="0.001"/>
  <testcase name="typeInClassArrayWhenNameDoesNotMatchRejects()" classname="org.springframework.core.annotation.MergedAnnotationPredicatesTests" time="0.001"/>
  <testcase name="typeInCollectionWhenMatchesStringInCollectionAccepts()" classname="org.springframework.core.annotation.MergedAnnotationPredicatesTests" time="0.0"/>
  <system-out><![CDATA[]]></system-out>
  <system-err><![CDATA[]]></system-err>
</testsuite>
