<?xml version="1.0" encoding="UTF-8"?>
<testsuite name="org.springframework.util.AntPathMatcherTests" tests="24" skipped="0" failures="0" errors="0" timestamp="2021-03-04T16:40:38" hostname="WIN-LQAMLJ4MN5U" time="1.853">
  <properties/>
  <testcase name="combineWithTwoFileExtensionPatterns()" classname="org.springframework.util.AntPathMatcherTests" time="0.003"/>
  <testcase name="patternComparator()" classname="org.springframework.util.AntPathMatcherTests" time="0.01"/>
  <testcase name="creatingStringMatchersIfPatternPrefixCannotDetermineIfPathMatch()" classname="org.springframework.util.AntPathMatcherTests" time="0.001"/>
  <testcase name="isPattern()" classname="org.springframework.util.AntPathMatcherTests" time="0.0"/>
  <testcase name="extractUriTemplateVarsRegexQualifiers()" classname="org.springframework.util.AntPathMatcherTests" time="0.004"/>
  <testcase name="uniqueDeliminator()" classname="org.springframework.util.AntPathMatcherTests" time="0.003"/>
  <testcase name="extractPathWithinPattern()" classname="org.springframework.util.AntPathMatcherTests" time="0.001"/>
  <testcase name="extractUriTemplateVarsRegexCapturingGroups()" classname="org.springframework.util.AntPathMatcherTests" time="0.003"/>
  <testcase name="defaultCacheSetting()" classname="org.springframework.util.AntPathMatcherTests" time="0.576"/>
  <testcase name="extractUriTemplateVariables()" classname="org.springframework.util.AntPathMatcherTests" time="0.001"/>
  <testcase name="matchWithNullPath()" classname="org.springframework.util.AntPathMatcherTests" time="0.0"/>
  <testcase name="match()" classname="org.springframework.util.AntPathMatcherTests" time="0.001"/>
  <testcase name="caseInsensitive()" classname="org.springframework.util.AntPathMatcherTests" time="0.001"/>
  <testcase name="patternComparatorSort()" classname="org.springframework.util.AntPathMatcherTests" time="0.0"/>
  <testcase name="cachePatternsSetToTrue()" classname="org.springframework.util.AntPathMatcherTests" time="1.218"/>
  <testcase name="trimTokensOff()" classname="org.springframework.util.AntPathMatcherTests" time="0.001"/>
  <testcase name="cachePatternsSetToFalse()" classname="org.springframework.util.AntPathMatcherTests" time="0.02"/>
  <testcase name="combine()" classname="org.springframework.util.AntPathMatcherTests" time="0.001"/>
  <testcase name="matchWithTrimTokensEnabled()" classname="org.springframework.util.AntPathMatcherTests" time="0.001"/>
  <testcase name="preventCreatingStringMatchersIfPathDoesNotStartsWithPatternPrefix()" classname="org.springframework.util.AntPathMatcherTests" time="0.0"/>
  <testcase name="matchStart()" classname="org.springframework.util.AntPathMatcherTests" time="0.001"/>
  <testcase name="isPatternWithNullPath()" classname="org.springframework.util.AntPathMatcherTests" time="0.001"/>
  <testcase name="extractUriTemplateVariablesRegex()" classname="org.springframework.util.AntPathMatcherTests" time="0.0"/>
  <testcase name="extensionMappingWithDotPathSeparator()" classname="org.springframework.util.AntPathMatcherTests" time="0.001"/>
  <system-out><![CDATA[]]></system-out>
  <system-err><![CDATA[]]></system-err>
</testsuite>
