<?xml version="1.0" encoding="UTF-8"?>
<testsuite name="org.springframework.util.StreamUtilsTests" tests="8" skipped="0" failures="0" errors="0" timestamp="2021-03-04T16:40:52" hostname="WIN-LQAMLJ4MN5U" time="1.737">
  <properties/>
  <testcase name="nonClosingOutputStream()" classname="org.springframework.util.StreamUtilsTests" time="0.479"/>
  <testcase name="copyStream()" classname="org.springframework.util.StreamUtilsTests" time="0.593"/>
  <testcase name="copyString()" classname="org.springframework.util.StreamUtilsTests" time="0.004"/>
  <testcase name="copyToString()" classname="org.springframework.util.StreamUtilsTests" time="0.443"/>
  <testcase name="copyBytes()" classname="org.springframework.util.StreamUtilsTests" time="0.009"/>
  <testcase name="copyRange()" classname="org.springframework.util.StreamUtilsTests" time="0.003"/>
  <testcase name="nonClosingInputStream()" classname="org.springframework.util.StreamUtilsTests" time="0.199"/>
  <testcase name="copyToByteArray()" classname="org.springframework.util.StreamUtilsTests" time="0.003"/>
  <system-out><![CDATA[]]></system-out>
  <system-err><![CDATA[]]></system-err>
</testsuite>
