<?xml version="1.0" encoding="UTF-8"?>
<testsuite name="org.springframework.core.io.ClassPathResourceTests" tests="12" skipped="0" failures="0" errors="0" timestamp="2021-03-04T16:39:42" hostname="WIN-LQAMLJ4MN5U" time="0.57">
  <properties/>
  <testcase name="stringConstructorRaisesExceptionWithFullyQualifiedPath()" classname="org.springframework.core.io.ClassPathResourceTests" time="0.002"/>
  <testcase name="getDescriptionWithClassLoaderConstructorAndLeadingSlash()" classname="org.springframework.core.io.ClassPathResourceTests" time="0.114"/>
  <testcase name="getDescriptionWithStringConstructor()" classname="org.springframework.core.io.ClassPathResourceTests" time="0.001"/>
  <testcase name="classLiteralConstructorRaisesExceptionWithFullyQualifiedPath()" classname="org.springframework.core.io.ClassPathResourceTests" time="0.001"/>
  <testcase name="getDescriptionWithStringConstructorAndLeadingSlash()" classname="org.springframework.core.io.ClassPathResourceTests" time="0.001"/>
  <testcase name="dropLeadingSlashForClassLoaderAccess()" classname="org.springframework.core.io.ClassPathResourceTests" time="0.0"/>
  <testcase name="directoryNotReadable()" classname="org.springframework.core.io.ClassPathResourceTests" time="0.006"/>
  <testcase name="preserveLeadingSlashForClassRelativeAccess()" classname="org.springframework.core.io.ClassPathResourceTests" time="0.001"/>
  <testcase name="getDescriptionWithClassLiteralConstructor()" classname="org.springframework.core.io.ClassPathResourceTests" time="0.008"/>
  <testcase name="classLoaderConstructorRaisesExceptionWithFullyQualifiedPath()" classname="org.springframework.core.io.ClassPathResourceTests" time="0.009"/>
  <testcase name="getDescriptionWithClassLiteralConstructorAndLeadingSlash()" classname="org.springframework.core.io.ClassPathResourceTests" time="0.0"/>
  <testcase name="getDescriptionWithClassLoaderConstructor()" classname="org.springframework.core.io.ClassPathResourceTests" time="0.123"/>
  <system-out><![CDATA[]]></system-out>
  <system-err><![CDATA[]]></system-err>
</testsuite>
