<?xml version="1.0" encoding="UTF-8"?>
<testsuite name="org.springframework.util.LinkedMultiValueMapTests" tests="11" skipped="0" failures="0" errors="0" timestamp="2021-03-04T16:40:47" hostname="WIN-LQAMLJ4MN5U" time="0.066">
  <properties/>
  <testcase name="addAll()" classname="org.springframework.util.LinkedMultiValueMapTests" time="0.001"/>
  <testcase name="toSingleValueMap()" classname="org.springframework.util.LinkedMultiValueMapTests" time="0.063"/>
  <testcase name="equals()" classname="org.springframework.util.LinkedMultiValueMapTests" time="0.0"/>
  <testcase name="getFirstWithEmptyList()" classname="org.springframework.util.LinkedMultiValueMapTests" time="0.0"/>
  <testcase name="addAllWithEmptyList()" classname="org.springframework.util.LinkedMultiValueMapTests" time="0.001"/>
  <testcase name="addIfAbsentWhenPresent()" classname="org.springframework.util.LinkedMultiValueMapTests" time="0.0"/>
  <testcase name="add()" classname="org.springframework.util.LinkedMultiValueMapTests" time="0.0"/>
  <testcase name="set()" classname="org.springframework.util.LinkedMultiValueMapTests" time="0.0"/>
  <testcase name="addIfAbsentWhenAbsent()" classname="org.springframework.util.LinkedMultiValueMapTests" time="0.001"/>
  <testcase name="toSingleValueMapWithEmptyList()" classname="org.springframework.util.LinkedMultiValueMapTests" time="0.0"/>
  <testcase name="getFirst()" classname="org.springframework.util.LinkedMultiValueMapTests" time="0.0"/>
  <system-out><![CDATA[]]></system-out>
  <system-err><![CDATA[]]></system-err>
</testsuite>
