<?xml version="1.0" encoding="UTF-8"?>
<testsuite name="org.springframework.util.FixedBackOffTests" tests="6" skipped="0" failures="0" errors="0" timestamp="2021-03-04T16:40:47" hostname="WIN-LQAMLJ4MN5U" time="0.057">
  <properties/>
  <testcase name="defaultInstance()" classname="org.springframework.util.FixedBackOffTests" time="0.003"/>
  <testcase name="startReturnDifferentInstances()" classname="org.springframework.util.FixedBackOffTests" time="0.0"/>
  <testcase name="maxAttemptsReached()" classname="org.springframework.util.FixedBackOffTests" time="0.0"/>
  <testcase name="toStringContent()" classname="org.springframework.util.FixedBackOffTests" time="0.052"/>
  <testcase name="liveUpdate()" classname="org.springframework.util.FixedBackOffTests" time="0.001"/>
  <testcase name="noAttemptAtAll()" classname="org.springframework.util.FixedBackOffTests" time="0.0"/>
  <system-out><![CDATA[]]></system-out>
  <system-err><![CDATA[]]></system-err>
</testsuite>
