<?xml version="1.0" encoding="UTF-8"?>
<testsuite name="org.springframework.core.style.DefaultValueStylerTests" tests="7" skipped="0" failures="0" errors="0" timestamp="2021-03-04T16:40:33" hostname="WIN-LQAMLJ4MN5U" time="0.14">
  <properties/>
  <testcase name="styleMapEntries()" classname="org.springframework.core.style.DefaultValueStylerTests" time="0.001"/>
  <testcase name="stylePrimitiveArrays()" classname="org.springframework.core.style.DefaultValueStylerTests" time="0.002"/>
  <testcase name="styleBasics()" classname="org.springframework.core.style.DefaultValueStylerTests" time="0.005"/>
  <testcase name="styleObjectArrays()" classname="org.springframework.core.style.DefaultValueStylerTests" time="0.015"/>
  <testcase name="stylePlainObject()" classname="org.springframework.core.style.DefaultValueStylerTests" time="0.002"/>
  <testcase name="styleCollections()" classname="org.springframework.core.style.DefaultValueStylerTests" time="0.001"/>
  <testcase name="styleMaps()" classname="org.springframework.core.style.DefaultValueStylerTests" time="0.0"/>
  <system-out><![CDATA[]]></system-out>
  <system-err><![CDATA[]]></system-err>
</testsuite>
