<?xml version="1.0" encoding="UTF-8"?>
<testsuite name="org.springframework.core.task.SimpleAsyncTaskExecutorTests" tests="5" skipped="0" failures="0" errors="0" timestamp="2021-03-04T16:40:33" hostname="WIN-LQAMLJ4MN5U" time="0.187">
  <properties/>
  <testcase name="threadFactoryOverridesDefaults()" classname="org.springframework.core.task.SimpleAsyncTaskExecutorTests" time="0.068"/>
  <testcase name="threadNameGetsSetCorrectly()" classname="org.springframework.core.task.SimpleAsyncTaskExecutorTests" time="0.039"/>
  <testcase name="cannotExecuteWhenConcurrencyIsSwitchedOff()" classname="org.springframework.core.task.SimpleAsyncTaskExecutorTests" time="0.003"/>
  <testcase name="throttleIsNotActiveByDefault()" classname="org.springframework.core.task.SimpleAsyncTaskExecutorTests" time="0.0"/>
  <testcase name="throwsExceptionWhenSuppliedWithNullRunnable()" classname="org.springframework.core.task.SimpleAsyncTaskExecutorTests" time="0.073"/>
  <system-out><![CDATA[]]></system-out>
  <system-err><![CDATA[]]></system-err>
</testsuite>
