<?xml version="1.0" encoding="UTF-8"?>
<testsuite name="org.springframework.core.annotation.MultipleComposedAnnotationsOnSingleAnnotatedElementTests" tests="19" skipped="1" failures="0" errors="0" timestamp="2021-03-04T16:38:33" hostname="WIN-LQAMLJ4MN5U" time="0.329">
  <properties/>
  <testcase name="findMultipleNoninheritedComposedAnnotationsOnClass()" classname="org.springframework.core.annotation.MultipleComposedAnnotationsOnSingleAnnotatedElementTests" time="0.077"/>
  <testcase name="getMultipleNoninheritedComposedAnnotationsOnClass()" classname="org.springframework.core.annotation.MultipleComposedAnnotationsOnSingleAnnotatedElementTests" time="0.005"/>
  <testcase name="findMultipleInheritedComposedAnnotationsOnSuperclass()" classname="org.springframework.core.annotation.MultipleComposedAnnotationsOnSingleAnnotatedElementTests" time="0.001"/>
  <testcase name="getMultipleComposedAnnotationsOnBridgeMethod()" classname="org.springframework.core.annotation.MultipleComposedAnnotationsOnSingleAnnotatedElementTests" time="0.0">
    <skipped/>
  </testcase>
  <testcase name="findMultipleComposedAnnotationsOnClass()" classname="org.springframework.core.annotation.MultipleComposedAnnotationsOnSingleAnnotatedElementTests" time="0.001"/>
  <testcase name="findComposedPlusLocalAnnotationsOnMethod()" classname="org.springframework.core.annotation.MultipleComposedAnnotationsOnSingleAnnotatedElementTests" time="0.001"/>
  <testcase name="findMultipleComposedAnnotationsOnInterface()" classname="org.springframework.core.annotation.MultipleComposedAnnotationsOnSingleAnnotatedElementTests" time="0.001"/>
  <testcase name="getComposedPlusLocalAnnotationsOnClass()" classname="org.springframework.core.annotation.MultipleComposedAnnotationsOnSingleAnnotatedElementTests" time="0.0"/>
  <testcase name="getMultipleComposedAnnotationsOnMethod()" classname="org.springframework.core.annotation.MultipleComposedAnnotationsOnSingleAnnotatedElementTests" time="0.001"/>
  <testcase name="getMultipleComposedAnnotationsOnClass()" classname="org.springframework.core.annotation.MultipleComposedAnnotationsOnSingleAnnotatedElementTests" time="0.0"/>
  <testcase name="findMultipleNoninheritedComposedAnnotationsOnSuperclass()" classname="org.springframework.core.annotation.MultipleComposedAnnotationsOnSingleAnnotatedElementTests" time="0.0"/>
  <testcase name="getMultipleInheritedComposedAnnotationsOnSuperclass()" classname="org.springframework.core.annotation.MultipleComposedAnnotationsOnSingleAnnotatedElementTests" time="0.0"/>
  <testcase name="findComposedPlusLocalAnnotationsOnClass()" classname="org.springframework.core.annotation.MultipleComposedAnnotationsOnSingleAnnotatedElementTests" time="0.001"/>
  <testcase name="findMultipleComposedAnnotationsOnMethod()" classname="org.springframework.core.annotation.MultipleComposedAnnotationsOnSingleAnnotatedElementTests" time="0.001"/>
  <testcase name="findComposedCacheOnInterfaceAndLocalCacheOnClass()" classname="org.springframework.core.annotation.MultipleComposedAnnotationsOnSingleAnnotatedElementTests" time="0.001"/>
  <testcase name="getMultipleNoninheritedComposedAnnotationsOnSuperclass()" classname="org.springframework.core.annotation.MultipleComposedAnnotationsOnSingleAnnotatedElementTests" time="0.0"/>
  <testcase name="getMultipleComposedAnnotationsOnInterface()" classname="org.springframework.core.annotation.MultipleComposedAnnotationsOnSingleAnnotatedElementTests" time="0.002"/>
  <testcase name="findMultipleComposedAnnotationsOnBridgeMethod()" classname="org.springframework.core.annotation.MultipleComposedAnnotationsOnSingleAnnotatedElementTests" time="0.002"/>
  <testcase name="getComposedPlusLocalAnnotationsOnMethod()" classname="org.springframework.core.annotation.MultipleComposedAnnotationsOnSingleAnnotatedElementTests" time="0.001"/>
  <system-out><![CDATA[]]></system-out>
  <system-err><![CDATA[]]></system-err>
</testsuite>
