<?xml version="1.0" encoding="UTF-8"?>
<testsuite name="org.springframework.core.SortedPropertiesTests" tests="11" skipped="0" failures="0" errors="0" timestamp="2021-03-04T16:40:16" hostname="WIN-LQAMLJ4MN5U" time="0.018">
  <properties/>
  <testcase name="entrySet()" classname="org.springframework.core.SortedPropertiesTests" time="0.003"/>
  <testcase name="storingAsXmlSortsPropertiesAndOmitsComments()" classname="org.springframework.core.SortedPropertiesTests" time="0.004"/>
  <testcase name="keySet()" classname="org.springframework.core.SortedPropertiesTests" time="0.0"/>
  <testcase name="entrySetFromPrototype()" classname="org.springframework.core.SortedPropertiesTests" time="0.0"/>
  <testcase name="sortsPropertiesAndOmitsCommentsUsingWriter()" classname="org.springframework.core.SortedPropertiesTests" time="0.004"/>
  <testcase name="keys()" classname="org.springframework.core.SortedPropertiesTests" time="0.0"/>
  <testcase name="sortsPropertiesUsingOutputStream()" classname="org.springframework.core.SortedPropertiesTests" time="0.001"/>
  <testcase name="keySetFromPrototype()" classname="org.springframework.core.SortedPropertiesTests" time="0.001"/>
  <testcase name="sortsPropertiesAndOmitsCommentsUsingOutputStream()" classname="org.springframework.core.SortedPropertiesTests" time="0.002"/>
  <testcase name="keysFromPrototype()" classname="org.springframework.core.SortedPropertiesTests" time="0.0"/>
  <testcase name="sortsPropertiesUsingWriter()" classname="org.springframework.core.SortedPropertiesTests" time="0.001"/>
  <system-out><![CDATA[]]></system-out>
  <system-err><![CDATA[]]></system-err>
</testsuite>
