<?xml version="1.0" encoding="UTF-8"?>
<testsuite name="org.springframework.transaction.TxNamespaceHandlerEventTests" tests="1" skipped="0" failures="0" errors="0" timestamp="2021-03-04T16:40:27" hostname="WIN-LQAMLJ4MN5U" time="0.289">
  <properties/>
  <testcase name="componentEventReceived()" classname="org.springframework.transaction.TxNamespaceHandlerEventTests" time="0.289"/>
  <system-out><![CDATA[]]></system-out>
  <system-err><![CDATA[]]></system-err>
</testsuite>
