<?xml version="1.0" encoding="UTF-8"?>
<testsuite name="org.springframework.jca.cci.CciLocalTransactionTests" tests="2" skipped="0" failures="0" errors="0" timestamp="2021-03-04T16:39:31" hostname="WIN-LQAMLJ4MN5U" time="8.326">
  <properties/>
  <testcase name="testLocalTransactionRollback()" classname="org.springframework.jca.cci.CciLocalTransactionTests" time="8.275"/>
  <testcase name="testLocalTransactionCommit()" classname="org.springframework.jca.cci.CciLocalTransactionTests" time="0.051"/>
  <system-out><![CDATA[]]></system-out>
  <system-err><![CDATA[]]></system-err>
</testsuite>
