<?xml version="1.0" encoding="UTF-8"?>
<testsuite name="org.springframework.transaction.interceptor.RuleBasedTransactionAttributeTests" tests="9" skipped="0" failures="0" errors="0" timestamp="2021-03-04T16:40:22" hostname="WIN-LQAMLJ4MN5U" time="0.012">
  <properties/>
  <testcase name="testRuleForRollbackOnChecked()" classname="org.springframework.transaction.interceptor.RuleBasedTransactionAttributeTests" time="0.004"/>
  <testcase name="testConflictingRulesToDetermineExactContract()" classname="org.springframework.transaction.interceptor.RuleBasedTransactionAttributeTests" time="0.001"/>
  <testcase name="testRuleForCommitOnSubclassOfChecked()" classname="org.springframework.transaction.interceptor.RuleBasedTransactionAttributeTests" time="0.001"/>
  <testcase name="testDefaultRule()" classname="org.springframework.transaction.interceptor.RuleBasedTransactionAttributeTests" time="0.0"/>
  <testcase name="testToStringMatchesEditor()" classname="org.springframework.transaction.interceptor.RuleBasedTransactionAttributeTests" time="0.0"/>
  <testcase name="testRuleForSelectiveRollbackOnCheckedWithClass()" classname="org.springframework.transaction.interceptor.RuleBasedTransactionAttributeTests" time="0.0"/>
  <testcase name="testRollbackNever()" classname="org.springframework.transaction.interceptor.RuleBasedTransactionAttributeTests" time="0.0"/>
  <testcase name="testRuleForSelectiveRollbackOnCheckedWithString()" classname="org.springframework.transaction.interceptor.RuleBasedTransactionAttributeTests" time="0.0"/>
  <testcase name="testRuleForCommitOnUnchecked()" classname="org.springframework.transaction.interceptor.RuleBasedTransactionAttributeTests" time="0.001"/>
  <system-out><![CDATA[]]></system-out>
  <system-err><![CDATA[]]></system-err>
</testsuite>
