<?xml version="1.0" encoding="UTF-8"?>
<testsuite name="org.springframework.transaction.event.ApplicationListenerMethodTransactionalAdapterTests" tests="4" skipped="0" failures="0" errors="0" timestamp="2021-03-04T16:40:13" hostname="WIN-LQAMLJ4MN5U" time="0.107">
  <properties/>
  <testcase name="phaseSet()" classname="org.springframework.transaction.event.ApplicationListenerMethodTransactionalAdapterTests" time="0.042"/>
  <testcase name="valueSet()" classname="org.springframework.transaction.event.ApplicationListenerMethodTransactionalAdapterTests" time="0.057"/>
  <testcase name="defaultPhase()" classname="org.springframework.transaction.event.ApplicationListenerMethodTransactionalAdapterTests" time="0.001"/>
  <testcase name="phaseAndClassesSet()" classname="org.springframework.transaction.event.ApplicationListenerMethodTransactionalAdapterTests" time="0.003"/>
  <system-out><![CDATA[]]></system-out>
  <system-err><![CDATA[]]></system-err>
</testsuite>
