<?xml version="1.0" encoding="UTF-8"?>
<testsuite name="org.springframework.transaction.reactive.ReactiveTransactionSupportTests" tests="10" skipped="0" failures="0" errors="0" timestamp="2021-03-04T16:40:26" hostname="WIN-LQAMLJ4MN5U" time="0.517">
  <properties/>
  <testcase name="existingTransaction()" classname="org.springframework.transaction.reactive.ReactiveTransactionSupportTests" time="0.199"/>
  <testcase name="noExistingTransaction()" classname="org.springframework.transaction.reactive.ReactiveTransactionSupportTests" time="0.114"/>
  <testcase name="rollbackWithExistingTransaction()" classname="org.springframework.transaction.reactive.ReactiveTransactionSupportTests" time="0.078"/>
  <testcase name="commitWithExistingTransaction()" classname="org.springframework.transaction.reactive.ReactiveTransactionSupportTests" time="0.007"/>
  <testcase name="transactionTemplateWithException()" classname="org.springframework.transaction.reactive.ReactiveTransactionSupportTests" time="0.096"/>
  <testcase name="rollbackWithoutExistingTransaction()" classname="org.springframework.transaction.reactive.ReactiveTransactionSupportTests" time="0.003"/>
  <testcase name="rollbackOnlyWithExistingTransaction()" classname="org.springframework.transaction.reactive.ReactiveTransactionSupportTests" time="0.004"/>
  <testcase name="transactionTemplate()" classname="org.springframework.transaction.reactive.ReactiveTransactionSupportTests" time="0.008"/>
  <testcase name="commitWithoutExistingTransaction()" classname="org.springframework.transaction.reactive.ReactiveTransactionSupportTests" time="0.003"/>
  <testcase name="rollbackOnlyWithoutExistingTransaction()" classname="org.springframework.transaction.reactive.ReactiveTransactionSupportTests" time="0.002"/>
  <system-out><![CDATA[]]></system-out>
  <system-err><![CDATA[]]></system-err>
</testsuite>
