<?xml version="1.0" encoding="UTF-8"?>
<testsuite name="org.springframework.transaction.interceptor.TransactionAttributeSourceEditorTests" tests="4" skipped="0" failures="0" errors="0" timestamp="2021-03-04T16:40:23" hostname="WIN-LQAMLJ4MN5U" time="0.014">
  <properties/>
  <testcase name="invalidFormat()" classname="org.springframework.transaction.interceptor.TransactionAttributeSourceEditorTests" time="0.001"/>
  <testcase name="matchesSpecific()" classname="org.springframework.transaction.interceptor.TransactionAttributeSourceEditorTests" time="0.011"/>
  <testcase name="nullValue()" classname="org.springframework.transaction.interceptor.TransactionAttributeSourceEditorTests" time="0.0"/>
  <testcase name="matchesAll()" classname="org.springframework.transaction.interceptor.TransactionAttributeSourceEditorTests" time="0.001"/>
  <system-out><![CDATA[]]></system-out>
  <system-err><![CDATA[]]></system-err>
</testsuite>
