<?xml version="1.0" encoding="UTF-8"?>
<testsuite name="org.springframework.jca.cci.CciTemplateTests" tests="19" skipped="0" failures="0" errors="0" timestamp="2021-03-04T16:39:40" hostname="WIN-LQAMLJ4MN5U" time="4.794">
  <properties/>
  <testcase name="testTemplateExecuteInputGeneratorTrueWithCreator()" classname="org.springframework.jca.cci.CciTemplateTests" time="0.091"/>
  <testcase name="testTemplateExecuteInputTrueWithCreator2()" classname="org.springframework.jca.cci.CciTemplateTests" time="0.007"/>
  <testcase name="testTemplateExecuteConnectionCallback()" classname="org.springframework.jca.cci.CciTemplateTests" time="0.181"/>
  <testcase name="testTemplateExecuteInputFalse()" classname="org.springframework.jca.cci.CciTemplateTests" time="0.007"/>
  <testcase name="testTemplateExecuteInputExtractorFalse()" classname="org.springframework.jca.cci.CciTemplateTests" time="0.31"/>
  <testcase name="testCreateMappedRecord()" classname="org.springframework.jca.cci.CciTemplateTests" time="0.282"/>
  <testcase name="testTemplateExecuteInputTrueTrue()" classname="org.springframework.jca.cci.CciTemplateTests" time="0.004"/>
  <testcase name="testTemplateExecuteInputFalseTrue()" classname="org.springframework.jca.cci.CciTemplateTests" time="0.006"/>
  <testcase name="testTemplateExecuteWithCreatorAndRecordFactoryNotSupported()" classname="org.springframework.jca.cci.CciTemplateTests" time="0.207"/>
  <testcase name="testTemplateExecuteInputOutputConnectionSpec()" classname="org.springframework.jca.cci.CciTemplateTests" time="0.055"/>
  <testcase name="testTemplateExecuteInteractionCallback()" classname="org.springframework.jca.cci.CciTemplateTests" time="0.072"/>
  <testcase name="testTemplateExecuteInputTrueTrueWithCreator()" classname="org.springframework.jca.cci.CciTemplateTests" time="0.007"/>
  <testcase name="testTemplateExecuteInputOutput()" classname="org.springframework.jca.cci.CciTemplateTests" time="0.005"/>
  <testcase name="testTemplateExecuteInputGeneratorFalse()" classname="org.springframework.jca.cci.CciTemplateTests" time="0.005"/>
  <testcase name="testTemplateExecuteInputExtractorTrueWithCreator()" classname="org.springframework.jca.cci.CciTemplateTests" time="0.005"/>
  <testcase name="testTemplateExecuteInputGeneratorExtractorTrueWithCreator()" classname="org.springframework.jca.cci.CciTemplateTests" time="0.601"/>
  <testcase name="testTemplateExecuteInputGeneratorExtractorFalse()" classname="org.springframework.jca.cci.CciTemplateTests" time="0.023"/>
  <testcase name="testCreateIndexedRecord()" classname="org.springframework.jca.cci.CciTemplateTests" time="1.59"/>
  <testcase name="testTemplateExecuteInputOutputResultsSetFalse()" classname="org.springframework.jca.cci.CciTemplateTests" time="1.216"/>
  <system-out><![CDATA[]]></system-out>
  <system-err><![CDATA[]]></system-err>
</testsuite>
