<?xml version="1.0" encoding="UTF-8"?>
<testsuite name="org.springframework.oxm.jibx.JibxMarshallerTests" tests="13" skipped="13" failures="0" errors="0" timestamp="2021-03-04T16:34:09" hostname="WIN-LQAMLJ4MN5U" time="0.01">
  <properties/>
  <testcase name="marshalStreamResultOutputStream()" classname="org.springframework.oxm.jibx.JibxMarshallerTests" time="0.006">
    <skipped/>
  </testcase>
  <testcase name="marshalStaxResultEventWriter()" classname="org.springframework.oxm.jibx.JibxMarshallerTests" time="0.0">
    <skipped/>
  </testcase>
  <testcase name="marshalEmptyDOMResult()" classname="org.springframework.oxm.jibx.JibxMarshallerTests" time="0.0">
    <skipped/>
  </testcase>
  <testcase name="marshalStreamResultWriter()" classname="org.springframework.oxm.jibx.JibxMarshallerTests" time="0.0">
    <skipped/>
  </testcase>
  <testcase name="marshalDOMResult()" classname="org.springframework.oxm.jibx.JibxMarshallerTests" time="0.0">
    <skipped/>
  </testcase>
  <testcase name="marshalJaxp14StaxResultEventWriter()" classname="org.springframework.oxm.jibx.JibxMarshallerTests" time="0.0">
    <skipped/>
  </testcase>
  <testcase name="marshalStaxResultStreamWriter()" classname="org.springframework.oxm.jibx.JibxMarshallerTests" time="0.0">
    <skipped/>
  </testcase>
  <testcase name="marshalJaxp14StaxResultStreamWriter()" classname="org.springframework.oxm.jibx.JibxMarshallerTests" time="0.001">
    <skipped/>
  </testcase>
  <testcase name="supports()" classname="org.springframework.oxm.jibx.JibxMarshallerTests" time="0.003">
    <skipped/>
  </testcase>
  <testcase name="afterPropertiesSetNoContextPath()" classname="org.springframework.oxm.jibx.JibxMarshallerTests" time="0.0">
    <skipped/>
  </testcase>
  <testcase name="encodingAndStandalone()" classname="org.springframework.oxm.jibx.JibxMarshallerTests" time="0.0">
    <skipped/>
  </testcase>
  <testcase name="dtd()" classname="org.springframework.oxm.jibx.JibxMarshallerTests" time="0.0">
    <skipped/>
  </testcase>
  <testcase name="indentation()" classname="org.springframework.oxm.jibx.JibxMarshallerTests" time="0.0">
    <skipped/>
  </testcase>
  <system-out><![CDATA[]]></system-out>
  <system-err><![CDATA[]]></system-err>
</testsuite>
