<?xml version="1.0" encoding="UTF-8"?>
<testsuite name="org.springframework.oxm.jaxb.Jaxb2MarshallerTests" tests="22" skipped="0" failures="0" errors="0" timestamp="2021-03-04T16:33:57" hostname="WIN-LQAMLJ4MN5U" time="10.717">
  <properties/>
  <testcase name="marshalStreamResultOutputStream()" classname="org.springframework.oxm.jaxb.Jaxb2MarshallerTests" time="1.661"/>
  <testcase name="marshalStaxResultEventWriter()" classname="org.springframework.oxm.jaxb.Jaxb2MarshallerTests" time="1.54"/>
  <testcase name="marshalEmptyDOMResult()" classname="org.springframework.oxm.jaxb.Jaxb2MarshallerTests" time="0.169"/>
  <testcase name="marshalStreamResultWriter()" classname="org.springframework.oxm.jaxb.Jaxb2MarshallerTests" time="0.057"/>
  <testcase name="marshalDOMResult()" classname="org.springframework.oxm.jaxb.Jaxb2MarshallerTests" time="0.108"/>
  <testcase name="marshalJaxp14StaxResultEventWriter()" classname="org.springframework.oxm.jaxb.Jaxb2MarshallerTests" time="0.024"/>
  <testcase name="marshalStaxResultStreamWriter()" classname="org.springframework.oxm.jaxb.Jaxb2MarshallerTests" time="0.026"/>
  <testcase name="marshalJaxp14StaxResultStreamWriter()" classname="org.springframework.oxm.jaxb.Jaxb2MarshallerTests" time="0.155"/>
  <testcase name="unmarshalSaxSourceWithXmlOptions()" classname="org.springframework.oxm.jaxb.Jaxb2MarshallerTests" time="3.651"/>
  <testcase name="marshalAWrappedObjectHoldingAnXmlElementDeclElement()" classname="org.springframework.oxm.jaxb.Jaxb2MarshallerTests" time="0.221"/>
  <testcase name="marshalSAXResult()" classname="org.springframework.oxm.jaxb.Jaxb2MarshallerTests" time="0.109"/>
  <testcase name="supportsContextPath()" classname="org.springframework.oxm.jaxb.Jaxb2MarshallerTests" time="1.782"/>
  <testcase name="supportsXmlRootElement()" classname="org.springframework.oxm.jaxb.Jaxb2MarshallerTests" time="0.08"/>
  <testcase name="marshalAttachments()" classname="org.springframework.oxm.jaxb.Jaxb2MarshallerTests" time="0.642"/>
  <testcase name="lazyInit()" classname="org.springframework.oxm.jaxb.Jaxb2MarshallerTests" time="0.021"/>
  <testcase name="properties()" classname="org.springframework.oxm.jaxb.Jaxb2MarshallerTests" time="0.012"/>
  <testcase name="unmarshalStreamSourceWithXmlOptions()" classname="org.springframework.oxm.jaxb.Jaxb2MarshallerTests" time="0.019"/>
  <testcase name="supportsPackagesToScan()" classname="org.springframework.oxm.jaxb.Jaxb2MarshallerTests" time="0.066"/>
  <testcase name="marshalInvalidClass()" classname="org.springframework.oxm.jaxb.Jaxb2MarshallerTests" time="0.103"/>
  <testcase name="testInvalidContextPath()" classname="org.springframework.oxm.jaxb.Jaxb2MarshallerTests" time="0.086"/>
  <testcase name="noContextPathOrClassesToBeBound()" classname="org.springframework.oxm.jaxb.Jaxb2MarshallerTests" time="0.022"/>
  <testcase name="supportsClassesToBeBound()" classname="org.springframework.oxm.jaxb.Jaxb2MarshallerTests" time="0.143"/>
  <system-out><![CDATA[]]></system-out>
  <system-err><![CDATA[]]></system-err>
</testsuite>
