<?xml version="1.0" encoding="UTF-8"?>
<testsuite name="org.springframework.orm.jpa.EntityManagerFactoryBeanSupportTests" tests="1" skipped="0" failures="0" errors="0" timestamp="2021-03-04T16:34:09" hostname="WIN-LQAMLJ4MN5U" time="0.078">
  <properties/>
  <testcase name="testHookIsCalled()" classname="org.springframework.orm.jpa.EntityManagerFactoryBeanSupportTests" time="0.078"/>
  <system-out><![CDATA[]]></system-out>
  <system-err><![CDATA[]]></system-err>
</testsuite>
