<?xml version="1.0" encoding="UTF-8"?>
<testsuite name="org.springframework.orm.jpa.support.PersistenceInjectionTests" tests="27" skipped="0" failures="0" errors="0" timestamp="2021-03-04T16:34:23" hostname="WIN-LQAMLJ4MN5U" time="0.783">
  <properties/>
  <testcase name="testPublicExtendedPersistenceContextSetterWithSerialization()" classname="org.springframework.orm.jpa.support.PersistenceInjectionTests" time="0.041"/>
  <testcase name="testPublicPersistenceUnitSetterWithOverriding()" classname="org.springframework.orm.jpa.support.PersistenceInjectionTests" time="0.012"/>
  <testcase name="testPublicSpecificExtendedPersistenceContextSetter()" classname="org.springframework.orm.jpa.support.PersistenceInjectionTests" time="0.009"/>
  <testcase name="testPersistenceUnitsFromJndi()" classname="org.springframework.orm.jpa.support.PersistenceInjectionTests" time="0.033"/>
  <testcase name="testPublicExtendedPersistenceContextSetterWithEntityManagerInfoAndSerialization()" classname="org.springframework.orm.jpa.support.PersistenceInjectionTests" time="0.157"/>
  <testcase name="testPropertiesForSharedEntityManager1()" classname="org.springframework.orm.jpa.support.PersistenceInjectionTests" time="0.02"/>
  <testcase name="testPropertiesForSharedEntityManager2()" classname="org.springframework.orm.jpa.support.PersistenceInjectionTests" time="0.002"/>
  <testcase name="testPublicExtendedPersistenceContextSetterWithOverriding()" classname="org.springframework.orm.jpa.support.PersistenceInjectionTests" time="0.002"/>
  <testcase name="testPropertiesPassedIn()" classname="org.springframework.orm.jpa.support.PersistenceInjectionTests" time="0.002"/>
  <testcase name="testPrivatePersistenceUnitField()" classname="org.springframework.orm.jpa.support.PersistenceInjectionTests" time="0.002"/>
  <testcase name="testPrivateVendorSpecificPersistenceContextField()" classname="org.springframework.orm.jpa.support.PersistenceInjectionTests" time="0.02"/>
  <testcase name="testPersistenceUnitsFromJndiWithDefaultUnit()" classname="org.springframework.orm.jpa.support.PersistenceInjectionTests" time="0.002"/>
  <testcase name="testFieldOfWrongTypeAnnotatedWithPersistenceUnit()" classname="org.springframework.orm.jpa.support.PersistenceInjectionTests" time="0.003"/>
  <testcase name="testNoPropertiesPassedIn()" classname="org.springframework.orm.jpa.support.PersistenceInjectionTests" time="0.002"/>
  <testcase name="testSinglePersistenceUnitFromJndi()" classname="org.springframework.orm.jpa.support.PersistenceInjectionTests" time="0.002"/>
  <testcase name="testSinglePersistenceContextFromJndi()" classname="org.springframework.orm.jpa.support.PersistenceInjectionTests" time="0.001"/>
  <testcase name="testPublicPersistenceUnitSetterWithUnitIdentifiedThroughBeanName()" classname="org.springframework.orm.jpa.support.PersistenceInjectionTests" time="0.022"/>
  <testcase name="testPersistenceContextsFromJndiWithDefaultUnit()" classname="org.springframework.orm.jpa.support.PersistenceInjectionTests" time="0.002"/>
  <testcase name="testPublicPersistenceUnitSetter()" classname="org.springframework.orm.jpa.support.PersistenceInjectionTests" time="0.005"/>
  <testcase name="testPropertiesForTransactionalEntityManager()" classname="org.springframework.orm.jpa.support.PersistenceInjectionTests" time="0.008"/>
  <testcase name="testSetterWithNoArgs()" classname="org.springframework.orm.jpa.support.PersistenceInjectionTests" time="0.001"/>
  <testcase name="testPublicExtendedPersistenceContextSetter()" classname="org.springframework.orm.jpa.support.PersistenceInjectionTests" time="0.005"/>
  <testcase name="testPublicPersistenceUnitSetterWithMultipleUnitsIdentifiedThroughUnitName()" classname="org.springframework.orm.jpa.support.PersistenceInjectionTests" time="0.009"/>
  <testcase name="testPersistenceContextsFromJndi()" classname="org.springframework.orm.jpa.support.PersistenceInjectionTests" time="0.007"/>
  <testcase name="testPrivatePersistenceContextField()" classname="org.springframework.orm.jpa.support.PersistenceInjectionTests" time="0.162"/>
  <testcase name="testSetterOfWrongTypeAnnotatedWithPersistenceUnit()" classname="org.springframework.orm.jpa.support.PersistenceInjectionTests" time="0.004"/>
  <testcase name="testInjectionIntoExistingObjects()" classname="org.springframework.orm.jpa.support.PersistenceInjectionTests" time="0.217"/>
  <system-out><![CDATA[]]></system-out>
  <system-err><![CDATA[]]></system-err>
</testsuite>
