<?xml version="1.0" encoding="UTF-8"?>
<testsuite name="org.springframework.orm.jpa.persistenceunit.DefaultPersistenceUnitManagerTests" tests="2" skipped="0" failures="0" errors="0" timestamp="2021-03-04T16:34:22" hostname="WIN-LQAMLJ4MN5U" time="0.061">
  <properties/>
  <testcase name="defaultDomainWithIndex()" classname="org.springframework.orm.jpa.persistenceunit.DefaultPersistenceUnitManagerTests" time="0.044"/>
  <testcase name="defaultDomainWithScan()" classname="org.springframework.orm.jpa.persistenceunit.DefaultPersistenceUnitManagerTests" time="0.016"/>
  <system-out><![CDATA[]]></system-out>
  <system-err><![CDATA[]]></system-err>
</testsuite>
