<?xml version="1.0" encoding="UTF-8"?>
<testsuite name="org.springframework.orm.jpa.ApplicationManagedEntityManagerIntegrationTests" tests="8" skipped="0" failures="0" errors="0" timestamp="2021-03-04T16:33:53" hostname="WIN-LQAMLJ4MN5U" time="13.052">
  <properties/>
  <testcase name="testEntityManagerProxyAcceptsProgrammaticTxJoining()" classname="org.springframework.orm.jpa.ApplicationManagedEntityManagerIntegrationTests" time="12.375"/>
  <testcase name="testStateClean()" classname="org.springframework.orm.jpa.ApplicationManagedEntityManagerIntegrationTests" time="0.058"/>
  <testcase name="testCommitOccurs()" classname="org.springframework.orm.jpa.ApplicationManagedEntityManagerIntegrationTests" time="0.115"/>
  <testcase name="testEntityManagerProxyIsProxy()" classname="org.springframework.orm.jpa.ApplicationManagedEntityManagerIntegrationTests" time="0.369"/>
  <testcase name="testCannotFlushWithoutGettingTransaction()" classname="org.springframework.orm.jpa.ApplicationManagedEntityManagerIntegrationTests" time="0.073"/>
  <testcase name="testRollbackOccurs()" classname="org.springframework.orm.jpa.ApplicationManagedEntityManagerIntegrationTests" time="0.01"/>
  <testcase name="testReuseInNewTransaction()" classname="org.springframework.orm.jpa.ApplicationManagedEntityManagerIntegrationTests" time="0.027"/>
  <testcase name="testInstantiateAndSave()" classname="org.springframework.orm.jpa.ApplicationManagedEntityManagerIntegrationTests" time="0.011"/>
  <system-out><![CDATA[[EL Info]: 2021-03-05 00:34:02.866--ServerSession(1678076032)--EclipseLink, version: Eclipse Persistence Services - 2.7.7.v20200504-69f2c2b80d
[EL Warning]: metadata: 2021-03-05 00:34:04.921--ServerSession(1678076032)--Reverting the lazy setting on the OneToOne or ManyToOne attribute [driversLicense] for the entity class [class org.springframework.orm.jpa.domain.Person] since weaving was not enabled or did not occur.
[EL Fine]: sql: 2021-03-05 00:34:05.11--ServerSession(1678076032)--Connection(403836009)--CREATE TABLE PERSON (ID INTEGER NOT NULL, FIRST_NAME VARCHAR(255), LAST_NAME VARCHAR(255), DRIVERS_LICENSE_ID INTEGER, PRIMARY KEY (ID))
[EL Fine]: sql: 2021-03-05 00:34:05.114--ServerSession(1678076032)--Connection(26107957)--CREATE TABLE DRIVERS_LICENSE (ID INTEGER NOT NULL, SERIAL_NUMBER VARCHAR(255), PRIMARY KEY (ID))
[EL Fine]: sql: 2021-03-05 00:34:05.116--ServerSession(1678076032)--Connection(1390736238)--ALTER TABLE PERSON ADD CONSTRAINT FK_PERSON_DRIVERS_LICENSE_ID FOREIGN KEY (DRIVERS_LICENSE_ID) REFERENCES DRIVERS_LICENSE (ID)
[EL Fine]: sql: 2021-03-05 00:34:05.12--ServerSession(1678076032)--Connection(2137361298)--CREATE TABLE SEQUENCE (SEQ_NAME VARCHAR(50) NOT NULL, SEQ_COUNT NUMERIC(38), PRIMARY KEY (SEQ_NAME))
[EL Fine]: sql: 2021-03-05 00:34:05.122--ServerSession(1678076032)--Connection(1191148623)--SELECT * FROM SEQUENCE WHERE SEQ_NAME = 'SEQ_GEN'
[EL Fine]: sql: 2021-03-05 00:34:05.126--ServerSession(1678076032)--Connection(1345705070)--INSERT INTO SEQUENCE(SEQ_NAME, SEQ_COUNT) values ('SEQ_GEN', 0)
[EL Fine]: sql: 2021-03-05 00:34:05.554--ClientSession(1709972530)--Connection(822156954)--UPDATE SEQUENCE SET SEQ_COUNT = SEQ_COUNT + ? WHERE SEQ_NAME = ?
	bind => [50, SEQ_GEN]
[EL Fine]: sql: 2021-03-05 00:34:05.569--ClientSession(1709972530)--Connection(822156954)--SELECT SEQ_COUNT FROM SEQUENCE WHERE SEQ_NAME = ?
	bind => [SEQ_GEN]
[EL Fine]: sql: 2021-03-05 00:34:05.61--ClientSession(1709972530)--Connection(1348656728)--INSERT INTO PERSON (ID, FIRST_NAME, LAST_NAME, DRIVERS_LICENSE_ID) VALUES (?, ?, ?, ?)
	bind => [1, Tony, Blair, null]
[EL Fine]: sql: 2021-03-05 00:34:05.644--ClientSession(1709972530)--Connection(1348656728)--SELECT COUNT(0) FROM person
[EL Fine]: sql: 2021-03-05 00:34:05.659--ServerSession(1678076032)--Connection(1005311479)--SELECT COUNT(0) FROM person
[EL Fine]: sql: 2021-03-05 00:34:06.016--ServerSession(1678076032)--Connection(950481599)--SELECT ID, FIRST_NAME, LAST_NAME, DRIVERS_LICENSE_ID FROM PERSON
[EL Fine]: sql: 2021-03-05 00:34:06.079--ClientSession(1691668167)--Connection(761585828)--DELETE FROM PERSON
[EL Fine]: sql: 2021-03-05 00:34:06.111--ClientSession(568169672)--Connection(1705510240)--INSERT INTO PERSON (ID, FIRST_NAME, LAST_NAME, DRIVERS_LICENSE_ID) VALUES (?, ?, ?, ?)
	bind => [3, Tony, Blair, null]
[EL Fine]: sql: 2021-03-05 00:34:06.114--ClientSession(568169672)--Connection(1705510240)--SELECT COUNT(0) FROM person
[EL Fine]: sql: 2021-03-05 00:34:06.117--ServerSession(1678076032)--Connection(1118149414)--SELECT COUNT(0) FROM person
[EL Fine]: sql: 2021-03-05 00:34:06.123--ClientSession(522181160)--Connection(1920485353)--INSERT INTO PERSON (ID, FIRST_NAME, LAST_NAME, DRIVERS_LICENSE_ID) VALUES (?, ?, ?, ?)
	bind => [4, Tony, Blair, null]
[EL Fine]: sql: 2021-03-05 00:34:06.125--ClientSession(522181160)--Connection(1920485353)--SELECT COUNT(0) FROM person
[EL Fine]: sql: 2021-03-05 00:34:06.132--ClientSession(485194696)--Connection(2086234421)--INSERT INTO PERSON (ID, FIRST_NAME, LAST_NAME, DRIVERS_LICENSE_ID) VALUES (?, ?, ?, ?)
	bind => [5, Tony, Blair, null]
[EL Fine]: sql: 2021-03-05 00:34:06.134--ClientSession(485194696)--Connection(2086234421)--SELECT COUNT(0) FROM person
[EL Fine]: sql: 2021-03-05 00:34:06.137--ServerSession(1678076032)--Connection(150154941)--SELECT COUNT(0) FROM person
[EL Fine]: sql: 2021-03-05 00:34:06.14--ClientSession(485194696)--Connection(1196431838)--DELETE FROM PERSON
[EL Fine]: sql: 2021-03-05 00:34:06.143--ClientSession(485194696)--Connection(1196431838)--SELECT COUNT(0) FROM person
[EL Fine]: sql: 2021-03-05 00:34:06.156--ClientSession(1878382512)--Connection(1800054572)--INSERT INTO PERSON (ID, FIRST_NAME, LAST_NAME, DRIVERS_LICENSE_ID) VALUES (?, ?, ?, ?)
	bind => [6, Tony, Blair, null]
[EL Fine]: sql: 2021-03-05 00:34:06.158--ClientSession(1878382512)--Connection(1800054572)--SELECT COUNT(0) FROM person
]]></system-out>
  <system-err><![CDATA[]]></system-err>
</testsuite>
