<?xml version="1.0" encoding="UTF-8"?>
<testsuite name="org.springframework.orm.jpa.SharedEntityManagerCreatorTests" tests="13" skipped="0" failures="0" errors="0" timestamp="2021-03-04T16:34:22" hostname="WIN-LQAMLJ4MN5U" time="0.275">
  <properties/>
  <testcase name="transactionRequiredExceptionOnRemove()" classname="org.springframework.orm.jpa.SharedEntityManagerCreatorTests" time="0.025"/>
  <testcase name="transactionRequiredExceptionOnJoinTransaction()" classname="org.springframework.orm.jpa.SharedEntityManagerCreatorTests" time="0.002"/>
  <testcase name="proxyingWorksIfInfoReturnsNullEntityManagerInterface()" classname="org.springframework.orm.jpa.SharedEntityManagerCreatorTests" time="0.054"/>
  <testcase name="transactionRequiredExceptionOnRefresh()" classname="org.springframework.orm.jpa.SharedEntityManagerCreatorTests" time="0.001"/>
  <testcase name="transactionRequiredExceptionOnFlush()" classname="org.springframework.orm.jpa.SharedEntityManagerCreatorTests" time="0.001"/>
  <testcase name="transactionRequiredExceptionOnMerge()" classname="org.springframework.orm.jpa.SharedEntityManagerCreatorTests" time="0.001"/>
  <testcase name="deferredQueryWithUpdate()" classname="org.springframework.orm.jpa.SharedEntityManagerCreatorTests" time="0.064"/>
  <testcase name="deferredQueryWithResultStream()" classname="org.springframework.orm.jpa.SharedEntityManagerCreatorTests" time="0.009"/>
  <testcase name="deferredStoredProcedureQueryWithNamedParameters()" classname="org.springframework.orm.jpa.SharedEntityManagerCreatorTests" time="0.087"/>
  <testcase name="deferredQueryWithResultList()" classname="org.springframework.orm.jpa.SharedEntityManagerCreatorTests" time="0.003"/>
  <testcase name="deferredStoredProcedureQueryWithIndexedParameters()" classname="org.springframework.orm.jpa.SharedEntityManagerCreatorTests" time="0.008"/>
  <testcase name="deferredQueryWithSingleResult()" classname="org.springframework.orm.jpa.SharedEntityManagerCreatorTests" time="0.003"/>
  <testcase name="transactionRequiredExceptionOnPersist()" classname="org.springframework.orm.jpa.SharedEntityManagerCreatorTests" time="0.002"/>
  <system-out><![CDATA[]]></system-out>
  <system-err><![CDATA[]]></system-err>
</testsuite>
