<?xml version="1.0" encoding="UTF-8"?>
<testsuite name="org.springframework.orm.jpa.support.PersistenceContextTransactionTests" tests="11" skipped="0" failures="0" errors="0" timestamp="2021-03-04T16:34:23" hostname="WIN-LQAMLJ4MN5U" time="0.068">
  <properties/>
  <testcase name="testTransactionCommitWithExtendedEntityManagerAndPropagationSupports()" classname="org.springframework.orm.jpa.support.PersistenceContextTransactionTests" time="0.006"/>
  <testcase name="testTransactionCommitWithSharedEntityManagerAndPropagationSupports()" classname="org.springframework.orm.jpa.support.PersistenceContextTransactionTests" time="0.005"/>
  <testcase name="testTransactionCommitWithExtendedEntityManagerUnsynchronized()" classname="org.springframework.orm.jpa.support.PersistenceContextTransactionTests" time="0.005"/>
  <testcase name="testTransactionCommitWithSharedEntityManagerUnsynchronized()" classname="org.springframework.orm.jpa.support.PersistenceContextTransactionTests" time="0.007"/>
  <testcase name="testTransactionCommitWithExtendedEntityManagerUnsynchronizedJoined()" classname="org.springframework.orm.jpa.support.PersistenceContextTransactionTests" time="0.008"/>
  <testcase name="testTransactionCommitWithSharedEntityManagerUnsynchronizedAndPropagationSupports()" classname="org.springframework.orm.jpa.support.PersistenceContextTransactionTests" time="0.007"/>
  <testcase name="testTransactionCommitWithSharedEntityManager()" classname="org.springframework.orm.jpa.support.PersistenceContextTransactionTests" time="0.005"/>
  <testcase name="testTransactionCommitWithExtendedEntityManager()" classname="org.springframework.orm.jpa.support.PersistenceContextTransactionTests" time="0.006"/>
  <testcase name="testTransactionCommitWithSharedEntityManagerUnsynchronizedJoined()" classname="org.springframework.orm.jpa.support.PersistenceContextTransactionTests" time="0.007"/>
  <testcase name="testTransactionCommitWithExtendedEntityManagerUnsynchronizedAndPropagationSupports()" classname="org.springframework.orm.jpa.support.PersistenceContextTransactionTests" time="0.004"/>
  <testcase name="testTransactionCommitWithExtendedEntityManagerUnsynchronizedJoinedAndPropagationSupports()" classname="org.springframework.orm.jpa.support.PersistenceContextTransactionTests" time="0.005"/>
  <system-out><![CDATA[]]></system-out>
  <system-err><![CDATA[]]></system-err>
</testsuite>
