<?xml version="1.0" encoding="UTF-8"?>
<testsuite name="org.springframework.beans.factory.xml.ProfileXmlBeanDefinitionTests" tests="4" skipped="0" failures="0" errors="0" timestamp="2021-03-04T16:32:35" hostname="WIN-LQAMLJ4MN5U" time="0.685">
  <properties/>
  <testcase name="testDefaultAndNonDefaultProfile()" classname="org.springframework.beans.factory.xml.ProfileXmlBeanDefinitionTests" time="0.145"/>
  <testcase name="testDefaultProfile()" classname="org.springframework.beans.factory.xml.ProfileXmlBeanDefinitionTests" time="0.028"/>
  <testcase name="testProfilePermutations()" classname="org.springframework.beans.factory.xml.ProfileXmlBeanDefinitionTests" time="0.51"/>
  <testcase name="testProfileValidation()" classname="org.springframework.beans.factory.xml.ProfileXmlBeanDefinitionTests" time="0.001"/>
  <system-out><![CDATA[]]></system-out>
  <system-err><![CDATA[]]></system-err>
</testsuite>
