<?xml version="1.0" encoding="UTF-8"?>
<testsuite name="org.springframework.beans.BeanWrapperEnumTests" tests="15" skipped="0" failures="0" errors="0" timestamp="2021-03-04T16:32:11" hostname="WIN-LQAMLJ4MN5U" time="0.167">
  <properties/>
  <testcase name="testCustomEnumWithNull()" classname="org.springframework.beans.BeanWrapperEnumTests" time="0.024"/>
  <testcase name="testStandardEnumMapWithAutoGrowing()" classname="org.springframework.beans.BeanWrapperEnumTests" time="0.059"/>
  <testcase name="testCustomEnumArrayWithMultipleValues()" classname="org.springframework.beans.BeanWrapperEnumTests" time="0.001"/>
  <testcase name="testCustomEnumSetWithSingleValue()" classname="org.springframework.beans.BeanWrapperEnumTests" time="0.002"/>
  <testcase name="testNonPublicEnum()" classname="org.springframework.beans.BeanWrapperEnumTests" time="0.006"/>
  <testcase name="testStandardEnumSetWithAutoGrowing()" classname="org.springframework.beans.BeanWrapperEnumTests" time="0.016"/>
  <testcase name="testStandardEnumMapWithMultipleValues()" classname="org.springframework.beans.BeanWrapperEnumTests" time="0.042"/>
  <testcase name="testCustomEnumWithEmptyString()" classname="org.springframework.beans.BeanWrapperEnumTests" time="0.001"/>
  <testcase name="testCustomEnumSetWithMultipleValuesAsCsv()" classname="org.springframework.beans.BeanWrapperEnumTests" time="0.0"/>
  <testcase name="testCustomEnumSetWithGetterSetterMismatch()" classname="org.springframework.beans.BeanWrapperEnumTests" time="0.001"/>
  <testcase name="testStandardEnumSetWithMultipleValues()" classname="org.springframework.beans.BeanWrapperEnumTests" time="0.002"/>
  <testcase name="testCustomEnumArrayWithMultipleValuesAsCsv()" classname="org.springframework.beans.BeanWrapperEnumTests" time="0.001"/>
  <testcase name="testCustomEnumArrayWithSingleValue()" classname="org.springframework.beans.BeanWrapperEnumTests" time="0.001"/>
  <testcase name="testCustomEnumSetWithMultipleValues()" classname="org.springframework.beans.BeanWrapperEnumTests" time="0.001"/>
  <testcase name="testCustomEnum()" classname="org.springframework.beans.BeanWrapperEnumTests" time="0.003"/>
  <system-out><![CDATA[]]></system-out>
  <system-err><![CDATA[]]></system-err>
</testsuite>
