<?xml version="1.0" encoding="UTF-8"?>
<testsuite name="org.springframework.beans.factory.xml.DelegatingEntityResolverTests" tests="3" skipped="0" failures="0" errors="0" timestamp="2021-03-04T16:32:34" hostname="WIN-LQAMLJ4MN5U" time="0.003">
  <properties/>
  <testcase name="testCtorWhereEntityResolversAreBothNull()" classname="org.springframework.beans.factory.xml.DelegatingEntityResolverTests" time="0.001"/>
  <testcase name="testCtorWhereDtdEntityResolverIsNull()" classname="org.springframework.beans.factory.xml.DelegatingEntityResolverTests" time="0.001"/>
  <testcase name="testCtorWhereSchemaEntityResolverIsNull()" classname="org.springframework.beans.factory.xml.DelegatingEntityResolverTests" time="0.001"/>
  <system-out><![CDATA[]]></system-out>
  <system-err><![CDATA[]]></system-err>
</testsuite>
