<?xml version="1.0" encoding="UTF-8"?>
<testsuite name="org.springframework.beans.factory.xml.support.DefaultNamespaceHandlerResolverTests" tests="6" skipped="0" failures="0" errors="0" timestamp="2021-03-04T16:32:36" hostname="WIN-LQAMLJ4MN5U" time="0.023">
  <properties/>
  <testcase name="testResolvedMappedHandler()" classname="org.springframework.beans.factory.xml.support.DefaultNamespaceHandlerResolverTests" time="0.015"/>
  <testcase name="testResolvedMappedHandlerWithNoArgCtor()" classname="org.springframework.beans.factory.xml.support.DefaultNamespaceHandlerResolverTests" time="0.002"/>
  <testcase name="testCtorWithNullClassLoaderArgumentAndNullMappingLocationArgument()" classname="org.springframework.beans.factory.xml.support.DefaultNamespaceHandlerResolverTests" time="0.002"/>
  <testcase name="testNonExistentHandlerClass()" classname="org.springframework.beans.factory.xml.support.DefaultNamespaceHandlerResolverTests" time="0.0"/>
  <testcase name="testCtorWithNullClassLoaderArgument()" classname="org.springframework.beans.factory.xml.support.DefaultNamespaceHandlerResolverTests" time="0.0"/>
  <testcase name="testCtorWithNonExistentMappingLocationArgument()" classname="org.springframework.beans.factory.xml.support.DefaultNamespaceHandlerResolverTests" time="0.001"/>
  <system-out><![CDATA[]]></system-out>
  <system-err><![CDATA[]]></system-err>
</testsuite>
