<?xml version="1.0" encoding="UTF-8"?>
<testsuite name="org.springframework.beans.factory.annotation.CustomAutowireConfigurerTests" tests="1" skipped="0" failures="0" errors="0" timestamp="2021-03-04T16:32:17" hostname="WIN-LQAMLJ4MN5U" time="0.9">
  <properties/>
  <testcase name="testCustomResolver()" classname="org.springframework.beans.factory.annotation.CustomAutowireConfigurerTests" time="0.9"/>
  <system-out><![CDATA[]]></system-out>
  <system-err><![CDATA[]]></system-err>
</testsuite>
