<?xml version="1.0" encoding="UTF-8"?>
<testsuite name="org.springframework.beans.propertyeditors.CustomCollectionEditorTests" tests="6" skipped="0" failures="0" errors="0" timestamp="2021-03-04T16:32:40" hostname="WIN-LQAMLJ4MN5U" time="0.004">
  <properties/>
  <testcase name="testCtorWithNullCollectionType()" classname="org.springframework.beans.propertyeditors.CustomCollectionEditorTests" time="0.0"/>
  <testcase name="testSunnyDaySetValue()" classname="org.springframework.beans.propertyeditors.CustomCollectionEditorTests" time="0.0"/>
  <testcase name="testWhenTargetTypeIsExactlyTheCollectionInterfaceUsesFallbackCollectionType()" classname="org.springframework.beans.propertyeditors.CustomCollectionEditorTests" time="0.001"/>
  <testcase name="testWithCollectionTypeThatDoesNotExposeAPublicNoArgCtor()" classname="org.springframework.beans.propertyeditors.CustomCollectionEditorTests" time="0.0"/>
  <testcase name="testSunnyDaySetAsTextYieldsSingleValue()" classname="org.springframework.beans.propertyeditors.CustomCollectionEditorTests" time="0.0"/>
  <testcase name="testCtorWithNonCollectionType()" classname="org.springframework.beans.propertyeditors.CustomCollectionEditorTests" time="0.001"/>
  <system-out><![CDATA[]]></system-out>
  <system-err><![CDATA[]]></system-err>
</testsuite>
