<?xml version="1.0" encoding="UTF-8"?>
<testsuite name="org.springframework.beans.propertyeditors.URLEditorTests" tests="7" skipped="0" failures="0" errors="0" timestamp="2021-03-04T16:32:40" hostname="WIN-LQAMLJ4MN5U" time="0.099">
  <properties/>
  <testcase name="testStandardURI()" classname="org.springframework.beans.propertyeditors.URLEditorTests" time="0.088"/>
  <testcase name="testStandardURL()" classname="org.springframework.beans.propertyeditors.URLEditorTests" time="0.0"/>
  <testcase name="testSetAsTextWithNull()" classname="org.springframework.beans.propertyeditors.URLEditorTests" time="0.001"/>
  <testcase name="testClasspathURL()" classname="org.springframework.beans.propertyeditors.URLEditorTests" time="0.001"/>
  <testcase name="testGetAsTextReturnsEmptyStringIfValueNotSet()" classname="org.springframework.beans.propertyeditors.URLEditorTests" time="0.0"/>
  <testcase name="testWithNonExistentResource()" classname="org.springframework.beans.propertyeditors.URLEditorTests" time="0.007"/>
  <testcase name="testCtorWithNullResourceEditor()" classname="org.springframework.beans.propertyeditors.URLEditorTests" time="0.001"/>
  <system-out><![CDATA[]]></system-out>
  <system-err><![CDATA[]]></system-err>
</testsuite>
