<?xml version="1.0" encoding="UTF-8"?>
<testsuite name="org.springframework.beans.factory.xml.XmlListableBeanFactoryTests" tests="37" skipped="0" failures="0" errors="0" timestamp="2021-03-04T16:32:39" hostname="WIN-LQAMLJ4MN5U" time="0.583">
  <properties/>
  <testcase name="factoryIsInitialized()" classname="org.springframework.beans.factory.xml.XmlListableBeanFactoryTests" time="0.014"/>
  <testcase name="inheritance()" classname="org.springframework.beans.factory.xml.XmlListableBeanFactoryTests" time="0.024"/>
  <testcase name="factorySingleton()" classname="org.springframework.beans.factory.xml.XmlListableBeanFactoryTests" time="0.128"/>
  <testcase name="getSharedInstanceByMatchingClassNoCatch()" classname="org.springframework.beans.factory.xml.XmlListableBeanFactoryTests" time="0.019"/>
  <testcase name="getSharedInstanceByMatchingClass()" classname="org.springframework.beans.factory.xml.XmlListableBeanFactoryTests" time="0.013"/>
  <testcase name="getSharedInstanceByNonmatchingClass()" classname="org.springframework.beans.factory.xml.XmlListableBeanFactoryTests" time="0.008"/>
  <testcase name="prototypeInstancesAreIndependent()" classname="org.springframework.beans.factory.xml.XmlListableBeanFactoryTests" time="0.008"/>
  <testcase name="factoryPrototype()" classname="org.springframework.beans.factory.xml.XmlListableBeanFactoryTests" time="0.016"/>
  <testcase name="lifecycleCallbacks()" classname="org.springframework.beans.factory.xml.XmlListableBeanFactoryTests" time="0.011"/>
  <testcase name="typeMismatch()" classname="org.springframework.beans.factory.xml.XmlListableBeanFactoryTests" time="0.006"/>
  <testcase name="grandparentDefinitionFoundInBeanFactory()" classname="org.springframework.beans.factory.xml.XmlListableBeanFactoryTests" time="0.019"/>
  <testcase name="validEmpty()" classname="org.springframework.beans.factory.xml.XmlListableBeanFactoryTests" time="0.006"/>
  <testcase name="findsValidInstance()" classname="org.springframework.beans.factory.xml.XmlListableBeanFactoryTests" time="0.078"/>
  <testcase name="getFactoryItself()" classname="org.springframework.beans.factory.xml.XmlListableBeanFactoryTests" time="0.006"/>
  <testcase name="getInstanceByMatchingClass()" classname="org.springframework.beans.factory.xml.XmlListableBeanFactoryTests" time="0.007"/>
  <testcase name="getInstanceByNonmatchingClass()" classname="org.springframework.beans.factory.xml.XmlListableBeanFactoryTests" time="0.007"/>
  <testcase name="getBeanWithNullArg()" classname="org.springframework.beans.factory.xml.XmlListableBeanFactoryTests" time="0.006"/>
  <testcase name="rejectsFactoryGetOnNormalBean()" classname="org.springframework.beans.factory.xml.XmlListableBeanFactoryTests" time="0.014"/>
  <testcase name="sharedInstancesAreEqual()" classname="org.springframework.beans.factory.xml.XmlListableBeanFactoryTests" time="0.007"/>
  <testcase name="notThere()" classname="org.springframework.beans.factory.xml.XmlListableBeanFactoryTests" time="0.007"/>
  <testcase name="aliasing()" classname="org.springframework.beans.factory.xml.XmlListableBeanFactoryTests" time="0.007"/>
  <testcase name="initializingBeanCallback()" classname="org.springframework.beans.factory.xml.XmlListableBeanFactoryTests" time="0.031"/>
  <testcase name="containsBeanDefinition()" classname="org.springframework.beans.factory.xml.XmlListableBeanFactoryTests" time="0.006"/>
  <testcase name="getDefinitionsForNoSuchClass()" classname="org.springframework.beans.factory.xml.XmlListableBeanFactoryTests" time="0.007"/>
  <testcase name="getCountForFactoryClass()" classname="org.springframework.beans.factory.xml.XmlListableBeanFactoryTests" time="0.006"/>
  <testcase name="descriptionButNoProperties()" classname="org.springframework.beans.factory.xml.XmlListableBeanFactoryTests" time="0.013"/>
  <testcase name="beanCount()" classname="org.springframework.beans.factory.xml.XmlListableBeanFactoryTests" time="0.006"/>
  <testcase name="beanPostProcessor()" classname="org.springframework.beans.factory.xml.XmlListableBeanFactoryTests" time="0.006"/>
  <testcase name="prototypeReferences()" classname="org.springframework.beans.factory.xml.XmlListableBeanFactoryTests" time="0.009"/>
  <testcase name="commentsAndCdataInValue()" classname="org.springframework.beans.factory.xml.XmlListableBeanFactoryTests" time="0.006"/>
  <testcase name="factoryNesting()" classname="org.springframework.beans.factory.xml.XmlListableBeanFactoryTests" time="0.006"/>
  <testcase name="factoryReferences()" classname="org.springframework.beans.factory.xml.XmlListableBeanFactoryTests" time="0.022"/>
  <testcase name="protectedLifecycleMethods()" classname="org.springframework.beans.factory.xml.XmlListableBeanFactoryTests" time="0.012"/>
  <testcase name="count()" classname="org.springframework.beans.factory.xml.XmlListableBeanFactoryTests" time="0.005"/>
  <testcase name="lifecycleMethods()" classname="org.springframework.beans.factory.xml.XmlListableBeanFactoryTests" time="0.005"/>
  <testcase name="emptyValues()" classname="org.springframework.beans.factory.xml.XmlListableBeanFactoryTests" time="0.006"/>
  <testcase name="autoAliasing()" classname="org.springframework.beans.factory.xml.XmlListableBeanFactoryTests" time="0.008"/>
  <system-out><![CDATA[]]></system-out>
  <system-err><![CDATA[]]></system-err>
</testsuite>
