<?xml version="1.0" encoding="UTF-8"?>
<testsuite name="org.springframework.beans.factory.annotation.KotlinAutowiredTests" tests="10" skipped="0" failures="0" errors="0" timestamp="2021-03-04T16:32:40" hostname="WIN-LQAMLJ4MN5U" time="2.234">
  <properties/>
  <testcase name="Autowiring by annotated primary constructor with optional parameter()" classname="org.springframework.beans.factory.annotation.KotlinAutowiredTests" time="2.021"/>
  <testcase name="Instantiation via secondary constructor when a default primary is defined()" classname="org.springframework.beans.factory.annotation.KotlinAutowiredTests" time="0.003"/>
  <testcase name="Fallback on the default constructor when no autowirable primary constructor is defined()" classname="org.springframework.beans.factory.annotation.KotlinAutowiredTests" time="0.006"/>
  <testcase name="No autowiring with primary and secondary non annotated constructors()" classname="org.springframework.beans.factory.annotation.KotlinAutowiredTests" time="0.005"/>
  <testcase name="Autowiring by annotated secondary constructor with optional parameter()" classname="org.springframework.beans.factory.annotation.KotlinAutowiredTests" time="0.004"/>
  <testcase name="Autowiring by primary constructor with optional parameters()" classname="org.springframework.beans.factory.annotation.KotlinAutowiredTests" time="0.003"/>
  <testcase name="Autowiring with target()" classname="org.springframework.beans.factory.annotation.KotlinAutowiredTests" time="0.163"/>
  <testcase name="Instantiation via primary constructor when a default is defined()" classname="org.springframework.beans.factory.annotation.KotlinAutowiredTests" time="0.001"/>
  <testcase name="Autowiring by primary constructor with mandatory and optional parameters()" classname="org.springframework.beans.factory.annotation.KotlinAutowiredTests" time="0.004"/>
  <testcase name="Autowiring without target()" classname="org.springframework.beans.factory.annotation.KotlinAutowiredTests" time="0.024"/>
  <system-out><![CDATA[]]></system-out>
  <system-err><![CDATA[]]></system-err>
</testsuite>
