<?xml version="1.0" encoding="UTF-8"?>
<testsuite name="org.springframework.beans.factory.support.BeanDefinitionBuilderTests" tests="4" skipped="0" failures="0" errors="0" timestamp="2021-03-04T16:32:29" hostname="WIN-LQAMLJ4MN5U" time="0.06">
  <properties/>
  <testcase name="beanClassNameWithFactoryMethod()" classname="org.springframework.beans.factory.support.BeanDefinitionBuilderTests" time="0.0"/>
  <testcase name="beanClassWithSimpleProperty()" classname="org.springframework.beans.factory.support.BeanDefinitionBuilderTests" time="0.059"/>
  <testcase name="beanClassWithFactoryMethod()" classname="org.springframework.beans.factory.support.BeanDefinitionBuilderTests" time="0.0"/>
  <testcase name="beanClassName()" classname="org.springframework.beans.factory.support.BeanDefinitionBuilderTests" time="0.0"/>
  <system-out><![CDATA[]]></system-out>
  <system-err><![CDATA[]]></system-err>
</testsuite>
