<?xml version="1.0" encoding="UTF-8"?>
<testsuite name="org.springframework.beans.propertyeditors.InputStreamEditorTests" tests="4" skipped="0" failures="0" errors="0" timestamp="2021-03-04T16:32:40" hostname="WIN-LQAMLJ4MN5U" time="0.006">
  <properties/>
  <testcase name="testSunnyDay()" classname="org.springframework.beans.propertyeditors.InputStreamEditorTests" time="0.001"/>
  <testcase name="testWhenResourceDoesNotExist()" classname="org.springframework.beans.propertyeditors.InputStreamEditorTests" time="0.003"/>
  <testcase name="testCtorWithNullResourceEditor()" classname="org.springframework.beans.propertyeditors.InputStreamEditorTests" time="0.001"/>
  <testcase name="testGetAsTextReturnsNullByDefault()" classname="org.springframework.beans.propertyeditors.InputStreamEditorTests" time="0.001"/>
  <system-out><![CDATA[]]></system-out>
  <system-err><![CDATA[]]></system-err>
</testsuite>
