<?xml version="1.0" encoding="UTF-8"?>
<testsuite name="org.springframework.beans.factory.support.DefinitionMetadataEqualsHashCodeTests" tests="4" skipped="0" failures="0" errors="0" timestamp="2021-03-04T16:32:30" hostname="WIN-LQAMLJ4MN5U" time="0.024">
  <properties/>
  <testcase name="childBeanDefinition()" classname="org.springframework.beans.factory.support.DefinitionMetadataEqualsHashCodeTests" time="0.001"/>
  <testcase name="runtimeBeanReference()" classname="org.springframework.beans.factory.support.DefinitionMetadataEqualsHashCodeTests" time="0.022"/>
  <testcase name="rootBeanDefinitionAndMethodOverridesWithDifferentOverloadedValues()" classname="org.springframework.beans.factory.support.DefinitionMetadataEqualsHashCodeTests" time="0.0"/>
  <testcase name="rootBeanDefinition()" classname="org.springframework.beans.factory.support.DefinitionMetadataEqualsHashCodeTests" time="0.0"/>
  <system-out><![CDATA[]]></system-out>
  <system-err><![CDATA[]]></system-err>
</testsuite>
