<?xml version="1.0" encoding="UTF-8"?>
<testsuite name="org.springframework.beans.PropertyAccessorUtilsTests" tests="7" skipped="0" failures="0" errors="0" timestamp="2021-03-04T16:32:40" hostname="WIN-LQAMLJ4MN5U" time="0.008">
  <properties/>
  <testcase name="canonicalPropertyNames()" classname="org.springframework.beans.PropertyAccessorUtilsTests" time="0.004"/>
  <testcase name="isNestedOrIndexedProperty()" classname="org.springframework.beans.PropertyAccessorUtilsTests" time="0.0"/>
  <testcase name="getFirstNestedPropertySeparatorIndex()" classname="org.springframework.beans.PropertyAccessorUtilsTests" time="0.0"/>
  <testcase name="getLastNestedPropertySeparatorIndex()" classname="org.springframework.beans.PropertyAccessorUtilsTests" time="0.001"/>
  <testcase name="matchesProperty()" classname="org.springframework.beans.PropertyAccessorUtilsTests" time="0.0"/>
  <testcase name="getPropertyName()" classname="org.springframework.beans.PropertyAccessorUtilsTests" time="0.0"/>
  <testcase name="canonicalPropertyName()" classname="org.springframework.beans.PropertyAccessorUtilsTests" time="0.0"/>
  <system-out><![CDATA[]]></system-out>
  <system-err><![CDATA[]]></system-err>
</testsuite>
