<?xml version="1.0" encoding="UTF-8"?>
<testsuite name="org.springframework.beans.factory.config.PropertyPathFactoryBeanTests" tests="6" skipped="0" failures="0" errors="0" timestamp="2021-03-04T16:32:25" hostname="WIN-LQAMLJ4MN5U" time="0.127">
  <properties/>
  <testcase name="testPropertyPathFactoryBeanWithSingletonResult()" classname="org.springframework.beans.factory.config.PropertyPathFactoryBeanTests" time="0.015"/>
  <testcase name="testPropertyPathFactoryBeanAsInnerBean()" classname="org.springframework.beans.factory.config.PropertyPathFactoryBeanTests" time="0.006"/>
  <testcase name="testPropertyPathFactoryBeanAsInnerNull()" classname="org.springframework.beans.factory.config.PropertyPathFactoryBeanTests" time="0.007"/>
  <testcase name="testPropertyPathFactoryBeanWithNullResult()" classname="org.springframework.beans.factory.config.PropertyPathFactoryBeanTests" time="0.079"/>
  <testcase name="testPropertyPathFactoryBeanWithPrototypeResult()" classname="org.springframework.beans.factory.config.PropertyPathFactoryBeanTests" time="0.007"/>
  <testcase name="testPropertyPathFactoryBeanAsNullReference()" classname="org.springframework.beans.factory.config.PropertyPathFactoryBeanTests" time="0.012"/>
  <system-out><![CDATA[]]></system-out>
  <system-err><![CDATA[]]></system-err>
</testsuite>
