<?xml version="1.0" encoding="UTF-8"?>
<testsuite name="org.springframework.beans.factory.support.BeanDefinitionTests" tests="7" skipped="0" failures="0" errors="0" timestamp="2021-03-04T16:32:29" hostname="WIN-LQAMLJ4MN5U" time="0.003">
  <properties/>
  <testcase name="beanDefinitionEquality()" classname="org.springframework.beans.factory.support.BeanDefinitionTests" time="0.0"/>
  <testcase name="beanDefinitionHolderEquality()" classname="org.springframework.beans.factory.support.BeanDefinitionTests" time="0.0"/>
  <testcase name="genericBeanDefinitionEquality()" classname="org.springframework.beans.factory.support.BeanDefinitionTests" time="0.0"/>
  <testcase name="beanDefinitionEqualityWithConstructorArguments()" classname="org.springframework.beans.factory.support.BeanDefinitionTests" time="0.0"/>
  <testcase name="beanDefinitionEqualityWithTypedConstructorArguments()" classname="org.springframework.beans.factory.support.BeanDefinitionTests" time="0.0"/>
  <testcase name="beanDefinitionEqualityWithPropertyValues()" classname="org.springframework.beans.factory.support.BeanDefinitionTests" time="0.0"/>
  <testcase name="beanDefinitionMerging()" classname="org.springframework.beans.factory.support.BeanDefinitionTests" time="0.0"/>
  <system-out><![CDATA[]]></system-out>
  <system-err><![CDATA[]]></system-err>
</testsuite>
