<?xml version="1.0" encoding="UTF-8"?>
<testsuite name="org.springframework.beans.factory.xml.NestedBeansElementTests" tests="2" skipped="0" failures="0" errors="0" timestamp="2021-03-04T16:32:35" hostname="WIN-LQAMLJ4MN5U" time="0.03">
  <properties/>
  <testcase name="getBean_withActiveProfile()" classname="org.springframework.beans.factory.xml.NestedBeansElementTests" time="0.013"/>
  <testcase name="getBean_withoutActiveProfile()" classname="org.springframework.beans.factory.xml.NestedBeansElementTests" time="0.016"/>
  <system-out><![CDATA[]]></system-out>
  <system-err><![CDATA[]]></system-err>
</testsuite>
