<?xml version="1.0" encoding="UTF-8"?>
<testsuite name="org.springframework.beans.factory.xml.EventPublicationTests" tests="4" skipped="0" failures="0" errors="0" timestamp="2021-03-04T16:32:34" hostname="WIN-LQAMLJ4MN5U" time="0.054">
  <properties/>
  <testcase name="beanEventReceived()" classname="org.springframework.beans.factory.xml.EventPublicationTests" time="0.015"/>
  <testcase name="importEventReceived()" classname="org.springframework.beans.factory.xml.EventPublicationTests" time="0.018"/>
  <testcase name="aliasEventReceived()" classname="org.springframework.beans.factory.xml.EventPublicationTests" time="0.01"/>
  <testcase name="defaultsEventReceived()" classname="org.springframework.beans.factory.xml.EventPublicationTests" time="0.01"/>
  <system-out><![CDATA[]]></system-out>
  <system-err><![CDATA[]]></system-err>
</testsuite>
