<?xml version="1.0" encoding="UTF-8"?>
<testsuite name="org.springframework.beans.factory.config.PropertiesFactoryBeanTests" tests="7" skipped="0" failures="0" errors="0" timestamp="2021-03-04T16:32:25" hostname="WIN-LQAMLJ4MN5U" time="0.367">
  <properties/>
  <testcase name="testWithPrototype()" classname="org.springframework.beans.factory.config.PropertiesFactoryBeanTests" time="0.002"/>
  <testcase name="testWithPropertiesFileAndMultipleLocalProperties()" classname="org.springframework.beans.factory.config.PropertiesFactoryBeanTests" time="0.001"/>
  <testcase name="testWithPropertiesXmlFile()" classname="org.springframework.beans.factory.config.PropertiesFactoryBeanTests" time="0.356"/>
  <testcase name="testWithPropertiesFileAndLocalProperties()" classname="org.springframework.beans.factory.config.PropertiesFactoryBeanTests" time="0.002"/>
  <testcase name="testWithLocalProperties()" classname="org.springframework.beans.factory.config.PropertiesFactoryBeanTests" time="0.0"/>
  <testcase name="testWithPropertiesFile()" classname="org.springframework.beans.factory.config.PropertiesFactoryBeanTests" time="0.002"/>
  <testcase name="testWithPropertiesFileAndLocalPropertiesAndLocalOverride()" classname="org.springframework.beans.factory.config.PropertiesFactoryBeanTests" time="0.001"/>
  <system-out><![CDATA[]]></system-out>
  <system-err><![CDATA[]]></system-err>
</testsuite>
