<?xml version="1.0" encoding="UTF-8"?>
<testsuite name="org.springframework.beans.factory.annotation.ParameterResolutionTests" tests="9" skipped="0" failures="0" errors="0" timestamp="2021-03-04T16:32:19" hostname="WIN-LQAMLJ4MN5U" time="0.257">
  <properties/>
  <testcase name="nonAnnotatedParametersInTopLevelClassConstructorAreNotCandidatesForAutowiring()" classname="org.springframework.beans.factory.annotation.ParameterResolutionTests" time="0.07"/>
  <testcase name="resolveDependencyForAnnotatedParametersInTopLevelClassConstructor()" classname="org.springframework.beans.factory.annotation.ParameterResolutionTests" time="0.175"/>
  <testcase name="resolveDependencyPreconditionsForParameter()" classname="org.springframework.beans.factory.annotation.ParameterResolutionTests" time="0.001"/>
  <testcase name="resolveDependencyPreconditionsForBeanFactory()" classname="org.springframework.beans.factory.annotation.ParameterResolutionTests" time="0.0"/>
  <testcase name="annotatedParametersInMethodAreCandidatesForAutowiring()" classname="org.springframework.beans.factory.annotation.ParameterResolutionTests" time="0.003"/>
  <testcase name="resolveDependencyPreconditionsForContainingClass()" classname="org.springframework.beans.factory.annotation.ParameterResolutionTests" time="0.001"/>
  <testcase name="annotatedParametersInTopLevelClassConstructorAreCandidatesForAutowiring()" classname="org.springframework.beans.factory.annotation.ParameterResolutionTests" time="0.002"/>
  <testcase name="annotatedParametersInInnerClassConstructorAreCandidatesForAutowiring()" classname="org.springframework.beans.factory.annotation.ParameterResolutionTests" time="0.002"/>
  <testcase name="isAutowirablePreconditions()" classname="org.springframework.beans.factory.annotation.ParameterResolutionTests" time="0.001"/>
  <system-out><![CDATA[]]></system-out>
  <system-err><![CDATA[]]></system-err>
</testsuite>
