<?xml version="1.0" encoding="UTF-8"?>
<testsuite name="org.springframework.beans.propertyeditors.FileEditorTests" tests="6" skipped="0" failures="0" errors="0" timestamp="2021-03-04T16:32:40" hostname="WIN-LQAMLJ4MN5U" time="0.105">
  <properties/>
  <testcase name="testAbsoluteFileName()" classname="org.springframework.beans.propertyeditors.FileEditorTests" time="0.003"/>
  <testcase name="testUnqualifiedFileNameFound()" classname="org.springframework.beans.propertyeditors.FileEditorTests" time="0.003"/>
  <testcase name="testClasspathFileName()" classname="org.springframework.beans.propertyeditors.FileEditorTests" time="0.001"/>
  <testcase name="testWithNonExistentResource()" classname="org.springframework.beans.propertyeditors.FileEditorTests" time="0.001"/>
  <testcase name="testUnqualifiedFileNameNotFound()" classname="org.springframework.beans.propertyeditors.FileEditorTests" time="0.002"/>
  <testcase name="testWithNonExistentFile()" classname="org.springframework.beans.propertyeditors.FileEditorTests" time="0.084"/>
  <system-out><![CDATA[]]></system-out>
  <system-err><![CDATA[]]></system-err>
</testsuite>
