<?xml version="1.0" encoding="UTF-8"?>
<testsuite name="org.springframework.cache.caffeine.CaffeineCacheTests" tests="14" skipped="0" failures="0" errors="0" timestamp="2021-03-04T16:33:15" hostname="WIN-LQAMLJ4MN5U" time="0.397">
  <properties/>
  <testcase name="testCacheGetCallableNotInvokedWithHitNull()" classname="org.springframework.cache.caffeine.CaffeineCacheTests" time="0.005"/>
  <testcase name="testCacheGetSynchronized()" classname="org.springframework.cache.caffeine.CaffeineCacheTests" time="0.344"/>
  <testcase name="testCachePutIfAbsent()" classname="org.springframework.cache.caffeine.CaffeineCacheTests" time="0.002"/>
  <testcase name="testCacheClear()" classname="org.springframework.cache.caffeine.CaffeineCacheTests" time="0.001"/>
  <testcase name="testCacheRemove()" classname="org.springframework.cache.caffeine.CaffeineCacheTests" time="0.002"/>
  <testcase name="testCacheGetCallableNotInvokedWithHit()" classname="org.springframework.cache.caffeine.CaffeineCacheTests" time="0.001"/>
  <testcase name="testCacheName()" classname="org.springframework.cache.caffeine.CaffeineCacheTests" time="0.017"/>
  <testcase name="testCachePut()" classname="org.springframework.cache.caffeine.CaffeineCacheTests" time="0.001"/>
  <testcase name="testCacheGetCallable()" classname="org.springframework.cache.caffeine.CaffeineCacheTests" time="0.002"/>
  <testcase name="testNativeCache()" classname="org.springframework.cache.caffeine.CaffeineCacheTests" time="0.001"/>
  <testcase name="testCacheGetCallableFail()" classname="org.springframework.cache.caffeine.CaffeineCacheTests" time="0.005"/>
  <testcase name="testCacheGetCallableWithNull()" classname="org.springframework.cache.caffeine.CaffeineCacheTests" time="0.001"/>
  <testcase name="testCachePutNullValueAllowNullFalse()" classname="org.springframework.cache.caffeine.CaffeineCacheTests" time="0.002"/>
  <testcase name="testPutIfAbsentNullValue()" classname="org.springframework.cache.caffeine.CaffeineCacheTests" time="0.001"/>
  <system-out><![CDATA[]]></system-out>
  <system-err><![CDATA[]]></system-err>
</testsuite>
