<?xml version="1.0" encoding="UTF-8"?>
<testsuite name="org.springframework.validation.beanvalidation2.SpringValidatorAdapterTests" tests="11" skipped="0" failures="0" errors="0" timestamp="2021-03-04T16:34:34" hostname="WIN-LQAMLJ4MN5U" time="3.398">
  <properties/>
  <testcase name="testPatternMessage()" classname="org.springframework.validation.beanvalidation2.SpringValidatorAdapterTests" time="0.371"/>
  <testcase name="testMapValueConstraint()" classname="org.springframework.validation.beanvalidation2.SpringValidatorAdapterTests" time="0.814"/>
  <testcase name="testListElementConstraint()" classname="org.springframework.validation.beanvalidation2.SpringValidatorAdapterTests" time="0.363"/>
  <testcase name="testNoStringArgumentValue()" classname="org.springframework.validation.beanvalidation2.SpringValidatorAdapterTests" time="0.013"/>
  <testcase name="testWithList()" classname="org.springframework.validation.beanvalidation2.SpringValidatorAdapterTests" time="0.636"/>
  <testcase name="testApplyMessageSourceResolvableToStringArgumentValueWithUnresolvedLogicalFieldName()" classname="org.springframework.validation.beanvalidation2.SpringValidatorAdapterTests" time="0.006"/>
  <testcase name="testMapEntryConstraint()" classname="org.springframework.validation.beanvalidation2.SpringValidatorAdapterTests" time="0.306"/>
  <testcase name="testWithSet()" classname="org.springframework.validation.beanvalidation2.SpringValidatorAdapterTests" time="0.559"/>
  <testcase name="testApplyMessageSourceResolvableToStringArgumentValueWithAlwaysUseMessageFormat()" classname="org.springframework.validation.beanvalidation2.SpringValidatorAdapterTests" time="0.005"/>
  <testcase name="testUnwrap()" classname="org.springframework.validation.beanvalidation2.SpringValidatorAdapterTests" time="0.0"/>
  <testcase name="testApplyMessageSourceResolvableToStringArgumentValueWithResolvedLogicalFieldName()" classname="org.springframework.validation.beanvalidation2.SpringValidatorAdapterTests" time="0.021"/>
  <system-out><![CDATA[]]></system-out>
  <system-err><![CDATA[]]></system-err>
</testsuite>
