<?xml version="1.0" encoding="UTF-8"?>
<testsuite name="org.springframework.cache.jcache.interceptor.CachePutOperationTests" tests="6" skipped="0" failures="0" errors="0" timestamp="2021-03-04T16:33:36" hostname="WIN-LQAMLJ4MN5U" time="0.008">
  <properties/>
  <testcase name="simple()" classname="org.springframework.cache.jcache.interceptor.CachePutOperationTests" time="0.001"/>
  <testcase name="simplePut()" classname="org.springframework.cache.jcache.interceptor.CachePutOperationTests" time="0.001"/>
  <testcase name="fullPutConfig()" classname="org.springframework.cache.jcache.interceptor.CachePutOperationTests" time="0.001"/>
  <testcase name="invokeWithWrongParameters()" classname="org.springframework.cache.jcache.interceptor.CachePutOperationTests" time="0.001"/>
  <testcase name="multiCacheValues()" classname="org.springframework.cache.jcache.interceptor.CachePutOperationTests" time="0.002"/>
  <testcase name="noCacheValue()" classname="org.springframework.cache.jcache.interceptor.CachePutOperationTests" time="0.001"/>
  <system-out><![CDATA[]]></system-out>
  <system-err><![CDATA[]]></system-err>
</testsuite>
