<?xml version="1.0" encoding="UTF-8"?>
<testsuite name="org.springframework.cache.ehcache.EhCacheCacheManagerTests" tests="5" skipped="0" failures="0" errors="0" timestamp="2021-03-04T16:33:16" hostname="WIN-LQAMLJ4MN5U" time="3.166">
  <properties/>
  <testcase name="getTransactionalOnExistingCache()" classname="org.springframework.cache.ehcache.EhCacheCacheManagerTests" time="2.277"/>
  <testcase name="getOnExistingCache()" classname="org.springframework.cache.ehcache.EhCacheCacheManagerTests" time="0.137"/>
  <testcase name="getOnNewCache()" classname="org.springframework.cache.ehcache.EhCacheCacheManagerTests" time="0.09"/>
  <testcase name="getOnUnknownCache()" classname="org.springframework.cache.ehcache.EhCacheCacheManagerTests" time="0.152"/>
  <testcase name="getTransactionalOnNewCache()" classname="org.springframework.cache.ehcache.EhCacheCacheManagerTests" time="0.505"/>
  <system-out><![CDATA[]]></system-out>
  <system-err><![CDATA[]]></system-err>
</testsuite>
