<?xml version="1.0" encoding="UTF-8"?>
<testsuite name="org.springframework.mail.javamail.ConfigurableMimeFileTypeMapTests" tests="4" skipped="0" failures="0" errors="0" timestamp="2021-03-04T16:34:08" hostname="WIN-LQAMLJ4MN5U" time="0.091">
  <properties/>
  <testcase name="withCustomMappingLocation()" classname="org.springframework.mail.javamail.ConfigurableMimeFileTypeMapTests" time="0.027"/>
  <testcase name="withAdditionalMappings()" classname="org.springframework.mail.javamail.ConfigurableMimeFileTypeMapTests" time="0.056"/>
  <testcase name="againstDefaultConfigurationWithFilePath()" classname="org.springframework.mail.javamail.ConfigurableMimeFileTypeMapTests" time="0.003"/>
  <testcase name="againstDefaultConfiguration()" classname="org.springframework.mail.javamail.ConfigurableMimeFileTypeMapTests" time="0.004"/>
  <system-out><![CDATA[]]></system-out>
  <system-err><![CDATA[]]></system-err>
</testsuite>
