<?xml version="1.0" encoding="UTF-8"?>
<testsuite name="org.springframework.cache.jcache.config.JCacheCustomInterceptorTests" tests="3" skipped="0" failures="0" errors="0" timestamp="2021-03-04T16:33:22" hostname="WIN-LQAMLJ4MN5U" time="3.777">
  <properties/>
  <testcase name="customInterceptorAppliesWithCheckedException()" classname="org.springframework.cache.jcache.config.JCacheCustomInterceptorTests" time="3.541"/>
  <testcase name="customInterceptorAppliesWithRuntimeException()" classname="org.springframework.cache.jcache.config.JCacheCustomInterceptorTests" time="0.128"/>
  <testcase name="onlyOneInterceptorIsAvailable()" classname="org.springframework.cache.jcache.config.JCacheCustomInterceptorTests" time="0.093"/>
  <system-out><![CDATA[]]></system-out>
  <system-err><![CDATA[]]></system-err>
</testsuite>
