<?xml version="1.0" encoding="UTF-8"?>
<testsuite name="org.springframework.cache.jcache.config.JCacheJavaConfigTests" tests="32" skipped="0" failures="0" errors="0" timestamp="2021-03-04T16:33:26" hostname="WIN-LQAMLJ4MN5U" time="5.756">
  <properties/>
  <testcase name="earlyPutWithExceptionVetoPut()" classname="org.springframework.cache.jcache.config.JCacheJavaConfigTests" time="0.056"/>
  <testcase name="removeWithException()" classname="org.springframework.cache.jcache.config.JCacheJavaConfigTests" time="0.177"/>
  <testcase name="cacheExceptionVetoed()" classname="org.springframework.cache.jcache.config.JCacheJavaConfigTests" time="0.182"/>
  <testcase name="cacheWithCustomCacheResolver()" classname="org.springframework.cache.jcache.config.JCacheJavaConfigTests" time="1.253"/>
  <testcase name="earlyRemove()" classname="org.springframework.cache.jcache.config.JCacheJavaConfigTests" time="0.112"/>
  <testcase name="remove()" classname="org.springframework.cache.jcache.config.JCacheJavaConfigTests" time="0.071"/>
  <testcase name="earlyPut()" classname="org.springframework.cache.jcache.config.JCacheJavaConfigTests" time="0.031"/>
  <testcase name="putWithException()" classname="org.springframework.cache.jcache.config.JCacheJavaConfigTests" time="0.036"/>
  <testcase name="removeWithExceptionVetoRemove()" classname="org.springframework.cache.jcache.config.JCacheJavaConfigTests" time="0.205"/>
  <testcase name="cacheWithCustomKeyGenerator()" classname="org.springframework.cache.jcache.config.JCacheJavaConfigTests" time="0.088"/>
  <testcase name="cacheNull()" classname="org.springframework.cache.jcache.config.JCacheJavaConfigTests" time="0.047"/>
  <testcase name="cacheCheckedException()" classname="org.springframework.cache.jcache.config.JCacheJavaConfigTests" time="0.086"/>
  <testcase name="earlyRemoveAll()" classname="org.springframework.cache.jcache.config.JCacheJavaConfigTests" time="0.102"/>
  <testcase name="put()" classname="org.springframework.cache.jcache.config.JCacheJavaConfigTests" time="0.057"/>
  <testcase name="earlyRemoveAllWithExceptionVetoRemove()" classname="org.springframework.cache.jcache.config.JCacheJavaConfigTests" time="0.037"/>
  <testcase name="earlyPutWithException()" classname="org.springframework.cache.jcache.config.JCacheJavaConfigTests" time="0.033"/>
  <testcase name="cache()" classname="org.springframework.cache.jcache.config.JCacheJavaConfigTests" time="0.035"/>
  <testcase name="earlyRemoveAllWithException()" classname="org.springframework.cache.jcache.config.JCacheJavaConfigTests" time="0.051"/>
  <testcase name="earlyRemoveWithException()" classname="org.springframework.cache.jcache.config.JCacheJavaConfigTests" time="0.175"/>
  <testcase name="cacheAlwaysInvoke()" classname="org.springframework.cache.jcache.config.JCacheJavaConfigTests" time="0.095"/>
  <testcase name="removeAllWithExceptionVetoRemove()" classname="org.springframework.cache.jcache.config.JCacheJavaConfigTests" time="0.034"/>
  <testcase name="earlyRemoveWithExceptionVetoRemove()" classname="org.springframework.cache.jcache.config.JCacheJavaConfigTests" time="0.39"/>
  <testcase name="removeAll()" classname="org.springframework.cache.jcache.config.JCacheJavaConfigTests" time="0.048"/>
  <testcase name="removeAllWithException()" classname="org.springframework.cache.jcache.config.JCacheJavaConfigTests" time="0.051"/>
  <testcase name="cacheWithPartialKey()" classname="org.springframework.cache.jcache.config.JCacheJavaConfigTests" time="0.205"/>
  <testcase name="putWithExceptionVetoPut()" classname="org.springframework.cache.jcache.config.JCacheJavaConfigTests" time="0.026"/>
  <testcase name="cacheException()" classname="org.springframework.cache.jcache.config.JCacheJavaConfigTests" time="0.032"/>
  <testcase name="cacheExceptionRewriteCallStack()" classname="org.springframework.cache.jcache.config.JCacheJavaConfigTests" time="0.393"/>
  <testcase name="bothSetOnlyResolverIsUsed()" classname="org.springframework.cache.jcache.config.JCacheJavaConfigTests" time="0.272"/>
  <testcase name="emptyConfigSupport()" classname="org.springframework.cache.jcache.config.JCacheJavaConfigTests" time="0.453"/>
  <testcase name="fullCachingConfig()" classname="org.springframework.cache.jcache.config.JCacheJavaConfigTests" time="0.428"/>
  <testcase name="exceptionCacheResolverLazilyRequired()" classname="org.springframework.cache.jcache.config.JCacheJavaConfigTests" time="0.188"/>
  <system-out><![CDATA[]]></system-out>
  <system-err><![CDATA[]]></system-err>
</testsuite>
