<?xml version="1.0" encoding="UTF-8"?>
<testsuite name="org.springframework.cache.jcache.interceptor.JCacheKeyGeneratorTests" tests="3" skipped="0" failures="0" errors="0" timestamp="2021-03-04T16:33:37" hostname="WIN-LQAMLJ4MN5U" time="0.136">
  <properties/>
  <testcase name="getFlattenVararg()" classname="org.springframework.cache.jcache.interceptor.JCacheKeyGeneratorTests" time="0.043"/>
  <testcase name="getSimple()" classname="org.springframework.cache.jcache.interceptor.JCacheKeyGeneratorTests" time="0.06"/>
  <testcase name="getFiltered()" classname="org.springframework.cache.jcache.interceptor.JCacheKeyGeneratorTests" time="0.031"/>
  <system-out><![CDATA[]]></system-out>
  <system-err><![CDATA[]]></system-err>
</testsuite>
