<?xml version="1.0" encoding="UTF-8"?>
<testsuite name="org.springframework.cache.jcache.interceptor.CacheRemoveOperationTests" tests="2" skipped="0" failures="0" errors="0" timestamp="2021-03-04T16:33:36" hostname="WIN-LQAMLJ4MN5U" time="0.001">
  <properties/>
  <testcase name="simple()" classname="org.springframework.cache.jcache.interceptor.CacheRemoveOperationTests" time="0.0"/>
  <testcase name="simpleRemove()" classname="org.springframework.cache.jcache.interceptor.CacheRemoveOperationTests" time="0.0"/>
  <system-out><![CDATA[]]></system-out>
  <system-err><![CDATA[]]></system-err>
</testsuite>
