<?xml version="1.0" encoding="UTF-8"?>
<testsuite name="org.springframework.cache.jcache.JCacheEhCacheAnnotationTests" tests="64" skipped="1" failures="0" errors="0" timestamp="2021-03-04T16:33:49" hostname="WIN-LQAMLJ4MN5U" time="17.32">
  <properties/>
  <testcase name="testMultiConditionalCacheAndEvict()" classname="org.springframework.cache.jcache.JCacheEhCacheAnnotationTests" time="0.273"/>
  <testcase name="testClassEvictWithKeyEarly()" classname="org.springframework.cache.jcache.JCacheEhCacheAnnotationTests" time="0.208"/>
  <testcase name="testClassCheckedExceptionSync()" classname="org.springframework.cache.jcache.JCacheEhCacheAnnotationTests" time="0.565"/>
  <testcase name="testKeyExpression()" classname="org.springframework.cache.jcache.JCacheEhCacheAnnotationTests" time="1.617"/>
  <testcase name="testConditionalUpdate()" classname="org.springframework.cache.jcache.JCacheEhCacheAnnotationTests" time="0.634"/>
  <testcase name="testClassMultiCacheAndEvict()" classname="org.springframework.cache.jcache.JCacheEhCacheAnnotationTests" time="0.556"/>
  <testcase name="testCacheableSyncNull()" classname="org.springframework.cache.jcache.JCacheEhCacheAnnotationTests" time="0.759"/>
  <testcase name="testUnknownCustomKeyGenerator()" classname="org.springframework.cache.jcache.JCacheEhCacheAnnotationTests" time="1.43"/>
  <testcase name="testClassRootVars()" classname="org.springframework.cache.jcache.JCacheEhCacheAnnotationTests" time="1.364"/>
  <testcase name="testMethodName()" classname="org.springframework.cache.jcache.JCacheEhCacheAnnotationTests" time="1.145"/>
  <testcase name="testEvictWithException()" classname="org.springframework.cache.jcache.JCacheEhCacheAnnotationTests" time="0.355"/>
  <testcase name="testClassUpdate()" classname="org.springframework.cache.jcache.JCacheEhCacheAnnotationTests" time="0.103"/>
  <testcase name="testEvict()" classname="org.springframework.cache.jcache.JCacheEhCacheAnnotationTests" time="0.313"/>
  <testcase name="testCheckedExceptionSync()" classname="org.springframework.cache.jcache.JCacheEhCacheAnnotationTests" time="0.093"/>
  <testcase name="testClassEvictEarly()" classname="org.springframework.cache.jcache.JCacheEhCacheAnnotationTests" time="0.046"/>
  <testcase name="testClassNullArg()" classname="org.springframework.cache.jcache.JCacheEhCacheAnnotationTests" time="0.578"/>
  <testcase name="testClassEvictAll()" classname="org.springframework.cache.jcache.JCacheEhCacheAnnotationTests" time="0.083"/>
  <testcase name="testPutRefersToResult()" classname="org.springframework.cache.jcache.JCacheEhCacheAnnotationTests" time="0.03"/>
  <testcase name="testClassCacheUnlessExpression()" classname="org.springframework.cache.jcache.JCacheEhCacheAnnotationTests" time="0.032"/>
  <testcase name="testConditionalExpressionSync()" classname="org.springframework.cache.jcache.JCacheEhCacheAnnotationTests" time="0.038"/>
  <testcase name="testClassConditionalUpdate()" classname="org.springframework.cache.jcache.JCacheEhCacheAnnotationTests" time="0.031"/>
  <testcase name="testConditionalExpression()" classname="org.springframework.cache.jcache.JCacheEhCacheAnnotationTests" time="0.031"/>
  <testcase name="testClassMultiPut()" classname="org.springframework.cache.jcache.JCacheEhCacheAnnotationTests" time="0.129"/>
  <testcase name="testClassUncheckedException()" classname="org.springframework.cache.jcache.JCacheEhCacheAnnotationTests" time="0.625"/>
  <testcase name="testClassCacheEvictWithWKey()" classname="org.springframework.cache.jcache.JCacheEhCacheAnnotationTests" time="0.053"/>
  <testcase name="testClassNullValue()" classname="org.springframework.cache.jcache.JCacheEhCacheAnnotationTests" time="0.168"/>
  <testcase name="testUncheckedExceptionSync()" classname="org.springframework.cache.jcache.JCacheEhCacheAnnotationTests" time="0.037"/>
  <testcase name="testClassUncheckedExceptionSync()" classname="org.springframework.cache.jcache.JCacheEhCacheAnnotationTests" time="1.004"/>
  <testcase name="testClassCacheCacheable()" classname="org.springframework.cache.jcache.JCacheEhCacheAnnotationTests" time="0.769"/>
  <testcase name="testClassMethodName()" classname="org.springframework.cache.jcache.JCacheEhCacheAnnotationTests" time="0.472"/>
  <testcase name="testCustomKeyGenerator()" classname="org.springframework.cache.jcache.JCacheEhCacheAnnotationTests" time="0.402"/>
  <testcase name="testCacheable()" classname="org.springframework.cache.jcache.JCacheEhCacheAnnotationTests" time="0.578"/>
  <testcase name="testCheckedException()" classname="org.springframework.cache.jcache.JCacheEhCacheAnnotationTests" time="0.135"/>
  <testcase name="testClassPutRefersToResult()" classname="org.springframework.cache.jcache.JCacheEhCacheAnnotationTests" time="0.157"/>
  <testcase name="testVarArgsKey()" classname="org.springframework.cache.jcache.JCacheEhCacheAnnotationTests" time="0.074"/>
  <testcase name="testMultiCache()" classname="org.springframework.cache.jcache.JCacheEhCacheAnnotationTests" time="0.149"/>
  <testcase name="testMultiEvict()" classname="org.springframework.cache.jcache.JCacheEhCacheAnnotationTests" time="0.057"/>
  <testcase name="testMultiCacheAndEvict()" classname="org.springframework.cache.jcache.JCacheEhCacheAnnotationTests" time="0.038"/>
  <testcase name="testRootVars()" classname="org.springframework.cache.jcache.JCacheEhCacheAnnotationTests" time="0.034"/>
  <testcase name="testClassMultiConditionalCacheAndEvict()" classname="org.springframework.cache.jcache.JCacheEhCacheAnnotationTests" time="0.031"/>
  <testcase name="testClassEvictWithException()" classname="org.springframework.cache.jcache.JCacheEhCacheAnnotationTests" time="0.026"/>
  <testcase name="testClassCheckedException()" classname="org.springframework.cache.jcache.JCacheEhCacheAnnotationTests" time="0.027"/>
  <testcase name="testClassCacheEvict()" classname="org.springframework.cache.jcache.JCacheEhCacheAnnotationTests" time="0.025"/>
  <testcase name="testEvictWithKey()" classname="org.springframework.cache.jcache.JCacheEhCacheAnnotationTests" time="0.681"/>
  <testcase name="testUnlessExpression()" classname="org.springframework.cache.jcache.JCacheEhCacheAnnotationTests" time="0.534"/>
  <testcase name="testEvictAllEarly()" classname="org.springframework.cache.jcache.JCacheEhCacheAnnotationTests" time="0.078"/>
  <testcase name="testEvictAll()" classname="org.springframework.cache.jcache.JCacheEhCacheAnnotationTests" time="0.065"/>
  <testcase name="testCacheableNull()" classname="org.springframework.cache.jcache.JCacheEhCacheAnnotationTests" time="0.036"/>
  <testcase name="testCacheableSync()" classname="org.springframework.cache.jcache.JCacheEhCacheAnnotationTests" time="0.038"/>
  <testcase name="testEvictWithKeyEarly()" classname="org.springframework.cache.jcache.JCacheEhCacheAnnotationTests" time="0.038"/>
  <testcase name="testMultiPut()" classname="org.springframework.cache.jcache.JCacheEhCacheAnnotationTests" time="0.043"/>
  <testcase name="testUnknownCustomCacheManager()" classname="org.springframework.cache.jcache.JCacheEhCacheAnnotationTests" time="0.044"/>
  <testcase name="testUncheckedException()" classname="org.springframework.cache.jcache.JCacheEhCacheAnnotationTests" time="0.036"/>
  <testcase name="testNullValue()" classname="org.springframework.cache.jcache.JCacheEhCacheAnnotationTests" time="0.047"/>
  <testcase name="testEvictEarly()" classname="org.springframework.cache.jcache.JCacheEhCacheAnnotationTests" time="0.049"/>
  <testcase name="testUpdate()" classname="org.springframework.cache.jcache.JCacheEhCacheAnnotationTests" time="0.043"/>
  <testcase name="testNullArg()" classname="org.springframework.cache.jcache.JCacheEhCacheAnnotationTests" time="0.072"/>
  <testcase name="testClassMultiCache()" classname="org.springframework.cache.jcache.JCacheEhCacheAnnotationTests" time="0.031"/>
  <testcase name="testClassMultiEvict()" classname="org.springframework.cache.jcache.JCacheEhCacheAnnotationTests" time="0.031"/>
  <testcase name="testEvictAllWithTransaction()" classname="org.springframework.cache.jcache.JCacheEhCacheAnnotationTests" time="0.039"/>
  <testcase name="testCustomCacheManager()" classname="org.springframework.cache.jcache.JCacheEhCacheAnnotationTests" time="0.0">
    <skipped/>
  </testcase>
  <testcase name="testEvictEarlyWithTransaction()" classname="org.springframework.cache.jcache.JCacheEhCacheAnnotationTests" time="0.035"/>
  <testcase name="testEvictAllEarlyWithTransaction()" classname="org.springframework.cache.jcache.JCacheEhCacheAnnotationTests" time="0.032"/>
  <testcase name="testEvictWithTransaction()" classname="org.springframework.cache.jcache.JCacheEhCacheAnnotationTests" time="0.029"/>
  <system-out><![CDATA[]]></system-out>
  <system-err><![CDATA[]]></system-err>
</testsuite>
