<?xml version="1.0" encoding="UTF-8"?>
<testsuite name="org.springframework.cache.jcache.JCacheEhCache3AnnotationTests" tests="64" skipped="1" failures="0" errors="0" timestamp="2021-03-04T16:33:37" hostname="WIN-LQAMLJ4MN5U" time="9.473">
  <properties/>
  <testcase name="testMultiConditionalCacheAndEvict()" classname="org.springframework.cache.jcache.JCacheEhCache3AnnotationTests" time="0.9"/>
  <testcase name="testClassEvictWithKeyEarly()" classname="org.springframework.cache.jcache.JCacheEhCache3AnnotationTests" time="0.115"/>
  <testcase name="testClassCheckedExceptionSync()" classname="org.springframework.cache.jcache.JCacheEhCache3AnnotationTests" time="0.053"/>
  <testcase name="testKeyExpression()" classname="org.springframework.cache.jcache.JCacheEhCache3AnnotationTests" time="0.095"/>
  <testcase name="testConditionalUpdate()" classname="org.springframework.cache.jcache.JCacheEhCache3AnnotationTests" time="0.136"/>
  <testcase name="testClassMultiCacheAndEvict()" classname="org.springframework.cache.jcache.JCacheEhCache3AnnotationTests" time="0.092"/>
  <testcase name="testCacheableSyncNull()" classname="org.springframework.cache.jcache.JCacheEhCache3AnnotationTests" time="0.05"/>
  <testcase name="testUnknownCustomKeyGenerator()" classname="org.springframework.cache.jcache.JCacheEhCache3AnnotationTests" time="0.055"/>
  <testcase name="testClassRootVars()" classname="org.springframework.cache.jcache.JCacheEhCache3AnnotationTests" time="0.227"/>
  <testcase name="testMethodName()" classname="org.springframework.cache.jcache.JCacheEhCache3AnnotationTests" time="0.467"/>
  <testcase name="testEvictWithException()" classname="org.springframework.cache.jcache.JCacheEhCache3AnnotationTests" time="0.288"/>
  <testcase name="testClassUpdate()" classname="org.springframework.cache.jcache.JCacheEhCache3AnnotationTests" time="0.217"/>
  <testcase name="testEvict()" classname="org.springframework.cache.jcache.JCacheEhCache3AnnotationTests" time="0.225"/>
  <testcase name="testCheckedExceptionSync()" classname="org.springframework.cache.jcache.JCacheEhCache3AnnotationTests" time="0.346"/>
  <testcase name="testClassEvictEarly()" classname="org.springframework.cache.jcache.JCacheEhCache3AnnotationTests" time="0.08"/>
  <testcase name="testClassNullArg()" classname="org.springframework.cache.jcache.JCacheEhCache3AnnotationTests" time="0.076"/>
  <testcase name="testClassEvictAll()" classname="org.springframework.cache.jcache.JCacheEhCache3AnnotationTests" time="0.153"/>
  <testcase name="testPutRefersToResult()" classname="org.springframework.cache.jcache.JCacheEhCache3AnnotationTests" time="0.664"/>
  <testcase name="testClassCacheUnlessExpression()" classname="org.springframework.cache.jcache.JCacheEhCache3AnnotationTests" time="0.169"/>
  <testcase name="testConditionalExpressionSync()" classname="org.springframework.cache.jcache.JCacheEhCache3AnnotationTests" time="0.156"/>
  <testcase name="testClassConditionalUpdate()" classname="org.springframework.cache.jcache.JCacheEhCache3AnnotationTests" time="0.599"/>
  <testcase name="testConditionalExpression()" classname="org.springframework.cache.jcache.JCacheEhCache3AnnotationTests" time="0.525"/>
  <testcase name="testClassMultiPut()" classname="org.springframework.cache.jcache.JCacheEhCache3AnnotationTests" time="0.087"/>
  <testcase name="testClassUncheckedException()" classname="org.springframework.cache.jcache.JCacheEhCache3AnnotationTests" time="0.098"/>
  <testcase name="testClassCacheEvictWithWKey()" classname="org.springframework.cache.jcache.JCacheEhCache3AnnotationTests" time="0.084"/>
  <testcase name="testClassNullValue()" classname="org.springframework.cache.jcache.JCacheEhCache3AnnotationTests" time="0.056"/>
  <testcase name="testUncheckedExceptionSync()" classname="org.springframework.cache.jcache.JCacheEhCache3AnnotationTests" time="0.038"/>
  <testcase name="testClassUncheckedExceptionSync()" classname="org.springframework.cache.jcache.JCacheEhCache3AnnotationTests" time="0.034"/>
  <testcase name="testClassCacheCacheable()" classname="org.springframework.cache.jcache.JCacheEhCache3AnnotationTests" time="0.158"/>
  <testcase name="testClassMethodName()" classname="org.springframework.cache.jcache.JCacheEhCache3AnnotationTests" time="0.08"/>
  <testcase name="testCustomKeyGenerator()" classname="org.springframework.cache.jcache.JCacheEhCache3AnnotationTests" time="0.058"/>
  <testcase name="testCacheable()" classname="org.springframework.cache.jcache.JCacheEhCache3AnnotationTests" time="0.083"/>
  <testcase name="testCheckedException()" classname="org.springframework.cache.jcache.JCacheEhCache3AnnotationTests" time="0.066"/>
  <testcase name="testClassPutRefersToResult()" classname="org.springframework.cache.jcache.JCacheEhCache3AnnotationTests" time="0.127"/>
  <testcase name="testVarArgsKey()" classname="org.springframework.cache.jcache.JCacheEhCache3AnnotationTests" time="0.139"/>
  <testcase name="testMultiCache()" classname="org.springframework.cache.jcache.JCacheEhCache3AnnotationTests" time="0.137"/>
  <testcase name="testMultiEvict()" classname="org.springframework.cache.jcache.JCacheEhCache3AnnotationTests" time="0.067"/>
  <testcase name="testMultiCacheAndEvict()" classname="org.springframework.cache.jcache.JCacheEhCache3AnnotationTests" time="0.07"/>
  <testcase name="testRootVars()" classname="org.springframework.cache.jcache.JCacheEhCache3AnnotationTests" time="0.085"/>
  <testcase name="testClassMultiConditionalCacheAndEvict()" classname="org.springframework.cache.jcache.JCacheEhCache3AnnotationTests" time="0.14"/>
  <testcase name="testClassEvictWithException()" classname="org.springframework.cache.jcache.JCacheEhCache3AnnotationTests" time="0.094"/>
  <testcase name="testClassCheckedException()" classname="org.springframework.cache.jcache.JCacheEhCache3AnnotationTests" time="0.081"/>
  <testcase name="testClassCacheEvict()" classname="org.springframework.cache.jcache.JCacheEhCache3AnnotationTests" time="0.088"/>
  <testcase name="testEvictWithKey()" classname="org.springframework.cache.jcache.JCacheEhCache3AnnotationTests" time="0.096"/>
  <testcase name="testUnlessExpression()" classname="org.springframework.cache.jcache.JCacheEhCache3AnnotationTests" time="0.03"/>
  <testcase name="testEvictAllEarly()" classname="org.springframework.cache.jcache.JCacheEhCache3AnnotationTests" time="0.06"/>
  <testcase name="testEvictAll()" classname="org.springframework.cache.jcache.JCacheEhCache3AnnotationTests" time="0.056"/>
  <testcase name="testCacheableNull()" classname="org.springframework.cache.jcache.JCacheEhCache3AnnotationTests" time="0.047"/>
  <testcase name="testCacheableSync()" classname="org.springframework.cache.jcache.JCacheEhCache3AnnotationTests" time="0.126"/>
  <testcase name="testEvictWithKeyEarly()" classname="org.springframework.cache.jcache.JCacheEhCache3AnnotationTests" time="0.083"/>
  <testcase name="testMultiPut()" classname="org.springframework.cache.jcache.JCacheEhCache3AnnotationTests" time="0.08"/>
  <testcase name="testUnknownCustomCacheManager()" classname="org.springframework.cache.jcache.JCacheEhCache3AnnotationTests" time="0.059"/>
  <testcase name="testUncheckedException()" classname="org.springframework.cache.jcache.JCacheEhCache3AnnotationTests" time="0.161"/>
  <testcase name="testNullValue()" classname="org.springframework.cache.jcache.JCacheEhCache3AnnotationTests" time="0.04"/>
  <testcase name="testEvictEarly()" classname="org.springframework.cache.jcache.JCacheEhCache3AnnotationTests" time="0.07"/>
  <testcase name="testUpdate()" classname="org.springframework.cache.jcache.JCacheEhCache3AnnotationTests" time="0.095"/>
  <testcase name="testNullArg()" classname="org.springframework.cache.jcache.JCacheEhCache3AnnotationTests" time="0.115"/>
  <testcase name="testClassMultiCache()" classname="org.springframework.cache.jcache.JCacheEhCache3AnnotationTests" time="0.088"/>
  <testcase name="testClassMultiEvict()" classname="org.springframework.cache.jcache.JCacheEhCache3AnnotationTests" time="0.114"/>
  <testcase name="testEvictAllWithTransaction()" classname="org.springframework.cache.jcache.JCacheEhCache3AnnotationTests" time="0.037"/>
  <testcase name="testCustomCacheManager()" classname="org.springframework.cache.jcache.JCacheEhCache3AnnotationTests" time="0.0">
    <skipped/>
  </testcase>
  <testcase name="testEvictEarlyWithTransaction()" classname="org.springframework.cache.jcache.JCacheEhCache3AnnotationTests" time="0.051"/>
  <testcase name="testEvictAllEarlyWithTransaction()" classname="org.springframework.cache.jcache.JCacheEhCache3AnnotationTests" time="0.193"/>
  <testcase name="testEvictWithTransaction()" classname="org.springframework.cache.jcache.JCacheEhCache3AnnotationTests" time="0.193"/>
  <system-out><![CDATA[]]></system-out>
  <system-err><![CDATA[]]></system-err>
</testsuite>
