<?xml version="1.0" encoding="UTF-8"?>
<testsuite name="org.springframework.context.annotation.scope.ClassPathBeanDefinitionScannerScopeIntegrationTests" tests="9" skipped="0" failures="0" errors="0" timestamp="2021-03-04T16:41:08" hostname="WIN-LQAMLJ4MN5U" time="0.179">
  <properties/>
  <testcase name="sessionScopeWithNoProxy()" classname="org.springframework.context.annotation.scope.ClassPathBeanDefinitionScannerScopeIntegrationTests" time="0.02"/>
  <testcase name="requestScopeWithNoProxy()" classname="org.springframework.context.annotation.scope.ClassPathBeanDefinitionScannerScopeIntegrationTests" time="0.013"/>
  <testcase name="singletonScopeWithNoProxy()" classname="org.springframework.context.annotation.scope.ClassPathBeanDefinitionScannerScopeIntegrationTests" time="0.015"/>
  <testcase name="sessionScopeWithProxiedTargetClass()" classname="org.springframework.context.annotation.scope.ClassPathBeanDefinitionScannerScopeIntegrationTests" time="0.027"/>
  <testcase name="singletonScopeIgnoresProxyInterfaces()" classname="org.springframework.context.annotation.scope.ClassPathBeanDefinitionScannerScopeIntegrationTests" time="0.021"/>
  <testcase name="requestScopeWithProxiedTargetClass()" classname="org.springframework.context.annotation.scope.ClassPathBeanDefinitionScannerScopeIntegrationTests" time="0.019"/>
  <testcase name="singletonScopeIgnoresProxyTargetClass()" classname="org.springframework.context.annotation.scope.ClassPathBeanDefinitionScannerScopeIntegrationTests" time="0.017"/>
  <testcase name="requestScopeWithProxiedInterfaces()" classname="org.springframework.context.annotation.scope.ClassPathBeanDefinitionScannerScopeIntegrationTests" time="0.014"/>
  <testcase name="sessionScopeWithProxiedInterfaces()" classname="org.springframework.context.annotation.scope.ClassPathBeanDefinitionScannerScopeIntegrationTests" time="0.026"/>
  <system-out><![CDATA[00:41:08.397 [Test worker] DEBUG o.s.c.a.ClassPathBeanDefinitionScanner - Identified candidate component class: file [D:\tools\source\spring-framework-5.2.x\integration-tests\build\classes\java\test\org\springframework\context\annotation\scope\ClassPathBeanDefinitionScannerScopeIntegrationTests$RequestScopedTestBean.class]
00:41:08.398 [Test worker] DEBUG o.s.c.a.ClassPathBeanDefinitionScanner - Identified candidate component class: file [D:\tools\source\spring-framework-5.2.x\integration-tests\build\classes\java\test\org\springframework\context\annotation\scope\ClassPathBeanDefinitionScannerScopeIntegrationTests$SessionScopedTestBean.class]
00:41:08.399 [Test worker] DEBUG o.s.c.a.ClassPathBeanDefinitionScanner - Identified candidate component class: file [D:\tools\source\spring-framework-5.2.x\integration-tests\build\classes\java\test\org\springframework\context\annotation\scope\ClassPathBeanDefinitionScannerScopeIntegrationTests$SingletonScopedTestBean.class]
00:41:08.402 [Test worker] DEBUG o.s.c.a.ClassPathBeanDefinitionScanner - Identified candidate component class: file [D:\tools\source\spring-framework-5.2.x\integration-tests\build\classes\java\test\org\springframework\context\annotation\scope\ClassPathBeanDefinitionScannerScopeIntegrationTests$RequestScopedTestBean.class]
00:41:08.402 [Test worker] DEBUG o.s.c.a.ClassPathBeanDefinitionScanner - Identified candidate component class: file [D:\tools\source\spring-framework-5.2.x\integration-tests\build\classes\java\test\org\springframework\context\annotation\scope\ClassPathBeanDefinitionScannerScopeIntegrationTests$SessionScopedTestBean.class]
00:41:08.402 [Test worker] DEBUG o.s.c.a.ClassPathBeanDefinitionScanner - Identified candidate component class: file [D:\tools\source\spring-framework-5.2.x\integration-tests\build\classes\java\test\org\springframework\context\annotation\scope\ClassPathBeanDefinitionScannerScopeIntegrationTests$SingletonScopedTestBean.class]
00:41:08.403 [Test worker] DEBUG o.s.w.c.s.GenericWebApplicationContext - Refreshing org.springframework.web.context.support.GenericWebApplicationContext@22bd1139
00:41:08.404 [Test worker] DEBUG o.s.u.c.s.UiApplicationContextUtils - Unable to locate ThemeSource with name 'themeSource': using default [org.springframework.ui.context.support.ResourceBundleThemeSource@28517f81]
00:41:08.404 [Test worker] DEBUG o.s.b.f.s.DefaultListableBeanFactory - Creating shared instance of singleton bean 'singleton'
00:41:08.414 [Test worker] DEBUG o.s.c.a.ClassPathBeanDefinitionScanner - Identified candidate component class: file [D:\tools\source\spring-framework-5.2.x\integration-tests\build\classes\java\test\org\springframework\context\annotation\scope\ClassPathBeanDefinitionScannerScopeIntegrationTests$RequestScopedTestBean.class]
00:41:08.415 [Test worker] DEBUG o.s.c.a.ClassPathBeanDefinitionScanner - Identified candidate component class: file [D:\tools\source\spring-framework-5.2.x\integration-tests\build\classes\java\test\org\springframework\context\annotation\scope\ClassPathBeanDefinitionScannerScopeIntegrationTests$SessionScopedTestBean.class]
00:41:08.416 [Test worker] DEBUG o.s.c.a.ClassPathBeanDefinitionScanner - Identified candidate component class: file [D:\tools\source\spring-framework-5.2.x\integration-tests\build\classes\java\test\org\springframework\context\annotation\scope\ClassPathBeanDefinitionScannerScopeIntegrationTests$SingletonScopedTestBean.class]
00:41:08.418 [Test worker] DEBUG o.s.c.a.ClassPathBeanDefinitionScanner - Identified candidate component class: file [D:\tools\source\spring-framework-5.2.x\integration-tests\build\classes\java\test\org\springframework\context\annotation\scope\ClassPathBeanDefinitionScannerScopeIntegrationTests$RequestScopedTestBean.class]
00:41:08.418 [Test worker] DEBUG o.s.c.a.ClassPathBeanDefinitionScanner - Identified candidate component class: file [D:\tools\source\spring-framework-5.2.x\integration-tests\build\classes\java\test\org\springframework\context\annotation\scope\ClassPathBeanDefinitionScannerScopeIntegrationTests$SessionScopedTestBean.class]
00:41:08.419 [Test worker] DEBUG o.s.c.a.ClassPathBeanDefinitionScanner - Identified candidate component class: file [D:\tools\source\spring-framework-5.2.x\integration-tests\build\classes\java\test\org\springframework\context\annotation\scope\ClassPathBeanDefinitionScannerScopeIntegrationTests$SingletonScopedTestBean.class]
00:41:08.419 [Test worker] DEBUG o.s.w.c.s.GenericWebApplicationContext - Refreshing org.springframework.web.context.support.GenericWebApplicationContext@391fc590
00:41:08.420 [Test worker] DEBUG o.s.u.c.s.UiApplicationContextUtils - Unable to locate ThemeSource with name 'themeSource': using default [org.springframework.ui.context.support.ResourceBundleThemeSource@58c1f729]
00:41:08.420 [Test worker] DEBUG o.s.b.f.s.DefaultListableBeanFactory - Creating shared instance of singleton bean 'singleton'
00:41:08.429 [Test worker] DEBUG o.s.c.a.ClassPathBeanDefinitionScanner - Identified candidate component class: file [D:\tools\source\spring-framework-5.2.x\integration-tests\build\classes\java\test\org\springframework\context\annotation\scope\ClassPathBeanDefinitionScannerScopeIntegrationTests$RequestScopedTestBean.class]
00:41:08.430 [Test worker] DEBUG o.s.c.a.ClassPathBeanDefinitionScanner - Identified candidate component class: file [D:\tools\source\spring-framework-5.2.x\integration-tests\build\classes\java\test\org\springframework\context\annotation\scope\ClassPathBeanDefinitionScannerScopeIntegrationTests$SessionScopedTestBean.class]
00:41:08.430 [Test worker] DEBUG o.s.c.a.ClassPathBeanDefinitionScanner - Identified candidate component class: file [D:\tools\source\spring-framework-5.2.x\integration-tests\build\classes\java\test\org\springframework\context\annotation\scope\ClassPathBeanDefinitionScannerScopeIntegrationTests$SingletonScopedTestBean.class]
00:41:08.435 [Test worker] DEBUG o.s.c.a.ClassPathBeanDefinitionScanner - Identified candidate component class: file [D:\tools\source\spring-framework-5.2.x\integration-tests\build\classes\java\test\org\springframework\context\annotation\scope\ClassPathBeanDefinitionScannerScopeIntegrationTests$RequestScopedTestBean.class]
00:41:08.435 [Test worker] DEBUG o.s.c.a.ClassPathBeanDefinitionScanner - Identified candidate component class: file [D:\tools\source\spring-framework-5.2.x\integration-tests\build\classes\java\test\org\springframework\context\annotation\scope\ClassPathBeanDefinitionScannerScopeIntegrationTests$SessionScopedTestBean.class]
00:41:08.436 [Test worker] DEBUG o.s.c.a.ClassPathBeanDefinitionScanner - Identified candidate component class: file [D:\tools\source\spring-framework-5.2.x\integration-tests\build\classes\java\test\org\springframework\context\annotation\scope\ClassPathBeanDefinitionScannerScopeIntegrationTests$SingletonScopedTestBean.class]
00:41:08.436 [Test worker] DEBUG o.s.w.c.s.GenericWebApplicationContext - Refreshing org.springframework.web.context.support.GenericWebApplicationContext@479af24b
00:41:08.437 [Test worker] DEBUG o.s.u.c.s.UiApplicationContextUtils - Unable to locate ThemeSource with name 'themeSource': using default [org.springframework.ui.context.support.ResourceBundleThemeSource@7354914a]
00:41:08.437 [Test worker] DEBUG o.s.b.f.s.DefaultListableBeanFactory - Creating shared instance of singleton bean 'singleton'
00:41:08.445 [Test worker] DEBUG o.s.c.a.ClassPathBeanDefinitionScanner - Identified candidate component class: file [D:\tools\source\spring-framework-5.2.x\integration-tests\build\classes\java\test\org\springframework\context\annotation\scope\ClassPathBeanDefinitionScannerScopeIntegrationTests$RequestScopedTestBean.class]
00:41:08.446 [Test worker] DEBUG o.s.c.a.ClassPathBeanDefinitionScanner - Identified candidate component class: file [D:\tools\source\spring-framework-5.2.x\integration-tests\build\classes\java\test\org\springframework\context\annotation\scope\ClassPathBeanDefinitionScannerScopeIntegrationTests$SessionScopedTestBean.class]
00:41:08.446 [Test worker] DEBUG o.s.c.a.ClassPathBeanDefinitionScanner - Identified candidate component class: file [D:\tools\source\spring-framework-5.2.x\integration-tests\build\classes\java\test\org\springframework\context\annotation\scope\ClassPathBeanDefinitionScannerScopeIntegrationTests$SingletonScopedTestBean.class]
00:41:08.449 [Test worker] DEBUG o.s.c.a.ClassPathBeanDefinitionScanner - Identified candidate component class: file [D:\tools\source\spring-framework-5.2.x\integration-tests\build\classes\java\test\org\springframework\context\annotation\scope\ClassPathBeanDefinitionScannerScopeIntegrationTests$RequestScopedTestBean.class]
00:41:08.449 [Test worker] DEBUG o.s.c.a.ClassPathBeanDefinitionScanner - Identified candidate component class: file [D:\tools\source\spring-framework-5.2.x\integration-tests\build\classes\java\test\org\springframework\context\annotation\scope\ClassPathBeanDefinitionScannerScopeIntegrationTests$SessionScopedTestBean.class]
00:41:08.449 [Test worker] DEBUG o.s.c.a.ClassPathBeanDefinitionScanner - Identified candidate component class: file [D:\tools\source\spring-framework-5.2.x\integration-tests\build\classes\java\test\org\springframework\context\annotation\scope\ClassPathBeanDefinitionScannerScopeIntegrationTests$SingletonScopedTestBean.class]
00:41:08.449 [Test worker] DEBUG o.s.w.c.s.GenericWebApplicationContext - Refreshing org.springframework.web.context.support.GenericWebApplicationContext@7039be98
00:41:08.450 [Test worker] DEBUG o.s.u.c.s.UiApplicationContextUtils - Unable to locate ThemeSource with name 'themeSource': using default [org.springframework.ui.context.support.ResourceBundleThemeSource@366f4982]
00:41:08.450 [Test worker] DEBUG o.s.b.f.s.DefaultListableBeanFactory - Creating shared instance of singleton bean 'request'
00:41:08.456 [Test worker] DEBUG o.s.b.f.s.DefaultListableBeanFactory - Creating shared instance of singleton bean 'session'
00:41:08.461 [Test worker] DEBUG o.s.b.f.s.DefaultListableBeanFactory - Creating shared instance of singleton bean 'singleton'
00:41:08.471 [Test worker] DEBUG o.s.c.a.ClassPathBeanDefinitionScanner - Identified candidate component class: file [D:\tools\source\spring-framework-5.2.x\integration-tests\build\classes\java\test\org\springframework\context\annotation\scope\ClassPathBeanDefinitionScannerScopeIntegrationTests$RequestScopedTestBean.class]
00:41:08.473 [Test worker] DEBUG o.s.c.a.ClassPathBeanDefinitionScanner - Identified candidate component class: file [D:\tools\source\spring-framework-5.2.x\integration-tests\build\classes\java\test\org\springframework\context\annotation\scope\ClassPathBeanDefinitionScannerScopeIntegrationTests$SessionScopedTestBean.class]
00:41:08.475 [Test worker] DEBUG o.s.c.a.ClassPathBeanDefinitionScanner - Identified candidate component class: file [D:\tools\source\spring-framework-5.2.x\integration-tests\build\classes\java\test\org\springframework\context\annotation\scope\ClassPathBeanDefinitionScannerScopeIntegrationTests$SingletonScopedTestBean.class]
00:41:08.478 [Test worker] DEBUG o.s.c.a.ClassPathBeanDefinitionScanner - Identified candidate component class: file [D:\tools\source\spring-framework-5.2.x\integration-tests\build\classes\java\test\org\springframework\context\annotation\scope\ClassPathBeanDefinitionScannerScopeIntegrationTests$RequestScopedTestBean.class]
00:41:08.478 [Test worker] DEBUG o.s.c.a.ClassPathBeanDefinitionScanner - Identified candidate component class: file [D:\tools\source\spring-framework-5.2.x\integration-tests\build\classes\java\test\org\springframework\context\annotation\scope\ClassPathBeanDefinitionScannerScopeIntegrationTests$SessionScopedTestBean.class]
00:41:08.478 [Test worker] DEBUG o.s.c.a.ClassPathBeanDefinitionScanner - Identified candidate component class: file [D:\tools\source\spring-framework-5.2.x\integration-tests\build\classes\java\test\org\springframework\context\annotation\scope\ClassPathBeanDefinitionScannerScopeIntegrationTests$SingletonScopedTestBean.class]
00:41:08.478 [Test worker] DEBUG o.s.w.c.s.GenericWebApplicationContext - Refreshing org.springframework.web.context.support.GenericWebApplicationContext@29a38ff1
00:41:08.479 [Test worker] DEBUG o.s.u.c.s.UiApplicationContextUtils - Unable to locate ThemeSource with name 'themeSource': using default [org.springframework.ui.context.support.ResourceBundleThemeSource@3ea44a43]
00:41:08.480 [Test worker] DEBUG o.s.b.f.s.DefaultListableBeanFactory - Creating shared instance of singleton bean 'request'
00:41:08.487 [Test worker] DEBUG o.s.b.f.s.DefaultListableBeanFactory - Creating shared instance of singleton bean 'session'
00:41:08.487 [Test worker] DEBUG o.s.b.f.s.DefaultListableBeanFactory - Creating shared instance of singleton bean 'singleton'
00:41:08.494 [Test worker] DEBUG o.s.c.a.ClassPathBeanDefinitionScanner - Identified candidate component class: file [D:\tools\source\spring-framework-5.2.x\integration-tests\build\classes\java\test\org\springframework\context\annotation\scope\ClassPathBeanDefinitionScannerScopeIntegrationTests$RequestScopedTestBean.class]
00:41:08.495 [Test worker] DEBUG o.s.c.a.ClassPathBeanDefinitionScanner - Identified candidate component class: file [D:\tools\source\spring-framework-5.2.x\integration-tests\build\classes\java\test\org\springframework\context\annotation\scope\ClassPathBeanDefinitionScannerScopeIntegrationTests$SessionScopedTestBean.class]
00:41:08.496 [Test worker] DEBUG o.s.c.a.ClassPathBeanDefinitionScanner - Identified candidate component class: file [D:\tools\source\spring-framework-5.2.x\integration-tests\build\classes\java\test\org\springframework\context\annotation\scope\ClassPathBeanDefinitionScannerScopeIntegrationTests$SingletonScopedTestBean.class]
00:41:08.499 [Test worker] DEBUG o.s.c.a.ClassPathBeanDefinitionScanner - Identified candidate component class: file [D:\tools\source\spring-framework-5.2.x\integration-tests\build\classes\java\test\org\springframework\context\annotation\scope\ClassPathBeanDefinitionScannerScopeIntegrationTests$RequestScopedTestBean.class]
00:41:08.499 [Test worker] DEBUG o.s.c.a.ClassPathBeanDefinitionScanner - Identified candidate component class: file [D:\tools\source\spring-framework-5.2.x\integration-tests\build\classes\java\test\org\springframework\context\annotation\scope\ClassPathBeanDefinitionScannerScopeIntegrationTests$SessionScopedTestBean.class]
00:41:08.499 [Test worker] DEBUG o.s.c.a.ClassPathBeanDefinitionScanner - Identified candidate component class: file [D:\tools\source\spring-framework-5.2.x\integration-tests\build\classes\java\test\org\springframework\context\annotation\scope\ClassPathBeanDefinitionScannerScopeIntegrationTests$SingletonScopedTestBean.class]
00:41:08.500 [Test worker] DEBUG o.s.w.c.s.GenericWebApplicationContext - Refreshing org.springframework.web.context.support.GenericWebApplicationContext@448caa18
00:41:08.501 [Test worker] DEBUG o.s.u.c.s.UiApplicationContextUtils - Unable to locate ThemeSource with name 'themeSource': using default [org.springframework.ui.context.support.ResourceBundleThemeSource@6b9077ef]
00:41:08.501 [Test worker] DEBUG o.s.b.f.s.DefaultListableBeanFactory - Creating shared instance of singleton bean 'request'
00:41:08.503 [Test worker] DEBUG o.s.b.f.s.DefaultListableBeanFactory - Creating shared instance of singleton bean 'session'
00:41:08.503 [Test worker] DEBUG o.s.b.f.s.DefaultListableBeanFactory - Creating shared instance of singleton bean 'singleton'
00:41:08.515 [Test worker] DEBUG o.s.c.a.ClassPathBeanDefinitionScanner - Identified candidate component class: file [D:\tools\source\spring-framework-5.2.x\integration-tests\build\classes\java\test\org\springframework\context\annotation\scope\ClassPathBeanDefinitionScannerScopeIntegrationTests$RequestScopedTestBean.class]
00:41:08.516 [Test worker] DEBUG o.s.c.a.ClassPathBeanDefinitionScanner - Identified candidate component class: file [D:\tools\source\spring-framework-5.2.x\integration-tests\build\classes\java\test\org\springframework\context\annotation\scope\ClassPathBeanDefinitionScannerScopeIntegrationTests$SessionScopedTestBean.class]
00:41:08.516 [Test worker] DEBUG o.s.c.a.ClassPathBeanDefinitionScanner - Identified candidate component class: file [D:\tools\source\spring-framework-5.2.x\integration-tests\build\classes\java\test\org\springframework\context\annotation\scope\ClassPathBeanDefinitionScannerScopeIntegrationTests$SingletonScopedTestBean.class]
00:41:08.521 [Test worker] DEBUG o.s.c.a.ClassPathBeanDefinitionScanner - Identified candidate component class: file [D:\tools\source\spring-framework-5.2.x\integration-tests\build\classes\java\test\org\springframework\context\annotation\scope\ClassPathBeanDefinitionScannerScopeIntegrationTests$RequestScopedTestBean.class]
00:41:08.521 [Test worker] DEBUG o.s.c.a.ClassPathBeanDefinitionScanner - Identified candidate component class: file [D:\tools\source\spring-framework-5.2.x\integration-tests\build\classes\java\test\org\springframework\context\annotation\scope\ClassPathBeanDefinitionScannerScopeIntegrationTests$SessionScopedTestBean.class]
00:41:08.521 [Test worker] DEBUG o.s.c.a.ClassPathBeanDefinitionScanner - Identified candidate component class: file [D:\tools\source\spring-framework-5.2.x\integration-tests\build\classes\java\test\org\springframework\context\annotation\scope\ClassPathBeanDefinitionScannerScopeIntegrationTests$SingletonScopedTestBean.class]
00:41:08.522 [Test worker] DEBUG o.s.w.c.s.GenericWebApplicationContext - Refreshing org.springframework.web.context.support.GenericWebApplicationContext@5e9e5e95
00:41:08.523 [Test worker] DEBUG o.s.u.c.s.UiApplicationContextUtils - Unable to locate ThemeSource with name 'themeSource': using default [org.springframework.ui.context.support.ResourceBundleThemeSource@feca72d]
00:41:08.523 [Test worker] DEBUG o.s.b.f.s.DefaultListableBeanFactory - Creating shared instance of singleton bean 'request'
00:41:08.525 [Test worker] DEBUG o.s.b.f.s.DefaultListableBeanFactory - Creating shared instance of singleton bean 'session'
00:41:08.525 [Test worker] DEBUG o.s.b.f.s.DefaultListableBeanFactory - Creating shared instance of singleton bean 'singleton'
00:41:08.531 [Test worker] DEBUG o.s.c.a.ClassPathBeanDefinitionScanner - Identified candidate component class: file [D:\tools\source\spring-framework-5.2.x\integration-tests\build\classes\java\test\org\springframework\context\annotation\scope\ClassPathBeanDefinitionScannerScopeIntegrationTests$RequestScopedTestBean.class]
00:41:08.533 [Test worker] DEBUG o.s.c.a.ClassPathBeanDefinitionScanner - Identified candidate component class: file [D:\tools\source\spring-framework-5.2.x\integration-tests\build\classes\java\test\org\springframework\context\annotation\scope\ClassPathBeanDefinitionScannerScopeIntegrationTests$SessionScopedTestBean.class]
00:41:08.534 [Test worker] DEBUG o.s.c.a.ClassPathBeanDefinitionScanner - Identified candidate component class: file [D:\tools\source\spring-framework-5.2.x\integration-tests\build\classes\java\test\org\springframework\context\annotation\scope\ClassPathBeanDefinitionScannerScopeIntegrationTests$SingletonScopedTestBean.class]
00:41:08.537 [Test worker] DEBUG o.s.c.a.ClassPathBeanDefinitionScanner - Identified candidate component class: file [D:\tools\source\spring-framework-5.2.x\integration-tests\build\classes\java\test\org\springframework\context\annotation\scope\ClassPathBeanDefinitionScannerScopeIntegrationTests$RequestScopedTestBean.class]
00:41:08.537 [Test worker] DEBUG o.s.c.a.ClassPathBeanDefinitionScanner - Identified candidate component class: file [D:\tools\source\spring-framework-5.2.x\integration-tests\build\classes\java\test\org\springframework\context\annotation\scope\ClassPathBeanDefinitionScannerScopeIntegrationTests$SessionScopedTestBean.class]
00:41:08.537 [Test worker] DEBUG o.s.c.a.ClassPathBeanDefinitionScanner - Identified candidate component class: file [D:\tools\source\spring-framework-5.2.x\integration-tests\build\classes\java\test\org\springframework\context\annotation\scope\ClassPathBeanDefinitionScannerScopeIntegrationTests$SingletonScopedTestBean.class]
00:41:08.537 [Test worker] DEBUG o.s.w.c.s.GenericWebApplicationContext - Refreshing org.springframework.web.context.support.GenericWebApplicationContext@50b74fa9
00:41:08.538 [Test worker] DEBUG o.s.u.c.s.UiApplicationContextUtils - Unable to locate ThemeSource with name 'themeSource': using default [org.springframework.ui.context.support.ResourceBundleThemeSource@4a19105]
00:41:08.538 [Test worker] DEBUG o.s.b.f.s.DefaultListableBeanFactory - Creating shared instance of singleton bean 'request'
00:41:08.539 [Test worker] DEBUG o.s.b.f.s.DefaultListableBeanFactory - Creating shared instance of singleton bean 'session'
00:41:08.540 [Test worker] DEBUG o.s.b.f.s.DefaultListableBeanFactory - Creating shared instance of singleton bean 'singleton'
00:41:08.558 [Test worker] DEBUG o.s.c.a.ClassPathBeanDefinitionScanner - Identified candidate component class: file [D:\tools\source\spring-framework-5.2.x\integration-tests\build\classes\java\test\org\springframework\context\annotation\scope\ClassPathBeanDefinitionScannerScopeIntegrationTests$RequestScopedTestBean.class]
00:41:08.559 [Test worker] DEBUG o.s.c.a.ClassPathBeanDefinitionScanner - Identified candidate component class: file [D:\tools\source\spring-framework-5.2.x\integration-tests\build\classes\java\test\org\springframework\context\annotation\scope\ClassPathBeanDefinitionScannerScopeIntegrationTests$SessionScopedTestBean.class]
00:41:08.559 [Test worker] DEBUG o.s.c.a.ClassPathBeanDefinitionScanner - Identified candidate component class: file [D:\tools\source\spring-framework-5.2.x\integration-tests\build\classes\java\test\org\springframework\context\annotation\scope\ClassPathBeanDefinitionScannerScopeIntegrationTests$SingletonScopedTestBean.class]
00:41:08.562 [Test worker] DEBUG o.s.c.a.ClassPathBeanDefinitionScanner - Identified candidate component class: file [D:\tools\source\spring-framework-5.2.x\integration-tests\build\classes\java\test\org\springframework\context\annotation\scope\ClassPathBeanDefinitionScannerScopeIntegrationTests$RequestScopedTestBean.class]
00:41:08.563 [Test worker] DEBUG o.s.c.a.ClassPathBeanDefinitionScanner - Identified candidate component class: file [D:\tools\source\spring-framework-5.2.x\integration-tests\build\classes\java\test\org\springframework\context\annotation\scope\ClassPathBeanDefinitionScannerScopeIntegrationTests$SessionScopedTestBean.class]
00:41:08.563 [Test worker] DEBUG o.s.c.a.ClassPathBeanDefinitionScanner - Identified candidate component class: file [D:\tools\source\spring-framework-5.2.x\integration-tests\build\classes\java\test\org\springframework\context\annotation\scope\ClassPathBeanDefinitionScannerScopeIntegrationTests$SingletonScopedTestBean.class]
00:41:08.563 [Test worker] DEBUG o.s.w.c.s.GenericWebApplicationContext - Refreshing org.springframework.web.context.support.GenericWebApplicationContext@35beb231
00:41:08.564 [Test worker] DEBUG o.s.u.c.s.UiApplicationContextUtils - Unable to locate ThemeSource with name 'themeSource': using default [org.springframework.ui.context.support.ResourceBundleThemeSource@7ae3ba16]
00:41:08.564 [Test worker] DEBUG o.s.b.f.s.DefaultListableBeanFactory - Creating shared instance of singleton bean 'request'
00:41:08.565 [Test worker] DEBUG o.s.b.f.s.DefaultListableBeanFactory - Creating shared instance of singleton bean 'session'
00:41:08.566 [Test worker] DEBUG o.s.b.f.s.DefaultListableBeanFactory - Creating shared instance of singleton bean 'singleton'
]]></system-out>
  <system-err><![CDATA[]]></system-err>
</testsuite>
