<?xml version="1.0" encoding="UTF-8"?>
<testsuite name="org.springframework.expression.spel.support.Spr7538Tests" tests="1" skipped="0" failures="0" errors="0" timestamp="2021-03-04T16:41:09" hostname="WIN-LQAMLJ4MN5U" time="0.107">
  <properties/>
  <testcase name="repro()" classname="org.springframework.expression.spel.support.Spr7538Tests" time="0.107"/>
  <system-out><![CDATA[Result: TypedValue: 'true' of [java.lang.Boolean]
]]></system-out>
  <system-err><![CDATA[]]></system-err>
</testsuite>
