<?xml version="1.0" encoding="UTF-8"?>
<testsuite name="org.springframework.transaction.annotation.EnableTransactionManagementIntegrationTests" tests="9" skipped="0" failures="0" errors="0" timestamp="2021-03-04T16:41:09" hostname="WIN-LQAMLJ4MN5U" time="1.281">
  <properties/>
  <testcase name="repositoryIsTxProxy_withCustomTxManagerName()" classname="org.springframework.transaction.annotation.EnableTransactionManagementIntegrationTests" time="0.986"/>
  <testcase name="explicitTxManager()" classname="org.springframework.transaction.annotation.EnableTransactionManagementIntegrationTests" time="0.05"/>
  <testcase name="apcEscalation()" classname="org.springframework.transaction.annotation.EnableTransactionManagementIntegrationTests" time="0.094"/>
  <testcase name="repositoryIsTxProxy_withNonConventionalTxManagerName_fallsBackToByTypeLookup()" classname="org.springframework.transaction.annotation.EnableTransactionManagementIntegrationTests" time="0.034"/>
  <testcase name="repositoryIsTxProxy_withDefaultTxManagerName()" classname="org.springframework.transaction.annotation.EnableTransactionManagementIntegrationTests" time="0.032"/>
  <testcase name="implicitTxManager()" classname="org.springframework.transaction.annotation.EnableTransactionManagementIntegrationTests" time="0.026"/>
  <testcase name="repositoryUsesAspectJAdviceMode()" classname="org.springframework.transaction.annotation.EnableTransactionManagementIntegrationTests" time="0.007"/>
  <testcase name="repositoryIsNotTxProxy()" classname="org.springframework.transaction.annotation.EnableTransactionManagementIntegrationTests" time="0.008"/>
  <testcase name="repositoryIsClassBasedTxProxy()" classname="org.springframework.transaction.annotation.EnableTransactionManagementIntegrationTests" time="0.037"/>
  <system-out><![CDATA[00:41:09.705 [Test worker] DEBUG o.s.c.a.AnnotationConfigApplicationContext - Refreshing org.springframework.context.annotation.AnnotationConfigApplicationContext@1d77e8cf
00:41:09.705 [Test worker] DEBUG o.s.b.f.s.DefaultListableBeanFactory - Creating shared instance of singleton bean 'org.springframework.context.annotation.internalConfigurationAnnotationProcessor'
00:41:09.761 [Test worker] DEBUG o.s.b.f.s.DefaultListableBeanFactory - Creating shared instance of singleton bean 'org.springframework.context.event.internalEventListenerProcessor'
00:41:09.762 [Test worker] DEBUG o.s.b.f.s.DefaultListableBeanFactory - Creating shared instance of singleton bean 'org.springframework.context.event.internalEventListenerFactory'
00:41:09.762 [Test worker] DEBUG o.s.b.f.s.DefaultListableBeanFactory - Creating shared instance of singleton bean 'org.springframework.transaction.config.internalTransactionalEventListenerFactory'
00:41:09.763 [Test worker] DEBUG o.s.b.f.s.DefaultListableBeanFactory - Creating shared instance of singleton bean 'org.springframework.context.annotation.internalAutowiredAnnotationProcessor'
00:41:09.763 [Test worker] DEBUG o.s.b.f.s.DefaultListableBeanFactory - Creating shared instance of singleton bean 'org.springframework.context.annotation.internalPersistenceAnnotationProcessor'
00:41:09.763 [Test worker] DEBUG o.s.b.f.s.DefaultListableBeanFactory - Creating shared instance of singleton bean 'org.springframework.aop.config.internalAutoProxyCreator'
00:41:09.764 [Test worker] DEBUG o.s.b.f.s.DefaultListableBeanFactory - Creating shared instance of singleton bean 'enableTransactionManagementIntegrationTests.Config'
00:41:09.765 [Test worker] DEBUG o.s.b.f.s.DefaultListableBeanFactory - Creating shared instance of singleton bean 'org.springframework.transaction.config.internalTransactionAdvisor'
00:41:09.765 [Test worker] DEBUG o.s.b.f.s.DefaultListableBeanFactory - Creating shared instance of singleton bean 'org.springframework.transaction.annotation.ProxyTransactionManagementConfiguration'
00:41:09.773 [Test worker] DEBUG o.s.b.f.s.DefaultListableBeanFactory - Creating shared instance of singleton bean 'transactionAttributeSource'
00:41:09.773 [Test worker] DEBUG o.s.b.f.s.DefaultListableBeanFactory - Creating shared instance of singleton bean 'transactionInterceptor'
00:41:09.774 [Test worker] DEBUG o.s.b.f.s.DefaultListableBeanFactory - Autowiring by type from bean name 'transactionInterceptor' via factory method to bean named 'transactionAttributeSource'
00:41:09.777 [Test worker] DEBUG o.s.b.f.s.DefaultListableBeanFactory - Autowiring by type from bean name 'org.springframework.transaction.config.internalTransactionAdvisor' via factory method to bean named 'transactionAttributeSource'
00:41:09.777 [Test worker] DEBUG o.s.b.f.s.DefaultListableBeanFactory - Autowiring by type from bean name 'org.springframework.transaction.config.internalTransactionAdvisor' via factory method to bean named 'transactionInterceptor'
00:41:09.779 [Test worker] DEBUG o.s.b.f.s.DefaultListableBeanFactory - Creating shared instance of singleton bean 'enableTransactionManagementIntegrationTests.CustomTxManagerNameConfig'
00:41:09.780 [Test worker] DEBUG o.s.b.f.s.DefaultListableBeanFactory - Creating shared instance of singleton bean 'fooRepository'
00:41:09.784 [Test worker] DEBUG o.s.b.f.s.DefaultListableBeanFactory - Creating shared instance of singleton bean 'dataSource'
00:41:09.879 [Test worker] INFO  o.s.j.d.e.EmbeddedDatabaseFactory - Starting embedded database: url='jdbc:hsqldb:mem:testdb', username='sa'
00:41:09.921 [Test worker] DEBUG o.s.j.d.DataSourceUtils - Fetching JDBC Connection from DataSource
00:41:09.922 [Test worker] DEBUG o.s.j.d.SimpleDriverDataSource - Creating new JDBC Driver Connection to [jdbc:hsqldb:mem:testdb]
00:41:10.667 [Test worker] DEBUG o.s.b.f.s.DefaultListableBeanFactory - Creating shared instance of singleton bean 'txManager'
00:41:10.668 [Test worker] DEBUG o.s.b.f.s.DefaultListableBeanFactory - Autowiring by type from bean name 'txManager' via factory method to bean named 'dataSource'
00:41:10.680 [Test worker] DEBUG o.s.j.d.DataSourceTransactionManager - Creating new transaction with name [org.springframework.transaction.annotation.EnableTransactionManagementIntegrationTests$JdbcFooRepository.findAll]: PROPAGATION_REQUIRED,ISOLATION_DEFAULT
00:41:10.680 [Test worker] DEBUG o.s.j.d.SimpleDriverDataSource - Creating new JDBC Driver Connection to [jdbc:hsqldb:mem:testdb]
00:41:10.680 [Test worker] DEBUG o.s.j.d.DataSourceTransactionManager - Acquired Connection [org.hsqldb.jdbc.JDBCConnection@647032c2] for JDBC transaction
00:41:10.684 [Test worker] DEBUG o.s.j.d.DataSourceTransactionManager - Switching JDBC Connection [org.hsqldb.jdbc.JDBCConnection@647032c2] to manual commit
00:41:10.684 [Test worker] DEBUG o.s.j.d.DataSourceTransactionManager - Initiating transaction commit
00:41:10.684 [Test worker] DEBUG o.s.j.d.DataSourceTransactionManager - Committing JDBC transaction on Connection [org.hsqldb.jdbc.JDBCConnection@647032c2]
00:41:10.684 [Test worker] DEBUG o.s.j.d.DataSourceTransactionManager - Releasing JDBC Connection [org.hsqldb.jdbc.JDBCConnection@647032c2] after transaction
00:41:10.688 [Test worker] DEBUG o.s.c.a.AnnotationConfigApplicationContext - Refreshing org.springframework.context.annotation.AnnotationConfigApplicationContext@775719b3
00:41:10.688 [Test worker] DEBUG o.s.b.f.s.DefaultListableBeanFactory - Creating shared instance of singleton bean 'org.springframework.context.annotation.internalConfigurationAnnotationProcessor'
00:41:10.715 [Test worker] DEBUG o.s.b.f.s.DefaultListableBeanFactory - Creating shared instance of singleton bean 'org.springframework.context.event.internalEventListenerProcessor'
00:41:10.716 [Test worker] DEBUG o.s.b.f.s.DefaultListableBeanFactory - Creating shared instance of singleton bean 'org.springframework.context.event.internalEventListenerFactory'
00:41:10.716 [Test worker] DEBUG o.s.b.f.s.DefaultListableBeanFactory - Creating shared instance of singleton bean 'org.springframework.transaction.config.internalTransactionalEventListenerFactory'
00:41:10.717 [Test worker] DEBUG o.s.b.f.s.DefaultListableBeanFactory - Creating shared instance of singleton bean 'org.springframework.context.annotation.internalAutowiredAnnotationProcessor'
00:41:10.717 [Test worker] DEBUG o.s.b.f.s.DefaultListableBeanFactory - Creating shared instance of singleton bean 'org.springframework.context.annotation.internalPersistenceAnnotationProcessor'
00:41:10.717 [Test worker] DEBUG o.s.b.f.s.DefaultListableBeanFactory - Creating shared instance of singleton bean 'org.springframework.aop.config.internalAutoProxyCreator'
00:41:10.718 [Test worker] DEBUG o.s.b.f.s.DefaultListableBeanFactory - Creating shared instance of singleton bean 'enableTransactionManagementIntegrationTests.ExplicitTxManagerConfig'
00:41:10.719 [Test worker] DEBUG o.s.b.f.s.DefaultListableBeanFactory - Creating shared instance of singleton bean 'org.springframework.transaction.config.internalTransactionAdvisor'
00:41:10.719 [Test worker] DEBUG o.s.b.f.s.DefaultListableBeanFactory - Creating shared instance of singleton bean 'org.springframework.transaction.annotation.ProxyTransactionManagementConfiguration'
00:41:10.722 [Test worker] DEBUG o.s.b.f.s.DefaultListableBeanFactory - Creating shared instance of singleton bean 'txManager1'
00:41:10.727 [Test worker] DEBUG o.s.b.f.s.DefaultListableBeanFactory - Creating shared instance of singleton bean 'transactionAttributeSource'
00:41:10.728 [Test worker] DEBUG o.s.b.f.s.DefaultListableBeanFactory - Creating shared instance of singleton bean 'transactionInterceptor'
00:41:10.728 [Test worker] DEBUG o.s.b.f.s.DefaultListableBeanFactory - Autowiring by type from bean name 'transactionInterceptor' via factory method to bean named 'transactionAttributeSource'
00:41:10.729 [Test worker] DEBUG o.s.b.f.s.DefaultListableBeanFactory - Autowiring by type from bean name 'org.springframework.transaction.config.internalTransactionAdvisor' via factory method to bean named 'transactionAttributeSource'
00:41:10.729 [Test worker] DEBUG o.s.b.f.s.DefaultListableBeanFactory - Autowiring by type from bean name 'org.springframework.transaction.config.internalTransactionAdvisor' via factory method to bean named 'transactionInterceptor'
00:41:10.730 [Test worker] DEBUG o.s.b.f.s.DefaultListableBeanFactory - Creating shared instance of singleton bean 'txManager2'
00:41:10.731 [Test worker] DEBUG o.s.b.f.s.DefaultListableBeanFactory - Creating shared instance of singleton bean 'fooRepository'
00:41:10.734 [Test worker] DEBUG o.s.t.t.CallCountingTransactionManager - Creating new transaction with name [org.springframework.transaction.annotation.EnableTransactionManagementIntegrationTests$DummyFooRepository.findAll]: PROPAGATION_REQUIRED,ISOLATION_DEFAULT
00:41:10.735 [Test worker] DEBUG o.s.t.t.CallCountingTransactionManager - Initiating transaction commit
00:41:10.743 [Test worker] DEBUG o.s.c.a.AnnotationConfigApplicationContext - Refreshing org.springframework.context.annotation.AnnotationConfigApplicationContext@325230da
00:41:10.743 [Test worker] DEBUG o.s.b.f.s.DefaultListableBeanFactory - Creating shared instance of singleton bean 'org.springframework.context.annotation.internalConfigurationAnnotationProcessor'
00:41:10.789 [Test worker] DEBUG o.s.b.f.x.XmlBeanDefinitionReader - Loaded 4 bean definitions from class path resource [org/springframework/transaction/annotation/enable-caching.xml]
00:41:10.793 [Test worker] DEBUG o.s.b.f.s.DefaultListableBeanFactory - Creating shared instance of singleton bean 'org.springframework.context.event.internalEventListenerProcessor'
00:41:10.794 [Test worker] DEBUG o.s.b.f.s.DefaultListableBeanFactory - Creating shared instance of singleton bean 'org.springframework.context.event.internalEventListenerFactory'
00:41:10.794 [Test worker] DEBUG o.s.b.f.s.DefaultListableBeanFactory - Creating shared instance of singleton bean 'org.springframework.transaction.config.internalTransactionalEventListenerFactory'
00:41:10.794 [Test worker] DEBUG o.s.b.f.s.DefaultListableBeanFactory - Creating shared instance of singleton bean 'org.springframework.context.annotation.internalAutowiredAnnotationProcessor'
00:41:10.795 [Test worker] DEBUG o.s.b.f.s.DefaultListableBeanFactory - Creating shared instance of singleton bean 'org.springframework.context.annotation.internalPersistenceAnnotationProcessor'
00:41:10.795 [Test worker] DEBUG o.s.b.f.s.DefaultListableBeanFactory - Creating shared instance of singleton bean 'org.springframework.aop.config.internalAutoProxyCreator'
00:41:10.796 [Test worker] DEBUG o.s.b.f.s.DefaultListableBeanFactory - Creating shared instance of singleton bean 'enableTransactionManagementIntegrationTests.EnableTxAndCachingConfig'
00:41:10.796 [Test worker] DEBUG o.s.b.f.s.DefaultListableBeanFactory - Creating shared instance of singleton bean 'org.springframework.transaction.config.internalTransactionAdvisor'
00:41:10.797 [Test worker] DEBUG o.s.b.f.s.DefaultListableBeanFactory - Creating shared instance of singleton bean 'org.springframework.transaction.annotation.ProxyTransactionManagementConfiguration'
00:41:10.798 [Test worker] DEBUG o.s.b.f.s.DefaultListableBeanFactory - Creating shared instance of singleton bean 'org.springframework.cache.config.internalCacheAdvisor'
00:41:10.798 [Test worker] DEBUG o.s.b.f.s.DefaultListableBeanFactory - Creating shared instance of singleton bean 'org.springframework.cache.annotation.AnnotationCacheOperationSource#0'
00:41:10.804 [Test worker] DEBUG o.s.b.f.s.DefaultListableBeanFactory - Creating shared instance of singleton bean 'transactionAttributeSource'
00:41:10.805 [Test worker] DEBUG o.s.b.f.s.DefaultListableBeanFactory - Creating shared instance of singleton bean 'transactionInterceptor'
00:41:10.805 [Test worker] DEBUG o.s.b.f.s.DefaultListableBeanFactory - Autowiring by type from bean name 'transactionInterceptor' via factory method to bean named 'transactionAttributeSource'
00:41:10.806 [Test worker] DEBUG o.s.b.f.s.DefaultListableBeanFactory - Autowiring by type from bean name 'org.springframework.transaction.config.internalTransactionAdvisor' via factory method to bean named 'transactionAttributeSource'
00:41:10.806 [Test worker] DEBUG o.s.b.f.s.DefaultListableBeanFactory - Autowiring by type from bean name 'org.springframework.transaction.config.internalTransactionAdvisor' via factory method to bean named 'transactionInterceptor'
00:41:10.807 [Test worker] DEBUG o.s.b.f.s.DefaultListableBeanFactory - Creating shared instance of singleton bean 'txManager'
00:41:10.814 [Test worker] DEBUG o.s.b.f.s.DefaultListableBeanFactory - Creating shared instance of singleton bean 'fooRepository'
00:41:10.816 [Test worker] DEBUG o.s.b.f.s.DefaultListableBeanFactory - Creating shared instance of singleton bean 'cacheManager'
00:41:10.821 [Test worker] DEBUG o.s.b.f.s.DefaultListableBeanFactory - Creating shared instance of singleton bean 'org.springframework.cache.interceptor.CacheInterceptor#0'
00:41:10.835 [Test worker] DEBUG o.s.c.a.AnnotationConfigApplicationContext - Refreshing org.springframework.context.annotation.AnnotationConfigApplicationContext@430e580c
00:41:10.835 [Test worker] DEBUG o.s.b.f.s.DefaultListableBeanFactory - Creating shared instance of singleton bean 'org.springframework.context.annotation.internalConfigurationAnnotationProcessor'
00:41:10.846 [Test worker] DEBUG o.s.b.f.s.DefaultListableBeanFactory - Creating shared instance of singleton bean 'org.springframework.context.event.internalEventListenerProcessor'
00:41:10.846 [Test worker] DEBUG o.s.b.f.s.DefaultListableBeanFactory - Creating shared instance of singleton bean 'org.springframework.context.event.internalEventListenerFactory'
00:41:10.847 [Test worker] DEBUG o.s.b.f.s.DefaultListableBeanFactory - Creating shared instance of singleton bean 'org.springframework.transaction.config.internalTransactionalEventListenerFactory'
00:41:10.847 [Test worker] DEBUG o.s.b.f.s.DefaultListableBeanFactory - Creating shared instance of singleton bean 'org.springframework.context.annotation.internalAutowiredAnnotationProcessor'
00:41:10.847 [Test worker] DEBUG o.s.b.f.s.DefaultListableBeanFactory - Creating shared instance of singleton bean 'org.springframework.context.annotation.internalPersistenceAnnotationProcessor'
00:41:10.847 [Test worker] DEBUG o.s.b.f.s.DefaultListableBeanFactory - Creating shared instance of singleton bean 'org.springframework.aop.config.internalAutoProxyCreator'
00:41:10.848 [Test worker] DEBUG o.s.b.f.s.DefaultListableBeanFactory - Creating shared instance of singleton bean 'enableTransactionManagementIntegrationTests.Config'
00:41:10.848 [Test worker] DEBUG o.s.b.f.s.DefaultListableBeanFactory - Creating shared instance of singleton bean 'org.springframework.transaction.config.internalTransactionAdvisor'
00:41:10.848 [Test worker] DEBUG o.s.b.f.s.DefaultListableBeanFactory - Creating shared instance of singleton bean 'org.springframework.transaction.annotation.ProxyTransactionManagementConfiguration'
00:41:10.852 [Test worker] DEBUG o.s.b.f.s.DefaultListableBeanFactory - Creating shared instance of singleton bean 'transactionAttributeSource'
00:41:10.854 [Test worker] DEBUG o.s.b.f.s.DefaultListableBeanFactory - Creating shared instance of singleton bean 'transactionInterceptor'
00:41:10.855 [Test worker] DEBUG o.s.b.f.s.DefaultListableBeanFactory - Autowiring by type from bean name 'transactionInterceptor' via factory method to bean named 'transactionAttributeSource'
00:41:10.855 [Test worker] DEBUG o.s.b.f.s.DefaultListableBeanFactory - Autowiring by type from bean name 'org.springframework.transaction.config.internalTransactionAdvisor' via factory method to bean named 'transactionAttributeSource'
00:41:10.855 [Test worker] DEBUG o.s.b.f.s.DefaultListableBeanFactory - Autowiring by type from bean name 'org.springframework.transaction.config.internalTransactionAdvisor' via factory method to bean named 'transactionInterceptor'
00:41:10.856 [Test worker] DEBUG o.s.b.f.s.DefaultListableBeanFactory - Creating shared instance of singleton bean 'enableTransactionManagementIntegrationTests.NonConventionalTxManagerNameConfig'
00:41:10.857 [Test worker] DEBUG o.s.b.f.s.DefaultListableBeanFactory - Creating shared instance of singleton bean 'fooRepository'
00:41:10.857 [Test worker] DEBUG o.s.b.f.s.DefaultListableBeanFactory - Creating shared instance of singleton bean 'dataSource'
00:41:10.857 [Test worker] INFO  o.s.j.d.e.EmbeddedDatabaseFactory - Starting embedded database: url='jdbc:hsqldb:mem:testdb', username='sa'
00:41:10.857 [Test worker] DEBUG o.s.j.d.DataSourceUtils - Fetching JDBC Connection from DataSource
00:41:10.857 [Test worker] DEBUG o.s.j.d.SimpleDriverDataSource - Creating new JDBC Driver Connection to [jdbc:hsqldb:mem:testdb]
00:41:10.860 [Test worker] DEBUG o.s.b.f.s.DefaultListableBeanFactory - Creating shared instance of singleton bean 'txManager'
00:41:10.860 [Test worker] DEBUG o.s.b.f.s.DefaultListableBeanFactory - Autowiring by type from bean name 'txManager' via factory method to bean named 'dataSource'
00:41:10.866 [Test worker] DEBUG o.s.j.d.DataSourceTransactionManager - Creating new transaction with name [org.springframework.transaction.annotation.EnableTransactionManagementIntegrationTests$JdbcFooRepository.findAll]: PROPAGATION_REQUIRED,ISOLATION_DEFAULT
00:41:10.866 [Test worker] DEBUG o.s.j.d.SimpleDriverDataSource - Creating new JDBC Driver Connection to [jdbc:hsqldb:mem:testdb]
00:41:10.866 [Test worker] DEBUG o.s.j.d.DataSourceTransactionManager - Acquired Connection [org.hsqldb.jdbc.JDBCConnection@797a46ad] for JDBC transaction
00:41:10.866 [Test worker] DEBUG o.s.j.d.DataSourceTransactionManager - Switching JDBC Connection [org.hsqldb.jdbc.JDBCConnection@797a46ad] to manual commit
00:41:10.866 [Test worker] DEBUG o.s.j.d.DataSourceTransactionManager - Initiating transaction commit
00:41:10.866 [Test worker] DEBUG o.s.j.d.DataSourceTransactionManager - Committing JDBC transaction on Connection [org.hsqldb.jdbc.JDBCConnection@797a46ad]
00:41:10.866 [Test worker] DEBUG o.s.j.d.DataSourceTransactionManager - Releasing JDBC Connection [org.hsqldb.jdbc.JDBCConnection@797a46ad] after transaction
00:41:10.869 [Test worker] DEBUG o.s.c.a.AnnotationConfigApplicationContext - Refreshing org.springframework.context.annotation.AnnotationConfigApplicationContext@70620820
00:41:10.869 [Test worker] DEBUG o.s.b.f.s.DefaultListableBeanFactory - Creating shared instance of singleton bean 'org.springframework.context.annotation.internalConfigurationAnnotationProcessor'
00:41:10.878 [Test worker] DEBUG o.s.b.f.s.DefaultListableBeanFactory - Creating shared instance of singleton bean 'org.springframework.context.event.internalEventListenerProcessor'
00:41:10.878 [Test worker] DEBUG o.s.b.f.s.DefaultListableBeanFactory - Creating shared instance of singleton bean 'org.springframework.context.event.internalEventListenerFactory'
00:41:10.879 [Test worker] DEBUG o.s.b.f.s.DefaultListableBeanFactory - Creating shared instance of singleton bean 'org.springframework.transaction.config.internalTransactionalEventListenerFactory'
00:41:10.879 [Test worker] DEBUG o.s.b.f.s.DefaultListableBeanFactory - Creating shared instance of singleton bean 'org.springframework.context.annotation.internalAutowiredAnnotationProcessor'
00:41:10.879 [Test worker] DEBUG o.s.b.f.s.DefaultListableBeanFactory - Creating shared instance of singleton bean 'org.springframework.context.annotation.internalPersistenceAnnotationProcessor'
00:41:10.879 [Test worker] DEBUG o.s.b.f.s.DefaultListableBeanFactory - Creating shared instance of singleton bean 'org.springframework.aop.config.internalAutoProxyCreator'
00:41:10.880 [Test worker] DEBUG o.s.b.f.s.DefaultListableBeanFactory - Creating shared instance of singleton bean 'enableTransactionManagementIntegrationTests.Config'
00:41:10.881 [Test worker] DEBUG o.s.b.f.s.DefaultListableBeanFactory - Creating shared instance of singleton bean 'org.springframework.transaction.config.internalTransactionAdvisor'
00:41:10.881 [Test worker] DEBUG o.s.b.f.s.DefaultListableBeanFactory - Creating shared instance of singleton bean 'org.springframework.transaction.annotation.ProxyTransactionManagementConfiguration'
00:41:10.883 [Test worker] DEBUG o.s.b.f.s.DefaultListableBeanFactory - Creating shared instance of singleton bean 'transactionAttributeSource'
00:41:10.884 [Test worker] DEBUG o.s.b.f.s.DefaultListableBeanFactory - Creating shared instance of singleton bean 'transactionInterceptor'
00:41:10.884 [Test worker] DEBUG o.s.b.f.s.DefaultListableBeanFactory - Autowiring by type from bean name 'transactionInterceptor' via factory method to bean named 'transactionAttributeSource'
00:41:10.884 [Test worker] DEBUG o.s.b.f.s.DefaultListableBeanFactory - Autowiring by type from bean name 'org.springframework.transaction.config.internalTransactionAdvisor' via factory method to bean named 'transactionAttributeSource'
00:41:10.884 [Test worker] DEBUG o.s.b.f.s.DefaultListableBeanFactory - Autowiring by type from bean name 'org.springframework.transaction.config.internalTransactionAdvisor' via factory method to bean named 'transactionInterceptor'
00:41:10.886 [Test worker] DEBUG o.s.b.f.s.DefaultListableBeanFactory - Creating shared instance of singleton bean 'enableTransactionManagementIntegrationTests.DefaultTxManagerNameConfig'
00:41:10.888 [Test worker] DEBUG o.s.b.f.s.DefaultListableBeanFactory - Creating shared instance of singleton bean 'fooRepository'
00:41:10.888 [Test worker] DEBUG o.s.b.f.s.DefaultListableBeanFactory - Creating shared instance of singleton bean 'dataSource'
00:41:10.888 [Test worker] INFO  o.s.j.d.e.EmbeddedDatabaseFactory - Starting embedded database: url='jdbc:hsqldb:mem:testdb', username='sa'
00:41:10.888 [Test worker] DEBUG o.s.j.d.DataSourceUtils - Fetching JDBC Connection from DataSource
00:41:10.888 [Test worker] DEBUG o.s.j.d.SimpleDriverDataSource - Creating new JDBC Driver Connection to [jdbc:hsqldb:mem:testdb]
00:41:10.891 [Test worker] DEBUG o.s.b.f.s.DefaultListableBeanFactory - Creating shared instance of singleton bean 'transactionManager'
00:41:10.892 [Test worker] DEBUG o.s.b.f.s.DefaultListableBeanFactory - Autowiring by type from bean name 'transactionManager' via factory method to bean named 'dataSource'
00:41:10.898 [Test worker] DEBUG o.s.j.d.DataSourceTransactionManager - Creating new transaction with name [org.springframework.transaction.annotation.EnableTransactionManagementIntegrationTests$JdbcFooRepository.findAll]: PROPAGATION_REQUIRED,ISOLATION_DEFAULT
00:41:10.898 [Test worker] DEBUG o.s.j.d.SimpleDriverDataSource - Creating new JDBC Driver Connection to [jdbc:hsqldb:mem:testdb]
00:41:10.899 [Test worker] DEBUG o.s.j.d.DataSourceTransactionManager - Acquired Connection [org.hsqldb.jdbc.JDBCConnection@6e62f483] for JDBC transaction
00:41:10.899 [Test worker] DEBUG o.s.j.d.DataSourceTransactionManager - Switching JDBC Connection [org.hsqldb.jdbc.JDBCConnection@6e62f483] to manual commit
00:41:10.899 [Test worker] DEBUG o.s.j.d.DataSourceTransactionManager - Initiating transaction commit
00:41:10.899 [Test worker] DEBUG o.s.j.d.DataSourceTransactionManager - Committing JDBC transaction on Connection [org.hsqldb.jdbc.JDBCConnection@6e62f483]
00:41:10.899 [Test worker] DEBUG o.s.j.d.DataSourceTransactionManager - Releasing JDBC Connection [org.hsqldb.jdbc.JDBCConnection@6e62f483] after transaction
00:41:10.902 [Test worker] DEBUG o.s.c.a.AnnotationConfigApplicationContext - Refreshing org.springframework.context.annotation.AnnotationConfigApplicationContext@49e731f6
00:41:10.902 [Test worker] DEBUG o.s.b.f.s.DefaultListableBeanFactory - Creating shared instance of singleton bean 'org.springframework.context.annotation.internalConfigurationAnnotationProcessor'
00:41:10.911 [Test worker] DEBUG o.s.b.f.s.DefaultListableBeanFactory - Creating shared instance of singleton bean 'org.springframework.context.event.internalEventListenerProcessor'
00:41:10.912 [Test worker] DEBUG o.s.b.f.s.DefaultListableBeanFactory - Creating shared instance of singleton bean 'org.springframework.context.event.internalEventListenerFactory'
00:41:10.912 [Test worker] DEBUG o.s.b.f.s.DefaultListableBeanFactory - Creating shared instance of singleton bean 'org.springframework.transaction.config.internalTransactionalEventListenerFactory'
00:41:10.913 [Test worker] DEBUG o.s.b.f.s.DefaultListableBeanFactory - Creating shared instance of singleton bean 'org.springframework.context.annotation.internalAutowiredAnnotationProcessor'
00:41:10.913 [Test worker] DEBUG o.s.b.f.s.DefaultListableBeanFactory - Creating shared instance of singleton bean 'org.springframework.context.annotation.internalPersistenceAnnotationProcessor'
00:41:10.913 [Test worker] DEBUG o.s.b.f.s.DefaultListableBeanFactory - Creating shared instance of singleton bean 'org.springframework.aop.config.internalAutoProxyCreator'
00:41:10.913 [Test worker] DEBUG o.s.b.f.s.DefaultListableBeanFactory - Creating shared instance of singleton bean 'enableTransactionManagementIntegrationTests.ImplicitTxManagerConfig'
00:41:10.914 [Test worker] DEBUG o.s.b.f.s.DefaultListableBeanFactory - Creating shared instance of singleton bean 'org.springframework.transaction.config.internalTransactionAdvisor'
00:41:10.914 [Test worker] DEBUG o.s.b.f.s.DefaultListableBeanFactory - Creating shared instance of singleton bean 'org.springframework.transaction.annotation.ProxyTransactionManagementConfiguration'
00:41:10.916 [Test worker] DEBUG o.s.b.f.s.DefaultListableBeanFactory - Creating shared instance of singleton bean 'transactionAttributeSource'
00:41:10.917 [Test worker] DEBUG o.s.b.f.s.DefaultListableBeanFactory - Creating shared instance of singleton bean 'transactionInterceptor'
00:41:10.917 [Test worker] DEBUG o.s.b.f.s.DefaultListableBeanFactory - Autowiring by type from bean name 'transactionInterceptor' via factory method to bean named 'transactionAttributeSource'
00:41:10.918 [Test worker] DEBUG o.s.b.f.s.DefaultListableBeanFactory - Autowiring by type from bean name 'org.springframework.transaction.config.internalTransactionAdvisor' via factory method to bean named 'transactionAttributeSource'
00:41:10.918 [Test worker] DEBUG o.s.b.f.s.DefaultListableBeanFactory - Autowiring by type from bean name 'org.springframework.transaction.config.internalTransactionAdvisor' via factory method to bean named 'transactionInterceptor'
00:41:10.919 [Test worker] DEBUG o.s.b.f.s.DefaultListableBeanFactory - Creating shared instance of singleton bean 'txManager'
00:41:10.923 [Test worker] DEBUG o.s.b.f.s.DefaultListableBeanFactory - Creating shared instance of singleton bean 'fooRepository'
00:41:10.926 [Test worker] DEBUG o.s.t.t.CallCountingTransactionManager - Creating new transaction with name [org.springframework.transaction.annotation.EnableTransactionManagementIntegrationTests$DummyFooRepository.findAll]: PROPAGATION_REQUIRED,ISOLATION_DEFAULT
00:41:10.926 [Test worker] DEBUG o.s.t.t.CallCountingTransactionManager - Initiating transaction commit
00:41:10.929 [Test worker] DEBUG o.s.c.a.AnnotationConfigApplicationContext - Refreshing org.springframework.context.annotation.AnnotationConfigApplicationContext@7735d796
00:41:10.930 [Test worker] DEBUG o.s.b.f.s.DefaultListableBeanFactory - Creating shared instance of singleton bean 'org.springframework.context.annotation.internalConfigurationAnnotationProcessor'
00:41:10.933 [Test worker] WARN  o.s.c.a.AnnotationConfigApplicationContext - Exception encountered during context initialization - cancelling refresh attempt: org.springframework.beans.factory.BeanDefinitionStoreException: Failed to process import candidates for configuration class [org.springframework.transaction.annotation.EnableTransactionManagementIntegrationTests$AspectJTxConfig]; nested exception is java.io.FileNotFoundException: class path resource [org/springframework/transaction/aspectj/AspectJJtaTransactionManagementConfiguration.class] cannot be opened because it does not exist
00:41:10.936 [Test worker] DEBUG o.s.c.a.AnnotationConfigApplicationContext - Refreshing org.springframework.context.annotation.AnnotationConfigApplicationContext@20443cea
00:41:10.937 [Test worker] DEBUG o.s.b.f.s.DefaultListableBeanFactory - Creating shared instance of singleton bean 'org.springframework.context.annotation.internalConfigurationAnnotationProcessor'
00:41:10.938 [Test worker] DEBUG o.s.b.f.s.DefaultListableBeanFactory - Creating shared instance of singleton bean 'org.springframework.context.event.internalEventListenerProcessor'
00:41:10.939 [Test worker] DEBUG o.s.b.f.s.DefaultListableBeanFactory - Creating shared instance of singleton bean 'org.springframework.context.event.internalEventListenerFactory'
00:41:10.939 [Test worker] DEBUG o.s.b.f.s.DefaultListableBeanFactory - Creating shared instance of singleton bean 'org.springframework.context.annotation.internalAutowiredAnnotationProcessor'
00:41:10.939 [Test worker] DEBUG o.s.b.f.s.DefaultListableBeanFactory - Creating shared instance of singleton bean 'org.springframework.context.annotation.internalPersistenceAnnotationProcessor'
00:41:10.939 [Test worker] DEBUG o.s.b.f.s.DefaultListableBeanFactory - Creating shared instance of singleton bean 'enableTransactionManagementIntegrationTests.Config'
00:41:10.939 [Test worker] DEBUG o.s.b.f.s.DefaultListableBeanFactory - Creating shared instance of singleton bean 'fooRepository'
00:41:10.940 [Test worker] DEBUG o.s.b.f.s.DefaultListableBeanFactory - Creating shared instance of singleton bean 'dataSource'
00:41:10.940 [Test worker] INFO  o.s.j.d.e.EmbeddedDatabaseFactory - Starting embedded database: url='jdbc:hsqldb:mem:testdb', username='sa'
00:41:10.940 [Test worker] DEBUG o.s.j.d.DataSourceUtils - Fetching JDBC Connection from DataSource
00:41:10.940 [Test worker] DEBUG o.s.j.d.SimpleDriverDataSource - Creating new JDBC Driver Connection to [jdbc:hsqldb:mem:testdb]
00:41:10.945 [Test worker] DEBUG o.s.c.a.AnnotationConfigApplicationContext - Refreshing org.springframework.context.annotation.AnnotationConfigApplicationContext@18edfa06
00:41:10.945 [Test worker] DEBUG o.s.b.f.s.DefaultListableBeanFactory - Creating shared instance of singleton bean 'org.springframework.context.annotation.internalConfigurationAnnotationProcessor'
00:41:10.953 [Test worker] DEBUG o.s.b.f.s.DefaultListableBeanFactory - Creating shared instance of singleton bean 'org.springframework.context.event.internalEventListenerProcessor'
00:41:10.954 [Test worker] DEBUG o.s.b.f.s.DefaultListableBeanFactory - Creating shared instance of singleton bean 'org.springframework.context.event.internalEventListenerFactory'
00:41:10.954 [Test worker] DEBUG o.s.b.f.s.DefaultListableBeanFactory - Creating shared instance of singleton bean 'org.springframework.transaction.config.internalTransactionalEventListenerFactory'
00:41:10.954 [Test worker] DEBUG o.s.b.f.s.DefaultListableBeanFactory - Creating shared instance of singleton bean 'org.springframework.context.annotation.internalAutowiredAnnotationProcessor'
00:41:10.955 [Test worker] DEBUG o.s.b.f.s.DefaultListableBeanFactory - Creating shared instance of singleton bean 'org.springframework.context.annotation.internalPersistenceAnnotationProcessor'
00:41:10.955 [Test worker] DEBUG o.s.b.f.s.DefaultListableBeanFactory - Creating shared instance of singleton bean 'org.springframework.aop.config.internalAutoProxyCreator'
00:41:10.956 [Test worker] DEBUG o.s.b.f.s.DefaultListableBeanFactory - Creating shared instance of singleton bean 'enableTransactionManagementIntegrationTests.Config'
00:41:10.956 [Test worker] DEBUG o.s.b.f.s.DefaultListableBeanFactory - Creating shared instance of singleton bean 'org.springframework.transaction.config.internalTransactionAdvisor'
00:41:10.956 [Test worker] DEBUG o.s.b.f.s.DefaultListableBeanFactory - Creating shared instance of singleton bean 'org.springframework.transaction.annotation.ProxyTransactionManagementConfiguration'
00:41:10.958 [Test worker] DEBUG o.s.b.f.s.DefaultListableBeanFactory - Creating shared instance of singleton bean 'transactionAttributeSource'
00:41:10.959 [Test worker] DEBUG o.s.b.f.s.DefaultListableBeanFactory - Creating shared instance of singleton bean 'transactionInterceptor'
00:41:10.959 [Test worker] DEBUG o.s.b.f.s.DefaultListableBeanFactory - Autowiring by type from bean name 'transactionInterceptor' via factory method to bean named 'transactionAttributeSource'
00:41:10.959 [Test worker] DEBUG o.s.b.f.s.DefaultListableBeanFactory - Autowiring by type from bean name 'org.springframework.transaction.config.internalTransactionAdvisor' via factory method to bean named 'transactionAttributeSource'
00:41:10.959 [Test worker] DEBUG o.s.b.f.s.DefaultListableBeanFactory - Autowiring by type from bean name 'org.springframework.transaction.config.internalTransactionAdvisor' via factory method to bean named 'transactionInterceptor'
00:41:10.960 [Test worker] DEBUG o.s.b.f.s.DefaultListableBeanFactory - Creating shared instance of singleton bean 'enableTransactionManagementIntegrationTests.ProxyTargetClassTxConfig'
00:41:10.960 [Test worker] DEBUG o.s.b.f.s.DefaultListableBeanFactory - Creating shared instance of singleton bean 'fooRepository'
00:41:10.960 [Test worker] DEBUG o.s.b.f.s.DefaultListableBeanFactory - Creating shared instance of singleton bean 'dataSource'
00:41:10.961 [Test worker] INFO  o.s.j.d.e.EmbeddedDatabaseFactory - Starting embedded database: url='jdbc:hsqldb:mem:testdb', username='sa'
00:41:10.961 [Test worker] DEBUG o.s.j.d.DataSourceUtils - Fetching JDBC Connection from DataSource
00:41:10.961 [Test worker] DEBUG o.s.j.d.SimpleDriverDataSource - Creating new JDBC Driver Connection to [jdbc:hsqldb:mem:testdb]
00:41:10.967 [Test worker] DEBUG o.s.b.f.s.DefaultListableBeanFactory - Creating shared instance of singleton bean 'transactionManager'
00:41:10.967 [Test worker] DEBUG o.s.b.f.s.DefaultListableBeanFactory - Autowiring by type from bean name 'transactionManager' via factory method to bean named 'dataSource'
00:41:10.972 [Test worker] DEBUG o.s.j.d.DataSourceTransactionManager - Creating new transaction with name [org.springframework.transaction.annotation.EnableTransactionManagementIntegrationTests$JdbcFooRepository.findAll]: PROPAGATION_REQUIRED,ISOLATION_DEFAULT
00:41:10.972 [Test worker] DEBUG o.s.j.d.SimpleDriverDataSource - Creating new JDBC Driver Connection to [jdbc:hsqldb:mem:testdb]
00:41:10.973 [Test worker] DEBUG o.s.j.d.DataSourceTransactionManager - Acquired Connection [org.hsqldb.jdbc.JDBCConnection@2dbf2f24] for JDBC transaction
00:41:10.973 [Test worker] DEBUG o.s.j.d.DataSourceTransactionManager - Switching JDBC Connection [org.hsqldb.jdbc.JDBCConnection@2dbf2f24] to manual commit
00:41:10.978 [Test worker] DEBUG o.s.j.d.DataSourceTransactionManager - Initiating transaction commit
00:41:10.979 [Test worker] DEBUG o.s.j.d.DataSourceTransactionManager - Committing JDBC transaction on Connection [org.hsqldb.jdbc.JDBCConnection@2dbf2f24]
00:41:10.979 [Test worker] DEBUG o.s.j.d.DataSourceTransactionManager - Releasing JDBC Connection [org.hsqldb.jdbc.JDBCConnection@2dbf2f24] after transaction
]]></system-out>
  <system-err><![CDATA[]]></system-err>
</testsuite>
