<?xml version="1.0" encoding="UTF-8"?>
<testsuite name="org.springframework.context.annotation.jsr330.ClassPathBeanDefinitionScannerJsr330ScopeIntegrationTests" tests="10" skipped="0" failures="0" errors="0" timestamp="2021-03-04T16:41:08" hostname="WIN-LQAMLJ4MN5U" time="0.343">
  <properties/>
  <testcase name="testSingletonScopeWithNoProxy()" classname="org.springframework.context.annotation.jsr330.ClassPathBeanDefinitionScannerJsr330ScopeIntegrationTests" time="0.05"/>
  <testcase name="testSessionScopeWithNoProxy()" classname="org.springframework.context.annotation.jsr330.ClassPathBeanDefinitionScannerJsr330ScopeIntegrationTests" time="0.021"/>
  <testcase name="testSingletonScopeIgnoresProxyInterfaces()" classname="org.springframework.context.annotation.jsr330.ClassPathBeanDefinitionScannerJsr330ScopeIntegrationTests" time="0.029"/>
  <testcase name="testRequestScopeWithNoProxy()" classname="org.springframework.context.annotation.jsr330.ClassPathBeanDefinitionScannerJsr330ScopeIntegrationTests" time="0.031"/>
  <testcase name="testSessionScopeWithProxiedTargetClass()" classname="org.springframework.context.annotation.jsr330.ClassPathBeanDefinitionScannerJsr330ScopeIntegrationTests" time="0.086"/>
  <testcase name="testRequestScopeWithProxiedTargetClass()" classname="org.springframework.context.annotation.jsr330.ClassPathBeanDefinitionScannerJsr330ScopeIntegrationTests" time="0.025"/>
  <testcase name="testPrototype()" classname="org.springframework.context.annotation.jsr330.ClassPathBeanDefinitionScannerJsr330ScopeIntegrationTests" time="0.017"/>
  <testcase name="testRequestScopeWithProxiedInterfaces()" classname="org.springframework.context.annotation.jsr330.ClassPathBeanDefinitionScannerJsr330ScopeIntegrationTests" time="0.019"/>
  <testcase name="testSingletonScopeIgnoresProxyTargetClass()" classname="org.springframework.context.annotation.jsr330.ClassPathBeanDefinitionScannerJsr330ScopeIntegrationTests" time="0.02"/>
  <testcase name="testSessionScopeWithProxiedInterfaces()" classname="org.springframework.context.annotation.jsr330.ClassPathBeanDefinitionScannerJsr330ScopeIntegrationTests" time="0.041"/>
  <system-out><![CDATA[00:41:08.073 [Test worker] DEBUG o.s.c.a.ClassPathBeanDefinitionScanner - Identified candidate component class: file [D:\tools\source\spring-framework-5.2.x\integration-tests\build\classes\java\test\org\springframework\context\annotation\jsr330\ClassPathBeanDefinitionScannerJsr330ScopeIntegrationTests$PrototypeScopedTestBean.class]
00:41:08.076 [Test worker] DEBUG o.s.c.a.ClassPathBeanDefinitionScanner - Identified candidate component class: file [D:\tools\source\spring-framework-5.2.x\integration-tests\build\classes\java\test\org\springframework\context\annotation\jsr330\ClassPathBeanDefinitionScannerJsr330ScopeIntegrationTests$RequestScopedTestBean.class]
00:41:08.078 [Test worker] DEBUG o.s.c.a.ClassPathBeanDefinitionScanner - Identified candidate component class: file [D:\tools\source\spring-framework-5.2.x\integration-tests\build\classes\java\test\org\springframework\context\annotation\jsr330\ClassPathBeanDefinitionScannerJsr330ScopeIntegrationTests$SessionScopedTestBean.class]
00:41:08.079 [Test worker] DEBUG o.s.c.a.ClassPathBeanDefinitionScanner - Identified candidate component class: file [D:\tools\source\spring-framework-5.2.x\integration-tests\build\classes\java\test\org\springframework\context\annotation\jsr330\ClassPathBeanDefinitionScannerJsr330ScopeIntegrationTests$SingletonScopedTestBean.class]
00:41:08.085 [Test worker] DEBUG o.s.c.a.ClassPathBeanDefinitionScanner - Identified candidate component class: file [D:\tools\source\spring-framework-5.2.x\integration-tests\build\classes\java\test\org\springframework\context\annotation\jsr330\ClassPathBeanDefinitionScannerJsr330ScopeIntegrationTests$PrototypeScopedTestBean.class]
00:41:08.086 [Test worker] DEBUG o.s.c.a.ClassPathBeanDefinitionScanner - Identified candidate component class: file [D:\tools\source\spring-framework-5.2.x\integration-tests\build\classes\java\test\org\springframework\context\annotation\jsr330\ClassPathBeanDefinitionScannerJsr330ScopeIntegrationTests$RequestScopedTestBean.class]
00:41:08.086 [Test worker] DEBUG o.s.c.a.ClassPathBeanDefinitionScanner - Identified candidate component class: file [D:\tools\source\spring-framework-5.2.x\integration-tests\build\classes\java\test\org\springframework\context\annotation\jsr330\ClassPathBeanDefinitionScannerJsr330ScopeIntegrationTests$SessionScopedTestBean.class]
00:41:08.086 [Test worker] DEBUG o.s.c.a.ClassPathBeanDefinitionScanner - Identified candidate component class: file [D:\tools\source\spring-framework-5.2.x\integration-tests\build\classes\java\test\org\springframework\context\annotation\jsr330\ClassPathBeanDefinitionScannerJsr330ScopeIntegrationTests$SingletonScopedTestBean.class]
00:41:08.087 [Test worker] DEBUG o.s.w.c.s.GenericWebApplicationContext - Refreshing org.springframework.web.context.support.GenericWebApplicationContext@1fd4d167
00:41:08.088 [Test worker] DEBUG o.s.u.c.s.UiApplicationContextUtils - Unable to locate ThemeSource with name 'themeSource': using default [org.springframework.ui.context.support.ResourceBundleThemeSource@1f82f825]
00:41:08.089 [Test worker] DEBUG o.s.b.f.s.DefaultListableBeanFactory - Creating shared instance of singleton bean 'singleton'
00:41:08.100 [Test worker] DEBUG o.s.c.a.ClassPathBeanDefinitionScanner - Identified candidate component class: file [D:\tools\source\spring-framework-5.2.x\integration-tests\build\classes\java\test\org\springframework\context\annotation\jsr330\ClassPathBeanDefinitionScannerJsr330ScopeIntegrationTests$PrototypeScopedTestBean.class]
00:41:08.101 [Test worker] DEBUG o.s.c.a.ClassPathBeanDefinitionScanner - Identified candidate component class: file [D:\tools\source\spring-framework-5.2.x\integration-tests\build\classes\java\test\org\springframework\context\annotation\jsr330\ClassPathBeanDefinitionScannerJsr330ScopeIntegrationTests$RequestScopedTestBean.class]
00:41:08.102 [Test worker] DEBUG o.s.c.a.ClassPathBeanDefinitionScanner - Identified candidate component class: file [D:\tools\source\spring-framework-5.2.x\integration-tests\build\classes\java\test\org\springframework\context\annotation\jsr330\ClassPathBeanDefinitionScannerJsr330ScopeIntegrationTests$SessionScopedTestBean.class]
00:41:08.103 [Test worker] DEBUG o.s.c.a.ClassPathBeanDefinitionScanner - Identified candidate component class: file [D:\tools\source\spring-framework-5.2.x\integration-tests\build\classes\java\test\org\springframework\context\annotation\jsr330\ClassPathBeanDefinitionScannerJsr330ScopeIntegrationTests$SingletonScopedTestBean.class]
00:41:08.108 [Test worker] DEBUG o.s.c.a.ClassPathBeanDefinitionScanner - Identified candidate component class: file [D:\tools\source\spring-framework-5.2.x\integration-tests\build\classes\java\test\org\springframework\context\annotation\jsr330\ClassPathBeanDefinitionScannerJsr330ScopeIntegrationTests$PrototypeScopedTestBean.class]
00:41:08.108 [Test worker] DEBUG o.s.c.a.ClassPathBeanDefinitionScanner - Identified candidate component class: file [D:\tools\source\spring-framework-5.2.x\integration-tests\build\classes\java\test\org\springframework\context\annotation\jsr330\ClassPathBeanDefinitionScannerJsr330ScopeIntegrationTests$RequestScopedTestBean.class]
00:41:08.109 [Test worker] DEBUG o.s.c.a.ClassPathBeanDefinitionScanner - Identified candidate component class: file [D:\tools\source\spring-framework-5.2.x\integration-tests\build\classes\java\test\org\springframework\context\annotation\jsr330\ClassPathBeanDefinitionScannerJsr330ScopeIntegrationTests$SessionScopedTestBean.class]
00:41:08.109 [Test worker] DEBUG o.s.c.a.ClassPathBeanDefinitionScanner - Identified candidate component class: file [D:\tools\source\spring-framework-5.2.x\integration-tests\build\classes\java\test\org\springframework\context\annotation\jsr330\ClassPathBeanDefinitionScannerJsr330ScopeIntegrationTests$SingletonScopedTestBean.class]
00:41:08.110 [Test worker] DEBUG o.s.w.c.s.GenericWebApplicationContext - Refreshing org.springframework.web.context.support.GenericWebApplicationContext@2940d27
00:41:08.111 [Test worker] DEBUG o.s.u.c.s.UiApplicationContextUtils - Unable to locate ThemeSource with name 'themeSource': using default [org.springframework.ui.context.support.ResourceBundleThemeSource@2b182d7a]
00:41:08.111 [Test worker] DEBUG o.s.b.f.s.DefaultListableBeanFactory - Creating shared instance of singleton bean 'singleton'
00:41:08.123 [Test worker] DEBUG o.s.c.a.ClassPathBeanDefinitionScanner - Identified candidate component class: file [D:\tools\source\spring-framework-5.2.x\integration-tests\build\classes\java\test\org\springframework\context\annotation\jsr330\ClassPathBeanDefinitionScannerJsr330ScopeIntegrationTests$PrototypeScopedTestBean.class]
00:41:08.125 [Test worker] DEBUG o.s.c.a.ClassPathBeanDefinitionScanner - Identified candidate component class: file [D:\tools\source\spring-framework-5.2.x\integration-tests\build\classes\java\test\org\springframework\context\annotation\jsr330\ClassPathBeanDefinitionScannerJsr330ScopeIntegrationTests$RequestScopedTestBean.class]
00:41:08.126 [Test worker] DEBUG o.s.c.a.ClassPathBeanDefinitionScanner - Identified candidate component class: file [D:\tools\source\spring-framework-5.2.x\integration-tests\build\classes\java\test\org\springframework\context\annotation\jsr330\ClassPathBeanDefinitionScannerJsr330ScopeIntegrationTests$SessionScopedTestBean.class]
00:41:08.127 [Test worker] DEBUG o.s.c.a.ClassPathBeanDefinitionScanner - Identified candidate component class: file [D:\tools\source\spring-framework-5.2.x\integration-tests\build\classes\java\test\org\springframework\context\annotation\jsr330\ClassPathBeanDefinitionScannerJsr330ScopeIntegrationTests$SingletonScopedTestBean.class]
00:41:08.133 [Test worker] DEBUG o.s.c.a.ClassPathBeanDefinitionScanner - Identified candidate component class: file [D:\tools\source\spring-framework-5.2.x\integration-tests\build\classes\java\test\org\springframework\context\annotation\jsr330\ClassPathBeanDefinitionScannerJsr330ScopeIntegrationTests$PrototypeScopedTestBean.class]
00:41:08.134 [Test worker] DEBUG o.s.c.a.ClassPathBeanDefinitionScanner - Identified candidate component class: file [D:\tools\source\spring-framework-5.2.x\integration-tests\build\classes\java\test\org\springframework\context\annotation\jsr330\ClassPathBeanDefinitionScannerJsr330ScopeIntegrationTests$RequestScopedTestBean.class]
00:41:08.134 [Test worker] DEBUG o.s.c.a.ClassPathBeanDefinitionScanner - Identified candidate component class: file [D:\tools\source\spring-framework-5.2.x\integration-tests\build\classes\java\test\org\springframework\context\annotation\jsr330\ClassPathBeanDefinitionScannerJsr330ScopeIntegrationTests$SessionScopedTestBean.class]
00:41:08.134 [Test worker] DEBUG o.s.c.a.ClassPathBeanDefinitionScanner - Identified candidate component class: file [D:\tools\source\spring-framework-5.2.x\integration-tests\build\classes\java\test\org\springframework\context\annotation\jsr330\ClassPathBeanDefinitionScannerJsr330ScopeIntegrationTests$SingletonScopedTestBean.class]
00:41:08.135 [Test worker] DEBUG o.s.w.c.s.GenericWebApplicationContext - Refreshing org.springframework.web.context.support.GenericWebApplicationContext@2d6b2ab4
00:41:08.136 [Test worker] DEBUG o.s.u.c.s.UiApplicationContextUtils - Unable to locate ThemeSource with name 'themeSource': using default [org.springframework.ui.context.support.ResourceBundleThemeSource@402d9d22]
00:41:08.137 [Test worker] DEBUG o.s.b.f.s.DefaultListableBeanFactory - Creating shared instance of singleton bean 'request'
00:41:08.141 [Test worker] DEBUG o.s.b.f.s.DefaultListableBeanFactory - Creating shared instance of singleton bean 'classPathBeanDefinitionScannerJsr330ScopeIntegrationTests.SessionScopedTestBean'
00:41:08.142 [Test worker] DEBUG o.s.b.f.s.DefaultListableBeanFactory - Creating shared instance of singleton bean 'singleton'
00:41:08.150 [Test worker] DEBUG o.s.c.a.ClassPathBeanDefinitionScanner - Identified candidate component class: file [D:\tools\source\spring-framework-5.2.x\integration-tests\build\classes\java\test\org\springframework\context\annotation\jsr330\ClassPathBeanDefinitionScannerJsr330ScopeIntegrationTests$PrototypeScopedTestBean.class]
00:41:08.151 [Test worker] DEBUG o.s.c.a.ClassPathBeanDefinitionScanner - Identified candidate component class: file [D:\tools\source\spring-framework-5.2.x\integration-tests\build\classes\java\test\org\springframework\context\annotation\jsr330\ClassPathBeanDefinitionScannerJsr330ScopeIntegrationTests$RequestScopedTestBean.class]
00:41:08.153 [Test worker] DEBUG o.s.c.a.ClassPathBeanDefinitionScanner - Identified candidate component class: file [D:\tools\source\spring-framework-5.2.x\integration-tests\build\classes\java\test\org\springframework\context\annotation\jsr330\ClassPathBeanDefinitionScannerJsr330ScopeIntegrationTests$SessionScopedTestBean.class]
00:41:08.153 [Test worker] DEBUG o.s.c.a.ClassPathBeanDefinitionScanner - Identified candidate component class: file [D:\tools\source\spring-framework-5.2.x\integration-tests\build\classes\java\test\org\springframework\context\annotation\jsr330\ClassPathBeanDefinitionScannerJsr330ScopeIntegrationTests$SingletonScopedTestBean.class]
00:41:08.169 [Test worker] DEBUG o.s.c.a.ClassPathBeanDefinitionScanner - Identified candidate component class: file [D:\tools\source\spring-framework-5.2.x\integration-tests\build\classes\java\test\org\springframework\context\annotation\jsr330\ClassPathBeanDefinitionScannerJsr330ScopeIntegrationTests$PrototypeScopedTestBean.class]
00:41:08.170 [Test worker] DEBUG o.s.c.a.ClassPathBeanDefinitionScanner - Identified candidate component class: file [D:\tools\source\spring-framework-5.2.x\integration-tests\build\classes\java\test\org\springframework\context\annotation\jsr330\ClassPathBeanDefinitionScannerJsr330ScopeIntegrationTests$RequestScopedTestBean.class]
00:41:08.170 [Test worker] DEBUG o.s.c.a.ClassPathBeanDefinitionScanner - Identified candidate component class: file [D:\tools\source\spring-framework-5.2.x\integration-tests\build\classes\java\test\org\springframework\context\annotation\jsr330\ClassPathBeanDefinitionScannerJsr330ScopeIntegrationTests$SessionScopedTestBean.class]
00:41:08.170 [Test worker] DEBUG o.s.c.a.ClassPathBeanDefinitionScanner - Identified candidate component class: file [D:\tools\source\spring-framework-5.2.x\integration-tests\build\classes\java\test\org\springframework\context\annotation\jsr330\ClassPathBeanDefinitionScannerJsr330ScopeIntegrationTests$SingletonScopedTestBean.class]
00:41:08.171 [Test worker] DEBUG o.s.w.c.s.GenericWebApplicationContext - Refreshing org.springframework.web.context.support.GenericWebApplicationContext@61eeba2f
00:41:08.172 [Test worker] DEBUG o.s.u.c.s.UiApplicationContextUtils - Unable to locate ThemeSource with name 'themeSource': using default [org.springframework.ui.context.support.ResourceBundleThemeSource@67933521]
00:41:08.172 [Test worker] DEBUG o.s.b.f.s.DefaultListableBeanFactory - Creating shared instance of singleton bean 'singleton'
00:41:08.182 [Test worker] DEBUG o.s.c.a.ClassPathBeanDefinitionScanner - Identified candidate component class: file [D:\tools\source\spring-framework-5.2.x\integration-tests\build\classes\java\test\org\springframework\context\annotation\jsr330\ClassPathBeanDefinitionScannerJsr330ScopeIntegrationTests$PrototypeScopedTestBean.class]
00:41:08.183 [Test worker] DEBUG o.s.c.a.ClassPathBeanDefinitionScanner - Identified candidate component class: file [D:\tools\source\spring-framework-5.2.x\integration-tests\build\classes\java\test\org\springframework\context\annotation\jsr330\ClassPathBeanDefinitionScannerJsr330ScopeIntegrationTests$RequestScopedTestBean.class]
00:41:08.185 [Test worker] DEBUG o.s.c.a.ClassPathBeanDefinitionScanner - Identified candidate component class: file [D:\tools\source\spring-framework-5.2.x\integration-tests\build\classes\java\test\org\springframework\context\annotation\jsr330\ClassPathBeanDefinitionScannerJsr330ScopeIntegrationTests$SessionScopedTestBean.class]
00:41:08.186 [Test worker] DEBUG o.s.c.a.ClassPathBeanDefinitionScanner - Identified candidate component class: file [D:\tools\source\spring-framework-5.2.x\integration-tests\build\classes\java\test\org\springframework\context\annotation\jsr330\ClassPathBeanDefinitionScannerJsr330ScopeIntegrationTests$SingletonScopedTestBean.class]
00:41:08.196 [Test worker] DEBUG o.s.c.a.ClassPathBeanDefinitionScanner - Identified candidate component class: file [D:\tools\source\spring-framework-5.2.x\integration-tests\build\classes\java\test\org\springframework\context\annotation\jsr330\ClassPathBeanDefinitionScannerJsr330ScopeIntegrationTests$PrototypeScopedTestBean.class]
00:41:08.196 [Test worker] DEBUG o.s.c.a.ClassPathBeanDefinitionScanner - Identified candidate component class: file [D:\tools\source\spring-framework-5.2.x\integration-tests\build\classes\java\test\org\springframework\context\annotation\jsr330\ClassPathBeanDefinitionScannerJsr330ScopeIntegrationTests$RequestScopedTestBean.class]
00:41:08.196 [Test worker] DEBUG o.s.c.a.ClassPathBeanDefinitionScanner - Identified candidate component class: file [D:\tools\source\spring-framework-5.2.x\integration-tests\build\classes\java\test\org\springframework\context\annotation\jsr330\ClassPathBeanDefinitionScannerJsr330ScopeIntegrationTests$SessionScopedTestBean.class]
00:41:08.196 [Test worker] DEBUG o.s.c.a.ClassPathBeanDefinitionScanner - Identified candidate component class: file [D:\tools\source\spring-framework-5.2.x\integration-tests\build\classes\java\test\org\springframework\context\annotation\jsr330\ClassPathBeanDefinitionScannerJsr330ScopeIntegrationTests$SingletonScopedTestBean.class]
00:41:08.197 [Test worker] DEBUG o.s.w.c.s.GenericWebApplicationContext - Refreshing org.springframework.web.context.support.GenericWebApplicationContext@3be62c01
00:41:08.198 [Test worker] DEBUG o.s.u.c.s.UiApplicationContextUtils - Unable to locate ThemeSource with name 'themeSource': using default [org.springframework.ui.context.support.ResourceBundleThemeSource@56ee1749]
00:41:08.199 [Test worker] DEBUG o.s.b.f.s.DefaultListableBeanFactory - Creating shared instance of singleton bean 'request'
00:41:08.204 [Test worker] DEBUG o.s.b.f.s.DefaultListableBeanFactory - Creating shared instance of singleton bean 'classPathBeanDefinitionScannerJsr330ScopeIntegrationTests.SessionScopedTestBean'
00:41:08.240 [Test worker] DEBUG o.s.b.f.s.DefaultListableBeanFactory - Creating shared instance of singleton bean 'singleton'
00:41:08.269 [Test worker] DEBUG o.s.c.a.ClassPathBeanDefinitionScanner - Identified candidate component class: file [D:\tools\source\spring-framework-5.2.x\integration-tests\build\classes\java\test\org\springframework\context\annotation\jsr330\ClassPathBeanDefinitionScannerJsr330ScopeIntegrationTests$PrototypeScopedTestBean.class]
00:41:08.270 [Test worker] DEBUG o.s.c.a.ClassPathBeanDefinitionScanner - Identified candidate component class: file [D:\tools\source\spring-framework-5.2.x\integration-tests\build\classes\java\test\org\springframework\context\annotation\jsr330\ClassPathBeanDefinitionScannerJsr330ScopeIntegrationTests$RequestScopedTestBean.class]
00:41:08.272 [Test worker] DEBUG o.s.c.a.ClassPathBeanDefinitionScanner - Identified candidate component class: file [D:\tools\source\spring-framework-5.2.x\integration-tests\build\classes\java\test\org\springframework\context\annotation\jsr330\ClassPathBeanDefinitionScannerJsr330ScopeIntegrationTests$SessionScopedTestBean.class]
00:41:08.272 [Test worker] DEBUG o.s.c.a.ClassPathBeanDefinitionScanner - Identified candidate component class: file [D:\tools\source\spring-framework-5.2.x\integration-tests\build\classes\java\test\org\springframework\context\annotation\jsr330\ClassPathBeanDefinitionScannerJsr330ScopeIntegrationTests$SingletonScopedTestBean.class]
00:41:08.277 [Test worker] DEBUG o.s.c.a.ClassPathBeanDefinitionScanner - Identified candidate component class: file [D:\tools\source\spring-framework-5.2.x\integration-tests\build\classes\java\test\org\springframework\context\annotation\jsr330\ClassPathBeanDefinitionScannerJsr330ScopeIntegrationTests$PrototypeScopedTestBean.class]
00:41:08.277 [Test worker] DEBUG o.s.c.a.ClassPathBeanDefinitionScanner - Identified candidate component class: file [D:\tools\source\spring-framework-5.2.x\integration-tests\build\classes\java\test\org\springframework\context\annotation\jsr330\ClassPathBeanDefinitionScannerJsr330ScopeIntegrationTests$RequestScopedTestBean.class]
00:41:08.278 [Test worker] DEBUG o.s.c.a.ClassPathBeanDefinitionScanner - Identified candidate component class: file [D:\tools\source\spring-framework-5.2.x\integration-tests\build\classes\java\test\org\springframework\context\annotation\jsr330\ClassPathBeanDefinitionScannerJsr330ScopeIntegrationTests$SessionScopedTestBean.class]
00:41:08.278 [Test worker] DEBUG o.s.c.a.ClassPathBeanDefinitionScanner - Identified candidate component class: file [D:\tools\source\spring-framework-5.2.x\integration-tests\build\classes\java\test\org\springframework\context\annotation\jsr330\ClassPathBeanDefinitionScannerJsr330ScopeIntegrationTests$SingletonScopedTestBean.class]
00:41:08.279 [Test worker] DEBUG o.s.w.c.s.GenericWebApplicationContext - Refreshing org.springframework.web.context.support.GenericWebApplicationContext@6bd67fb5
00:41:08.280 [Test worker] DEBUG o.s.u.c.s.UiApplicationContextUtils - Unable to locate ThemeSource with name 'themeSource': using default [org.springframework.ui.context.support.ResourceBundleThemeSource@7f43b1e7]
00:41:08.280 [Test worker] DEBUG o.s.b.f.s.DefaultListableBeanFactory - Creating shared instance of singleton bean 'request'
00:41:08.281 [Test worker] DEBUG o.s.b.f.s.DefaultListableBeanFactory - Creating shared instance of singleton bean 'classPathBeanDefinitionScannerJsr330ScopeIntegrationTests.SessionScopedTestBean'
00:41:08.282 [Test worker] DEBUG o.s.b.f.s.DefaultListableBeanFactory - Creating shared instance of singleton bean 'singleton'
00:41:08.294 [Test worker] DEBUG o.s.c.a.ClassPathBeanDefinitionScanner - Identified candidate component class: file [D:\tools\source\spring-framework-5.2.x\integration-tests\build\classes\java\test\org\springframework\context\annotation\jsr330\ClassPathBeanDefinitionScannerJsr330ScopeIntegrationTests$PrototypeScopedTestBean.class]
00:41:08.296 [Test worker] DEBUG o.s.c.a.ClassPathBeanDefinitionScanner - Identified candidate component class: file [D:\tools\source\spring-framework-5.2.x\integration-tests\build\classes\java\test\org\springframework\context\annotation\jsr330\ClassPathBeanDefinitionScannerJsr330ScopeIntegrationTests$RequestScopedTestBean.class]
00:41:08.297 [Test worker] DEBUG o.s.c.a.ClassPathBeanDefinitionScanner - Identified candidate component class: file [D:\tools\source\spring-framework-5.2.x\integration-tests\build\classes\java\test\org\springframework\context\annotation\jsr330\ClassPathBeanDefinitionScannerJsr330ScopeIntegrationTests$SessionScopedTestBean.class]
00:41:08.298 [Test worker] DEBUG o.s.c.a.ClassPathBeanDefinitionScanner - Identified candidate component class: file [D:\tools\source\spring-framework-5.2.x\integration-tests\build\classes\java\test\org\springframework\context\annotation\jsr330\ClassPathBeanDefinitionScannerJsr330ScopeIntegrationTests$SingletonScopedTestBean.class]
00:41:08.302 [Test worker] DEBUG o.s.c.a.ClassPathBeanDefinitionScanner - Identified candidate component class: file [D:\tools\source\spring-framework-5.2.x\integration-tests\build\classes\java\test\org\springframework\context\annotation\jsr330\ClassPathBeanDefinitionScannerJsr330ScopeIntegrationTests$PrototypeScopedTestBean.class]
00:41:08.302 [Test worker] DEBUG o.s.c.a.ClassPathBeanDefinitionScanner - Identified candidate component class: file [D:\tools\source\spring-framework-5.2.x\integration-tests\build\classes\java\test\org\springframework\context\annotation\jsr330\ClassPathBeanDefinitionScannerJsr330ScopeIntegrationTests$RequestScopedTestBean.class]
00:41:08.302 [Test worker] DEBUG o.s.c.a.ClassPathBeanDefinitionScanner - Identified candidate component class: file [D:\tools\source\spring-framework-5.2.x\integration-tests\build\classes\java\test\org\springframework\context\annotation\jsr330\ClassPathBeanDefinitionScannerJsr330ScopeIntegrationTests$SessionScopedTestBean.class]
00:41:08.303 [Test worker] DEBUG o.s.c.a.ClassPathBeanDefinitionScanner - Identified candidate component class: file [D:\tools\source\spring-framework-5.2.x\integration-tests\build\classes\java\test\org\springframework\context\annotation\jsr330\ClassPathBeanDefinitionScannerJsr330ScopeIntegrationTests$SingletonScopedTestBean.class]
00:41:08.303 [Test worker] DEBUG o.s.w.c.s.GenericWebApplicationContext - Refreshing org.springframework.web.context.support.GenericWebApplicationContext@5bbf040
00:41:08.304 [Test worker] DEBUG o.s.u.c.s.UiApplicationContextUtils - Unable to locate ThemeSource with name 'themeSource': using default [org.springframework.ui.context.support.ResourceBundleThemeSource@581e800c]
00:41:08.304 [Test worker] DEBUG o.s.b.f.s.DefaultListableBeanFactory - Creating shared instance of singleton bean 'singleton'
00:41:08.311 [Test worker] DEBUG o.s.c.a.ClassPathBeanDefinitionScanner - Identified candidate component class: file [D:\tools\source\spring-framework-5.2.x\integration-tests\build\classes\java\test\org\springframework\context\annotation\jsr330\ClassPathBeanDefinitionScannerJsr330ScopeIntegrationTests$PrototypeScopedTestBean.class]
00:41:08.313 [Test worker] DEBUG o.s.c.a.ClassPathBeanDefinitionScanner - Identified candidate component class: file [D:\tools\source\spring-framework-5.2.x\integration-tests\build\classes\java\test\org\springframework\context\annotation\jsr330\ClassPathBeanDefinitionScannerJsr330ScopeIntegrationTests$RequestScopedTestBean.class]
00:41:08.313 [Test worker] DEBUG o.s.c.a.ClassPathBeanDefinitionScanner - Identified candidate component class: file [D:\tools\source\spring-framework-5.2.x\integration-tests\build\classes\java\test\org\springframework\context\annotation\jsr330\ClassPathBeanDefinitionScannerJsr330ScopeIntegrationTests$SessionScopedTestBean.class]
00:41:08.314 [Test worker] DEBUG o.s.c.a.ClassPathBeanDefinitionScanner - Identified candidate component class: file [D:\tools\source\spring-framework-5.2.x\integration-tests\build\classes\java\test\org\springframework\context\annotation\jsr330\ClassPathBeanDefinitionScannerJsr330ScopeIntegrationTests$SingletonScopedTestBean.class]
00:41:08.318 [Test worker] DEBUG o.s.c.a.ClassPathBeanDefinitionScanner - Identified candidate component class: file [D:\tools\source\spring-framework-5.2.x\integration-tests\build\classes\java\test\org\springframework\context\annotation\jsr330\ClassPathBeanDefinitionScannerJsr330ScopeIntegrationTests$PrototypeScopedTestBean.class]
00:41:08.318 [Test worker] DEBUG o.s.c.a.ClassPathBeanDefinitionScanner - Identified candidate component class: file [D:\tools\source\spring-framework-5.2.x\integration-tests\build\classes\java\test\org\springframework\context\annotation\jsr330\ClassPathBeanDefinitionScannerJsr330ScopeIntegrationTests$RequestScopedTestBean.class]
00:41:08.319 [Test worker] DEBUG o.s.c.a.ClassPathBeanDefinitionScanner - Identified candidate component class: file [D:\tools\source\spring-framework-5.2.x\integration-tests\build\classes\java\test\org\springframework\context\annotation\jsr330\ClassPathBeanDefinitionScannerJsr330ScopeIntegrationTests$SessionScopedTestBean.class]
00:41:08.319 [Test worker] DEBUG o.s.c.a.ClassPathBeanDefinitionScanner - Identified candidate component class: file [D:\tools\source\spring-framework-5.2.x\integration-tests\build\classes\java\test\org\springframework\context\annotation\jsr330\ClassPathBeanDefinitionScannerJsr330ScopeIntegrationTests$SingletonScopedTestBean.class]
00:41:08.320 [Test worker] DEBUG o.s.w.c.s.GenericWebApplicationContext - Refreshing org.springframework.web.context.support.GenericWebApplicationContext@2fd52bf
00:41:08.321 [Test worker] DEBUG o.s.u.c.s.UiApplicationContextUtils - Unable to locate ThemeSource with name 'themeSource': using default [org.springframework.ui.context.support.ResourceBundleThemeSource@3e4537a0]
00:41:08.321 [Test worker] DEBUG o.s.b.f.s.DefaultListableBeanFactory - Creating shared instance of singleton bean 'request'
00:41:08.322 [Test worker] DEBUG o.s.b.f.s.DefaultListableBeanFactory - Creating shared instance of singleton bean 'classPathBeanDefinitionScannerJsr330ScopeIntegrationTests.SessionScopedTestBean'
00:41:08.323 [Test worker] DEBUG o.s.b.f.s.DefaultListableBeanFactory - Creating shared instance of singleton bean 'singleton'
00:41:08.330 [Test worker] DEBUG o.s.c.a.ClassPathBeanDefinitionScanner - Identified candidate component class: file [D:\tools\source\spring-framework-5.2.x\integration-tests\build\classes\java\test\org\springframework\context\annotation\jsr330\ClassPathBeanDefinitionScannerJsr330ScopeIntegrationTests$PrototypeScopedTestBean.class]
00:41:08.331 [Test worker] DEBUG o.s.c.a.ClassPathBeanDefinitionScanner - Identified candidate component class: file [D:\tools\source\spring-framework-5.2.x\integration-tests\build\classes\java\test\org\springframework\context\annotation\jsr330\ClassPathBeanDefinitionScannerJsr330ScopeIntegrationTests$RequestScopedTestBean.class]
00:41:08.333 [Test worker] DEBUG o.s.c.a.ClassPathBeanDefinitionScanner - Identified candidate component class: file [D:\tools\source\spring-framework-5.2.x\integration-tests\build\classes\java\test\org\springframework\context\annotation\jsr330\ClassPathBeanDefinitionScannerJsr330ScopeIntegrationTests$SessionScopedTestBean.class]
00:41:08.334 [Test worker] DEBUG o.s.c.a.ClassPathBeanDefinitionScanner - Identified candidate component class: file [D:\tools\source\spring-framework-5.2.x\integration-tests\build\classes\java\test\org\springframework\context\annotation\jsr330\ClassPathBeanDefinitionScannerJsr330ScopeIntegrationTests$SingletonScopedTestBean.class]
00:41:08.339 [Test worker] DEBUG o.s.c.a.ClassPathBeanDefinitionScanner - Identified candidate component class: file [D:\tools\source\spring-framework-5.2.x\integration-tests\build\classes\java\test\org\springframework\context\annotation\jsr330\ClassPathBeanDefinitionScannerJsr330ScopeIntegrationTests$PrototypeScopedTestBean.class]
00:41:08.339 [Test worker] DEBUG o.s.c.a.ClassPathBeanDefinitionScanner - Identified candidate component class: file [D:\tools\source\spring-framework-5.2.x\integration-tests\build\classes\java\test\org\springframework\context\annotation\jsr330\ClassPathBeanDefinitionScannerJsr330ScopeIntegrationTests$RequestScopedTestBean.class]
00:41:08.339 [Test worker] DEBUG o.s.c.a.ClassPathBeanDefinitionScanner - Identified candidate component class: file [D:\tools\source\spring-framework-5.2.x\integration-tests\build\classes\java\test\org\springframework\context\annotation\jsr330\ClassPathBeanDefinitionScannerJsr330ScopeIntegrationTests$SessionScopedTestBean.class]
00:41:08.340 [Test worker] DEBUG o.s.c.a.ClassPathBeanDefinitionScanner - Identified candidate component class: file [D:\tools\source\spring-framework-5.2.x\integration-tests\build\classes\java\test\org\springframework\context\annotation\jsr330\ClassPathBeanDefinitionScannerJsr330ScopeIntegrationTests$SingletonScopedTestBean.class]
00:41:08.340 [Test worker] DEBUG o.s.w.c.s.GenericWebApplicationContext - Refreshing org.springframework.web.context.support.GenericWebApplicationContext@56c5e27d
00:41:08.341 [Test worker] DEBUG o.s.u.c.s.UiApplicationContextUtils - Unable to locate ThemeSource with name 'themeSource': using default [org.springframework.ui.context.support.ResourceBundleThemeSource@6b703e9c]
00:41:08.342 [Test worker] DEBUG o.s.b.f.s.DefaultListableBeanFactory - Creating shared instance of singleton bean 'request'
00:41:08.343 [Test worker] DEBUG o.s.b.f.s.DefaultListableBeanFactory - Creating shared instance of singleton bean 'classPathBeanDefinitionScannerJsr330ScopeIntegrationTests.SessionScopedTestBean'
00:41:08.343 [Test worker] DEBUG o.s.b.f.s.DefaultListableBeanFactory - Creating shared instance of singleton bean 'singleton'
00:41:08.350 [Test worker] DEBUG o.s.c.a.ClassPathBeanDefinitionScanner - Identified candidate component class: file [D:\tools\source\spring-framework-5.2.x\integration-tests\build\classes\java\test\org\springframework\context\annotation\jsr330\ClassPathBeanDefinitionScannerJsr330ScopeIntegrationTests$PrototypeScopedTestBean.class]
00:41:08.351 [Test worker] DEBUG o.s.c.a.ClassPathBeanDefinitionScanner - Identified candidate component class: file [D:\tools\source\spring-framework-5.2.x\integration-tests\build\classes\java\test\org\springframework\context\annotation\jsr330\ClassPathBeanDefinitionScannerJsr330ScopeIntegrationTests$RequestScopedTestBean.class]
00:41:08.374 [Test worker] DEBUG o.s.c.a.ClassPathBeanDefinitionScanner - Identified candidate component class: file [D:\tools\source\spring-framework-5.2.x\integration-tests\build\classes\java\test\org\springframework\context\annotation\jsr330\ClassPathBeanDefinitionScannerJsr330ScopeIntegrationTests$SessionScopedTestBean.class]
00:41:08.375 [Test worker] DEBUG o.s.c.a.ClassPathBeanDefinitionScanner - Identified candidate component class: file [D:\tools\source\spring-framework-5.2.x\integration-tests\build\classes\java\test\org\springframework\context\annotation\jsr330\ClassPathBeanDefinitionScannerJsr330ScopeIntegrationTests$SingletonScopedTestBean.class]
00:41:08.379 [Test worker] DEBUG o.s.c.a.ClassPathBeanDefinitionScanner - Identified candidate component class: file [D:\tools\source\spring-framework-5.2.x\integration-tests\build\classes\java\test\org\springframework\context\annotation\jsr330\ClassPathBeanDefinitionScannerJsr330ScopeIntegrationTests$PrototypeScopedTestBean.class]
00:41:08.380 [Test worker] DEBUG o.s.c.a.ClassPathBeanDefinitionScanner - Identified candidate component class: file [D:\tools\source\spring-framework-5.2.x\integration-tests\build\classes\java\test\org\springframework\context\annotation\jsr330\ClassPathBeanDefinitionScannerJsr330ScopeIntegrationTests$RequestScopedTestBean.class]
00:41:08.380 [Test worker] DEBUG o.s.c.a.ClassPathBeanDefinitionScanner - Identified candidate component class: file [D:\tools\source\spring-framework-5.2.x\integration-tests\build\classes\java\test\org\springframework\context\annotation\jsr330\ClassPathBeanDefinitionScannerJsr330ScopeIntegrationTests$SessionScopedTestBean.class]
00:41:08.380 [Test worker] DEBUG o.s.c.a.ClassPathBeanDefinitionScanner - Identified candidate component class: file [D:\tools\source\spring-framework-5.2.x\integration-tests\build\classes\java\test\org\springframework\context\annotation\jsr330\ClassPathBeanDefinitionScannerJsr330ScopeIntegrationTests$SingletonScopedTestBean.class]
00:41:08.381 [Test worker] DEBUG o.s.w.c.s.GenericWebApplicationContext - Refreshing org.springframework.web.context.support.GenericWebApplicationContext@12dfef85
00:41:08.382 [Test worker] DEBUG o.s.u.c.s.UiApplicationContextUtils - Unable to locate ThemeSource with name 'themeSource': using default [org.springframework.ui.context.support.ResourceBundleThemeSource@4ff36c85]
00:41:08.383 [Test worker] DEBUG o.s.b.f.s.DefaultListableBeanFactory - Creating shared instance of singleton bean 'request'
00:41:08.384 [Test worker] DEBUG o.s.b.f.s.DefaultListableBeanFactory - Creating shared instance of singleton bean 'classPathBeanDefinitionScannerJsr330ScopeIntegrationTests.SessionScopedTestBean'
00:41:08.385 [Test worker] DEBUG o.s.b.f.s.DefaultListableBeanFactory - Creating shared instance of singleton bean 'singleton'
]]></system-out>
  <system-err><![CDATA[]]></system-err>
</testsuite>
