<?xml version="1.0" encoding="UTF-8"?>
<testsuite name="org.springframework.core.env.PropertyPlaceholderConfigurerEnvironmentIntegrationTests" tests="1" skipped="0" failures="0" errors="0" timestamp="2021-03-04T16:41:09" hostname="WIN-LQAMLJ4MN5U" time="0.019">
  <properties/>
  <testcase name="test()" classname="org.springframework.core.env.PropertyPlaceholderConfigurerEnvironmentIntegrationTests" time="0.019"/>
  <system-out><![CDATA[00:41:09.569 [Test worker] DEBUG o.s.c.s.GenericApplicationContext - Refreshing org.springframework.context.support.GenericApplicationContext@ef37bdc
00:41:09.569 [Test worker] DEBUG o.s.b.f.s.DefaultListableBeanFactory - Creating shared instance of singleton bean 'ppc'
00:41:09.585 [Test worker] DEBUG o.s.c.s.GenericApplicationContext - Closing org.springframework.context.support.GenericApplicationContext@ef37bdc, started on Fri Mar 05 00:41:09 CST 2021
]]></system-out>
  <system-err><![CDATA[]]></system-err>
</testsuite>
