<?xml version="1.0" encoding="UTF-8"?>
<testsuite name="org.springframework.messaging.simp.stomp.StompCommandTests" tests="5" skipped="0" failures="0" errors="0" timestamp="2021-03-04T16:35:01" hostname="WIN-LQAMLJ4MN5U" time="0.003">
  <properties/>
  <testcase name="getMessageType()" classname="org.springframework.messaging.simp.stomp.StompCommandTests" time="0.001"/>
  <testcase name="isBodyAllowed()" classname="org.springframework.messaging.simp.stomp.StompCommandTests" time="0.0"/>
  <testcase name="requiresDestination()" classname="org.springframework.messaging.simp.stomp.StompCommandTests" time="0.0"/>
  <testcase name="requiresContentLength()" classname="org.springframework.messaging.simp.stomp.StompCommandTests" time="0.001"/>
  <testcase name="requiresSubscriptionId()" classname="org.springframework.messaging.simp.stomp.StompCommandTests" time="0.0"/>
  <system-out><![CDATA[]]></system-out>
  <system-err><![CDATA[]]></system-err>
</testsuite>
