<?xml version="1.0" encoding="UTF-8"?>
<testsuite name="org.springframework.messaging.simp.SimpMessageHeaderAccessorTests" tests="4" skipped="0" failures="0" errors="0" timestamp="2021-03-04T16:34:13" hostname="WIN-LQAMLJ4MN5U" time="0.043">
  <properties/>
  <testcase name="getShortLogMessage()" classname="org.springframework.messaging.simp.SimpMessageHeaderAccessorTests" time="0.0"/>
  <testcase name="userChangeCallback()" classname="org.springframework.messaging.simp.SimpMessageHeaderAccessorTests" time="0.043"/>
  <testcase name="getLogMessageWithValuesSet()" classname="org.springframework.messaging.simp.SimpMessageHeaderAccessorTests" time="0.0"/>
  <testcase name="getDetailedLogMessageWithValuesSet()" classname="org.springframework.messaging.simp.SimpMessageHeaderAccessorTests" time="0.0"/>
  <system-out><![CDATA[]]></system-out>
  <system-err><![CDATA[]]></system-err>
</testsuite>
