<?xml version="1.0" encoding="UTF-8"?>
<testsuite name="org.springframework.messaging.rsocket.PayloadUtilsTests" tests="8" skipped="0" failures="0" errors="0" timestamp="2021-03-04T16:34:03" hostname="WIN-LQAMLJ4MN5U" time="0.01">
  <properties/>
  <testcase name="retainAndReleaseWithNettyFactory()" classname="org.springframework.messaging.rsocket.PayloadUtilsTests" time="0.001"/>
  <testcase name="createWithNettyAndDefaultBuffers()" classname="org.springframework.messaging.rsocket.PayloadUtilsTests" time="0.001"/>
  <testcase name="retainAndReleaseWithDefaultFactory()" classname="org.springframework.messaging.rsocket.PayloadUtilsTests" time="0.001"/>
  <testcase name="createWithDefaultBuffer()" classname="org.springframework.messaging.rsocket.PayloadUtilsTests" time="0.001"/>
  <testcase name="createWithNettyBuffer()" classname="org.springframework.messaging.rsocket.PayloadUtilsTests" time="0.001"/>
  <testcase name="createWithNettyBuffers()" classname="org.springframework.messaging.rsocket.PayloadUtilsTests" time="0.001"/>
  <testcase name="createWithDefaultBuffers()" classname="org.springframework.messaging.rsocket.PayloadUtilsTests" time="0.0"/>
  <testcase name="createWithDefaultAndNettyBuffers()" classname="org.springframework.messaging.rsocket.PayloadUtilsTests" time="0.003"/>
  <system-out><![CDATA[]]></system-out>
  <system-err><![CDATA[]]></system-err>
</testsuite>
