<?xml version="1.0" encoding="UTF-8"?>
<testsuite name="org.springframework.messaging.handler.annotation.reactive.HeadersMethodArgumentResolverTests" tests="6" skipped="0" failures="0" errors="0" timestamp="2021-03-04T16:33:50" hostname="WIN-LQAMLJ4MN5U" time="0.181">
  <properties/>
  <testcase name="resolveArgumentAnnotatedNotMap()" classname="org.springframework.messaging.handler.annotation.reactive.HeadersMethodArgumentResolverTests" time="0.003"/>
  <testcase name="resolveArgumentAnnotated()" classname="org.springframework.messaging.handler.annotation.reactive.HeadersMethodArgumentResolverTests" time="0.167"/>
  <testcase name="resolveArgumentMessageHeaderAccessor()" classname="org.springframework.messaging.handler.annotation.reactive.HeadersMethodArgumentResolverTests" time="0.001"/>
  <testcase name="resolveArgumentMessageHeaders()" classname="org.springframework.messaging.handler.annotation.reactive.HeadersMethodArgumentResolverTests" time="0.002"/>
  <testcase name="supportsParameter()" classname="org.springframework.messaging.handler.annotation.reactive.HeadersMethodArgumentResolverTests" time="0.003"/>
  <testcase name="resolveArgumentMessageHeaderAccessorSubclass()" classname="org.springframework.messaging.handler.annotation.reactive.HeadersMethodArgumentResolverTests" time="0.001"/>
  <system-out><![CDATA[]]></system-out>
  <system-err><![CDATA[]]></system-err>
</testsuite>
