<?xml version="1.0" encoding="UTF-8"?>
<testsuite name="org.springframework.messaging.simp.broker.SimpleBrokerMessageHandlerTests" tests="10" skipped="0" failures="0" errors="0" timestamp="2021-03-04T16:34:11" hostname="WIN-LQAMLJ4MN5U" time="0.108">
  <properties/>
  <testcase name="subscribePublish()" classname="org.springframework.messaging.simp.broker.SimpleBrokerMessageHandlerTests" time="0.039"/>
  <testcase name="readWriteIntervalCalculation()" classname="org.springframework.messaging.simp.broker.SimpleBrokerMessageHandlerTests" time="0.012"/>
  <testcase name="readInactivity()" classname="org.springframework.messaging.simp.broker.SimpleBrokerMessageHandlerTests" time="0.016"/>
  <testcase name="heartbeatValueWithAndWithoutTaskScheduler()" classname="org.springframework.messaging.simp.broker.SimpleBrokerMessageHandlerTests" time="0.002"/>
  <testcase name="startWithHeartbeatValueWithoutTaskScheduler()" classname="org.springframework.messaging.simp.broker.SimpleBrokerMessageHandlerTests" time="0.002"/>
  <testcase name="startAndStopWithHeartbeatValue()" classname="org.springframework.messaging.simp.broker.SimpleBrokerMessageHandlerTests" time="0.017"/>
  <testcase name="startWithOneZeroHeartbeatValue()" classname="org.springframework.messaging.simp.broker.SimpleBrokerMessageHandlerTests" time="0.002"/>
  <testcase name="connect()" classname="org.springframework.messaging.simp.broker.SimpleBrokerMessageHandlerTests" time="0.001"/>
  <testcase name="writeInactivity()" classname="org.springframework.messaging.simp.broker.SimpleBrokerMessageHandlerTests" time="0.012"/>
  <testcase name="subscribeDisconnectPublish()" classname="org.springframework.messaging.simp.broker.SimpleBrokerMessageHandlerTests" time="0.003"/>
  <system-out><![CDATA[]]></system-out>
  <system-err><![CDATA[]]></system-err>
</testsuite>
