<?xml version="1.0" encoding="UTF-8"?>
<testsuite name="org.springframework.messaging.support.ExecutorSubscribableChannelTests" tests="10" skipped="0" failures="0" errors="0" timestamp="2021-03-04T16:35:01" hostname="WIN-LQAMLJ4MN5U" time="0.076">
  <properties/>
  <testcase name="messageMustNotBeNull()" classname="org.springframework.messaging.support.ExecutorSubscribableChannelTests" time="0.002"/>
  <testcase name="sendWithoutExecutor()" classname="org.springframework.messaging.support.ExecutorSubscribableChannelTests" time="0.002"/>
  <testcase name="unsubscribeTwice()" classname="org.springframework.messaging.support.ExecutorSubscribableChannelTests" time="0.001"/>
  <testcase name="sendWithExecutor()" classname="org.springframework.messaging.support.ExecutorSubscribableChannelTests" time="0.012"/>
  <testcase name="failurePropagates()" classname="org.springframework.messaging.support.ExecutorSubscribableChannelTests" time="0.004"/>
  <testcase name="interceptorWithException()" classname="org.springframework.messaging.support.ExecutorSubscribableChannelTests" time="0.002"/>
  <testcase name="concurrentModification()" classname="org.springframework.messaging.support.ExecutorSubscribableChannelTests" time="0.001"/>
  <testcase name="subscribeTwice()" classname="org.springframework.messaging.support.ExecutorSubscribableChannelTests" time="0.001"/>
  <testcase name="interceptorWithModifiedMessage()" classname="org.springframework.messaging.support.ExecutorSubscribableChannelTests" time="0.001"/>
  <testcase name="interceptorWithNull()" classname="org.springframework.messaging.support.ExecutorSubscribableChannelTests" time="0.002"/>
  <system-out><![CDATA[]]></system-out>
  <system-err><![CDATA[]]></system-err>
</testsuite>
