<?xml version="1.0" encoding="UTF-8"?>
<testsuite name="org.springframework.messaging.converter.ProtobufMessageConverterTests" tests="8" skipped="0" failures="0" errors="0" timestamp="2021-03-04T16:33:39" hostname="WIN-LQAMLJ4MN5U" time="5.666">
  <properties/>
  <testcase name="canConvertTo()" classname="org.springframework.messaging.converter.ProtobufMessageConverterTests" time="5.234"/>
  <testcase name="convertFrom()" classname="org.springframework.messaging.converter.ProtobufMessageConverterTests" time="0.12"/>
  <testcase name="convertTo()" classname="org.springframework.messaging.converter.ProtobufMessageConverterTests" time="0.005"/>
  <testcase name="canConvertFrom()" classname="org.springframework.messaging.converter.ProtobufMessageConverterTests" time="0.001"/>
  <testcase name="defaultContentType()" classname="org.springframework.messaging.converter.ProtobufMessageConverterTests" time="0.002"/>
  <testcase name="convertFromNoContentType()" classname="org.springframework.messaging.converter.ProtobufMessageConverterTests" time="0.002"/>
  <testcase name="extensionRegistryNull()" classname="org.springframework.messaging.converter.ProtobufMessageConverterTests" time="0.001"/>
  <testcase name="testJsonWithGoogleProtobuf()" classname="org.springframework.messaging.converter.ProtobufMessageConverterTests" time="0.29"/>
  <system-out><![CDATA[]]></system-out>
  <system-err><![CDATA[]]></system-err>
</testsuite>
