<?xml version="1.0" encoding="UTF-8"?>
<testsuite name="org.springframework.messaging.rsocket.annotation.support.RSocketMessageHandlerTests" tests="9" skipped="0" failures="0" errors="0" timestamp="2021-03-04T16:34:00" hostname="WIN-LQAMLJ4MN5U" time="0.322">
  <properties/>
  <testcase name="handleNoMatch()" classname="org.springframework.messaging.rsocket.annotation.support.RSocketMessageHandlerTests" time="0.296"/>
  <testcase name="rejectConnectMappingMethodsThatCanReply()" classname="org.springframework.messaging.rsocket.annotation.support.RSocketMessageHandlerTests" time="0.005"/>
  <testcase name="mappings()" classname="org.springframework.messaging.rsocket.annotation.support.RSocketMessageHandlerTests" time="0.004"/>
  <testcase name="metadataExtractorWithExplicitlySetDecoders()" classname="org.springframework.messaging.rsocket.annotation.support.RSocketMessageHandlerTests" time="0.001"/>
  <testcase name="ignoreFireAndForgetToHandlerThatCanReply()" classname="org.springframework.messaging.rsocket.annotation.support.RSocketMessageHandlerTests" time="0.002"/>
  <testcase name="getRSocketStrategiesReflectsCurrentState()" classname="org.springframework.messaging.rsocket.annotation.support.RSocketMessageHandlerTests" time="0.004"/>
  <testcase name="setRSocketStrategies()" classname="org.springframework.messaging.rsocket.annotation.support.RSocketMessageHandlerTests" time="0.002"/>
  <testcase name="rejectRequestResponseToStreamingHandler()" classname="org.springframework.messaging.rsocket.annotation.support.RSocketMessageHandlerTests" time="0.001"/>
  <testcase name="getRSocketStrategies()" classname="org.springframework.messaging.rsocket.annotation.support.RSocketMessageHandlerTests" time="0.002"/>
  <system-out><![CDATA[00:34:01.021 [Test worker] WARN  o.s.m.r.a.s.RSocketMessageHandler - No ApplicationContext for auto-detection of beans with message handling methods.
00:34:01.022 [Test worker] WARN  o.s.m.r.a.s.RSocketMessageHandler - No ApplicationContext for auto-detection of beans with message handling methods.
00:34:01.070 [Test worker] WARN  o.s.m.r.a.s.RSocketMessageHandler - No ApplicationContext for auto-detection of beans with message handling methods.
00:34:01.070 [Test worker] WARN  o.s.m.r.a.s.RSocketMessageHandler - No handler for fireAndForget to 'path'
00:34:01.071 [Test worker] WARN  o.s.m.r.a.s.RSocketMessageHandler - No ApplicationContext for auto-detection of beans with message handling methods.
00:34:01.085 [Test worker] WARN  o.s.m.r.a.s.RSocketMessageHandler - No ApplicationContext for auto-detection of beans with message handling methods.
00:34:01.087 [Test worker] WARN  o.s.m.r.a.s.RSocketMessageHandler - No handler for fireAndForget to 'mono-string'
00:34:01.091 [Test worker] WARN  o.s.m.r.a.s.RSocketMessageHandler - No ApplicationContext for auto-detection of beans with message handling methods.
]]></system-out>
  <system-err><![CDATA[]]></system-err>
</testsuite>
