<?xml version="1.0" encoding="UTF-8"?>
<testsuite name="org.springframework.messaging.handler.invocation.InvocableHandlerMethodTests" tests="9" skipped="0" failures="0" errors="0" timestamp="2021-03-04T16:33:58" hostname="WIN-LQAMLJ4MN5U" time="0.935">
  <properties/>
  <testcase name="resolveArg()" classname="org.springframework.messaging.handler.invocation.InvocableHandlerMethodTests" time="0.883"/>
  <testcase name="cannotResolveArg()" classname="org.springframework.messaging.handler.invocation.InvocableHandlerMethodTests" time="0.001"/>
  <testcase name="resolveProvidedArg()" classname="org.springframework.messaging.handler.invocation.InvocableHandlerMethodTests" time="0.001"/>
  <testcase name="illegalArgumentException()" classname="org.springframework.messaging.handler.invocation.InvocableHandlerMethodTests" time="0.009"/>
  <testcase name="invocationErrorMessage()" classname="org.springframework.messaging.handler.invocation.InvocableHandlerMethodTests" time="0.002"/>
  <testcase name="invocationTargetException()" classname="org.springframework.messaging.handler.invocation.InvocableHandlerMethodTests" time="0.005"/>
  <testcase name="resolveProvidedArgFirst()" classname="org.springframework.messaging.handler.invocation.InvocableHandlerMethodTests" time="0.001"/>
  <testcase name="exceptionInResolvingArg()" classname="org.springframework.messaging.handler.invocation.InvocableHandlerMethodTests" time="0.016"/>
  <testcase name="resolveNoArgValue()" classname="org.springframework.messaging.handler.invocation.InvocableHandlerMethodTests" time="0.011"/>
  <system-out><![CDATA[]]></system-out>
  <system-err><![CDATA[]]></system-err>
</testsuite>
