<?xml version="1.0" encoding="UTF-8"?>
<testsuite name="org.springframework.messaging.core.MessageSendingTemplateTests" tests="11" skipped="0" failures="0" errors="0" timestamp="2021-03-04T16:33:48" hostname="WIN-LQAMLJ4MN5U" time="0.065">
  <properties/>
  <testcase name="convertAndSendNoMatchingConverter()" classname="org.springframework.messaging.core.MessageSendingTemplateTests" time="0.002"/>
  <testcase name="sendToDestination()" classname="org.springframework.messaging.core.MessageSendingTemplateTests" time="0.0"/>
  <testcase name="convertAndSendPayloadWithPostProcessorToDestination()" classname="org.springframework.messaging.core.MessageSendingTemplateTests" time="0.0"/>
  <testcase name="convertAndSendPayloadToDestination()" classname="org.springframework.messaging.core.MessageSendingTemplateTests" time="0.0"/>
  <testcase name="send()" classname="org.springframework.messaging.core.MessageSendingTemplateTests" time="0.001"/>
  <testcase name="convertAndSendPayloadAndHeadersToDestination()" classname="org.springframework.messaging.core.MessageSendingTemplateTests" time="0.0"/>
  <testcase name="convertAndSendPayloadWithPostProcessor()" classname="org.springframework.messaging.core.MessageSendingTemplateTests" time="0.0"/>
  <testcase name="convertAndSendPayload()" classname="org.springframework.messaging.core.MessageSendingTemplateTests" time="0.024"/>
  <testcase name="convertAndSend()" classname="org.springframework.messaging.core.MessageSendingTemplateTests" time="0.023"/>
  <testcase name="sendMissingDestination()" classname="org.springframework.messaging.core.MessageSendingTemplateTests" time="0.006"/>
  <testcase name="convertAndSendPayloadAndMutableHeadersToDestination()" classname="org.springframework.messaging.core.MessageSendingTemplateTests" time="0.004"/>
  <system-out><![CDATA[]]></system-out>
  <system-err><![CDATA[]]></system-err>
</testsuite>
