<?xml version="1.0" encoding="UTF-8"?>
<testsuite name="org.springframework.messaging.simp.user.UserRegistryMessageHandlerTests" tests="5" skipped="0" failures="0" errors="0" timestamp="2021-03-04T16:35:01" hostname="WIN-LQAMLJ4MN5U" time="0.177">
  <properties/>
  <testcase name="brokerUnavailableEvent()" classname="org.springframework.messaging.simp.user.UserRegistryMessageHandlerTests" time="0.002"/>
  <testcase name="broadcastRegistry()" classname="org.springframework.messaging.simp.user.UserRegistryMessageHandlerTests" time="0.023"/>
  <testcase name="handleMessageFromOwnBroadcast()" classname="org.springframework.messaging.simp.user.UserRegistryMessageHandlerTests" time="0.011"/>
  <testcase name="handleMessage()" classname="org.springframework.messaging.simp.user.UserRegistryMessageHandlerTests" time="0.134"/>
  <testcase name="brokerAvailableEvent()" classname="org.springframework.messaging.simp.user.UserRegistryMessageHandlerTests" time="0.003"/>
  <system-out><![CDATA[]]></system-out>
  <system-err><![CDATA[]]></system-err>
</testsuite>
