<?xml version="1.0" encoding="UTF-8"?>
<testsuite name="org.springframework.messaging.simp.stomp.StompBrokerRelayMessageHandlerIntegrationTests" tests="6" skipped="0" failures="0" errors="0" timestamp="2021-03-04T16:34:17" hostname="WIN-LQAMLJ4MN5U" time="43.206">
  <properties/>
  <testcase name="messageDeliveryExceptionIfSystemSessionForwardFails()" classname="org.springframework.messaging.simp.stomp.StompBrokerRelayMessageHandlerIntegrationTests" time="7.626"/>
  <testcase name="publishSubscribe()" classname="org.springframework.messaging.simp.stomp.StompBrokerRelayMessageHandlerIntegrationTests" time="5.009"/>
  <testcase name="brokerAvailabilityEventWhenStopped()" classname="org.springframework.messaging.simp.stomp.StompBrokerRelayMessageHandlerIntegrationTests" time="7.507"/>
  <testcase name="relayReconnectsIfBrokerComesBackUp()" classname="org.springframework.messaging.simp.stomp.StompBrokerRelayMessageHandlerIntegrationTests" time="14.811"/>
  <testcase name="brokerBecomingUnavailableTriggersErrorFrame()" classname="org.springframework.messaging.simp.stomp.StompBrokerRelayMessageHandlerIntegrationTests" time="4.222"/>
  <testcase name="disconnectWithReceipt()" classname="org.springframework.messaging.simp.stomp.StompBrokerRelayMessageHandlerIntegrationTests" time="4.031"/>
  <system-out><![CDATA[00:34:17.714 [Test worker] INFO  o.a.a.b.BrokerService - Using Persistence Adapter: MemoryPersistenceAdapter
00:34:17.715 [Test worker] INFO  o.a.a.b.BrokerService - Apache ActiveMQ 5.8.0 (localhost, ID:WIN-LQAMLJ4MN5U-58707-1614875654855-0:2) is starting
00:34:17.715 [Test worker] INFO  o.a.a.t.TransportServerThreadSupport - Listening for connections at: stomp://127.0.0.1:63626
00:34:17.716 [Test worker] INFO  o.a.a.b.TransportConnector - Connector stomp://127.0.0.1:63626 Started
00:34:17.716 [Test worker] INFO  o.a.a.b.BrokerService - Apache ActiveMQ 5.8.0 (localhost, ID:WIN-LQAMLJ4MN5U-58707-1614875654855-0:2) started
00:34:17.716 [Test worker] INFO  o.a.a.b.BrokerService - For help or more information please see: http://activemq.apache.org
00:34:22.479 [Test worker] INFO  o.a.a.b.BrokerService - Apache ActiveMQ 5.8.0 (localhost, ID:WIN-LQAMLJ4MN5U-58707-1614875654855-0:2) is shutting down
00:34:23.070 [Test worker] INFO  o.a.a.b.TransportConnector - Connector stomp://127.0.0.1:63626 Stopped
00:34:23.071 [Test worker] INFO  o.a.a.b.BrokerService - Apache ActiveMQ 5.8.0 (localhost, ID:WIN-LQAMLJ4MN5U-58707-1614875654855-0:2) uptime 5.357 seconds
00:34:23.071 [Test worker] INFO  o.a.a.b.BrokerService - Apache ActiveMQ 5.8.0 (localhost, ID:WIN-LQAMLJ4MN5U-58707-1614875654855-0:2) is shutdown
00:34:25.338 [Test worker] INFO  o.a.a.b.BrokerService - Using Persistence Adapter: MemoryPersistenceAdapter
00:34:25.340 [Test worker] INFO  o.a.a.b.BrokerService - Apache ActiveMQ 5.8.0 (localhost, ID:WIN-LQAMLJ4MN5U-58707-1614875654855-0:3) is starting
00:34:25.340 [Test worker] INFO  o.a.a.t.TransportServerThreadSupport - Listening for connections at: stomp://127.0.0.1:63375
00:34:25.340 [Test worker] INFO  o.a.a.b.TransportConnector - Connector stomp://127.0.0.1:63375 Started
00:34:25.341 [Test worker] INFO  o.a.a.b.BrokerService - Apache ActiveMQ 5.8.0 (localhost, ID:WIN-LQAMLJ4MN5U-58707-1614875654855-0:3) started
00:34:25.341 [Test worker] INFO  o.a.a.b.BrokerService - For help or more information please see: http://activemq.apache.org
00:34:29.501 [Test worker] INFO  o.a.a.b.BrokerService - Apache ActiveMQ 5.8.0 (localhost, ID:WIN-LQAMLJ4MN5U-58707-1614875654855-0:3) is shutting down
00:34:30.345 [Test worker] INFO  o.a.a.b.TransportConnector - Connector stomp://127.0.0.1:63375 Stopped
00:34:30.345 [Test worker] INFO  o.a.a.b.BrokerService - Apache ActiveMQ 5.8.0 (localhost, ID:WIN-LQAMLJ4MN5U-58707-1614875654855-0:3) uptime 5.007 seconds
00:34:30.345 [Test worker] INFO  o.a.a.b.BrokerService - Apache ActiveMQ 5.8.0 (localhost, ID:WIN-LQAMLJ4MN5U-58707-1614875654855-0:3) is shutdown
00:34:30.347 [Test worker] INFO  o.a.a.b.BrokerService - Using Persistence Adapter: MemoryPersistenceAdapter
00:34:30.348 [Test worker] INFO  o.a.a.b.BrokerService - Apache ActiveMQ 5.8.0 (localhost, ID:WIN-LQAMLJ4MN5U-58707-1614875654855-0:4) is starting
00:34:30.348 [Test worker] INFO  o.a.a.t.TransportServerThreadSupport - Listening for connections at: stomp://127.0.0.1:61932
00:34:30.348 [Test worker] INFO  o.a.a.b.TransportConnector - Connector stomp://127.0.0.1:61932 Started
00:34:30.348 [Test worker] INFO  o.a.a.b.BrokerService - Apache ActiveMQ 5.8.0 (localhost, ID:WIN-LQAMLJ4MN5U-58707-1614875654855-0:4) started
00:34:30.348 [Test worker] INFO  o.a.a.b.BrokerService - For help or more information please see: http://activemq.apache.org
00:34:31.183 [Test worker] INFO  o.a.a.b.BrokerService - Apache ActiveMQ 5.8.0 (localhost, ID:WIN-LQAMLJ4MN5U-58707-1614875654855-0:4) is shutting down
00:34:32.847 [Test worker] INFO  o.a.a.b.TransportConnector - Connector stomp://127.0.0.1:61932 Stopped
00:34:32.848 [Test worker] INFO  o.a.a.b.BrokerService - Apache ActiveMQ 5.8.0 (localhost, ID:WIN-LQAMLJ4MN5U-58707-1614875654855-0:4) uptime 2.501 seconds
00:34:32.848 [Test worker] INFO  o.a.a.b.BrokerService - Apache ActiveMQ 5.8.0 (localhost, ID:WIN-LQAMLJ4MN5U-58707-1614875654855-0:4) is shutdown
00:34:37.850 [Test worker] ERROR o.s.m.s.s.StompBrokerRelayMessageHandler - Error in shutdown of TCP client
java.lang.IllegalStateException: Timeout on Mono blocking read
	at reactor.core.publisher.MonoProcessor.block(MonoProcessor.java:196) ~[reactor-core-3.3.14.RELEASE.jar:3.3.14.RELEASE]
	at org.springframework.util.concurrent.MonoToListenableFutureAdapter.get(MonoToListenableFutureAdapter.java:63) ~[spring-core-5.2.14.BUILD-SNAPSHOT.jar:5.2.14.BUILD-SNAPSHOT]
	at org.springframework.messaging.simp.stomp.StompBrokerRelayMessageHandler.stopInternal(StompBrokerRelayMessageHandler.java:455) ~[main/:?]
	at org.springframework.messaging.simp.broker.AbstractBrokerMessageHandler.stop(AbstractBrokerMessageHandler.java:199) ~[main/:?]
	at org.springframework.messaging.simp.stomp.StompBrokerRelayMessageHandlerIntegrationTests.stop(StompBrokerRelayMessageHandlerIntegrationTests.java:119) ~[test/:?]
	at jdk.internal.reflect.NativeMethodAccessorImpl.invoke0(Native Method) ~[?:?]
	at jdk.internal.reflect.NativeMethodAccessorImpl.invoke(NativeMethodAccessorImpl.java:62) ~[?:?]
	at jdk.internal.reflect.DelegatingMethodAccessorImpl.invoke(DelegatingMethodAccessorImpl.java:43) ~[?:?]
	at java.lang.reflect.Method.invoke(Method.java:566) ~[?:?]
	at org.junit.platform.commons.util.ReflectionUtils.invokeMethod(ReflectionUtils.java:686) ~[junit-platform-commons-1.6.3.jar:1.6.3]
	at org.junit.jupiter.engine.execution.MethodInvocation.proceed(MethodInvocation.java:60) ~[junit-jupiter-engine-5.6.3.jar:5.6.3]
	at org.junit.jupiter.engine.execution.InvocationInterceptorChain$ValidatingInvocation.proceed(InvocationInterceptorChain.java:131) ~[junit-jupiter-engine-5.6.3.jar:5.6.3]
	at org.junit.jupiter.engine.extension.TimeoutExtension.intercept(TimeoutExtension.java:149) ~[junit-jupiter-engine-5.6.3.jar:5.6.3]
	at org.junit.jupiter.engine.extension.TimeoutExtension.interceptLifecycleMethod(TimeoutExtension.java:126) ~[junit-jupiter-engine-5.6.3.jar:5.6.3]
	at org.junit.jupiter.engine.extension.TimeoutExtension.interceptAfterEachMethod(TimeoutExtension.java:108) ~[junit-jupiter-engine-5.6.3.jar:5.6.3]
	at org.junit.jupiter.engine.execution.ExecutableInvoker$ReflectiveInterceptorCall.lambda$ofVoidMethod$0(ExecutableInvoker.java:115) ~[junit-jupiter-engine-5.6.3.jar:5.6.3]
	at org.junit.jupiter.engine.execution.ExecutableInvoker.lambda$invoke$0(ExecutableInvoker.java:105) ~[junit-jupiter-engine-5.6.3.jar:5.6.3]
	at org.junit.jupiter.engine.execution.InvocationInterceptorChain$InterceptedInvocation.proceed(InvocationInterceptorChain.java:106) ~[junit-jupiter-engine-5.6.3.jar:5.6.3]
	at org.junit.jupiter.engine.execution.InvocationInterceptorChain.proceed(InvocationInterceptorChain.java:64) ~[junit-jupiter-engine-5.6.3.jar:5.6.3]
	at org.junit.jupiter.engine.execution.InvocationInterceptorChain.chainAndInvoke(InvocationInterceptorChain.java:45) ~[junit-jupiter-engine-5.6.3.jar:5.6.3]
	at org.junit.jupiter.engine.execution.InvocationInterceptorChain.invoke(InvocationInterceptorChain.java:37) ~[junit-jupiter-engine-5.6.3.jar:5.6.3]
	at org.junit.jupiter.engine.execution.ExecutableInvoker.invoke(ExecutableInvoker.java:104) ~[junit-jupiter-engine-5.6.3.jar:5.6.3]
	at org.junit.jupiter.engine.execution.ExecutableInvoker.invoke(ExecutableInvoker.java:98) ~[junit-jupiter-engine-5.6.3.jar:5.6.3]
	at org.junit.jupiter.engine.descriptor.ClassBasedTestDescriptor.invokeMethodInExtensionContext(ClassBasedTestDescriptor.java:481) ~[junit-jupiter-engine-5.6.3.jar:5.6.3]
	at org.junit.jupiter.engine.descriptor.ClassBasedTestDescriptor.lambda$synthesizeAfterEachMethodAdapter$19(ClassBasedTestDescriptor.java:471) ~[junit-jupiter-engine-5.6.3.jar:5.6.3]
	at org.junit.jupiter.engine.descriptor.TestMethodTestDescriptor.lambda$invokeAfterEachMethods$9(TestMethodTestDescriptor.java:238) ~[junit-jupiter-engine-5.6.3.jar:5.6.3]
	at org.junit.jupiter.engine.descriptor.TestMethodTestDescriptor.lambda$invokeAllAfterMethodsOrCallbacks$12(TestMethodTestDescriptor.java:271) ~[junit-jupiter-engine-5.6.3.jar:5.6.3]
	at org.junit.platform.engine.support.hierarchical.ThrowableCollector.execute(ThrowableCollector.java:73) ~[junit-platform-engine-1.6.3.jar:1.6.3]
	at org.junit.jupiter.engine.descriptor.TestMethodTestDescriptor.lambda$invokeAllAfterMethodsOrCallbacks$13(TestMethodTestDescriptor.java:271) ~[junit-jupiter-engine-5.6.3.jar:5.6.3]
	at java.util.ArrayList.forEach(ArrayList.java:1540) ~[?:?]
	at org.junit.jupiter.engine.descriptor.TestMethodTestDescriptor.invokeAllAfterMethodsOrCallbacks(TestMethodTestDescriptor.java:270) ~[junit-jupiter-engine-5.6.3.jar:5.6.3]
	at org.junit.jupiter.engine.descriptor.TestMethodTestDescriptor.invokeAfterEachMethods(TestMethodTestDescriptor.java:236) ~[junit-jupiter-engine-5.6.3.jar:5.6.3]
	at org.junit.jupiter.engine.descriptor.TestMethodTestDescriptor.execute(TestMethodTestDescriptor.java:141) ~[junit-jupiter-engine-5.6.3.jar:5.6.3]
	at org.junit.jupiter.engine.descriptor.TestMethodTestDescriptor.execute(TestMethodTestDescriptor.java:71) ~[junit-jupiter-engine-5.6.3.jar:5.6.3]
	at org.junit.platform.engine.support.hierarchical.NodeTestTask.lambda$executeRecursively$5(NodeTestTask.java:135) ~[junit-platform-engine-1.6.3.jar:1.6.3]
	at org.junit.platform.engine.support.hierarchical.ThrowableCollector.execute(ThrowableCollector.java:73) ~[junit-platform-engine-1.6.3.jar:1.6.3]
	at org.junit.platform.engine.support.hierarchical.NodeTestTask.lambda$executeRecursively$7(NodeTestTask.java:125) ~[junit-platform-engine-1.6.3.jar:1.6.3]
	at org.junit.platform.engine.support.hierarchical.Node.around(Node.java:135) ~[junit-platform-engine-1.6.3.jar:1.6.3]
	at org.junit.platform.engine.support.hierarchical.NodeTestTask.lambda$executeRecursively$8(NodeTestTask.java:123) ~[junit-platform-engine-1.6.3.jar:1.6.3]
	at org.junit.platform.engine.support.hierarchical.ThrowableCollector.execute(ThrowableCollector.java:73) ~[junit-platform-engine-1.6.3.jar:1.6.3]
	at org.junit.platform.engine.support.hierarchical.NodeTestTask.executeRecursively(NodeTestTask.java:122) ~[junit-platform-engine-1.6.3.jar:1.6.3]
	at org.junit.platform.engine.support.hierarchical.NodeTestTask.execute(NodeTestTask.java:80) ~[junit-platform-engine-1.6.3.jar:1.6.3]
	at java.util.ArrayList.forEach(ArrayList.java:1540) ~[?:?]
	at org.junit.platform.engine.support.hierarchical.SameThreadHierarchicalTestExecutorService.invokeAll(SameThreadHierarchicalTestExecutorService.java:38) ~[junit-platform-engine-1.6.3.jar:1.6.3]
	at org.junit.platform.engine.support.hierarchical.NodeTestTask.lambda$executeRecursively$5(NodeTestTask.java:139) ~[junit-platform-engine-1.6.3.jar:1.6.3]
	at org.junit.platform.engine.support.hierarchical.ThrowableCollector.execute(ThrowableCollector.java:73) ~[junit-platform-engine-1.6.3.jar:1.6.3]
	at org.junit.platform.engine.support.hierarchical.NodeTestTask.lambda$executeRecursively$7(NodeTestTask.java:125) ~[junit-platform-engine-1.6.3.jar:1.6.3]
	at org.junit.platform.engine.support.hierarchical.Node.around(Node.java:135) ~[junit-platform-engine-1.6.3.jar:1.6.3]
	at org.junit.platform.engine.support.hierarchical.NodeTestTask.lambda$executeRecursively$8(NodeTestTask.java:123) ~[junit-platform-engine-1.6.3.jar:1.6.3]
	at org.junit.platform.engine.support.hierarchical.ThrowableCollector.execute(ThrowableCollector.java:73) ~[junit-platform-engine-1.6.3.jar:1.6.3]
	at org.junit.platform.engine.support.hierarchical.NodeTestTask.executeRecursively(NodeTestTask.java:122) ~[junit-platform-engine-1.6.3.jar:1.6.3]
	at org.junit.platform.engine.support.hierarchical.NodeTestTask.execute(NodeTestTask.java:80) ~[junit-platform-engine-1.6.3.jar:1.6.3]
	at java.util.ArrayList.forEach(ArrayList.java:1540) ~[?:?]
	at org.junit.platform.engine.support.hierarchical.SameThreadHierarchicalTestExecutorService.invokeAll(SameThreadHierarchicalTestExecutorService.java:38) ~[junit-platform-engine-1.6.3.jar:1.6.3]
	at org.junit.platform.engine.support.hierarchical.NodeTestTask.lambda$executeRecursively$5(NodeTestTask.java:139) ~[junit-platform-engine-1.6.3.jar:1.6.3]
	at org.junit.platform.engine.support.hierarchical.ThrowableCollector.execute(ThrowableCollector.java:73) ~[junit-platform-engine-1.6.3.jar:1.6.3]
	at org.junit.platform.engine.support.hierarchical.NodeTestTask.lambda$executeRecursively$7(NodeTestTask.java:125) ~[junit-platform-engine-1.6.3.jar:1.6.3]
	at org.junit.platform.engine.support.hierarchical.Node.around(Node.java:135) ~[junit-platform-engine-1.6.3.jar:1.6.3]
	at org.junit.platform.engine.support.hierarchical.NodeTestTask.lambda$executeRecursively$8(NodeTestTask.java:123) ~[junit-platform-engine-1.6.3.jar:1.6.3]
	at org.junit.platform.engine.support.hierarchical.ThrowableCollector.execute(ThrowableCollector.java:73) ~[junit-platform-engine-1.6.3.jar:1.6.3]
	at org.junit.platform.engine.support.hierarchical.NodeTestTask.executeRecursively(NodeTestTask.java:122) ~[junit-platform-engine-1.6.3.jar:1.6.3]
	at org.junit.platform.engine.support.hierarchical.NodeTestTask.execute(NodeTestTask.java:80) ~[junit-platform-engine-1.6.3.jar:1.6.3]
	at org.junit.platform.engine.support.hierarchical.SameThreadHierarchicalTestExecutorService.submit(SameThreadHierarchicalTestExecutorService.java:32) ~[junit-platform-engine-1.6.3.jar:1.6.3]
	at org.junit.platform.engine.support.hierarchical.HierarchicalTestExecutor.execute(HierarchicalTestExecutor.java:57) ~[junit-platform-engine-1.6.3.jar:1.6.3]
	at org.junit.platform.engine.support.hierarchical.HierarchicalTestEngine.execute(HierarchicalTestEngine.java:51) ~[junit-platform-engine-1.6.3.jar:1.6.3]
	at org.junit.platform.launcher.core.DefaultLauncher.execute(DefaultLauncher.java:248) ~[junit-platform-launcher-1.6.3.jar:1.6.3]
	at org.junit.platform.launcher.core.DefaultLauncher.lambda$execute$5(DefaultLauncher.java:211) ~[junit-platform-launcher-1.6.3.jar:1.6.3]
	at org.junit.platform.launcher.core.DefaultLauncher.withInterceptedStreams(DefaultLauncher.java:226) [junit-platform-launcher-1.6.3.jar:1.6.3]
	at org.junit.platform.launcher.core.DefaultLauncher.execute(DefaultLauncher.java:199) [junit-platform-launcher-1.6.3.jar:1.6.3]
	at org.junit.platform.launcher.core.DefaultLauncher.execute(DefaultLauncher.java:132) [junit-platform-launcher-1.6.3.jar:1.6.3]
	at org.gradle.api.internal.tasks.testing.junitplatform.JUnitPlatformTestClassProcessor$CollectAllTestClassesExecutor.processAllTestClasses(JUnitPlatformTestClassProcessor.java:102) [gradle-testing-junit-platform-5.6.4.jar:5.6.4]
	at org.gradle.api.internal.tasks.testing.junitplatform.JUnitPlatformTestClassProcessor$CollectAllTestClassesExecutor.access$000(JUnitPlatformTestClassProcessor.java:82) [gradle-testing-junit-platform-5.6.4.jar:5.6.4]
	at org.gradle.api.internal.tasks.testing.junitplatform.JUnitPlatformTestClassProcessor.stop(JUnitPlatformTestClassProcessor.java:78) [gradle-testing-junit-platform-5.6.4.jar:5.6.4]
	at org.gradle.api.internal.tasks.testing.SuiteTestClassProcessor.stop(SuiteTestClassProcessor.java:61) [gradle-testing-base-5.6.4.jar:5.6.4]
	at jdk.internal.reflect.NativeMethodAccessorImpl.invoke0(Native Method) ~[?:?]
	at jdk.internal.reflect.NativeMethodAccessorImpl.invoke(NativeMethodAccessorImpl.java:62) ~[?:?]
	at jdk.internal.reflect.DelegatingMethodAccessorImpl.invoke(DelegatingMethodAccessorImpl.java:43) ~[?:?]
	at java.lang.reflect.Method.invoke(Method.java:566) ~[?:?]
	at org.gradle.internal.dispatch.ReflectionDispatch.dispatch(ReflectionDispatch.java:36) [gradle-messaging-5.6.4.jar:5.6.4]
	at org.gradle.internal.dispatch.ReflectionDispatch.dispatch(ReflectionDispatch.java:24) [gradle-messaging-5.6.4.jar:5.6.4]
	at org.gradle.internal.dispatch.ContextClassLoaderDispatch.dispatch(ContextClassLoaderDispatch.java:33) [gradle-messaging-5.6.4.jar:5.6.4]
	at org.gradle.internal.dispatch.ProxyDispatchAdapter$DispatchingInvocationHandler.invoke(ProxyDispatchAdapter.java:94) [gradle-messaging-5.6.4.jar:5.6.4]
	at com.sun.proxy.$Proxy2.stop(Unknown Source) [?:?]
	at org.gradle.api.internal.tasks.testing.worker.TestWorker.stop(TestWorker.java:132) [gradle-testing-base-5.6.4.jar:5.6.4]
	at jdk.internal.reflect.NativeMethodAccessorImpl.invoke0(Native Method) ~[?:?]
	at jdk.internal.reflect.NativeMethodAccessorImpl.invoke(NativeMethodAccessorImpl.java:62) ~[?:?]
	at jdk.internal.reflect.DelegatingMethodAccessorImpl.invoke(DelegatingMethodAccessorImpl.java:43) ~[?:?]
	at java.lang.reflect.Method.invoke(Method.java:566) ~[?:?]
	at org.gradle.internal.dispatch.ReflectionDispatch.dispatch(ReflectionDispatch.java:36) [gradle-messaging-5.6.4.jar:5.6.4]
	at org.gradle.internal.dispatch.ReflectionDispatch.dispatch(ReflectionDispatch.java:24) [gradle-messaging-5.6.4.jar:5.6.4]
	at org.gradle.internal.remote.internal.hub.MessageHubBackedObjectConnection$DispatchWrapper.dispatch(MessageHubBackedObjectConnection.java:182) [gradle-messaging-5.6.4.jar:5.6.4]
	at org.gradle.internal.remote.internal.hub.MessageHubBackedObjectConnection$DispatchWrapper.dispatch(MessageHubBackedObjectConnection.java:164) [gradle-messaging-5.6.4.jar:5.6.4]
	at org.gradle.internal.remote.internal.hub.MessageHub$Handler.run(MessageHub.java:412) [gradle-messaging-5.6.4.jar:5.6.4]
	at org.gradle.internal.concurrent.ExecutorPolicy$CatchAndRecordFailures.onExecute(ExecutorPolicy.java:64) [gradle-base-services-5.6.4.jar:5.6.4]
	at org.gradle.internal.concurrent.ManagedExecutorImpl$1.run(ManagedExecutorImpl.java:48) [gradle-base-services-5.6.4.jar:5.6.4]
	at java.util.concurrent.ThreadPoolExecutor.runWorker(ThreadPoolExecutor.java:1128) [?:?]
	at java.util.concurrent.ThreadPoolExecutor$Worker.run(ThreadPoolExecutor.java:628) [?:?]
	at org.gradle.internal.concurrent.ThreadFactoryImpl$ManagedThreadRunnable.run(ThreadFactoryImpl.java:56) [gradle-base-services-5.6.4.jar:5.6.4]
	at java.lang.Thread.run(Thread.java:834) [?:?]
00:34:37.855 [Test worker] INFO  o.a.a.b.BrokerService - Using Persistence Adapter: MemoryPersistenceAdapter
00:34:37.856 [Test worker] INFO  o.a.a.b.BrokerService - Apache ActiveMQ 5.8.0 (localhost, ID:WIN-LQAMLJ4MN5U-58707-1614875654855-0:5) is starting
00:34:37.857 [Test worker] INFO  o.a.a.t.TransportServerThreadSupport - Listening for connections at: stomp://127.0.0.1:64871
00:34:37.857 [Test worker] INFO  o.a.a.b.TransportConnector - Connector stomp://127.0.0.1:64871 Started
00:34:37.857 [Test worker] INFO  o.a.a.b.BrokerService - Apache ActiveMQ 5.8.0 (localhost, ID:WIN-LQAMLJ4MN5U-58707-1614875654855-0:5) started
00:34:37.857 [Test worker] INFO  o.a.a.b.BrokerService - For help or more information please see: http://activemq.apache.org
00:34:41.807 [tcp-client-scheduler-60] WARN  i.n.c.AbstractChannel - Force-closing a channel whose registration task was not accepted by an event loop: [id: 0x03597c11]
java.util.concurrent.RejectedExecutionException: event executor terminated
	at io.netty.util.concurrent.SingleThreadEventExecutor.reject(SingleThreadEventExecutor.java:926) ~[netty-common-4.1.51.Final.jar:4.1.51.Final]
	at io.netty.util.concurrent.SingleThreadEventExecutor.offerTask(SingleThreadEventExecutor.java:353) ~[netty-common-4.1.51.Final.jar:4.1.51.Final]
	at io.netty.util.concurrent.SingleThreadEventExecutor.addTask(SingleThreadEventExecutor.java:346) ~[netty-common-4.1.51.Final.jar:4.1.51.Final]
	at io.netty.util.concurrent.SingleThreadEventExecutor.execute(SingleThreadEventExecutor.java:828) ~[netty-common-4.1.51.Final.jar:4.1.51.Final]
	at io.netty.util.concurrent.SingleThreadEventExecutor.execute(SingleThreadEventExecutor.java:818) ~[netty-common-4.1.51.Final.jar:4.1.51.Final]
	at io.netty.channel.AbstractChannel$AbstractUnsafe.register(AbstractChannel.java:471) ~[netty-transport-4.1.51.Final.jar:4.1.51.Final]
	at io.netty.channel.SingleThreadEventLoop.register(SingleThreadEventLoop.java:87) ~[netty-transport-4.1.51.Final.jar:4.1.51.Final]
	at io.netty.channel.SingleThreadEventLoop.register(SingleThreadEventLoop.java:81) ~[netty-transport-4.1.51.Final.jar:4.1.51.Final]
	at reactor.netty.resources.ColocatedEventLoopGroup.register(ColocatedEventLoopGroup.java:71) ~[reactor-netty-0.9.17.RELEASE.jar:0.9.17.RELEASE]
	at io.netty.bootstrap.AbstractBootstrap.initAndRegister(AbstractBootstrap.java:323) ~[netty-transport-4.1.51.Final.jar:4.1.51.Final]
	at io.netty.bootstrap.Bootstrap.doResolveAndConnect(Bootstrap.java:155) ~[netty-transport-4.1.51.Final.jar:4.1.51.Final]
	at io.netty.bootstrap.Bootstrap.connect(Bootstrap.java:116) ~[netty-transport-4.1.51.Final.jar:4.1.51.Final]
	at reactor.netty.resources.PooledConnectionProvider$PooledConnectionAllocator.lambda$connectChannel$0(PooledConnectionProvider.java:245) ~[reactor-netty-0.9.17.RELEASE.jar:0.9.17.RELEASE]
	at reactor.core.publisher.MonoCreate.subscribe(MonoCreate.java:57) ~[reactor-core-3.3.14.RELEASE.jar:3.3.14.RELEASE]
	at reactor.core.publisher.Mono.subscribe(Mono.java:4252) ~[reactor-core-3.3.14.RELEASE.jar:3.3.14.RELEASE]
	at reactor.core.publisher.Mono.subscribeWith(Mono.java:4363) ~[reactor-core-3.3.14.RELEASE.jar:3.3.14.RELEASE]
	at reactor.core.publisher.Mono.subscribe(Mono.java:4223) ~[reactor-core-3.3.14.RELEASE.jar:3.3.14.RELEASE]
	at reactor.core.publisher.Mono.subscribe(Mono.java:4159) ~[reactor-core-3.3.14.RELEASE.jar:3.3.14.RELEASE]
	at reactor.core.publisher.Mono.subscribe(Mono.java:4131) ~[reactor-core-3.3.14.RELEASE.jar:3.3.14.RELEASE]
	at reactor.netty.internal.shaded.reactor.pool.SimpleDequePool.drainLoop(SimpleDequePool.java:317) ~[reactor-netty-0.9.17.RELEASE.jar:0.9.17.RELEASE]
	at reactor.netty.internal.shaded.reactor.pool.SimpleDequePool.drain(SimpleDequePool.java:260) ~[reactor-netty-0.9.17.RELEASE.jar:0.9.17.RELEASE]
	at reactor.netty.internal.shaded.reactor.pool.SimpleDequePool.doAcquire(SimpleDequePool.java:255) ~[reactor-netty-0.9.17.RELEASE.jar:0.9.17.RELEASE]
	at reactor.netty.internal.shaded.reactor.pool.AbstractPool$Borrower.request(AbstractPool.java:382) ~[reactor-netty-0.9.17.RELEASE.jar:0.9.17.RELEASE]
	at reactor.netty.resources.PooledConnectionProvider$DisposableAcquire.onSubscribe(PooledConnectionProvider.java:534) ~[reactor-netty-0.9.17.RELEASE.jar:0.9.17.RELEASE]
	at reactor.netty.internal.shaded.reactor.pool.SimpleDequePool$QueueBorrowerMono.subscribe(SimpleDequePool.java:577) ~[reactor-netty-0.9.17.RELEASE.jar:0.9.17.RELEASE]
	at reactor.netty.resources.PooledConnectionProvider.disposableAcquire(PooledConnectionProvider.java:220) ~[reactor-netty-0.9.17.RELEASE.jar:0.9.17.RELEASE]
	at reactor.netty.resources.PooledConnectionProvider.lambda$acquire$3(PooledConnectionProvider.java:184) ~[reactor-netty-0.9.17.RELEASE.jar:0.9.17.RELEASE]
	at reactor.core.publisher.MonoCreate.subscribe(MonoCreate.java:57) [reactor-core-3.3.14.RELEASE.jar:3.3.14.RELEASE]
	at reactor.core.publisher.InternalMonoOperator.subscribe(InternalMonoOperator.java:64) [reactor-core-3.3.14.RELEASE.jar:3.3.14.RELEASE]
	at reactor.core.publisher.FluxRetryWhen$RetryWhenMainSubscriber.resubscribe(FluxRetryWhen.java:204) [reactor-core-3.3.14.RELEASE.jar:3.3.14.RELEASE]
	at reactor.core.publisher.FluxRetryWhen$RetryWhenOtherSubscriber.onNext(FluxRetryWhen.java:250) [reactor-core-3.3.14.RELEASE.jar:3.3.14.RELEASE]
	at reactor.core.publisher.FluxFlatMap$FlatMapMain.tryEmit(FluxFlatMap.java:535) [reactor-core-3.3.14.RELEASE.jar:3.3.14.RELEASE]
	at reactor.core.publisher.FluxFlatMap$FlatMapInner.onNext(FluxFlatMap.java:999) [reactor-core-3.3.14.RELEASE.jar:3.3.14.RELEASE]
	at reactor.core.publisher.MonoDelay$MonoDelayRunnable.run(MonoDelay.java:117) [reactor-core-3.3.14.RELEASE.jar:3.3.14.RELEASE]
	at reactor.core.scheduler.SchedulerTask.call(SchedulerTask.java:68) [reactor-core-3.3.14.RELEASE.jar:3.3.14.RELEASE]
	at reactor.core.scheduler.SchedulerTask.call(SchedulerTask.java:28) [reactor-core-3.3.14.RELEASE.jar:3.3.14.RELEASE]
	at java.util.concurrent.FutureTask.run(FutureTask.java:264) [?:?]
	at java.util.concurrent.ScheduledThreadPoolExecutor$ScheduledFutureTask.run(ScheduledThreadPoolExecutor.java:304) [?:?]
	at java.util.concurrent.ThreadPoolExecutor.runWorker(ThreadPoolExecutor.java:1128) [?:?]
	at java.util.concurrent.ThreadPoolExecutor$Worker.run(ThreadPoolExecutor.java:628) [?:?]
	at java.lang.Thread.run(Thread.java:834) [?:?]
00:34:41.809 [tcp-client-scheduler-60] WARN  i.n.c.AbstractChannel - Force-closing a channel whose registration task was not accepted by an event loop: [id: 0x1b79487a]
java.util.concurrent.RejectedExecutionException: event executor terminated
	at io.netty.util.concurrent.SingleThreadEventExecutor.reject(SingleThreadEventExecutor.java:926) ~[netty-common-4.1.51.Final.jar:4.1.51.Final]
	at io.netty.util.concurrent.SingleThreadEventExecutor.offerTask(SingleThreadEventExecutor.java:353) ~[netty-common-4.1.51.Final.jar:4.1.51.Final]
	at io.netty.util.concurrent.SingleThreadEventExecutor.addTask(SingleThreadEventExecutor.java:346) ~[netty-common-4.1.51.Final.jar:4.1.51.Final]
	at io.netty.util.concurrent.SingleThreadEventExecutor.execute(SingleThreadEventExecutor.java:828) ~[netty-common-4.1.51.Final.jar:4.1.51.Final]
	at io.netty.util.concurrent.SingleThreadEventExecutor.execute(SingleThreadEventExecutor.java:818) ~[netty-common-4.1.51.Final.jar:4.1.51.Final]
	at io.netty.channel.AbstractChannel$AbstractUnsafe.register(AbstractChannel.java:471) ~[netty-transport-4.1.51.Final.jar:4.1.51.Final]
	at io.netty.channel.SingleThreadEventLoop.register(SingleThreadEventLoop.java:87) ~[netty-transport-4.1.51.Final.jar:4.1.51.Final]
	at io.netty.channel.SingleThreadEventLoop.register(SingleThreadEventLoop.java:81) ~[netty-transport-4.1.51.Final.jar:4.1.51.Final]
	at reactor.netty.resources.ColocatedEventLoopGroup.register(ColocatedEventLoopGroup.java:71) ~[reactor-netty-0.9.17.RELEASE.jar:0.9.17.RELEASE]
	at io.netty.bootstrap.AbstractBootstrap.initAndRegister(AbstractBootstrap.java:323) ~[netty-transport-4.1.51.Final.jar:4.1.51.Final]
	at io.netty.bootstrap.Bootstrap.doResolveAndConnect(Bootstrap.java:155) ~[netty-transport-4.1.51.Final.jar:4.1.51.Final]
	at io.netty.bootstrap.Bootstrap.connect(Bootstrap.java:116) ~[netty-transport-4.1.51.Final.jar:4.1.51.Final]
	at reactor.netty.resources.PooledConnectionProvider$PooledConnectionAllocator.lambda$connectChannel$0(PooledConnectionProvider.java:245) ~[reactor-netty-0.9.17.RELEASE.jar:0.9.17.RELEASE]
	at reactor.core.publisher.MonoCreate.subscribe(MonoCreate.java:57) ~[reactor-core-3.3.14.RELEASE.jar:3.3.14.RELEASE]
	at reactor.core.publisher.Mono.subscribe(Mono.java:4252) ~[reactor-core-3.3.14.RELEASE.jar:3.3.14.RELEASE]
	at reactor.core.publisher.Mono.subscribeWith(Mono.java:4363) ~[reactor-core-3.3.14.RELEASE.jar:3.3.14.RELEASE]
	at reactor.core.publisher.Mono.subscribe(Mono.java:4223) ~[reactor-core-3.3.14.RELEASE.jar:3.3.14.RELEASE]
	at reactor.core.publisher.Mono.subscribe(Mono.java:4159) ~[reactor-core-3.3.14.RELEASE.jar:3.3.14.RELEASE]
	at reactor.core.publisher.Mono.subscribe(Mono.java:4131) ~[reactor-core-3.3.14.RELEASE.jar:3.3.14.RELEASE]
	at reactor.netty.internal.shaded.reactor.pool.SimpleDequePool.drainLoop(SimpleDequePool.java:317) ~[reactor-netty-0.9.17.RELEASE.jar:0.9.17.RELEASE]
	at reactor.netty.internal.shaded.reactor.pool.SimpleDequePool.drain(SimpleDequePool.java:260) ~[reactor-netty-0.9.17.RELEASE.jar:0.9.17.RELEASE]
	at reactor.netty.internal.shaded.reactor.pool.SimpleDequePool.doAcquire(SimpleDequePool.java:255) ~[reactor-netty-0.9.17.RELEASE.jar:0.9.17.RELEASE]
	at reactor.netty.internal.shaded.reactor.pool.AbstractPool$Borrower.request(AbstractPool.java:382) ~[reactor-netty-0.9.17.RELEASE.jar:0.9.17.RELEASE]
	at reactor.netty.resources.PooledConnectionProvider$DisposableAcquire.onSubscribe(PooledConnectionProvider.java:534) ~[reactor-netty-0.9.17.RELEASE.jar:0.9.17.RELEASE]
	at reactor.netty.internal.shaded.reactor.pool.SimpleDequePool$QueueBorrowerMono.subscribe(SimpleDequePool.java:577) ~[reactor-netty-0.9.17.RELEASE.jar:0.9.17.RELEASE]
	at reactor.netty.resources.PooledConnectionProvider.disposableAcquire(PooledConnectionProvider.java:220) ~[reactor-netty-0.9.17.RELEASE.jar:0.9.17.RELEASE]
	at reactor.netty.resources.PooledConnectionProvider.lambda$acquire$3(PooledConnectionProvider.java:184) ~[reactor-netty-0.9.17.RELEASE.jar:0.9.17.RELEASE]
	at reactor.core.publisher.MonoCreate.subscribe(MonoCreate.java:57) [reactor-core-3.3.14.RELEASE.jar:3.3.14.RELEASE]
	at reactor.core.publisher.InternalMonoOperator.subscribe(InternalMonoOperator.java:64) [reactor-core-3.3.14.RELEASE.jar:3.3.14.RELEASE]
	at reactor.core.publisher.FluxRetryWhen$RetryWhenMainSubscriber.resubscribe(FluxRetryWhen.java:204) [reactor-core-3.3.14.RELEASE.jar:3.3.14.RELEASE]
	at reactor.core.publisher.FluxRetryWhen$RetryWhenOtherSubscriber.onNext(FluxRetryWhen.java:250) [reactor-core-3.3.14.RELEASE.jar:3.3.14.RELEASE]
	at reactor.core.publisher.FluxFlatMap$FlatMapMain.drainLoop(FluxFlatMap.java:704) [reactor-core-3.3.14.RELEASE.jar:3.3.14.RELEASE]
	at reactor.core.publisher.FluxFlatMap$FlatMapMain.tryEmit(FluxFlatMap.java:561) [reactor-core-3.3.14.RELEASE.jar:3.3.14.RELEASE]
	at reactor.core.publisher.FluxFlatMap$FlatMapInner.onNext(FluxFlatMap.java:999) [reactor-core-3.3.14.RELEASE.jar:3.3.14.RELEASE]
	at reactor.core.publisher.MonoDelay$MonoDelayRunnable.run(MonoDelay.java:117) [reactor-core-3.3.14.RELEASE.jar:3.3.14.RELEASE]
	at reactor.core.scheduler.SchedulerTask.call(SchedulerTask.java:68) [reactor-core-3.3.14.RELEASE.jar:3.3.14.RELEASE]
	at reactor.core.scheduler.SchedulerTask.call(SchedulerTask.java:28) [reactor-core-3.3.14.RELEASE.jar:3.3.14.RELEASE]
	at java.util.concurrent.FutureTask.run(FutureTask.java:264) [?:?]
	at java.util.concurrent.ScheduledThreadPoolExecutor$ScheduledFutureTask.run(ScheduledThreadPoolExecutor.java:304) [?:?]
	at java.util.concurrent.ThreadPoolExecutor.runWorker(ThreadPoolExecutor.java:1128) [?:?]
	at java.util.concurrent.ThreadPoolExecutor$Worker.run(ThreadPoolExecutor.java:628) [?:?]
	at java.lang.Thread.run(Thread.java:834) [?:?]
00:34:44.746 [Test worker] INFO  o.a.a.b.BrokerService - Apache ActiveMQ 5.8.0 (localhost, ID:WIN-LQAMLJ4MN5U-58707-1614875654855-0:5) is shutting down
00:34:46.935 [tcp-client-scheduler-65] WARN  i.n.c.AbstractChannel - Force-closing a channel whose registration task was not accepted by an event loop: [id: 0xd7873c5c]
java.util.concurrent.RejectedExecutionException: event executor terminated
	at io.netty.util.concurrent.SingleThreadEventExecutor.reject(SingleThreadEventExecutor.java:926) ~[netty-common-4.1.51.Final.jar:4.1.51.Final]
	at io.netty.util.concurrent.SingleThreadEventExecutor.offerTask(SingleThreadEventExecutor.java:353) ~[netty-common-4.1.51.Final.jar:4.1.51.Final]
	at io.netty.util.concurrent.SingleThreadEventExecutor.addTask(SingleThreadEventExecutor.java:346) ~[netty-common-4.1.51.Final.jar:4.1.51.Final]
	at io.netty.util.concurrent.SingleThreadEventExecutor.execute(SingleThreadEventExecutor.java:828) ~[netty-common-4.1.51.Final.jar:4.1.51.Final]
	at io.netty.util.concurrent.SingleThreadEventExecutor.execute(SingleThreadEventExecutor.java:818) ~[netty-common-4.1.51.Final.jar:4.1.51.Final]
	at io.netty.channel.AbstractChannel$AbstractUnsafe.register(AbstractChannel.java:471) ~[netty-transport-4.1.51.Final.jar:4.1.51.Final]
	at io.netty.channel.SingleThreadEventLoop.register(SingleThreadEventLoop.java:87) ~[netty-transport-4.1.51.Final.jar:4.1.51.Final]
	at io.netty.channel.SingleThreadEventLoop.register(SingleThreadEventLoop.java:81) ~[netty-transport-4.1.51.Final.jar:4.1.51.Final]
	at reactor.netty.resources.ColocatedEventLoopGroup.register(ColocatedEventLoopGroup.java:71) ~[reactor-netty-0.9.17.RELEASE.jar:0.9.17.RELEASE]
	at io.netty.bootstrap.AbstractBootstrap.initAndRegister(AbstractBootstrap.java:323) ~[netty-transport-4.1.51.Final.jar:4.1.51.Final]
	at io.netty.bootstrap.Bootstrap.doResolveAndConnect(Bootstrap.java:155) ~[netty-transport-4.1.51.Final.jar:4.1.51.Final]
	at io.netty.bootstrap.Bootstrap.connect(Bootstrap.java:116) ~[netty-transport-4.1.51.Final.jar:4.1.51.Final]
	at reactor.netty.resources.PooledConnectionProvider$PooledConnectionAllocator.lambda$connectChannel$0(PooledConnectionProvider.java:245) ~[reactor-netty-0.9.17.RELEASE.jar:0.9.17.RELEASE]
	at reactor.core.publisher.MonoCreate.subscribe(MonoCreate.java:57) ~[reactor-core-3.3.14.RELEASE.jar:3.3.14.RELEASE]
	at reactor.core.publisher.Mono.subscribe(Mono.java:4252) ~[reactor-core-3.3.14.RELEASE.jar:3.3.14.RELEASE]
	at reactor.core.publisher.Mono.subscribeWith(Mono.java:4363) ~[reactor-core-3.3.14.RELEASE.jar:3.3.14.RELEASE]
	at reactor.core.publisher.Mono.subscribe(Mono.java:4223) ~[reactor-core-3.3.14.RELEASE.jar:3.3.14.RELEASE]
	at reactor.core.publisher.Mono.subscribe(Mono.java:4159) ~[reactor-core-3.3.14.RELEASE.jar:3.3.14.RELEASE]
	at reactor.core.publisher.Mono.subscribe(Mono.java:4131) ~[reactor-core-3.3.14.RELEASE.jar:3.3.14.RELEASE]
	at reactor.netty.internal.shaded.reactor.pool.SimpleDequePool.drainLoop(SimpleDequePool.java:317) ~[reactor-netty-0.9.17.RELEASE.jar:0.9.17.RELEASE]
	at reactor.netty.internal.shaded.reactor.pool.SimpleDequePool.drain(SimpleDequePool.java:260) ~[reactor-netty-0.9.17.RELEASE.jar:0.9.17.RELEASE]
	at reactor.netty.internal.shaded.reactor.pool.SimpleDequePool.doAcquire(SimpleDequePool.java:255) ~[reactor-netty-0.9.17.RELEASE.jar:0.9.17.RELEASE]
	at reactor.netty.internal.shaded.reactor.pool.AbstractPool$Borrower.request(AbstractPool.java:382) ~[reactor-netty-0.9.17.RELEASE.jar:0.9.17.RELEASE]
	at reactor.netty.resources.PooledConnectionProvider$DisposableAcquire.onSubscribe(PooledConnectionProvider.java:534) ~[reactor-netty-0.9.17.RELEASE.jar:0.9.17.RELEASE]
	at reactor.netty.internal.shaded.reactor.pool.SimpleDequePool$QueueBorrowerMono.subscribe(SimpleDequePool.java:577) ~[reactor-netty-0.9.17.RELEASE.jar:0.9.17.RELEASE]
	at reactor.netty.resources.PooledConnectionProvider.disposableAcquire(PooledConnectionProvider.java:220) ~[reactor-netty-0.9.17.RELEASE.jar:0.9.17.RELEASE]
	at reactor.netty.resources.PooledConnectionProvider.lambda$acquire$3(PooledConnectionProvider.java:184) ~[reactor-netty-0.9.17.RELEASE.jar:0.9.17.RELEASE]
	at reactor.core.publisher.MonoCreate.subscribe(MonoCreate.java:57) [reactor-core-3.3.14.RELEASE.jar:3.3.14.RELEASE]
	at reactor.core.publisher.InternalMonoOperator.subscribe(InternalMonoOperator.java:64) [reactor-core-3.3.14.RELEASE.jar:3.3.14.RELEASE]
	at reactor.core.publisher.FluxRetryWhen$RetryWhenMainSubscriber.resubscribe(FluxRetryWhen.java:204) [reactor-core-3.3.14.RELEASE.jar:3.3.14.RELEASE]
	at reactor.core.publisher.FluxRetryWhen$RetryWhenOtherSubscriber.onNext(FluxRetryWhen.java:250) [reactor-core-3.3.14.RELEASE.jar:3.3.14.RELEASE]
	at reactor.core.publisher.FluxFlatMap$FlatMapMain.tryEmit(FluxFlatMap.java:535) [reactor-core-3.3.14.RELEASE.jar:3.3.14.RELEASE]
	at reactor.core.publisher.FluxFlatMap$FlatMapInner.onNext(FluxFlatMap.java:999) [reactor-core-3.3.14.RELEASE.jar:3.3.14.RELEASE]
	at reactor.core.publisher.MonoDelay$MonoDelayRunnable.run(MonoDelay.java:117) [reactor-core-3.3.14.RELEASE.jar:3.3.14.RELEASE]
	at reactor.core.scheduler.SchedulerTask.call(SchedulerTask.java:68) [reactor-core-3.3.14.RELEASE.jar:3.3.14.RELEASE]
	at reactor.core.scheduler.SchedulerTask.call(SchedulerTask.java:28) [reactor-core-3.3.14.RELEASE.jar:3.3.14.RELEASE]
	at java.util.concurrent.FutureTask.run(FutureTask.java:264) [?:?]
	at java.util.concurrent.ScheduledThreadPoolExecutor$ScheduledFutureTask.run(ScheduledThreadPoolExecutor.java:304) [?:?]
	at java.util.concurrent.ThreadPoolExecutor.runWorker(ThreadPoolExecutor.java:1128) [?:?]
	at java.util.concurrent.ThreadPoolExecutor$Worker.run(ThreadPoolExecutor.java:628) [?:?]
	at java.lang.Thread.run(Thread.java:834) [?:?]
00:34:47.089 [tcp-client-scheduler-51] WARN  i.n.c.AbstractChannel - Force-closing a channel whose registration task was not accepted by an event loop: [id: 0x21b36b9b]
java.util.concurrent.RejectedExecutionException: event executor terminated
	at io.netty.util.concurrent.SingleThreadEventExecutor.reject(SingleThreadEventExecutor.java:926) ~[netty-common-4.1.51.Final.jar:4.1.51.Final]
	at io.netty.util.concurrent.SingleThreadEventExecutor.offerTask(SingleThreadEventExecutor.java:353) ~[netty-common-4.1.51.Final.jar:4.1.51.Final]
	at io.netty.util.concurrent.SingleThreadEventExecutor.addTask(SingleThreadEventExecutor.java:346) ~[netty-common-4.1.51.Final.jar:4.1.51.Final]
	at io.netty.util.concurrent.SingleThreadEventExecutor.execute(SingleThreadEventExecutor.java:828) ~[netty-common-4.1.51.Final.jar:4.1.51.Final]
	at io.netty.util.concurrent.SingleThreadEventExecutor.execute(SingleThreadEventExecutor.java:818) ~[netty-common-4.1.51.Final.jar:4.1.51.Final]
	at io.netty.channel.AbstractChannel$AbstractUnsafe.register(AbstractChannel.java:471) ~[netty-transport-4.1.51.Final.jar:4.1.51.Final]
	at io.netty.channel.SingleThreadEventLoop.register(SingleThreadEventLoop.java:87) ~[netty-transport-4.1.51.Final.jar:4.1.51.Final]
	at io.netty.channel.SingleThreadEventLoop.register(SingleThreadEventLoop.java:81) ~[netty-transport-4.1.51.Final.jar:4.1.51.Final]
	at reactor.netty.resources.ColocatedEventLoopGroup.register(ColocatedEventLoopGroup.java:71) ~[reactor-netty-0.9.17.RELEASE.jar:0.9.17.RELEASE]
	at io.netty.bootstrap.AbstractBootstrap.initAndRegister(AbstractBootstrap.java:323) ~[netty-transport-4.1.51.Final.jar:4.1.51.Final]
	at io.netty.bootstrap.Bootstrap.doResolveAndConnect(Bootstrap.java:155) ~[netty-transport-4.1.51.Final.jar:4.1.51.Final]
	at io.netty.bootstrap.Bootstrap.connect(Bootstrap.java:116) ~[netty-transport-4.1.51.Final.jar:4.1.51.Final]
	at reactor.netty.resources.PooledConnectionProvider$PooledConnectionAllocator.lambda$connectChannel$0(PooledConnectionProvider.java:245) ~[reactor-netty-0.9.17.RELEASE.jar:0.9.17.RELEASE]
	at reactor.core.publisher.MonoCreate.subscribe(MonoCreate.java:57) ~[reactor-core-3.3.14.RELEASE.jar:3.3.14.RELEASE]
	at reactor.core.publisher.Mono.subscribe(Mono.java:4252) ~[reactor-core-3.3.14.RELEASE.jar:3.3.14.RELEASE]
	at reactor.core.publisher.Mono.subscribeWith(Mono.java:4363) ~[reactor-core-3.3.14.RELEASE.jar:3.3.14.RELEASE]
	at reactor.core.publisher.Mono.subscribe(Mono.java:4223) ~[reactor-core-3.3.14.RELEASE.jar:3.3.14.RELEASE]
	at reactor.core.publisher.Mono.subscribe(Mono.java:4159) ~[reactor-core-3.3.14.RELEASE.jar:3.3.14.RELEASE]
	at reactor.core.publisher.Mono.subscribe(Mono.java:4131) ~[reactor-core-3.3.14.RELEASE.jar:3.3.14.RELEASE]
	at reactor.netty.internal.shaded.reactor.pool.SimpleDequePool.drainLoop(SimpleDequePool.java:317) ~[reactor-netty-0.9.17.RELEASE.jar:0.9.17.RELEASE]
	at reactor.netty.internal.shaded.reactor.pool.SimpleDequePool.drain(SimpleDequePool.java:260) ~[reactor-netty-0.9.17.RELEASE.jar:0.9.17.RELEASE]
	at reactor.netty.internal.shaded.reactor.pool.SimpleDequePool.doAcquire(SimpleDequePool.java:255) ~[reactor-netty-0.9.17.RELEASE.jar:0.9.17.RELEASE]
	at reactor.netty.internal.shaded.reactor.pool.AbstractPool$Borrower.request(AbstractPool.java:382) ~[reactor-netty-0.9.17.RELEASE.jar:0.9.17.RELEASE]
	at reactor.netty.resources.PooledConnectionProvider$DisposableAcquire.onSubscribe(PooledConnectionProvider.java:534) ~[reactor-netty-0.9.17.RELEASE.jar:0.9.17.RELEASE]
	at reactor.netty.internal.shaded.reactor.pool.SimpleDequePool$QueueBorrowerMono.subscribe(SimpleDequePool.java:577) ~[reactor-netty-0.9.17.RELEASE.jar:0.9.17.RELEASE]
	at reactor.netty.resources.PooledConnectionProvider.disposableAcquire(PooledConnectionProvider.java:220) ~[reactor-netty-0.9.17.RELEASE.jar:0.9.17.RELEASE]
	at reactor.netty.resources.PooledConnectionProvider.lambda$acquire$3(PooledConnectionProvider.java:184) ~[reactor-netty-0.9.17.RELEASE.jar:0.9.17.RELEASE]
	at reactor.core.publisher.MonoCreate.subscribe(MonoCreate.java:57) [reactor-core-3.3.14.RELEASE.jar:3.3.14.RELEASE]
	at reactor.core.publisher.InternalMonoOperator.subscribe(InternalMonoOperator.java:64) [reactor-core-3.3.14.RELEASE.jar:3.3.14.RELEASE]
	at reactor.core.publisher.FluxRetryWhen$RetryWhenMainSubscriber.resubscribe(FluxRetryWhen.java:204) [reactor-core-3.3.14.RELEASE.jar:3.3.14.RELEASE]
	at reactor.core.publisher.FluxRetryWhen$RetryWhenOtherSubscriber.onNext(FluxRetryWhen.java:250) [reactor-core-3.3.14.RELEASE.jar:3.3.14.RELEASE]
	at reactor.core.publisher.FluxFlatMap$FlatMapMain.tryEmit(FluxFlatMap.java:535) [reactor-core-3.3.14.RELEASE.jar:3.3.14.RELEASE]
	at reactor.core.publisher.FluxFlatMap$FlatMapInner.onNext(FluxFlatMap.java:999) [reactor-core-3.3.14.RELEASE.jar:3.3.14.RELEASE]
	at reactor.core.publisher.MonoDelay$MonoDelayRunnable.run(MonoDelay.java:117) [reactor-core-3.3.14.RELEASE.jar:3.3.14.RELEASE]
	at reactor.core.scheduler.SchedulerTask.call(SchedulerTask.java:68) [reactor-core-3.3.14.RELEASE.jar:3.3.14.RELEASE]
	at reactor.core.scheduler.SchedulerTask.call(SchedulerTask.java:28) [reactor-core-3.3.14.RELEASE.jar:3.3.14.RELEASE]
	at java.util.concurrent.FutureTask.run(FutureTask.java:264) [?:?]
	at java.util.concurrent.ScheduledThreadPoolExecutor$ScheduledFutureTask.run(ScheduledThreadPoolExecutor.java:304) [?:?]
	at java.util.concurrent.ThreadPoolExecutor.runWorker(ThreadPoolExecutor.java:1128) [?:?]
	at java.util.concurrent.ThreadPoolExecutor$Worker.run(ThreadPoolExecutor.java:628) [?:?]
	at java.lang.Thread.run(Thread.java:834) [?:?]
00:34:48.104 [Test worker] INFO  o.a.a.b.TransportConnector - Connector stomp://127.0.0.1:64871 Stopped
00:34:48.105 [Test worker] INFO  o.a.a.b.BrokerService - Apache ActiveMQ 5.8.0 (localhost, ID:WIN-LQAMLJ4MN5U-58707-1614875654855-0:5) uptime 10.250 seconds
00:34:48.105 [Test worker] INFO  o.a.a.b.BrokerService - Apache ActiveMQ 5.8.0 (localhost, ID:WIN-LQAMLJ4MN5U-58707-1614875654855-0:5) is shutdown
00:34:48.254 [Test worker] INFO  o.a.a.b.BrokerService - Using Persistence Adapter: MemoryPersistenceAdapter
00:34:48.254 [Test worker] INFO  o.a.a.b.BrokerService - Apache ActiveMQ 5.8.0 (localhost, ID:WIN-LQAMLJ4MN5U-58707-1614875654855-0:6) is starting
00:34:48.255 [Test worker] INFO  o.a.a.t.TransportServerThreadSupport - Listening for connections at: stomp://127.0.0.1:64871
00:34:48.255 [Test worker] INFO  o.a.a.b.TransportConnector - Connector stomp://127.0.0.1:64871 Started
00:34:48.255 [Test worker] INFO  o.a.a.b.BrokerService - Apache ActiveMQ 5.8.0 (localhost, ID:WIN-LQAMLJ4MN5U-58707-1614875654855-0:6) started
00:34:48.255 [Test worker] INFO  o.a.a.b.BrokerService - For help or more information please see: http://activemq.apache.org
00:34:51.332 [Test worker] INFO  o.a.a.b.BrokerService - Apache ActiveMQ 5.8.0 (localhost, ID:WIN-LQAMLJ4MN5U-58707-1614875654855-0:6) is shutting down
00:34:51.965 [tcp-client-scheduler-52] WARN  i.n.c.AbstractChannel - Force-closing a channel whose registration task was not accepted by an event loop: [id: 0x158635de]
java.util.concurrent.RejectedExecutionException: event executor terminated
	at io.netty.util.concurrent.SingleThreadEventExecutor.reject(SingleThreadEventExecutor.java:926) ~[netty-common-4.1.51.Final.jar:4.1.51.Final]
	at io.netty.util.concurrent.SingleThreadEventExecutor.offerTask(SingleThreadEventExecutor.java:353) ~[netty-common-4.1.51.Final.jar:4.1.51.Final]
	at io.netty.util.concurrent.SingleThreadEventExecutor.addTask(SingleThreadEventExecutor.java:346) ~[netty-common-4.1.51.Final.jar:4.1.51.Final]
	at io.netty.util.concurrent.SingleThreadEventExecutor.execute(SingleThreadEventExecutor.java:828) ~[netty-common-4.1.51.Final.jar:4.1.51.Final]
	at io.netty.util.concurrent.SingleThreadEventExecutor.execute(SingleThreadEventExecutor.java:818) ~[netty-common-4.1.51.Final.jar:4.1.51.Final]
	at io.netty.channel.AbstractChannel$AbstractUnsafe.register(AbstractChannel.java:471) ~[netty-transport-4.1.51.Final.jar:4.1.51.Final]
	at io.netty.channel.SingleThreadEventLoop.register(SingleThreadEventLoop.java:87) ~[netty-transport-4.1.51.Final.jar:4.1.51.Final]
	at io.netty.channel.SingleThreadEventLoop.register(SingleThreadEventLoop.java:81) ~[netty-transport-4.1.51.Final.jar:4.1.51.Final]
	at reactor.netty.resources.ColocatedEventLoopGroup.register(ColocatedEventLoopGroup.java:71) ~[reactor-netty-0.9.17.RELEASE.jar:0.9.17.RELEASE]
	at io.netty.bootstrap.AbstractBootstrap.initAndRegister(AbstractBootstrap.java:323) ~[netty-transport-4.1.51.Final.jar:4.1.51.Final]
	at io.netty.bootstrap.Bootstrap.doResolveAndConnect(Bootstrap.java:155) ~[netty-transport-4.1.51.Final.jar:4.1.51.Final]
	at io.netty.bootstrap.Bootstrap.connect(Bootstrap.java:116) ~[netty-transport-4.1.51.Final.jar:4.1.51.Final]
	at reactor.netty.resources.PooledConnectionProvider$PooledConnectionAllocator.lambda$connectChannel$0(PooledConnectionProvider.java:245) ~[reactor-netty-0.9.17.RELEASE.jar:0.9.17.RELEASE]
	at reactor.core.publisher.MonoCreate.subscribe(MonoCreate.java:57) ~[reactor-core-3.3.14.RELEASE.jar:3.3.14.RELEASE]
	at reactor.core.publisher.Mono.subscribe(Mono.java:4252) ~[reactor-core-3.3.14.RELEASE.jar:3.3.14.RELEASE]
	at reactor.core.publisher.Mono.subscribeWith(Mono.java:4363) ~[reactor-core-3.3.14.RELEASE.jar:3.3.14.RELEASE]
	at reactor.core.publisher.Mono.subscribe(Mono.java:4223) ~[reactor-core-3.3.14.RELEASE.jar:3.3.14.RELEASE]
	at reactor.core.publisher.Mono.subscribe(Mono.java:4159) ~[reactor-core-3.3.14.RELEASE.jar:3.3.14.RELEASE]
	at reactor.core.publisher.Mono.subscribe(Mono.java:4131) ~[reactor-core-3.3.14.RELEASE.jar:3.3.14.RELEASE]
	at reactor.netty.internal.shaded.reactor.pool.SimpleDequePool.drainLoop(SimpleDequePool.java:317) ~[reactor-netty-0.9.17.RELEASE.jar:0.9.17.RELEASE]
	at reactor.netty.internal.shaded.reactor.pool.SimpleDequePool.drain(SimpleDequePool.java:260) ~[reactor-netty-0.9.17.RELEASE.jar:0.9.17.RELEASE]
	at reactor.netty.internal.shaded.reactor.pool.SimpleDequePool.doAcquire(SimpleDequePool.java:255) ~[reactor-netty-0.9.17.RELEASE.jar:0.9.17.RELEASE]
	at reactor.netty.internal.shaded.reactor.pool.AbstractPool$Borrower.request(AbstractPool.java:382) ~[reactor-netty-0.9.17.RELEASE.jar:0.9.17.RELEASE]
	at reactor.netty.resources.PooledConnectionProvider$DisposableAcquire.onSubscribe(PooledConnectionProvider.java:534) ~[reactor-netty-0.9.17.RELEASE.jar:0.9.17.RELEASE]
	at reactor.netty.internal.shaded.reactor.pool.SimpleDequePool$QueueBorrowerMono.subscribe(SimpleDequePool.java:577) ~[reactor-netty-0.9.17.RELEASE.jar:0.9.17.RELEASE]
	at reactor.netty.resources.PooledConnectionProvider.disposableAcquire(PooledConnectionProvider.java:220) ~[reactor-netty-0.9.17.RELEASE.jar:0.9.17.RELEASE]
	at reactor.netty.resources.PooledConnectionProvider.lambda$acquire$3(PooledConnectionProvider.java:184) ~[reactor-netty-0.9.17.RELEASE.jar:0.9.17.RELEASE]
	at reactor.core.publisher.MonoCreate.subscribe(MonoCreate.java:57) [reactor-core-3.3.14.RELEASE.jar:3.3.14.RELEASE]
	at reactor.core.publisher.InternalMonoOperator.subscribe(InternalMonoOperator.java:64) [reactor-core-3.3.14.RELEASE.jar:3.3.14.RELEASE]
	at reactor.core.publisher.FluxRetryWhen$RetryWhenMainSubscriber.resubscribe(FluxRetryWhen.java:204) [reactor-core-3.3.14.RELEASE.jar:3.3.14.RELEASE]
	at reactor.core.publisher.FluxRetryWhen$RetryWhenOtherSubscriber.onNext(FluxRetryWhen.java:250) [reactor-core-3.3.14.RELEASE.jar:3.3.14.RELEASE]
	at reactor.core.publisher.FluxFlatMap$FlatMapMain.tryEmit(FluxFlatMap.java:535) [reactor-core-3.3.14.RELEASE.jar:3.3.14.RELEASE]
	at reactor.core.publisher.FluxFlatMap$FlatMapInner.onNext(FluxFlatMap.java:999) [reactor-core-3.3.14.RELEASE.jar:3.3.14.RELEASE]
	at reactor.core.publisher.MonoDelay$MonoDelayRunnable.run(MonoDelay.java:117) [reactor-core-3.3.14.RELEASE.jar:3.3.14.RELEASE]
	at reactor.core.scheduler.SchedulerTask.call(SchedulerTask.java:68) [reactor-core-3.3.14.RELEASE.jar:3.3.14.RELEASE]
	at reactor.core.scheduler.SchedulerTask.call(SchedulerTask.java:28) [reactor-core-3.3.14.RELEASE.jar:3.3.14.RELEASE]
	at java.util.concurrent.FutureTask.run(FutureTask.java:264) [?:?]
	at java.util.concurrent.ScheduledThreadPoolExecutor$ScheduledFutureTask.run(ScheduledThreadPoolExecutor.java:304) [?:?]
	at java.util.concurrent.ThreadPoolExecutor.runWorker(ThreadPoolExecutor.java:1128) [?:?]
	at java.util.concurrent.ThreadPoolExecutor$Worker.run(ThreadPoolExecutor.java:628) [?:?]
	at java.lang.Thread.run(Thread.java:834) [?:?]
00:34:52.559 [tcp-client-scheduler-53] WARN  i.n.c.AbstractChannel - Force-closing a channel whose registration task was not accepted by an event loop: [id: 0x825a155f]
java.util.concurrent.RejectedExecutionException: event executor terminated
	at io.netty.util.concurrent.SingleThreadEventExecutor.reject(SingleThreadEventExecutor.java:926) ~[netty-common-4.1.51.Final.jar:4.1.51.Final]
	at io.netty.util.concurrent.SingleThreadEventExecutor.offerTask(SingleThreadEventExecutor.java:353) ~[netty-common-4.1.51.Final.jar:4.1.51.Final]
	at io.netty.util.concurrent.SingleThreadEventExecutor.addTask(SingleThreadEventExecutor.java:346) ~[netty-common-4.1.51.Final.jar:4.1.51.Final]
	at io.netty.util.concurrent.SingleThreadEventExecutor.execute(SingleThreadEventExecutor.java:828) ~[netty-common-4.1.51.Final.jar:4.1.51.Final]
	at io.netty.util.concurrent.SingleThreadEventExecutor.execute(SingleThreadEventExecutor.java:818) ~[netty-common-4.1.51.Final.jar:4.1.51.Final]
	at io.netty.channel.AbstractChannel$AbstractUnsafe.register(AbstractChannel.java:471) ~[netty-transport-4.1.51.Final.jar:4.1.51.Final]
	at io.netty.channel.SingleThreadEventLoop.register(SingleThreadEventLoop.java:87) ~[netty-transport-4.1.51.Final.jar:4.1.51.Final]
	at io.netty.channel.SingleThreadEventLoop.register(SingleThreadEventLoop.java:81) ~[netty-transport-4.1.51.Final.jar:4.1.51.Final]
	at reactor.netty.resources.ColocatedEventLoopGroup.register(ColocatedEventLoopGroup.java:71) ~[reactor-netty-0.9.17.RELEASE.jar:0.9.17.RELEASE]
	at io.netty.bootstrap.AbstractBootstrap.initAndRegister(AbstractBootstrap.java:323) ~[netty-transport-4.1.51.Final.jar:4.1.51.Final]
	at io.netty.bootstrap.Bootstrap.doResolveAndConnect(Bootstrap.java:155) ~[netty-transport-4.1.51.Final.jar:4.1.51.Final]
	at io.netty.bootstrap.Bootstrap.connect(Bootstrap.java:116) ~[netty-transport-4.1.51.Final.jar:4.1.51.Final]
	at reactor.netty.resources.PooledConnectionProvider$PooledConnectionAllocator.lambda$connectChannel$0(PooledConnectionProvider.java:245) ~[reactor-netty-0.9.17.RELEASE.jar:0.9.17.RELEASE]
	at reactor.core.publisher.MonoCreate.subscribe(MonoCreate.java:57) ~[reactor-core-3.3.14.RELEASE.jar:3.3.14.RELEASE]
	at reactor.core.publisher.Mono.subscribe(Mono.java:4252) ~[reactor-core-3.3.14.RELEASE.jar:3.3.14.RELEASE]
	at reactor.core.publisher.Mono.subscribeWith(Mono.java:4363) ~[reactor-core-3.3.14.RELEASE.jar:3.3.14.RELEASE]
	at reactor.core.publisher.Mono.subscribe(Mono.java:4223) ~[reactor-core-3.3.14.RELEASE.jar:3.3.14.RELEASE]
	at reactor.core.publisher.Mono.subscribe(Mono.java:4159) ~[reactor-core-3.3.14.RELEASE.jar:3.3.14.RELEASE]
	at reactor.core.publisher.Mono.subscribe(Mono.java:4131) ~[reactor-core-3.3.14.RELEASE.jar:3.3.14.RELEASE]
	at reactor.netty.internal.shaded.reactor.pool.SimpleDequePool.drainLoop(SimpleDequePool.java:317) ~[reactor-netty-0.9.17.RELEASE.jar:0.9.17.RELEASE]
	at reactor.netty.internal.shaded.reactor.pool.SimpleDequePool.drain(SimpleDequePool.java:260) ~[reactor-netty-0.9.17.RELEASE.jar:0.9.17.RELEASE]
	at reactor.netty.internal.shaded.reactor.pool.SimpleDequePool.doAcquire(SimpleDequePool.java:255) ~[reactor-netty-0.9.17.RELEASE.jar:0.9.17.RELEASE]
	at reactor.netty.internal.shaded.reactor.pool.AbstractPool$Borrower.request(AbstractPool.java:382) ~[reactor-netty-0.9.17.RELEASE.jar:0.9.17.RELEASE]
	at reactor.netty.resources.PooledConnectionProvider$DisposableAcquire.onSubscribe(PooledConnectionProvider.java:534) ~[reactor-netty-0.9.17.RELEASE.jar:0.9.17.RELEASE]
	at reactor.netty.internal.shaded.reactor.pool.SimpleDequePool$QueueBorrowerMono.subscribe(SimpleDequePool.java:577) ~[reactor-netty-0.9.17.RELEASE.jar:0.9.17.RELEASE]
	at reactor.netty.resources.PooledConnectionProvider.disposableAcquire(PooledConnectionProvider.java:220) ~[reactor-netty-0.9.17.RELEASE.jar:0.9.17.RELEASE]
	at reactor.netty.resources.PooledConnectionProvider.lambda$acquire$3(PooledConnectionProvider.java:184) ~[reactor-netty-0.9.17.RELEASE.jar:0.9.17.RELEASE]
	at reactor.core.publisher.MonoCreate.subscribe(MonoCreate.java:57) [reactor-core-3.3.14.RELEASE.jar:3.3.14.RELEASE]
	at reactor.core.publisher.InternalMonoOperator.subscribe(InternalMonoOperator.java:64) [reactor-core-3.3.14.RELEASE.jar:3.3.14.RELEASE]
	at reactor.core.publisher.FluxRetryWhen$RetryWhenMainSubscriber.resubscribe(FluxRetryWhen.java:204) [reactor-core-3.3.14.RELEASE.jar:3.3.14.RELEASE]
	at reactor.core.publisher.FluxRetryWhen$RetryWhenOtherSubscriber.onNext(FluxRetryWhen.java:250) [reactor-core-3.3.14.RELEASE.jar:3.3.14.RELEASE]
	at reactor.core.publisher.FluxFlatMap$FlatMapMain.tryEmit(FluxFlatMap.java:535) [reactor-core-3.3.14.RELEASE.jar:3.3.14.RELEASE]
	at reactor.core.publisher.FluxFlatMap$FlatMapInner.onNext(FluxFlatMap.java:999) [reactor-core-3.3.14.RELEASE.jar:3.3.14.RELEASE]
	at reactor.core.publisher.MonoDelay$MonoDelayRunnable.run(MonoDelay.java:117) [reactor-core-3.3.14.RELEASE.jar:3.3.14.RELEASE]
	at reactor.core.scheduler.SchedulerTask.call(SchedulerTask.java:68) [reactor-core-3.3.14.RELEASE.jar:3.3.14.RELEASE]
	at reactor.core.scheduler.SchedulerTask.call(SchedulerTask.java:28) [reactor-core-3.3.14.RELEASE.jar:3.3.14.RELEASE]
	at java.util.concurrent.FutureTask.run(FutureTask.java:264) [?:?]
	at java.util.concurrent.ScheduledThreadPoolExecutor$ScheduledFutureTask.run(ScheduledThreadPoolExecutor.java:304) [?:?]
	at java.util.concurrent.ThreadPoolExecutor.runWorker(ThreadPoolExecutor.java:1128) [?:?]
	at java.util.concurrent.ThreadPoolExecutor$Worker.run(ThreadPoolExecutor.java:628) [?:?]
	at java.lang.Thread.run(Thread.java:834) [?:?]
00:34:52.662 [Test worker] INFO  o.a.a.b.TransportConnector - Connector stomp://127.0.0.1:64871 Stopped
00:34:52.662 [Test worker] INFO  o.a.a.b.BrokerService - Apache ActiveMQ 5.8.0 (localhost, ID:WIN-LQAMLJ4MN5U-58707-1614875654855-0:6) uptime 4.409 seconds
00:34:52.662 [Test worker] INFO  o.a.a.b.BrokerService - Apache ActiveMQ 5.8.0 (localhost, ID:WIN-LQAMLJ4MN5U-58707-1614875654855-0:6) is shutdown
00:34:52.665 [Test worker] INFO  o.a.a.b.BrokerService - Using Persistence Adapter: MemoryPersistenceAdapter
00:34:52.666 [Test worker] INFO  o.a.a.b.BrokerService - Apache ActiveMQ 5.8.0 (localhost, ID:WIN-LQAMLJ4MN5U-58707-1614875654855-0:7) is starting
00:34:52.666 [Test worker] INFO  o.a.a.t.TransportServerThreadSupport - Listening for connections at: stomp://127.0.0.1:62522
00:34:52.666 [Test worker] INFO  o.a.a.b.TransportConnector - Connector stomp://127.0.0.1:62522 Started
00:34:52.667 [Test worker] INFO  o.a.a.b.BrokerService - Apache ActiveMQ 5.8.0 (localhost, ID:WIN-LQAMLJ4MN5U-58707-1614875654855-0:7) started
00:34:52.667 [Test worker] INFO  o.a.a.b.BrokerService - For help or more information please see: http://activemq.apache.org
00:34:52.889 [Test worker] INFO  o.a.a.b.BrokerService - Apache ActiveMQ 5.8.0 (localhost, ID:WIN-LQAMLJ4MN5U-58707-1614875654855-0:7) is shutting down
00:34:54.827 [Test worker] INFO  o.a.a.b.TransportConnector - Connector stomp://127.0.0.1:62522 Stopped
00:34:54.828 [Test worker] INFO  o.a.a.b.BrokerService - Apache ActiveMQ 5.8.0 (localhost, ID:WIN-LQAMLJ4MN5U-58707-1614875654855-0:7) uptime 2.163 seconds
00:34:54.828 [Test worker] INFO  o.a.a.b.BrokerService - Apache ActiveMQ 5.8.0 (localhost, ID:WIN-LQAMLJ4MN5U-58707-1614875654855-0:7) is shutdown
00:34:56.886 [Test worker] INFO  o.a.a.b.BrokerService - Using Persistence Adapter: MemoryPersistenceAdapter
00:34:56.887 [Test worker] INFO  o.a.a.b.BrokerService - Apache ActiveMQ 5.8.0 (localhost, ID:WIN-LQAMLJ4MN5U-58707-1614875654855-0:8) is starting
00:34:56.887 [Test worker] INFO  o.a.a.t.TransportServerThreadSupport - Listening for connections at: stomp://127.0.0.1:62004
00:34:56.888 [Test worker] INFO  o.a.a.b.TransportConnector - Connector stomp://127.0.0.1:62004 Started
00:34:56.888 [Test worker] INFO  o.a.a.b.BrokerService - Apache ActiveMQ 5.8.0 (localhost, ID:WIN-LQAMLJ4MN5U-58707-1614875654855-0:8) started
00:34:56.888 [Test worker] INFO  o.a.a.b.BrokerService - For help or more information please see: http://activemq.apache.org
00:34:56.967 [tcp-client-scheduler-54] WARN  i.n.c.AbstractChannel - Force-closing a channel whose registration task was not accepted by an event loop: [id: 0x22861f0e]
java.util.concurrent.RejectedExecutionException: event executor terminated
	at io.netty.util.concurrent.SingleThreadEventExecutor.reject(SingleThreadEventExecutor.java:926) ~[netty-common-4.1.51.Final.jar:4.1.51.Final]
	at io.netty.util.concurrent.SingleThreadEventExecutor.offerTask(SingleThreadEventExecutor.java:353) ~[netty-common-4.1.51.Final.jar:4.1.51.Final]
	at io.netty.util.concurrent.SingleThreadEventExecutor.addTask(SingleThreadEventExecutor.java:346) ~[netty-common-4.1.51.Final.jar:4.1.51.Final]
	at io.netty.util.concurrent.SingleThreadEventExecutor.execute(SingleThreadEventExecutor.java:828) ~[netty-common-4.1.51.Final.jar:4.1.51.Final]
	at io.netty.util.concurrent.SingleThreadEventExecutor.execute(SingleThreadEventExecutor.java:818) ~[netty-common-4.1.51.Final.jar:4.1.51.Final]
	at io.netty.channel.AbstractChannel$AbstractUnsafe.register(AbstractChannel.java:471) ~[netty-transport-4.1.51.Final.jar:4.1.51.Final]
	at io.netty.channel.SingleThreadEventLoop.register(SingleThreadEventLoop.java:87) ~[netty-transport-4.1.51.Final.jar:4.1.51.Final]
	at io.netty.channel.SingleThreadEventLoop.register(SingleThreadEventLoop.java:81) ~[netty-transport-4.1.51.Final.jar:4.1.51.Final]
	at reactor.netty.resources.ColocatedEventLoopGroup.register(ColocatedEventLoopGroup.java:71) ~[reactor-netty-0.9.17.RELEASE.jar:0.9.17.RELEASE]
	at io.netty.bootstrap.AbstractBootstrap.initAndRegister(AbstractBootstrap.java:323) ~[netty-transport-4.1.51.Final.jar:4.1.51.Final]
	at io.netty.bootstrap.Bootstrap.doResolveAndConnect(Bootstrap.java:155) ~[netty-transport-4.1.51.Final.jar:4.1.51.Final]
	at io.netty.bootstrap.Bootstrap.connect(Bootstrap.java:116) ~[netty-transport-4.1.51.Final.jar:4.1.51.Final]
	at reactor.netty.resources.PooledConnectionProvider$PooledConnectionAllocator.lambda$connectChannel$0(PooledConnectionProvider.java:245) ~[reactor-netty-0.9.17.RELEASE.jar:0.9.17.RELEASE]
	at reactor.core.publisher.MonoCreate.subscribe(MonoCreate.java:57) ~[reactor-core-3.3.14.RELEASE.jar:3.3.14.RELEASE]
	at reactor.core.publisher.Mono.subscribe(Mono.java:4252) ~[reactor-core-3.3.14.RELEASE.jar:3.3.14.RELEASE]
	at reactor.core.publisher.Mono.subscribeWith(Mono.java:4363) ~[reactor-core-3.3.14.RELEASE.jar:3.3.14.RELEASE]
	at reactor.core.publisher.Mono.subscribe(Mono.java:4223) ~[reactor-core-3.3.14.RELEASE.jar:3.3.14.RELEASE]
	at reactor.core.publisher.Mono.subscribe(Mono.java:4159) ~[reactor-core-3.3.14.RELEASE.jar:3.3.14.RELEASE]
	at reactor.core.publisher.Mono.subscribe(Mono.java:4131) ~[reactor-core-3.3.14.RELEASE.jar:3.3.14.RELEASE]
	at reactor.netty.internal.shaded.reactor.pool.SimpleDequePool.drainLoop(SimpleDequePool.java:317) ~[reactor-netty-0.9.17.RELEASE.jar:0.9.17.RELEASE]
	at reactor.netty.internal.shaded.reactor.pool.SimpleDequePool.drain(SimpleDequePool.java:260) ~[reactor-netty-0.9.17.RELEASE.jar:0.9.17.RELEASE]
	at reactor.netty.internal.shaded.reactor.pool.SimpleDequePool.doAcquire(SimpleDequePool.java:255) ~[reactor-netty-0.9.17.RELEASE.jar:0.9.17.RELEASE]
	at reactor.netty.internal.shaded.reactor.pool.AbstractPool$Borrower.request(AbstractPool.java:382) ~[reactor-netty-0.9.17.RELEASE.jar:0.9.17.RELEASE]
	at reactor.netty.resources.PooledConnectionProvider$DisposableAcquire.onSubscribe(PooledConnectionProvider.java:534) ~[reactor-netty-0.9.17.RELEASE.jar:0.9.17.RELEASE]
	at reactor.netty.internal.shaded.reactor.pool.SimpleDequePool$QueueBorrowerMono.subscribe(SimpleDequePool.java:577) ~[reactor-netty-0.9.17.RELEASE.jar:0.9.17.RELEASE]
	at reactor.netty.resources.PooledConnectionProvider.disposableAcquire(PooledConnectionProvider.java:220) ~[reactor-netty-0.9.17.RELEASE.jar:0.9.17.RELEASE]
	at reactor.netty.resources.PooledConnectionProvider.lambda$acquire$3(PooledConnectionProvider.java:184) ~[reactor-netty-0.9.17.RELEASE.jar:0.9.17.RELEASE]
	at reactor.core.publisher.MonoCreate.subscribe(MonoCreate.java:57) [reactor-core-3.3.14.RELEASE.jar:3.3.14.RELEASE]
	at reactor.core.publisher.InternalMonoOperator.subscribe(InternalMonoOperator.java:64) [reactor-core-3.3.14.RELEASE.jar:3.3.14.RELEASE]
	at reactor.core.publisher.FluxRetryWhen$RetryWhenMainSubscriber.resubscribe(FluxRetryWhen.java:204) [reactor-core-3.3.14.RELEASE.jar:3.3.14.RELEASE]
	at reactor.core.publisher.FluxRetryWhen$RetryWhenOtherSubscriber.onNext(FluxRetryWhen.java:250) [reactor-core-3.3.14.RELEASE.jar:3.3.14.RELEASE]
	at reactor.core.publisher.FluxFlatMap$FlatMapMain.tryEmit(FluxFlatMap.java:535) [reactor-core-3.3.14.RELEASE.jar:3.3.14.RELEASE]
	at reactor.core.publisher.FluxFlatMap$FlatMapInner.onNext(FluxFlatMap.java:999) [reactor-core-3.3.14.RELEASE.jar:3.3.14.RELEASE]
	at reactor.core.publisher.MonoDelay$MonoDelayRunnable.run(MonoDelay.java:117) [reactor-core-3.3.14.RELEASE.jar:3.3.14.RELEASE]
	at reactor.core.scheduler.SchedulerTask.call(SchedulerTask.java:68) [reactor-core-3.3.14.RELEASE.jar:3.3.14.RELEASE]
	at reactor.core.scheduler.SchedulerTask.call(SchedulerTask.java:28) [reactor-core-3.3.14.RELEASE.jar:3.3.14.RELEASE]
	at java.util.concurrent.FutureTask.run(FutureTask.java:264) [?:?]
	at java.util.concurrent.ScheduledThreadPoolExecutor$ScheduledFutureTask.run(ScheduledThreadPoolExecutor.java:304) [?:?]
	at java.util.concurrent.ThreadPoolExecutor.runWorker(ThreadPoolExecutor.java:1128) [?:?]
	at java.util.concurrent.ThreadPoolExecutor$Worker.run(ThreadPoolExecutor.java:628) [?:?]
	at java.lang.Thread.run(Thread.java:834) [?:?]
00:34:57.568 [tcp-client-scheduler-55] WARN  i.n.c.AbstractChannel - Force-closing a channel whose registration task was not accepted by an event loop: [id: 0x861f3475]
java.util.concurrent.RejectedExecutionException: event executor terminated
	at io.netty.util.concurrent.SingleThreadEventExecutor.reject(SingleThreadEventExecutor.java:926) ~[netty-common-4.1.51.Final.jar:4.1.51.Final]
	at io.netty.util.concurrent.SingleThreadEventExecutor.offerTask(SingleThreadEventExecutor.java:353) ~[netty-common-4.1.51.Final.jar:4.1.51.Final]
	at io.netty.util.concurrent.SingleThreadEventExecutor.addTask(SingleThreadEventExecutor.java:346) ~[netty-common-4.1.51.Final.jar:4.1.51.Final]
	at io.netty.util.concurrent.SingleThreadEventExecutor.execute(SingleThreadEventExecutor.java:828) ~[netty-common-4.1.51.Final.jar:4.1.51.Final]
	at io.netty.util.concurrent.SingleThreadEventExecutor.execute(SingleThreadEventExecutor.java:818) ~[netty-common-4.1.51.Final.jar:4.1.51.Final]
	at io.netty.channel.AbstractChannel$AbstractUnsafe.register(AbstractChannel.java:471) ~[netty-transport-4.1.51.Final.jar:4.1.51.Final]
	at io.netty.channel.SingleThreadEventLoop.register(SingleThreadEventLoop.java:87) ~[netty-transport-4.1.51.Final.jar:4.1.51.Final]
	at io.netty.channel.SingleThreadEventLoop.register(SingleThreadEventLoop.java:81) ~[netty-transport-4.1.51.Final.jar:4.1.51.Final]
	at reactor.netty.resources.ColocatedEventLoopGroup.register(ColocatedEventLoopGroup.java:71) ~[reactor-netty-0.9.17.RELEASE.jar:0.9.17.RELEASE]
	at io.netty.bootstrap.AbstractBootstrap.initAndRegister(AbstractBootstrap.java:323) ~[netty-transport-4.1.51.Final.jar:4.1.51.Final]
	at io.netty.bootstrap.Bootstrap.doResolveAndConnect(Bootstrap.java:155) ~[netty-transport-4.1.51.Final.jar:4.1.51.Final]
	at io.netty.bootstrap.Bootstrap.connect(Bootstrap.java:116) ~[netty-transport-4.1.51.Final.jar:4.1.51.Final]
	at reactor.netty.resources.PooledConnectionProvider$PooledConnectionAllocator.lambda$connectChannel$0(PooledConnectionProvider.java:245) ~[reactor-netty-0.9.17.RELEASE.jar:0.9.17.RELEASE]
	at reactor.core.publisher.MonoCreate.subscribe(MonoCreate.java:57) ~[reactor-core-3.3.14.RELEASE.jar:3.3.14.RELEASE]
	at reactor.core.publisher.Mono.subscribe(Mono.java:4252) ~[reactor-core-3.3.14.RELEASE.jar:3.3.14.RELEASE]
	at reactor.core.publisher.Mono.subscribeWith(Mono.java:4363) ~[reactor-core-3.3.14.RELEASE.jar:3.3.14.RELEASE]
	at reactor.core.publisher.Mono.subscribe(Mono.java:4223) ~[reactor-core-3.3.14.RELEASE.jar:3.3.14.RELEASE]
	at reactor.core.publisher.Mono.subscribe(Mono.java:4159) ~[reactor-core-3.3.14.RELEASE.jar:3.3.14.RELEASE]
	at reactor.core.publisher.Mono.subscribe(Mono.java:4131) ~[reactor-core-3.3.14.RELEASE.jar:3.3.14.RELEASE]
	at reactor.netty.internal.shaded.reactor.pool.SimpleDequePool.drainLoop(SimpleDequePool.java:317) ~[reactor-netty-0.9.17.RELEASE.jar:0.9.17.RELEASE]
	at reactor.netty.internal.shaded.reactor.pool.SimpleDequePool.drain(SimpleDequePool.java:260) ~[reactor-netty-0.9.17.RELEASE.jar:0.9.17.RELEASE]
	at reactor.netty.internal.shaded.reactor.pool.SimpleDequePool.doAcquire(SimpleDequePool.java:255) ~[reactor-netty-0.9.17.RELEASE.jar:0.9.17.RELEASE]
	at reactor.netty.internal.shaded.reactor.pool.AbstractPool$Borrower.request(AbstractPool.java:382) ~[reactor-netty-0.9.17.RELEASE.jar:0.9.17.RELEASE]
	at reactor.netty.resources.PooledConnectionProvider$DisposableAcquire.onSubscribe(PooledConnectionProvider.java:534) ~[reactor-netty-0.9.17.RELEASE.jar:0.9.17.RELEASE]
	at reactor.netty.internal.shaded.reactor.pool.SimpleDequePool$QueueBorrowerMono.subscribe(SimpleDequePool.java:577) ~[reactor-netty-0.9.17.RELEASE.jar:0.9.17.RELEASE]
	at reactor.netty.resources.PooledConnectionProvider.disposableAcquire(PooledConnectionProvider.java:220) ~[reactor-netty-0.9.17.RELEASE.jar:0.9.17.RELEASE]
	at reactor.netty.resources.PooledConnectionProvider.lambda$acquire$3(PooledConnectionProvider.java:184) ~[reactor-netty-0.9.17.RELEASE.jar:0.9.17.RELEASE]
	at reactor.core.publisher.MonoCreate.subscribe(MonoCreate.java:57) [reactor-core-3.3.14.RELEASE.jar:3.3.14.RELEASE]
	at reactor.core.publisher.InternalMonoOperator.subscribe(InternalMonoOperator.java:64) [reactor-core-3.3.14.RELEASE.jar:3.3.14.RELEASE]
	at reactor.core.publisher.FluxRetryWhen$RetryWhenMainSubscriber.resubscribe(FluxRetryWhen.java:204) [reactor-core-3.3.14.RELEASE.jar:3.3.14.RELEASE]
	at reactor.core.publisher.FluxRetryWhen$RetryWhenOtherSubscriber.onNext(FluxRetryWhen.java:250) [reactor-core-3.3.14.RELEASE.jar:3.3.14.RELEASE]
	at reactor.core.publisher.FluxFlatMap$FlatMapMain.tryEmit(FluxFlatMap.java:535) [reactor-core-3.3.14.RELEASE.jar:3.3.14.RELEASE]
	at reactor.core.publisher.FluxFlatMap$FlatMapInner.onNext(FluxFlatMap.java:999) [reactor-core-3.3.14.RELEASE.jar:3.3.14.RELEASE]
	at reactor.core.publisher.MonoDelay$MonoDelayRunnable.run(MonoDelay.java:117) [reactor-core-3.3.14.RELEASE.jar:3.3.14.RELEASE]
	at reactor.core.scheduler.SchedulerTask.call(SchedulerTask.java:68) [reactor-core-3.3.14.RELEASE.jar:3.3.14.RELEASE]
	at reactor.core.scheduler.SchedulerTask.call(SchedulerTask.java:28) [reactor-core-3.3.14.RELEASE.jar:3.3.14.RELEASE]
	at java.util.concurrent.FutureTask.run(FutureTask.java:264) [?:?]
	at java.util.concurrent.ScheduledThreadPoolExecutor$ScheduledFutureTask.run(ScheduledThreadPoolExecutor.java:304) [?:?]
	at java.util.concurrent.ThreadPoolExecutor.runWorker(ThreadPoolExecutor.java:1128) [?:?]
	at java.util.concurrent.ThreadPoolExecutor$Worker.run(ThreadPoolExecutor.java:628) [?:?]
	at java.lang.Thread.run(Thread.java:834) [?:?]
00:34:59.079 [Test worker] INFO  o.a.a.b.BrokerService - Apache ActiveMQ 5.8.0 (localhost, ID:WIN-LQAMLJ4MN5U-58707-1614875654855-0:8) is shutting down
00:35:00.915 [Test worker] INFO  o.a.a.b.TransportConnector - Connector stomp://127.0.0.1:62004 Stopped
00:35:00.916 [Test worker] INFO  o.a.a.b.BrokerService - Apache ActiveMQ 5.8.0 (localhost, ID:WIN-LQAMLJ4MN5U-58707-1614875654855-0:8) uptime 4.030 seconds
00:35:00.916 [Test worker] INFO  o.a.a.b.BrokerService - Apache ActiveMQ 5.8.0 (localhost, ID:WIN-LQAMLJ4MN5U-58707-1614875654855-0:8) is shutdown
]]></system-out>
  <system-err><![CDATA[]]></system-err>
</testsuite>
