<?xml version="1.0" encoding="UTF-8"?>
<testsuite name="org.springframework.messaging.handler.annotation.reactive.HeaderMethodArgumentResolverTests" tests="10" skipped="0" failures="0" errors="0" timestamp="2021-03-04T16:33:48" hostname="WIN-LQAMLJ4MN5U" time="1.274">
  <properties/>
  <testcase name="resolveOptionalHeaderWithValue()" classname="org.springframework.messaging.handler.annotation.reactive.HeaderMethodArgumentResolverTests" time="0.65"/>
  <testcase name="resolveNameFromSystemProperty()" classname="org.springframework.messaging.handler.annotation.reactive.HeaderMethodArgumentResolverTests" time="0.32"/>
  <testcase name="resolveArgumentNativeHeaderAmbiguity()" classname="org.springframework.messaging.handler.annotation.reactive.HeaderMethodArgumentResolverTests" time="0.009"/>
  <testcase name="resolveArgumentNativeHeader()" classname="org.springframework.messaging.handler.annotation.reactive.HeaderMethodArgumentResolverTests" time="0.01"/>
  <testcase name="resolveDefaultValueSystemProperty()" classname="org.springframework.messaging.handler.annotation.reactive.HeaderMethodArgumentResolverTests" time="0.003"/>
  <testcase name="resolveOptionalHeaderAsEmpty()" classname="org.springframework.messaging.handler.annotation.reactive.HeaderMethodArgumentResolverTests" time="0.09"/>
  <testcase name="resolveArgumentDefaultValue()" classname="org.springframework.messaging.handler.annotation.reactive.HeaderMethodArgumentResolverTests" time="0.004"/>
  <testcase name="resolveArgumentNotFound()" classname="org.springframework.messaging.handler.annotation.reactive.HeaderMethodArgumentResolverTests" time="0.006"/>
  <testcase name="resolveArgument()" classname="org.springframework.messaging.handler.annotation.reactive.HeaderMethodArgumentResolverTests" time="0.003"/>
  <testcase name="supportsParameter()" classname="org.springframework.messaging.handler.annotation.reactive.HeaderMethodArgumentResolverTests" time="0.003"/>
  <system-out><![CDATA[]]></system-out>
  <system-err><![CDATA[]]></system-err>
</testsuite>
