<?xml version="1.0" encoding="UTF-8"?>
<testsuite name="org.springframework.messaging.converter.SimpleMessageConverterTests" tests="2" skipped="0" failures="0" errors="0" timestamp="2021-03-04T16:33:45" hostname="WIN-LQAMLJ4MN5U" time="0.003">
  <properties/>
  <testcase name="toMessageWithPayloadAndHeaders()" classname="org.springframework.messaging.converter.SimpleMessageConverterTests" time="0.001"/>
  <testcase name="toMessageWithPayloadAndMutableHeaders()" classname="org.springframework.messaging.converter.SimpleMessageConverterTests" time="0.002"/>
  <system-out><![CDATA[]]></system-out>
  <system-err><![CDATA[]]></system-err>
</testsuite>
