<?xml version="1.0" encoding="UTF-8"?>
<testsuite name="org.springframework.messaging.simp.user.DefaultUserDestinationResolverTests" tests="12" skipped="0" failures="0" errors="0" timestamp="2021-03-04T16:35:01" hostname="WIN-LQAMLJ4MN5U" time="0.067">
  <properties/>
  <testcase name="handleSubscribeNoUser()" classname="org.springframework.messaging.simp.user.DefaultUserDestinationResolverTests" time="0.054"/>
  <testcase name="handleMessageWithNoUser()" classname="org.springframework.messaging.simp.user.DefaultUserDestinationResolverTests" time="0.001"/>
  <testcase name="handleSubscribeInvalidUserName()" classname="org.springframework.messaging.simp.user.DefaultUserDestinationResolverTests" time="0.001"/>
  <testcase name="handleMessageEncodedUserName()" classname="org.springframework.messaging.simp.user.DefaultUserDestinationResolverTests" time="0.002"/>
  <testcase name="handleMessageForDestinationWithDotSeparator()" classname="org.springframework.messaging.simp.user.DefaultUserDestinationResolverTests" time="0.001"/>
  <testcase name="handleMessageToOtherUser()" classname="org.springframework.messaging.simp.user.DefaultUserDestinationResolverTests" time="0.001"/>
  <testcase name="handleUnsubscribe()" classname="org.springframework.messaging.simp.user.DefaultUserDestinationResolverTests" time="0.0"/>
  <testcase name="handleMessage()" classname="org.springframework.messaging.simp.user.DefaultUserDestinationResolverTests" time="0.001"/>
  <testcase name="handleSubscribe()" classname="org.springframework.messaging.simp.user.DefaultUserDestinationResolverTests" time="0.0"/>
  <testcase name="handleSubscribeForDestinationWithoutLeadingSlash()" classname="org.springframework.messaging.simp.user.DefaultUserDestinationResolverTests" time="0.001"/>
  <testcase name="handleSubscribeOneUserMultipleSessions()" classname="org.springframework.messaging.simp.user.DefaultUserDestinationResolverTests" time="0.001"/>
  <testcase name="ignoreMessage()" classname="org.springframework.messaging.simp.user.DefaultUserDestinationResolverTests" time="0.0"/>
  <system-out><![CDATA[]]></system-out>
  <system-err><![CDATA[]]></system-err>
</testsuite>
