<?xml version="1.0" encoding="UTF-8"?>
<testsuite name="org.springframework.messaging.converter.DefaultContentTypeResolverTests" tests="6" skipped="0" failures="0" errors="0" timestamp="2021-03-04T16:33:32" hostname="WIN-LQAMLJ4MN5U" time="2.744">
  <properties/>
  <testcase name="resolveUnknownHeaderType()" classname="org.springframework.messaging.converter.DefaultContentTypeResolverTests" time="2.59"/>
  <testcase name="resolveNoContentTypeHeader()" classname="org.springframework.messaging.converter.DefaultContentTypeResolverTests" time="0.094"/>
  <testcase name="resolveInvalidStringContentType()" classname="org.springframework.messaging.converter.DefaultContentTypeResolverTests" time="0.05"/>
  <testcase name="resolveDefaultMimeType()" classname="org.springframework.messaging.converter.DefaultContentTypeResolverTests" time="0.001"/>
  <testcase name="resolve()" classname="org.springframework.messaging.converter.DefaultContentTypeResolverTests" time="0.0"/>
  <testcase name="resolveStringContentType()" classname="org.springframework.messaging.converter.DefaultContentTypeResolverTests" time="0.002"/>
  <system-out><![CDATA[]]></system-out>
  <system-err><![CDATA[]]></system-err>
</testsuite>
