<?xml version="1.0" encoding="UTF-8"?>
<testsuite name="org.springframework.messaging.core.MessageReceivingTemplateTests" tests="7" skipped="0" failures="0" errors="0" timestamp="2021-03-04T16:33:48" hostname="WIN-LQAMLJ4MN5U" time="0.01">
  <properties/>
  <testcase name="receiveAndConvertNoConverter()" classname="org.springframework.messaging.core.MessageReceivingTemplateTests" time="0.002"/>
  <testcase name="receiveAndConvertFromDestination()" classname="org.springframework.messaging.core.MessageReceivingTemplateTests" time="0.0"/>
  <testcase name="receiveAndConvert()" classname="org.springframework.messaging.core.MessageReceivingTemplateTests" time="0.0"/>
  <testcase name="receiveAndConvertFailed()" classname="org.springframework.messaging.core.MessageReceivingTemplateTests" time="0.002"/>
  <testcase name="receiveMissingDefaultDestination()" classname="org.springframework.messaging.core.MessageReceivingTemplateTests" time="0.001"/>
  <testcase name="receive()" classname="org.springframework.messaging.core.MessageReceivingTemplateTests" time="0.0"/>
  <testcase name="receiveFromDestination()" classname="org.springframework.messaging.core.MessageReceivingTemplateTests" time="0.001"/>
  <system-out><![CDATA[]]></system-out>
  <system-err><![CDATA[]]></system-err>
</testsuite>
