<?xml version="1.0" encoding="UTF-8"?>
<testsuite name="org.springframework.messaging.rsocket.DefaultRSocketRequesterTests" tests="11" skipped="0" failures="0" errors="0" timestamp="2021-03-04T16:34:02" hostname="WIN-LQAMLJ4MN5U" time="1.046">
  <properties/>
  <testcase name="retrieveMonoWithoutData()" classname="org.springframework.messaging.rsocket.DefaultRSocketRequesterTests" time="0.005"/>
  <testcase name="sendWithoutData()" classname="org.springframework.messaging.rsocket.DefaultRSocketRequesterTests" time="0.002"/>
  <testcase name="retrieveFluxVoid()" classname="org.springframework.messaging.rsocket.DefaultRSocketRequesterTests" time="0.046"/>
  <testcase name="fluxToMonoIsRejected()" classname="org.springframework.messaging.rsocket.DefaultRSocketRequesterTests" time="0.002"/>
  <testcase name="retrieveFlux()" classname="org.springframework.messaging.rsocket.DefaultRSocketRequesterTests" time="0.053"/>
  <testcase name="retrieveMono()" classname="org.springframework.messaging.rsocket.DefaultRSocketRequesterTests" time="0.103"/>
  <testcase name="testSendWithAsyncMetadata()" classname="org.springframework.messaging.rsocket.DefaultRSocketRequesterTests" time="0.02"/>
  <testcase name="sendFlux()" classname="org.springframework.messaging.rsocket.DefaultRSocketRequesterTests" time="0.488"/>
  <testcase name="sendMono()" classname="org.springframework.messaging.rsocket.DefaultRSocketRequesterTests" time="0.239"/>
  <testcase name="retrieveMonoVoid()" classname="org.springframework.messaging.rsocket.DefaultRSocketRequesterTests" time="0.076"/>
  <testcase name="retrieveFluxWithoutData()" classname="org.springframework.messaging.rsocket.DefaultRSocketRequesterTests" time="0.001"/>
  <system-out><![CDATA[]]></system-out>
  <system-err><![CDATA[]]></system-err>
</testsuite>
