<?xml version="1.0" encoding="UTF-8"?>
<testsuite name="org.springframework.messaging.simp.SimpAttributesContextHolderTests" tests="8" skipped="0" failures="0" errors="0" timestamp="2021-03-04T16:34:13" hostname="WIN-LQAMLJ4MN5U" time="0.072">
  <properties/>
  <testcase name="setAttributesFromMessageWithMissingSessionId()" classname="org.springframework.messaging.simp.SimpAttributesContextHolderTests" time="0.002"/>
  <testcase name="currentAttributesNone()" classname="org.springframework.messaging.simp.SimpAttributesContextHolderTests" time="0.001"/>
  <testcase name="getAttributes()" classname="org.springframework.messaging.simp.SimpAttributesContextHolderTests" time="0.0"/>
  <testcase name="setAttributes()" classname="org.springframework.messaging.simp.SimpAttributesContextHolderTests" time="0.062"/>
  <testcase name="currentAttributes()" classname="org.springframework.messaging.simp.SimpAttributesContextHolderTests" time="0.003"/>
  <testcase name="resetAttributes()" classname="org.springframework.messaging.simp.SimpAttributesContextHolderTests" time="0.001"/>
  <testcase name="setAttributesFromMessageWithMissingSessionAttributes()" classname="org.springframework.messaging.simp.SimpAttributesContextHolderTests" time="0.001"/>
  <testcase name="setAttributesFromMessage()" classname="org.springframework.messaging.simp.SimpAttributesContextHolderTests" time="0.0"/>
  <system-out><![CDATA[]]></system-out>
  <system-err><![CDATA[]]></system-err>
</testsuite>
