<?xml version="1.0" encoding="UTF-8"?>
<testsuite name="org.springframework.messaging.rsocket.annotation.support.RSocketFrameTypeMessageConditionTests" tests="4" skipped="0" failures="0" errors="0" timestamp="2021-03-04T16:34:00" hostname="WIN-LQAMLJ4MN5U" time="0.007">
  <properties/>
  <testcase name="getMatchingConditionEmpty()" classname="org.springframework.messaging.rsocket.annotation.support.RSocketFrameTypeMessageConditionTests" time="0.0"/>
  <testcase name="compareTo()" classname="org.springframework.messaging.rsocket.annotation.support.RSocketFrameTypeMessageConditionTests" time="0.0"/>
  <testcase name="getMatchingCondition()" classname="org.springframework.messaging.rsocket.annotation.support.RSocketFrameTypeMessageConditionTests" time="0.004"/>
  <testcase name="combine()" classname="org.springframework.messaging.rsocket.annotation.support.RSocketFrameTypeMessageConditionTests" time="0.002"/>
  <system-out><![CDATA[]]></system-out>
  <system-err><![CDATA[]]></system-err>
</testsuite>
