<?xml version="1.0" encoding="UTF-8"?>
<testsuite name="org.springframework.messaging.simp.user.MultiServerUserRegistryTests" tests="5" skipped="0" failures="0" errors="0" timestamp="2021-03-04T16:35:01" hostname="WIN-LQAMLJ4MN5U" time="0.354">
  <properties/>
  <testcase name="getUserFromRemoteRegistry()" classname="org.springframework.messaging.simp.user.MultiServerUserRegistryTests" time="0.097"/>
  <testcase name="getUserFromLocalRegistry()" classname="org.springframework.messaging.simp.user.MultiServerUserRegistryTests" time="0.113"/>
  <testcase name="purgeExpiredRegistries()" classname="org.springframework.messaging.simp.user.MultiServerUserRegistryTests" time="0.033"/>
  <testcase name="findSubscriptionsFromRemoteRegistry()" classname="org.springframework.messaging.simp.user.MultiServerUserRegistryTests" time="0.082"/>
  <testcase name="getSessionsWhenUserIsConnectedToMultipleServers()" classname="org.springframework.messaging.simp.user.MultiServerUserRegistryTests" time="0.027"/>
  <system-out><![CDATA[]]></system-out>
  <system-err><![CDATA[]]></system-err>
</testsuite>
