<?xml version="1.0" encoding="UTF-8"?>
<testsuite name="org.springframework.expression.spel.standard.SpelCompilerTests" tests="2" skipped="0" failures="0" errors="0" timestamp="2021-03-04T16:32:21" hostname="WIN-LQAMLJ4MN5U" time="0.006">
  <properties/>
  <testcase name="expressionCompilesWhenMethodComesFromPublicInterface()" classname="org.springframework.expression.spel.standard.SpelCompilerTests" time="0.004"/>
  <testcase name="defaultMethodInvocation()" classname="org.springframework.expression.spel.standard.SpelCompilerTests" time="0.002"/>
  <system-out><![CDATA[]]></system-out>
  <system-err><![CDATA[]]></system-err>
</testsuite>
