<?xml version="1.0" encoding="UTF-8"?>
<testsuite name="org.springframework.expression.spel.CachedMethodExecutorTests" tests="2" skipped="0" failures="0" errors="0" timestamp="2021-03-04T16:32:06" hostname="WIN-LQAMLJ4MN5U" time="0.012">
  <properties/>
  <testcase name="testCachedExecutionForTarget()" classname="org.springframework.expression.spel.CachedMethodExecutorTests" time="0.01"/>
  <testcase name="testCachedExecutionForParameters()" classname="org.springframework.expression.spel.CachedMethodExecutorTests" time="0.001"/>
  <system-out><![CDATA[]]></system-out>
  <system-err><![CDATA[]]></system-err>
</testsuite>
