<?xml version="1.0" encoding="UTF-8"?>
<testsuite name="org.springframework.expression.spel.OperatorTests" tests="30" skipped="0" failures="0" errors="0" timestamp="2021-03-04T16:32:13" hostname="WIN-LQAMLJ4MN5U" time="0.099">
  <properties/>
  <testcase name="testNotEqual()" classname="org.springframework.expression.spel.OperatorTests" time="0.013"/>
  <testcase name="testGreaterThanOrEqual()" classname="org.springframework.expression.spel.OperatorTests" time="0.017"/>
  <testcase name="testIntegerLiteral()" classname="org.springframework.expression.spel.OperatorTests" time="0.0"/>
  <testcase name="testMultiplyDoubleDoubleGivesDouble()" classname="org.springframework.expression.spel.OperatorTests" time="0.0"/>
  <testcase name="testLessThanOrEqual()" classname="org.springframework.expression.spel.OperatorTests" time="0.017"/>
  <testcase name="testMixedOperandsBigDecimal()" classname="org.springframework.expression.spel.OperatorTests" time="0.005"/>
  <testcase name="testLessThan()" classname="org.springframework.expression.spel.OperatorTests" time="0.004"/>
  <testcase name="testOperatorOverloading()" classname="org.springframework.expression.spel.OperatorTests" time="0.0"/>
  <testcase name="testMathOperatorDivide_ConvertToDouble()" classname="org.springframework.expression.spel.OperatorTests" time="0.0"/>
  <testcase name="testOperatorNames()" classname="org.springframework.expression.spel.OperatorTests" time="0.0"/>
  <testcase name="testEqual()" classname="org.springframework.expression.spel.OperatorTests" time="0.006"/>
  <testcase name="testLongs()" classname="org.springframework.expression.spel.OperatorTests" time="0.001"/>
  <testcase name="testMinus()" classname="org.springframework.expression.spel.OperatorTests" time="0.001"/>
  <testcase name="testPower()" classname="org.springframework.expression.spel.OperatorTests" time="0.001"/>
  <testcase name="testMathOperatorDivide04_ConvertToFloat()" classname="org.springframework.expression.spel.OperatorTests" time="0.0"/>
  <testcase name="testPlus()" classname="org.springframework.expression.spel.OperatorTests" time="0.002"/>
  <testcase name="testBigDecimals()" classname="org.springframework.expression.spel.OperatorTests" time="0.001"/>
  <testcase name="testBigIntegers()" classname="org.springframework.expression.spel.OperatorTests" time="0.001"/>
  <testcase name="testMixedOperands_FloatsAndDoubles()" classname="org.springframework.expression.spel.OperatorTests" time="0.003"/>
  <testcase name="testIntegerArithmetic()" classname="org.springframework.expression.spel.OperatorTests" time="0.0"/>
  <testcase name="testRealLiteral()" classname="org.springframework.expression.spel.OperatorTests" time="0.0"/>
  <testcase name="testMultiplyStringInt()" classname="org.springframework.expression.spel.OperatorTests" time="0.0"/>
  <testcase name="testGreaterThan()" classname="org.springframework.expression.spel.OperatorTests" time="0.003"/>
  <testcase name="testMixedOperands_DoublesAndInts()" classname="org.springframework.expression.spel.OperatorTests" time="0.0"/>
  <testcase name="testModulus()" classname="org.springframework.expression.spel.OperatorTests" time="0.001"/>
  <testcase name="testMathOperatorAdd02()" classname="org.springframework.expression.spel.OperatorTests" time="0.001"/>
  <testcase name="testDivide()" classname="org.springframework.expression.spel.OperatorTests" time="0.001"/>
  <testcase name="testDoubles()" classname="org.springframework.expression.spel.OperatorTests" time="0.0"/>
  <testcase name="testMathOperatorsInChains()" classname="org.springframework.expression.spel.OperatorTests" time="0.001"/>
  <testcase name="testStrings()" classname="org.springframework.expression.spel.OperatorTests" time="0.001"/>
  <system-out><![CDATA[]]></system-out>
  <system-err><![CDATA[]]></system-err>
</testsuite>
