<?xml version="1.0" encoding="UTF-8"?>
<testsuite name="org.springframework.expression.spel.ArrayConstructorTests" tests="10" skipped="0" failures="0" errors="0" timestamp="2021-03-04T16:32:06" hostname="WIN-LQAMLJ4MN5U" time="0.542">
  <properties/>
  <testcase name="typeArrayConstructors()" classname="org.springframework.expression.spel.ArrayConstructorTests" time="0.465"/>
  <testcase name="simpleArrayWithInitializer()" classname="org.springframework.expression.spel.ArrayConstructorTests" time="0.003"/>
  <testcase name="basicArray()" classname="org.springframework.expression.spel.ArrayConstructorTests" time="0.002"/>
  <testcase name="multidimensionalArrays()" classname="org.springframework.expression.spel.ArrayConstructorTests" time="0.003"/>
  <testcase name="primitiveTypeArrayConstructors()" classname="org.springframework.expression.spel.ArrayConstructorTests" time="0.011"/>
  <testcase name="primitiveTypeArrayConstructorsElements()" classname="org.springframework.expression.spel.ArrayConstructorTests" time="0.039"/>
  <testcase name="constructorInvocation03()" classname="org.springframework.expression.spel.ArrayConstructorTests" time="0.001"/>
  <testcase name="multiDimensionalArray()" classname="org.springframework.expression.spel.ArrayConstructorTests" time="0.003"/>
  <testcase name="errorCases()" classname="org.springframework.expression.spel.ArrayConstructorTests" time="0.005"/>
  <testcase name="conversion()" classname="org.springframework.expression.spel.ArrayConstructorTests" time="0.002"/>
  <system-out><![CDATA[]]></system-out>
  <system-err><![CDATA[]]></system-err>
</testsuite>
