<?xml version="1.0" encoding="UTF-8"?>
<testsuite name="org.springframework.aop.interceptor.PerformanceMonitorInterceptorTests" tests="3" skipped="0" failures="0" errors="0" timestamp="2021-03-04T16:31:29" hostname="WIN-LQAMLJ4MN5U" time="0.039">
  <properties/>
  <testcase name="testExceptionPathStillLogsPerformanceMetricsCorrectly()" classname="org.springframework.aop.interceptor.PerformanceMonitorInterceptorTests" time="0.023"/>
  <testcase name="testSuffixAndPrefixAssignment()" classname="org.springframework.aop.interceptor.PerformanceMonitorInterceptorTests" time="0.0"/>
  <testcase name="testSunnyDayPathLogsPerformanceMetricsCorrectly()" classname="org.springframework.aop.interceptor.PerformanceMonitorInterceptorTests" time="0.015"/>
  <system-out><![CDATA[]]></system-out>
  <system-err><![CDATA[]]></system-err>
</testsuite>
