<?xml version="1.0" encoding="UTF-8"?>
<testsuite name="org.springframework.aop.interceptor.CustomizableTraceInterceptorTests" tests="11" skipped="0" failures="0" errors="0" timestamp="2021-03-04T16:31:29" hostname="WIN-LQAMLJ4MN5U" time="0.185">
  <properties/>
  <testcase name="testSunnyDayPathLogsCorrectlyWithPrettyMuchAllPlaceholdersMatching()" classname="org.springframework.aop.interceptor.CustomizableTraceInterceptorTests" time="0.133"/>
  <testcase name="testSetEmptyExceptionMessage()" classname="org.springframework.aop.interceptor.CustomizableTraceInterceptorTests" time="0.001"/>
  <testcase name="testSetExitMessageWithExceptionPlaceholder()" classname="org.springframework.aop.interceptor.CustomizableTraceInterceptorTests" time="0.0"/>
  <testcase name="testSetEmptyExitMessage()" classname="org.springframework.aop.interceptor.CustomizableTraceInterceptorTests" time="0.0"/>
  <testcase name="testSetEnterMessageWithInvocationTimePlaceholder()" classname="org.springframework.aop.interceptor.CustomizableTraceInterceptorTests" time="0.001"/>
  <testcase name="testSetExceptionMethodWithReturnValuePlaceholder()" classname="org.springframework.aop.interceptor.CustomizableTraceInterceptorTests" time="0.001"/>
  <testcase name="testSetEnterMessageWithReturnValuePlaceholder()" classname="org.springframework.aop.interceptor.CustomizableTraceInterceptorTests" time="0.001"/>
  <testcase name="testSetEmptyEnterMessage()" classname="org.springframework.aop.interceptor.CustomizableTraceInterceptorTests" time="0.001"/>
  <testcase name="testExceptionPathLogsCorrectly()" classname="org.springframework.aop.interceptor.CustomizableTraceInterceptorTests" time="0.035"/>
  <testcase name="testSetEnterMessageWithExceptionPlaceholder()" classname="org.springframework.aop.interceptor.CustomizableTraceInterceptorTests" time="0.004"/>
  <testcase name="testSunnyDayPathLogsCorrectly()" classname="org.springframework.aop.interceptor.CustomizableTraceInterceptorTests" time="0.003"/>
  <system-out><![CDATA[]]></system-out>
  <system-err><![CDATA[]]></system-err>
</testsuite>
