<?xml version="1.0" encoding="UTF-8"?>
<testsuite name="org.springframework.aop.aspectj.TypePatternClassFilterTests" tests="9" skipped="0" failures="0" errors="0" timestamp="2021-03-04T16:31:23" hostname="WIN-LQAMLJ4MN5U" time="0.017">
  <properties/>
  <testcase name="andOrNotReplacement()" classname="org.springframework.aop.aspectj.TypePatternClassFilterTests" time="0.004"/>
  <testcase name="invalidPattern()" classname="org.springframework.aop.aspectj.TypePatternClassFilterTests" time="0.001"/>
  <testcase name="testToString()" classname="org.springframework.aop.aspectj.TypePatternClassFilterTests" time="0.001"/>
  <testcase name="subclassMatching()" classname="org.springframework.aop.aspectj.TypePatternClassFilterTests" time="0.003"/>
  <testcase name="testHashCode()" classname="org.springframework.aop.aspectj.TypePatternClassFilterTests" time="0.001"/>
  <testcase name="nullPattern()" classname="org.springframework.aop.aspectj.TypePatternClassFilterTests" time="0.0"/>
  <testcase name="invocationOfMatchesMethodBlowsUpWhenNoTypePatternHasBeenSet()" classname="org.springframework.aop.aspectj.TypePatternClassFilterTests" time="0.0"/>
  <testcase name="testEquals()" classname="org.springframework.aop.aspectj.TypePatternClassFilterTests" time="0.001"/>
  <testcase name="validPatternMatching()" classname="org.springframework.aop.aspectj.TypePatternClassFilterTests" time="0.001"/>
  <system-out><![CDATA[]]></system-out>
  <system-err><![CDATA[]]></system-err>
</testsuite>
