<?xml version="1.0" encoding="UTF-8"?>
<testsuite name="org.springframework.aop.support.AopUtilsTests" tests="4" skipped="0" failures="0" errors="0" timestamp="2021-03-04T16:31:30" hostname="WIN-LQAMLJ4MN5U" time="0.01">
  <properties/>
  <testcase name="testPointcutAlwaysApplies()" classname="org.springframework.aop.support.AopUtilsTests" time="0.0"/>
  <testcase name="testCanonicalFrameworkClassesStillCanonicalOnDeserialization()" classname="org.springframework.aop.support.AopUtilsTests" time="0.006"/>
  <testcase name="testPointcutAppliesToOneMethodOnObject()" classname="org.springframework.aop.support.AopUtilsTests" time="0.001"/>
  <testcase name="testPointcutCanNeverApply()" classname="org.springframework.aop.support.AopUtilsTests" time="0.001"/>
  <system-out><![CDATA[]]></system-out>
  <system-err><![CDATA[]]></system-err>
</testsuite>
