<?xml version="1.0" encoding="UTF-8"?>
<testsuite name="org.springframework.aop.aspectj.TrickyAspectJPointcutExpressionTests" tests="5" skipped="0" failures="0" errors="0" timestamp="2021-03-04T16:31:23" hostname="WIN-LQAMLJ4MN5U" time="0.087">
  <properties/>
  <testcase name="testManualProxyJavaWithDynamicPointcutAndProxyTargetClass()" classname="org.springframework.aop.aspectj.TrickyAspectJPointcutExpressionTests" time="0.013"/>
  <testcase name="testManualProxyJavaWithDynamicPointcut()" classname="org.springframework.aop.aspectj.TrickyAspectJPointcutExpressionTests" time="0.006"/>
  <testcase name="testManualProxyJavaWithStaticPointcutAndTwoClassLoaders()" classname="org.springframework.aop.aspectj.TrickyAspectJPointcutExpressionTests" time="0.064"/>
  <testcase name="testManualProxyJavaWithStaticPointcut()" classname="org.springframework.aop.aspectj.TrickyAspectJPointcutExpressionTests" time="0.002"/>
  <testcase name="testManualProxyJavaWithUnconditionalPointcut()" classname="org.springframework.aop.aspectj.TrickyAspectJPointcutExpressionTests" time="0.001"/>
  <system-out><![CDATA[]]></system-out>
  <system-err><![CDATA[]]></system-err>
</testsuite>
