<?xml version="1.0" encoding="UTF-8"?>
<testsuite name="org.springframework.aop.aspectj.annotation.ReflectiveAspectJAdvisorFactoryTests" tests="25" skipped="1" failures="0" errors="0" timestamp="2021-03-04T16:31:20" hostname="WIN-LQAMLJ4MN5U" time="1.927">
  <properties/>
  <testcase name="rejectsPerCflowAspect()" classname="org.springframework.aop.aspectj.annotation.ReflectiveAspectJAdvisorFactoryTests" time="0.001"/>
  <testcase name="introductionOnTargetNotImplementingInterface()" classname="org.springframework.aop.aspectj.annotation.ReflectiveAspectJAdvisorFactoryTests" time="0.524"/>
  <testcase name="introductionWithArgumentBinding()" classname="org.springframework.aop.aspectj.annotation.ReflectiveAspectJAdvisorFactoryTests" time="0.001">
    <skipped/>
  </testcase>
  <testcase name="multiplePerTargetAspectsWithOrderAnnotation()" classname="org.springframework.aop.aspectj.annotation.ReflectiveAspectJAdvisorFactoryTests" time="0.41"/>
  <testcase name="rejectsPerCflowBelowAspect()" classname="org.springframework.aop.aspectj.annotation.ReflectiveAspectJAdvisorFactoryTests" time="0.002"/>
  <testcase name="bindingWithMultipleArgsDifferentlyOrdered()" classname="org.springframework.aop.aspectj.annotation.ReflectiveAspectJAdvisorFactoryTests" time="0.011"/>
  <testcase name="perThisAspect()" classname="org.springframework.aop.aspectj.annotation.ReflectiveAspectJAdvisorFactoryTests" time="0.296"/>
  <testcase name="failureWithoutExplicitDeclarePrecedence()" classname="org.springframework.aop.aspectj.annotation.ReflectiveAspectJAdvisorFactoryTests" time="0.011"/>
  <testcase name="introductionAdvisorExcludedFromTargetImplementingInterface()" classname="org.springframework.aop.aspectj.annotation.ReflectiveAspectJAdvisorFactoryTests" time="0.006"/>
  <testcase name="namedPointcutFromAspectLibrary()" classname="org.springframework.aop.aspectj.annotation.ReflectiveAspectJAdvisorFactoryTests" time="0.029"/>
  <testcase name="namedPointcutAspectWithFQN()" classname="org.springframework.aop.aspectj.annotation.ReflectiveAspectJAdvisorFactoryTests" time="0.004"/>
  <testcase name="bindingWithSingleArg()" classname="org.springframework.aop.aspectj.annotation.ReflectiveAspectJAdvisorFactoryTests" time="0.003"/>
  <testcase name="aspectMethodThrowsExceptionLegalOnSignature()" classname="org.springframework.aop.aspectj.annotation.ReflectiveAspectJAdvisorFactoryTests" time="0.025"/>
  <testcase name="namedPointcutFromAspectLibraryWithBinding()" classname="org.springframework.aop.aspectj.annotation.ReflectiveAspectJAdvisorFactoryTests" time="0.006"/>
  <testcase name="introductionOnTargetImplementingInterface()" classname="org.springframework.aop.aspectj.annotation.ReflectiveAspectJAdvisorFactoryTests" time="0.078"/>
  <testcase name="introductionOnTargetExcludedByTypePattern()" classname="org.springframework.aop.aspectj.annotation.ReflectiveAspectJAdvisorFactoryTests" time="0.014"/>
  <testcase name="perTypeWithinAspect()" classname="org.springframework.aop.aspectj.annotation.ReflectiveAspectJAdvisorFactoryTests" time="0.107"/>
  <testcase name="introductionBasedOnAnnotationMatch_SPR5307()" classname="org.springframework.aop.aspectj.annotation.ReflectiveAspectJAdvisorFactoryTests" time="0.076"/>
  <testcase name="namedPointcutAspectWithoutFQN()" classname="org.springframework.aop.aspectj.annotation.ReflectiveAspectJAdvisorFactoryTests" time="0.002"/>
  <testcase name="twoAdvicesOnOneAspect()" classname="org.springframework.aop.aspectj.annotation.ReflectiveAspectJAdvisorFactoryTests" time="0.004"/>
  <testcase name="aspectMethodThrowsExceptionIllegalOnSignature()" classname="org.springframework.aop.aspectj.annotation.ReflectiveAspectJAdvisorFactoryTests" time="0.002"/>
  <testcase name="declarePrecedenceNotSupported()" classname="org.springframework.aop.aspectj.annotation.ReflectiveAspectJAdvisorFactoryTests" time="0.003"/>
  <testcase name="perTargetAspect()" classname="org.springframework.aop.aspectj.annotation.ReflectiveAspectJAdvisorFactoryTests" time="0.075"/>
  <testcase name="afterAdviceTypes()" classname="org.springframework.aop.aspectj.annotation.ReflectiveAspectJAdvisorFactoryTests" time="0.05"/>
  <testcase name="multiplePerTargetAspects()" classname="org.springframework.aop.aspectj.annotation.ReflectiveAspectJAdvisorFactoryTests" time="0.171"/>
  <system-out><![CDATA[org.springframework.aop.aspectj.DeclareParentsAdvisor@62f273f2
]]></system-out>
  <system-err><![CDATA[]]></system-err>
</testsuite>
