<?xml version="1.0" encoding="UTF-8"?>
<testsuite name="org.springframework.aop.interceptor.ExposeInvocationInterceptorTests" tests="1" skipped="0" failures="0" errors="0" timestamp="2021-03-04T16:31:29" hostname="WIN-LQAMLJ4MN5U" time="0.063">
  <properties/>
  <testcase name="testXmlConfig()" classname="org.springframework.aop.interceptor.ExposeInvocationInterceptorTests" time="0.063"/>
  <system-out><![CDATA[]]></system-out>
  <system-err><![CDATA[]]></system-err>
</testsuite>
