<?xml version="1.0" encoding="UTF-8"?>
<testsuite name="org.springframework.aop.interceptor.ExposeBeanNameAdvisorsTests" tests="2" skipped="0" failures="0" errors="0" timestamp="2021-03-04T16:31:29" hostname="WIN-LQAMLJ4MN5U" time="0.009">
  <properties/>
  <testcase name="testNoIntroduction()" classname="org.springframework.aop.interceptor.ExposeBeanNameAdvisorsTests" time="0.003"/>
  <testcase name="testWithIntroduction()" classname="org.springframework.aop.interceptor.ExposeBeanNameAdvisorsTests" time="0.006"/>
  <system-out><![CDATA[]]></system-out>
  <system-err><![CDATA[]]></system-err>
</testsuite>
