<?xml version="1.0" encoding="UTF-8"?>
<testsuite name="org.springframework.aop.interceptor.ConcurrencyThrottleInterceptorTests" tests="3" skipped="0" failures="0" errors="0" timestamp="2021-03-04T16:31:27" hostname="WIN-LQAMLJ4MN5U" time="1.203">
  <properties/>
  <testcase name="testMultipleThreadsWithLimit1()" classname="org.springframework.aop.interceptor.ConcurrencyThrottleInterceptorTests" time="0.442"/>
  <testcase name="testMultipleThreadsWithLimit10()" classname="org.springframework.aop.interceptor.ConcurrencyThrottleInterceptorTests" time="0.752"/>
  <testcase name="testSerializable()" classname="org.springframework.aop.interceptor.ConcurrencyThrottleInterceptorTests" time="0.009"/>
  <system-out><![CDATA[]]></system-out>
  <system-err><![CDATA[]]></system-err>
</testsuite>
