<?xml version="1.0" encoding="UTF-8"?>
<testsuite name="org.springframework.aop.aspectj.annotation.AspectMetadataTests" tests="4" skipped="0" failures="0" errors="0" timestamp="2021-03-04T16:31:20" hostname="WIN-LQAMLJ4MN5U" time="0.04">
  <properties/>
  <testcase name="notAnAspect()" classname="org.springframework.aop.aspectj.annotation.AspectMetadataTests" time="0.001"/>
  <testcase name="perThisAspect()" classname="org.springframework.aop.aspectj.annotation.AspectMetadataTests" time="0.035"/>
  <testcase name="singletonAspect()" classname="org.springframework.aop.aspectj.annotation.AspectMetadataTests" time="0.001"/>
  <testcase name="perTargetAspect()" classname="org.springframework.aop.aspectj.annotation.AspectMetadataTests" time="0.001"/>
  <system-out><![CDATA[]]></system-out>
  <system-err><![CDATA[]]></system-err>
</testsuite>
