<?xml version="1.0" encoding="UTF-8"?>
<testsuite name="org.springframework.aop.target.PrototypeTargetSourceTests" tests="1" skipped="0" failures="0" errors="0" timestamp="2021-03-04T16:31:30" hostname="WIN-LQAMLJ4MN5U" time="0.025">
  <properties/>
  <testcase name="testPrototypeAndSingletonBehaveDifferently()" classname="org.springframework.aop.target.PrototypeTargetSourceTests" time="0.025"/>
  <system-out><![CDATA[]]></system-out>
  <system-err><![CDATA[]]></system-err>
</testsuite>
