<?xml version="1.0" encoding="UTF-8"?>
<testsuite name="org.springframework.aop.framework.PrototypeTargetTests" tests="2" skipped="0" failures="0" errors="0" timestamp="2021-03-04T16:31:27" hostname="WIN-LQAMLJ4MN5U" time="0.243">
  <properties/>
  <testcase name="testSingletonProxyWithPrototypeTarget()" classname="org.springframework.aop.framework.PrototypeTargetTests" time="0.23"/>
  <testcase name="testPrototypeProxyWithPrototypeTarget()" classname="org.springframework.aop.framework.PrototypeTargetTests" time="0.013"/>
  <system-out><![CDATA[]]></system-out>
  <system-err><![CDATA[]]></system-err>
</testsuite>
