<?xml version="1.0" encoding="UTF-8"?>
<testsuite name="org.springframework.aop.support.JdkRegexpMethodPointcutTests" tests="8" skipped="0" failures="0" errors="0" timestamp="2021-03-04T16:31:30" hostname="WIN-LQAMLJ4MN5U" time="0.012">
  <properties/>
  <testcase name="testWildcardForOneClass()" classname="org.springframework.aop.support.JdkRegexpMethodPointcutTests" time="0.002"/>
  <testcase name="testSpecificMatch()" classname="org.springframework.aop.support.JdkRegexpMethodPointcutTests" time="0.0"/>
  <testcase name="testSerializationWithNoPatternSupplied()" classname="org.springframework.aop.support.JdkRegexpMethodPointcutTests" time="0.004"/>
  <testcase name="testWildcard()" classname="org.springframework.aop.support.JdkRegexpMethodPointcutTests" time="0.0"/>
  <testcase name="testNoPatternSupplied()" classname="org.springframework.aop.support.JdkRegexpMethodPointcutTests" time="0.0"/>
  <testcase name="testWithExclusion()" classname="org.springframework.aop.support.JdkRegexpMethodPointcutTests" time="0.001"/>
  <testcase name="testMatchesObjectClass()" classname="org.springframework.aop.support.JdkRegexpMethodPointcutTests" time="0.0"/>
  <testcase name="testExactMatch()" classname="org.springframework.aop.support.JdkRegexpMethodPointcutTests" time="0.003"/>
  <system-out><![CDATA[]]></system-out>
  <system-err><![CDATA[]]></system-err>
</testsuite>
