<?xml version="1.0" encoding="UTF-8"?>
<testsuite name="org.springframework.aop.scope.DefaultScopedObjectTests" tests="4" skipped="0" failures="0" errors="0" timestamp="2021-03-04T16:31:29" hostname="WIN-LQAMLJ4MN5U" time="0.21">
  <properties/>
  <testcase name="testCtorWithEmptyTargetBeanName()" classname="org.springframework.aop.scope.DefaultScopedObjectTests" time="0.207"/>
  <testcase name="testCtorWithNullBeanFactory()" classname="org.springframework.aop.scope.DefaultScopedObjectTests" time="0.001"/>
  <testcase name="testCtorWithJustWhitespacedTargetBeanName()" classname="org.springframework.aop.scope.DefaultScopedObjectTests" time="0.001"/>
  <testcase name="testCtorWithNullTargetBeanName()" classname="org.springframework.aop.scope.DefaultScopedObjectTests" time="0.001"/>
  <system-out><![CDATA[]]></system-out>
  <system-err><![CDATA[]]></system-err>
</testsuite>
