<?xml version="1.0" encoding="UTF-8"?>
<testsuite name="org.springframework.aop.interceptor.DebugInterceptorTests" tests="2" skipped="0" failures="0" errors="0" timestamp="2021-03-04T16:31:29" hostname="WIN-LQAMLJ4MN5U" time="0.008">
  <properties/>
  <testcase name="testExceptionPathStillLogsCorrectly()" classname="org.springframework.aop.interceptor.DebugInterceptorTests" time="0.006"/>
  <testcase name="testSunnyDayPathLogsCorrectly()" classname="org.springframework.aop.interceptor.DebugInterceptorTests" time="0.002"/>
  <system-out><![CDATA[]]></system-out>
  <system-err><![CDATA[]]></system-err>
</testsuite>
