<?xml version="1.0" encoding="UTF-8"?>
<testsuite name="org.springframework.aop.target.dynamic.RefreshableTargetSourceTests" tests="4" skipped="1" failures="0" errors="0" timestamp="2021-03-04T16:31:30" hostname="WIN-LQAMLJ4MN5U" time="0.109">
  <properties/>
  <testcase name="testRefreshCheckWithNonRefresh()" classname="org.springframework.aop.target.dynamic.RefreshableTargetSourceTests" time="0.002"/>
  <testcase name="testWithNoRefreshCheck()" classname="org.springframework.aop.target.dynamic.RefreshableTargetSourceTests" time="0.0"/>
  <testcase name="testRefreshOverTime()" classname="org.springframework.aop.target.dynamic.RefreshableTargetSourceTests" time="0.0">
    <skipped/>
  </testcase>
  <testcase name="testRefreshCheckWithRefresh()" classname="org.springframework.aop.target.dynamic.RefreshableTargetSourceTests" time="0.102"/>
  <system-out><![CDATA[]]></system-out>
  <system-err><![CDATA[]]></system-err>
</testsuite>
