<?xml version="1.0" encoding="UTF-8"?>
<testsuite name="org.springframework.aop.framework.IntroductionBenchmarkTests" tests="1" skipped="0" failures="0" errors="0" timestamp="2021-03-04T16:31:27" hostname="WIN-LQAMLJ4MN5U" time="0.371">
  <properties/>
  <testcase name="timeManyInvocations()" classname="org.springframework.aop.framework.IntroductionBenchmarkTests" time="0.371"/>
  <system-out><![CDATA[StopWatch '': running time = 343296000 ns
---------------------------------------------
ns         %     Task name
---------------------------------------------
211439100  062%  100000 invocations on proxy, not hitting introduction
126775900  037%  100000 invocations on proxy, hitting introduction
005081000  001%  100000 invocations on target

]]></system-out>
  <system-err><![CDATA[]]></system-err>
</testsuite>
